[2026-03-02 20:09:56] quant.broker_exec INFO: [PaperBroker] 纸盘模式就绪
[2026-03-02 20:09:56] quant.broker_exec INFO: [PaperBroker] 纸盘模式就绪
[2026-03-02 20:09:56] quant.broker_exec INFO: [PaperBroker] 纸盘模式就绪
[2026-03-02 20:09:56] quant.broker_exec INFO: [PaperBroker] 纸盘模式就绪
[2026-03-02 20:09:56] quant.broker_exec INFO: [PaperBroker] 纸盘模式就绪
[2026-03-02 20:09:56] quant.broker_exec WARNING: [KILL SWITCH] 紧急停止已激活: 测试停止
[2026-03-02 20:09:56] quant.broker_exec WARNING: [KILL SWITCH] 紧急停止已激活: 测试
[2026-03-02 20:09:56] quant.broker_exec INFO: [KILL SWITCH] 紧急停止已清除
[2026-03-02 20:09:56] quant.broker_exec INFO: [PaperBroker] 纸盘模式就绪
[2026-03-02 20:09:56] quant.broker_exec INFO: [Broker] 买入 000001 平安银行 x1200 @ 12.51 [paper]
[2026-03-02 20:09:56] quant.broker_exec WARNING: [Broker] 交易被拦截: 手动紧急停止: test
[2026-03-02 20:09:56] quant.broker_exec INFO: [PaperBroker] 纸盘模式就绪
[2026-03-02 20:09:56] quant.broker_exec INFO: [Broker] 买入 000001 A x1500 @ 10.01 [paper]
[2026-03-02 20:09:56] quant.broker_exec INFO: [Broker] 已持有 000001, 跳过
[2026-03-02 20:09:56] quant.broker_exec INFO: [PaperBroker] 纸盘模式就绪
[2026-03-02 20:09:56] quant.broker_exec INFO: [Broker] 买入 000001 A x1500 @ 10.01 [paper]
[2026-03-02 20:09:56] quant.broker_exec INFO: [Broker] 卖出 000001 A x1500 @ 9.20 (-8.39%) [止损]
[2026-03-02 20:09:56] quant.broker_exec INFO: [PaperBroker] 纸盘模式就绪
[2026-03-02 20:09:56] quant.broker_exec INFO: [Broker] 买入 000001 A x1500 @ 10.01 [paper]
[2026-03-02 20:09:56] quant.broker_exec INFO: [PaperBroker] 纸盘模式就绪
[2026-03-02 20:09:56] quant.broker_exec WARNING: [Broker] 不支持的 broker: unknown_broker, 回退到纸盘
[2026-03-02 20:09:56] quant.broker_exec INFO: [PaperBroker] 纸盘模式就绪
[2026-03-02 20:11:06] quant.broker_exec INFO: [PaperBroker] 纸盘模式就绪
[2026-03-02 20:11:06] quant.broker_exec INFO: [PaperBroker] 纸盘模式就绪
[2026-03-02 20:11:06] quant.broker_exec INFO: [PaperBroker] 纸盘模式就绪
[2026-03-02 20:11:06] quant.broker_exec INFO: [PaperBroker] 纸盘模式就绪
[2026-03-02 20:11:06] quant.broker_exec INFO: [PaperBroker] 纸盘模式就绪
[2026-03-02 20:11:06] quant.broker_exec WARNING: [KILL SWITCH] 紧急停止已激活: 测试停止
[2026-03-02 20:11:06] quant.broker_exec WARNING: [KILL SWITCH] 紧急停止已激活: 测试
[2026-03-02 20:11:06] quant.broker_exec INFO: [KILL SWITCH] 紧急停止已清除
[2026-03-02 20:11:06] quant.broker_exec INFO: [PaperBroker] 纸盘模式就绪
[2026-03-02 20:11:06] quant.broker_exec INFO: [Broker] 买入 000001 平安银行 x1200 @ 12.51 [paper]
[2026-03-02 20:11:06] quant.broker_exec WARNING: [Broker] 交易被拦截: 手动紧急停止: test
[2026-03-02 20:11:06] quant.broker_exec INFO: [PaperBroker] 纸盘模式就绪
[2026-03-02 20:11:06] quant.broker_exec INFO: [Broker] 买入 000001 A x1500 @ 10.01 [paper]
[2026-03-02 20:11:06] quant.broker_exec INFO: [Broker] 已持有 000001, 跳过
[2026-03-02 20:11:06] quant.broker_exec INFO: [PaperBroker] 纸盘模式就绪
[2026-03-02 20:11:06] quant.broker_exec INFO: [Broker] 买入 000001 A x1500 @ 10.01 [paper]
[2026-03-02 20:11:06] quant.broker_exec INFO: [Broker] 卖出 000001 A x1500 @ 9.20 (-8.39%) [止损]
[2026-03-02 20:11:06] quant.broker_exec INFO: [PaperBroker] 纸盘模式就绪
[2026-03-02 20:11:06] quant.broker_exec INFO: [Broker] 买入 000001 A x1500 @ 10.01 [paper]
[2026-03-02 20:11:06] quant.broker_exec INFO: [PaperBroker] 纸盘模式就绪
[2026-03-02 20:11:06] quant.broker_exec WARNING: [Broker] 不支持的 broker: unknown_broker, 回退到纸盘
[2026-03-02 20:11:06] quant.broker_exec INFO: [PaperBroker] 纸盘模式就绪
[2026-03-02 20:20:24] quant.broker_exec INFO: [PaperBroker] 纸盘模式就绪
[2026-03-02 20:20:24] quant.broker_exec INFO: [PaperBroker] 纸盘模式就绪
[2026-03-02 20:20:24] quant.broker_exec INFO: [PaperBroker] 纸盘模式就绪
[2026-03-02 20:20:24] quant.broker_exec INFO: [PaperBroker] 纸盘模式就绪
[2026-03-02 20:20:24] quant.broker_exec INFO: [PaperBroker] 纸盘模式就绪
[2026-03-02 20:20:24] quant.broker_exec WARNING: [KILL SWITCH] 紧急停止已激活: 测试停止
[2026-03-02 20:20:24] quant.broker_exec WARNING: [KILL SWITCH] 紧急停止已激活: 测试
[2026-03-02 20:20:24] quant.broker_exec INFO: [KILL SWITCH] 紧急停止已清除
[2026-03-02 20:20:24] quant.broker_exec INFO: [PaperBroker] 纸盘模式就绪
[2026-03-02 20:20:24] quant.broker_exec INFO: [Broker] 买入 000001 平安银行 x1200 @ 12.51 [paper]
[2026-03-02 20:20:24] quant.broker_exec WARNING: [Broker] 交易被拦截: 手动紧急停止: test
[2026-03-02 20:20:24] quant.broker_exec INFO: [PaperBroker] 纸盘模式就绪
[2026-03-02 20:20:24] quant.broker_exec INFO: [Broker] 买入 000001 A x1500 @ 10.01 [paper]
[2026-03-02 20:20:24] quant.broker_exec INFO: [Broker] 已持有 000001, 跳过
[2026-03-02 20:20:24] quant.broker_exec INFO: [PaperBroker] 纸盘模式就绪
[2026-03-02 20:20:24] quant.broker_exec INFO: [Broker] 买入 000001 A x1500 @ 10.01 [paper]
[2026-03-02 20:20:24] quant.broker_exec INFO: [Broker] 卖出 000001 A x1500 @ 9.20 (-8.39%) [止损]
[2026-03-02 20:20:24] quant.broker_exec INFO: [PaperBroker] 纸盘模式就绪
[2026-03-02 20:20:24] quant.broker_exec INFO: [Broker] 买入 000001 A x1500 @ 10.01 [paper]
[2026-03-02 20:20:24] quant.broker_exec INFO: [PaperBroker] 纸盘模式就绪
[2026-03-02 20:20:24] quant.broker_exec WARNING: [Broker] 不支持的 broker: unknown_broker, 回退到纸盘
[2026-03-02 20:20:24] quant.broker_exec INFO: [PaperBroker] 纸盘模式就绪
[2026-03-02 20:41:28] quant.broker_exec INFO: [PaperBroker] 纸盘模式就绪
[2026-03-02 20:41:28] quant.broker_exec INFO: [PaperBroker] 纸盘模式就绪
[2026-03-02 20:41:28] quant.broker_exec INFO: [PaperBroker] 纸盘模式就绪
[2026-03-02 20:41:28] quant.broker_exec INFO: [PaperBroker] 纸盘模式就绪
[2026-03-02 20:41:28] quant.broker_exec INFO: [PaperBroker] 纸盘模式就绪
[2026-03-02 20:41:28] quant.broker_exec WARNING: [KILL SWITCH] 紧急停止已激活: 测试停止
[2026-03-02 20:41:28] quant.broker_exec WARNING: [KILL SWITCH] 紧急停止已激活: 测试
[2026-03-02 20:41:28] quant.broker_exec INFO: [KILL SWITCH] 紧急停止已清除
[2026-03-02 20:41:28] quant.broker_exec INFO: [PaperBroker] 纸盘模式就绪
[2026-03-02 20:41:28] quant.broker_exec INFO: [Broker] 买入 000001 平安银行 x1200 @ 12.51 [paper]
[2026-03-02 20:41:28] quant.broker_exec WARNING: [Broker] 交易被拦截: 手动紧急停止: test
[2026-03-02 20:41:28] quant.broker_exec INFO: [PaperBroker] 纸盘模式就绪
[2026-03-02 20:41:28] quant.broker_exec INFO: [Broker] 买入 000001 A x1500 @ 10.01 [paper]
[2026-03-02 20:41:28] quant.broker_exec INFO: [Broker] 已持有 000001, 跳过
[2026-03-02 20:41:28] quant.broker_exec INFO: [PaperBroker] 纸盘模式就绪
[2026-03-02 20:41:28] quant.broker_exec INFO: [Broker] 买入 000001 A x1500 @ 10.01 [paper]
[2026-03-02 20:41:28] quant.broker_exec INFO: [Broker] 卖出 000001 A x1500 @ 9.20 (-8.39%) [止损]
[2026-03-02 20:41:28] quant.broker_exec INFO: [PaperBroker] 纸盘模式就绪
[2026-03-02 20:41:28] quant.broker_exec INFO: [Broker] 买入 000001 A x1500 @ 10.01 [paper]
[2026-03-02 20:41:28] quant.broker_exec INFO: [PaperBroker] 纸盘模式就绪
[2026-03-02 20:41:28] quant.broker_exec WARNING: [Broker] 不支持的 broker: unknown_broker, 回退到纸盘
[2026-03-02 20:41:28] quant.broker_exec INFO: [PaperBroker] 纸盘模式就绪
[2026-03-02 20:48:48] quant.broker_exec INFO: [PaperBroker] 纸盘模式就绪
[2026-03-02 20:48:48] quant.broker_exec INFO: [PaperBroker] 纸盘模式就绪
[2026-03-02 20:48:48] quant.broker_exec INFO: [PaperBroker] 纸盘模式就绪
[2026-03-02 20:48:48] quant.broker_exec INFO: [PaperBroker] 纸盘模式就绪
[2026-03-02 20:48:48] quant.broker_exec INFO: [PaperBroker] 纸盘模式就绪
[2026-03-02 20:48:48] quant.broker_exec WARNING: [KILL SWITCH] 紧急停止已激活: 测试停止
[2026-03-02 20:48:48] quant.broker_exec WARNING: [KILL SWITCH] 紧急停止已激活: 测试
[2026-03-02 20:48:48] quant.broker_exec INFO: [KILL SWITCH] 紧急停止已清除
[2026-03-02 20:48:48] quant.broker_exec INFO: [PaperBroker] 纸盘模式就绪
[2026-03-02 20:48:48] quant.broker_exec INFO: [Broker] 买入 000001 平安银行 x1200 @ 12.51 [paper]
[2026-03-02 20:48:48] quant.broker_exec WARNING: [Broker] 交易被拦截: 手动紧急停止: test
[2026-03-02 20:48:48] quant.broker_exec INFO: [PaperBroker] 纸盘模式就绪
[2026-03-02 20:48:48] quant.broker_exec INFO: [Broker] 买入 000001 A x1500 @ 10.01 [paper]
[2026-03-02 20:48:48] quant.broker_exec INFO: [Broker] 已持有 000001, 跳过
[2026-03-02 20:48:48] quant.broker_exec INFO: [PaperBroker] 纸盘模式就绪
[2026-03-02 20:48:48] quant.broker_exec INFO: [Broker] 买入 000001 A x1500 @ 10.01 [paper]
[2026-03-02 20:48:48] quant.broker_exec INFO: [Broker] 卖出 000001 A x1500 @ 9.20 (-8.39%) [止损]
[2026-03-02 20:48:48] quant.broker_exec INFO: [PaperBroker] 纸盘模式就绪
[2026-03-02 20:48:48] quant.broker_exec INFO: [Broker] 买入 000001 A x1500 @ 10.01 [paper]
[2026-03-02 20:48:48] quant.broker_exec INFO: [PaperBroker] 纸盘模式就绪
[2026-03-02 20:48:48] quant.broker_exec WARNING: [Broker] 不支持的 broker: unknown_broker, 回退到纸盘
[2026-03-02 20:48:48] quant.broker_exec INFO: [PaperBroker] 纸盘模式就绪
[2026-03-02 20:52:36] quant.broker_exec INFO: [PaperBroker] 纸盘模式就绪
[2026-03-02 20:52:36] quant.broker_exec INFO: [PaperBroker] 纸盘模式就绪
[2026-03-02 20:52:36] quant.broker_exec INFO: [PaperBroker] 纸盘模式就绪
[2026-03-02 20:52:36] quant.broker_exec INFO: [PaperBroker] 纸盘模式就绪
[2026-03-02 20:52:36] quant.broker_exec INFO: [PaperBroker] 纸盘模式就绪
[2026-03-02 20:52:36] quant.broker_exec WARNING: [KILL SWITCH] 紧急停止已激活: 测试停止
[2026-03-02 20:52:36] quant.broker_exec WARNING: [KILL SWITCH] 紧急停止已激活: 测试
[2026-03-02 20:52:36] quant.broker_exec INFO: [KILL SWITCH] 紧急停止已清除
[2026-03-02 20:52:36] quant.broker_exec INFO: [PaperBroker] 纸盘模式就绪
[2026-03-02 20:52:36] quant.broker_exec INFO: [Broker] 买入 000001 平安银行 x1200 @ 12.51 [paper]
[2026-03-02 20:52:36] quant.broker_exec WARNING: [Broker] 交易被拦截: 手动紧急停止: test
[2026-03-02 20:52:36] quant.broker_exec INFO: [PaperBroker] 纸盘模式就绪
[2026-03-02 20:52:36] quant.broker_exec INFO: [Broker] 买入 000001 A x1500 @ 10.01 [paper]
[2026-03-02 20:52:36] quant.broker_exec INFO: [Broker] 已持有 000001, 跳过
[2026-03-02 20:52:36] quant.broker_exec INFO: [PaperBroker] 纸盘模式就绪
[2026-03-02 20:52:36] quant.broker_exec INFO: [Broker] 买入 000001 A x1500 @ 10.01 [paper]
[2026-03-02 20:52:36] quant.broker_exec INFO: [Broker] 卖出 000001 A x1500 @ 9.20 (-8.39%) [止损]
[2026-03-02 20:52:36] quant.broker_exec INFO: [PaperBroker] 纸盘模式就绪
[2026-03-02 20:52:36] quant.broker_exec INFO: [Broker] 买入 000001 A x1500 @ 10.01 [paper]
[2026-03-02 20:52:36] quant.broker_exec INFO: [PaperBroker] 纸盘模式就绪
[2026-03-02 20:52:36] quant.broker_exec WARNING: [Broker] 不支持的 broker: unknown_broker, 回退到纸盘
[2026-03-02 20:52:36] quant.broker_exec INFO: [PaperBroker] 纸盘模式就绪
[2026-03-02 20:58:36] quant.broker_exec INFO: [PaperBroker] 纸盘模式就绪
[2026-03-02 20:58:36] quant.broker_exec INFO: [PaperBroker] 纸盘模式就绪
[2026-03-02 20:58:36] quant.broker_exec INFO: [PaperBroker] 纸盘模式就绪
[2026-03-02 20:58:36] quant.broker_exec INFO: [PaperBroker] 纸盘模式就绪
[2026-03-02 20:58:36] quant.broker_exec INFO: [PaperBroker] 纸盘模式就绪
[2026-03-02 20:58:36] quant.broker_exec WARNING: [KILL SWITCH] 紧急停止已激活: 测试停止
[2026-03-02 20:58:36] quant.broker_exec WARNING: [KILL SWITCH] 紧急停止已激活: 测试
[2026-03-02 20:58:36] quant.broker_exec INFO: [KILL SWITCH] 紧急停止已清除
[2026-03-02 20:58:36] quant.broker_exec INFO: [PaperBroker] 纸盘模式就绪
[2026-03-02 20:58:36] quant.broker_exec INFO: [Broker] 买入 000001 平安银行 x1200 @ 12.51 [paper]
[2026-03-02 20:58:37] quant.broker_exec WARNING: [Broker] 交易被拦截: 手动紧急停止: test
[2026-03-02 20:58:37] quant.broker_exec INFO: [PaperBroker] 纸盘模式就绪
[2026-03-02 20:58:37] quant.broker_exec INFO: [Broker] 买入 000001 A x1500 @ 10.01 [paper]
[2026-03-02 20:58:37] quant.broker_exec INFO: [Broker] 已持有 000001, 跳过
[2026-03-02 20:58:37] quant.broker_exec INFO: [PaperBroker] 纸盘模式就绪
[2026-03-02 20:58:37] quant.broker_exec INFO: [Broker] 买入 000001 A x1500 @ 10.01 [paper]
[2026-03-02 20:58:37] quant.broker_exec INFO: [Broker] 卖出 000001 A x1500 @ 9.20 (-8.39%) [止损]
[2026-03-02 20:58:37] quant.broker_exec INFO: [PaperBroker] 纸盘模式就绪
[2026-03-02 20:58:37] quant.broker_exec INFO: [Broker] 买入 000001 A x1500 @ 10.01 [paper]
[2026-03-02 20:58:37] quant.broker_exec INFO: [PaperBroker] 纸盘模式就绪
[2026-03-02 20:58:37] quant.broker_exec WARNING: [Broker] 不支持的 broker: unknown_broker, 回退到纸盘
[2026-03-02 20:58:37] quant.broker_exec INFO: [PaperBroker] 纸盘模式就绪
[2026-03-02 21:27:08] quant.broker_exec INFO: [PaperBroker] 纸盘模式就绪
[2026-03-02 21:27:08] quant.broker_exec INFO: [PaperBroker] 纸盘模式就绪
[2026-03-02 21:27:08] quant.broker_exec INFO: [PaperBroker] 纸盘模式就绪
[2026-03-02 21:27:08] quant.broker_exec INFO: [PaperBroker] 纸盘模式就绪
[2026-03-02 21:27:08] quant.broker_exec INFO: [PaperBroker] 纸盘模式就绪
[2026-03-02 21:27:08] quant.broker_exec WARNING: [KILL SWITCH] 紧急停止已激活: 测试停止
[2026-03-02 21:27:08] quant.broker_exec WARNING: [KILL SWITCH] 紧急停止已激活: 测试
[2026-03-02 21:27:08] quant.broker_exec INFO: [KILL SWITCH] 紧急停止已清除
[2026-03-02 21:27:08] quant.broker_exec INFO: [PaperBroker] 纸盘模式就绪
[2026-03-02 21:27:08] quant.broker_exec INFO: [Broker] 买入 000001 平安银行 x1200 @ 12.51 [paper]
[2026-03-02 21:27:08] quant.broker_exec WARNING: [Broker] 交易被拦截: 手动紧急停止: test
[2026-03-02 21:27:08] quant.broker_exec INFO: [PaperBroker] 纸盘模式就绪
[2026-03-02 21:27:08] quant.broker_exec INFO: [Broker] 买入 000001 A x1500 @ 10.01 [paper]
[2026-03-02 21:27:08] quant.broker_exec INFO: [Broker] 已持有 000001, 跳过
[2026-03-02 21:27:08] quant.broker_exec INFO: [PaperBroker] 纸盘模式就绪
[2026-03-02 21:27:08] quant.broker_exec INFO: [Broker] 买入 000001 A x1500 @ 10.01 [paper]
[2026-03-02 21:27:08] quant.broker_exec INFO: [Broker] 卖出 000001 A x1500 @ 9.20 (-8.39%) [止损]
[2026-03-02 21:27:08] quant.broker_exec INFO: [PaperBroker] 纸盘模式就绪
[2026-03-02 21:27:08] quant.broker_exec INFO: [Broker] 买入 000001 A x1500 @ 10.01 [paper]
[2026-03-02 21:27:08] quant.broker_exec INFO: [PaperBroker] 纸盘模式就绪
[2026-03-02 21:27:08] quant.broker_exec WARNING: [Broker] 不支持的 broker: unknown_broker, 回退到纸盘
[2026-03-02 21:27:08] quant.broker_exec INFO: [PaperBroker] 纸盘模式就绪
[2026-03-02 21:45:35] quant.broker_exec INFO: [PaperBroker] 纸盘模式就绪
[2026-03-02 21:45:35] quant.broker_exec INFO: [PaperBroker] 纸盘模式就绪
[2026-03-02 21:45:35] quant.broker_exec INFO: [PaperBroker] 纸盘模式就绪
[2026-03-02 21:45:35] quant.broker_exec INFO: [PaperBroker] 纸盘模式就绪
[2026-03-02 21:45:35] quant.broker_exec INFO: [PaperBroker] 纸盘模式就绪
[2026-03-02 21:45:35] quant.broker_exec WARNING: [KILL SWITCH] 紧急停止已激活: 测试停止
[2026-03-02 21:45:35] quant.broker_exec WARNING: [KILL SWITCH] 紧急停止已激活: 测试
[2026-03-02 21:45:35] quant.broker_exec INFO: [KILL SWITCH] 紧急停止已清除
[2026-03-02 21:45:35] quant.broker_exec INFO: [PaperBroker] 纸盘模式就绪
[2026-03-02 21:45:35] quant.broker_exec INFO: [Broker] 买入 000001 平安银行 x1200 @ 12.51 [paper]
[2026-03-02 21:45:35] quant.broker_exec WARNING: [Broker] 交易被拦截: 手动紧急停止: test
[2026-03-02 21:45:35] quant.broker_exec INFO: [PaperBroker] 纸盘模式就绪
[2026-03-02 21:45:35] quant.broker_exec INFO: [Broker] 买入 000001 A x1500 @ 10.01 [paper]
[2026-03-02 21:45:35] quant.broker_exec INFO: [Broker] 已持有 000001, 跳过
[2026-03-02 21:45:35] quant.broker_exec INFO: [PaperBroker] 纸盘模式就绪
[2026-03-02 21:45:35] quant.broker_exec INFO: [Broker] 买入 000001 A x1500 @ 10.01 [paper]
[2026-03-02 21:45:35] quant.broker_exec INFO: [Broker] 卖出 000001 A x1500 @ 9.20 (-8.39%) [止损]
[2026-03-02 21:45:35] quant.broker_exec INFO: [PaperBroker] 纸盘模式就绪
[2026-03-02 21:45:35] quant.broker_exec INFO: [Broker] 买入 000001 A x1500 @ 10.01 [paper]
[2026-03-02 21:45:35] quant.broker_exec INFO: [PaperBroker] 纸盘模式就绪
[2026-03-02 21:45:35] quant.broker_exec WARNING: [Broker] 不支持的 broker: unknown_broker, 回退到纸盘
[2026-03-02 21:45:35] quant.broker_exec INFO: [PaperBroker] 纸盘模式就绪
[2026-03-02 21:52:45] quant.broker_exec INFO: [PaperBroker] 纸盘模式就绪
[2026-03-02 21:52:45] quant.broker_exec INFO: [PaperBroker] 纸盘模式就绪
[2026-03-02 21:52:45] quant.broker_exec INFO: [PaperBroker] 纸盘模式就绪
[2026-03-02 21:52:45] quant.broker_exec INFO: [PaperBroker] 纸盘模式就绪
[2026-03-02 21:52:45] quant.broker_exec INFO: [PaperBroker] 纸盘模式就绪
[2026-03-02 21:52:45] quant.broker_exec WARNING: [KILL SWITCH] 紧急停止已激活: 测试停止
[2026-03-02 21:52:45] quant.broker_exec WARNING: [KILL SWITCH] 紧急停止已激活: 测试
[2026-03-02 21:52:45] quant.broker_exec INFO: [KILL SWITCH] 紧急停止已清除
[2026-03-02 21:52:45] quant.broker_exec INFO: [PaperBroker] 纸盘模式就绪
[2026-03-02 21:52:45] quant.broker_exec INFO: [Broker] 买入 000001 平安银行 x1200 @ 12.51 [paper]
[2026-03-02 21:52:45] quant.broker_exec WARNING: [Broker] 交易被拦截: 手动紧急停止: test
[2026-03-02 21:52:45] quant.broker_exec INFO: [PaperBroker] 纸盘模式就绪
[2026-03-02 21:52:45] quant.broker_exec INFO: [Broker] 买入 000001 A x1500 @ 10.01 [paper]
[2026-03-02 21:52:45] quant.broker_exec INFO: [Broker] 已持有 000001, 跳过
[2026-03-02 21:52:45] quant.broker_exec INFO: [PaperBroker] 纸盘模式就绪
[2026-03-02 21:52:45] quant.broker_exec INFO: [Broker] 买入 000001 A x1500 @ 10.01 [paper]
[2026-03-02 21:52:45] quant.broker_exec INFO: [Broker] 卖出 000001 A x1500 @ 9.20 (-8.39%) [止损]
[2026-03-02 21:52:45] quant.broker_exec INFO: [PaperBroker] 纸盘模式就绪
[2026-03-02 21:52:45] quant.broker_exec INFO: [Broker] 买入 000001 A x1500 @ 10.01 [paper]
[2026-03-02 21:52:45] quant.broker_exec INFO: [PaperBroker] 纸盘模式就绪
[2026-03-02 21:52:45] quant.broker_exec WARNING: [Broker] 不支持的 broker: unknown_broker, 回退到纸盘
[2026-03-02 21:52:45] quant.broker_exec INFO: [PaperBroker] 纸盘模式就绪
[2026-03-02 22:36:58] quant.broker_exec INFO: [PaperBroker] 纸盘模式就绪
[2026-03-02 22:36:58] quant.broker_exec INFO: [PaperBroker] 纸盘模式就绪
[2026-03-02 22:36:58] quant.broker_exec INFO: [PaperBroker] 纸盘模式就绪
[2026-03-02 22:36:58] quant.broker_exec INFO: [PaperBroker] 纸盘模式就绪
[2026-03-02 22:36:58] quant.broker_exec INFO: [PaperBroker] 纸盘模式就绪
[2026-03-02 22:36:58] quant.broker_exec WARNING: [KILL SWITCH] 紧急停止已激活: 测试停止
[2026-03-02 22:36:58] quant.broker_exec WARNING: [KILL SWITCH] 紧急停止已激活: 测试
[2026-03-02 22:36:58] quant.broker_exec INFO: [KILL SWITCH] 紧急停止已清除
[2026-03-02 22:36:58] quant.broker_exec INFO: [PaperBroker] 纸盘模式就绪
[2026-03-02 22:36:58] quant.broker_exec INFO: [Broker] 买入 000001 平安银行 x1200 @ 12.51 [paper]
[2026-03-02 22:36:58] quant.broker_exec WARNING: [Broker] 交易被拦截: 手动紧急停止: test
[2026-03-02 22:36:58] quant.broker_exec INFO: [PaperBroker] 纸盘模式就绪
[2026-03-02 22:36:58] quant.broker_exec INFO: [Broker] 买入 000001 A x1500 @ 10.01 [paper]
[2026-03-02 22:36:58] quant.broker_exec INFO: [Broker] 已持有 000001, 跳过
[2026-03-02 22:36:58] quant.broker_exec INFO: [PaperBroker] 纸盘模式就绪
[2026-03-02 22:36:58] quant.broker_exec INFO: [Broker] 买入 000001 A x1500 @ 10.01 [paper]
[2026-03-02 22:36:58] quant.broker_exec INFO: [Broker] 卖出 000001 A x1500 @ 9.20 (-8.39%) [止损]
[2026-03-02 22:36:58] quant.broker_exec INFO: [PaperBroker] 纸盘模式就绪
[2026-03-02 22:36:58] quant.broker_exec INFO: [Broker] 买入 000001 A x1500 @ 10.01 [paper]
[2026-03-02 22:36:58] quant.broker_exec INFO: [PaperBroker] 纸盘模式就绪
[2026-03-02 22:36:58] quant.broker_exec WARNING: [Broker] 不支持的 broker: unknown_broker, 回退到纸盘
[2026-03-02 22:36:58] quant.broker_exec INFO: [PaperBroker] 纸盘模式就绪
[2026-03-02 22:45:58] quant.broker_exec INFO: [PaperBroker] 纸盘模式就绪
[2026-03-02 22:45:58] quant.broker_exec INFO: [PaperBroker] 纸盘模式就绪
[2026-03-02 22:45:58] quant.broker_exec INFO: [PaperBroker] 纸盘模式就绪
[2026-03-02 22:45:58] quant.broker_exec INFO: [PaperBroker] 纸盘模式就绪
[2026-03-02 22:45:58] quant.broker_exec INFO: [PaperBroker] 纸盘模式就绪
[2026-03-02 22:45:58] quant.broker_exec WARNING: [KILL SWITCH] 紧急停止已激活: 测试停止
[2026-03-02 22:45:58] quant.broker_exec WARNING: [KILL SWITCH] 紧急停止已激活: 测试
[2026-03-02 22:45:58] quant.broker_exec INFO: [KILL SWITCH] 紧急停止已清除
[2026-03-02 22:45:58] quant.broker_exec INFO: [PaperBroker] 纸盘模式就绪
[2026-03-02 22:45:58] quant.broker_exec INFO: [Broker] 买入 000001 平安银行 x1200 @ 12.51 [paper]
[2026-03-02 22:45:58] quant.broker_exec WARNING: [Broker] 交易被拦截: 手动紧急停止: test
[2026-03-02 22:45:58] quant.broker_exec INFO: [PaperBroker] 纸盘模式就绪
[2026-03-02 22:45:58] quant.broker_exec INFO: [Broker] 买入 000001 A x1500 @ 10.01 [paper]
[2026-03-02 22:45:58] quant.broker_exec INFO: [Broker] 已持有 000001, 跳过
[2026-03-02 22:45:58] quant.broker_exec INFO: [PaperBroker] 纸盘模式就绪
[2026-03-02 22:45:58] quant.broker_exec INFO: [Broker] 买入 000001 A x1500 @ 10.01 [paper]
[2026-03-02 22:45:58] quant.broker_exec INFO: [Broker] 卖出 000001 A x1500 @ 9.20 (-8.39%) [止损]
[2026-03-02 22:45:58] quant.broker_exec INFO: [PaperBroker] 纸盘模式就绪
[2026-03-02 22:45:58] quant.broker_exec INFO: [Broker] 买入 000001 A x1500 @ 10.01 [paper]
[2026-03-02 22:45:58] quant.broker_exec INFO: [PaperBroker] 纸盘模式就绪
[2026-03-02 22:45:58] quant.broker_exec WARNING: [Broker] 不支持的 broker: unknown_broker, 回退到纸盘
[2026-03-02 22:45:58] quant.broker_exec INFO: [PaperBroker] 纸盘模式就绪
[2026-03-02 22:53:40] quant.broker_exec INFO: [PaperBroker] 纸盘模式就绪
[2026-03-02 22:53:40] quant.broker_exec INFO: [PaperBroker] 纸盘模式就绪
[2026-03-02 22:53:40] quant.broker_exec INFO: [PaperBroker] 纸盘模式就绪
[2026-03-02 22:53:40] quant.broker_exec INFO: [PaperBroker] 纸盘模式就绪
[2026-03-02 22:53:40] quant.broker_exec INFO: [PaperBroker] 纸盘模式就绪
[2026-03-02 22:53:40] quant.broker_exec WARNING: [KILL SWITCH] 紧急停止已激活: 测试停止
[2026-03-02 22:53:40] quant.broker_exec WARNING: [KILL SWITCH] 紧急停止已激活: 测试
[2026-03-02 22:53:40] quant.broker_exec INFO: [KILL SWITCH] 紧急停止已清除
[2026-03-02 22:53:40] quant.broker_exec INFO: [PaperBroker] 纸盘模式就绪
[2026-03-02 22:53:40] quant.broker_exec INFO: [Broker] 买入 000001 平安银行 x1200 @ 12.51 [paper]
[2026-03-02 22:53:40] quant.broker_exec WARNING: [Broker] 交易被拦截: 手动紧急停止: test
[2026-03-02 22:53:40] quant.broker_exec INFO: [PaperBroker] 纸盘模式就绪
[2026-03-02 22:53:40] quant.broker_exec INFO: [Broker] 买入 000001 A x1500 @ 10.01 [paper]
[2026-03-02 22:53:40] quant.broker_exec INFO: [Broker] 已持有 000001, 跳过
[2026-03-02 22:53:40] quant.broker_exec INFO: [PaperBroker] 纸盘模式就绪
[2026-03-02 22:53:40] quant.broker_exec INFO: [Broker] 买入 000001 A x1500 @ 10.01 [paper]
[2026-03-02 22:53:40] quant.broker_exec INFO: [Broker] 卖出 000001 A x1500 @ 9.20 (-8.39%) [止损]
[2026-03-02 22:53:40] quant.broker_exec INFO: [PaperBroker] 纸盘模式就绪
[2026-03-02 22:53:40] quant.broker_exec INFO: [Broker] 买入 000001 A x1500 @ 10.01 [paper]
[2026-03-02 22:53:40] quant.broker_exec INFO: [PaperBroker] 纸盘模式就绪
[2026-03-02 22:53:40] quant.broker_exec WARNING: [Broker] 不支持的 broker: unknown_broker, 回退到纸盘
[2026-03-02 22:53:40] quant.broker_exec INFO: [PaperBroker] 纸盘模式就绪
[2026-03-02 23:19:52] quant.broker_exec INFO: [PaperBroker] 纸盘模式就绪
[2026-03-02 23:19:52] quant.broker_exec INFO: [PaperBroker] 纸盘模式就绪
[2026-03-02 23:19:52] quant.broker_exec INFO: [PaperBroker] 纸盘模式就绪
[2026-03-02 23:19:52] quant.broker_exec INFO: [PaperBroker] 纸盘模式就绪
[2026-03-02 23:19:52] quant.broker_exec INFO: [PaperBroker] 纸盘模式就绪
[2026-03-02 23:19:52] quant.broker_exec WARNING: [KILL SWITCH] 紧急停止已激活: 测试停止
[2026-03-02 23:19:52] quant.broker_exec WARNING: [KILL SWITCH] 紧急停止已激活: 测试
[2026-03-02 23:19:52] quant.broker_exec INFO: [KILL SWITCH] 紧急停止已清除
[2026-03-02 23:19:52] quant.broker_exec INFO: [PaperBroker] 纸盘模式就绪
[2026-03-02 23:19:52] quant.broker_exec INFO: [Broker] 买入 000001 平安银行 x1200 @ 12.51 [paper]
[2026-03-02 23:19:52] quant.broker_exec WARNING: [Broker] 交易被拦截: 手动紧急停止: test
[2026-03-02 23:19:52] quant.broker_exec INFO: [PaperBroker] 纸盘模式就绪
[2026-03-02 23:19:52] quant.broker_exec INFO: [Broker] 买入 000001 A x1500 @ 10.01 [paper]
[2026-03-02 23:19:52] quant.broker_exec INFO: [Broker] 已持有 000001, 跳过
[2026-03-02 23:19:52] quant.broker_exec INFO: [PaperBroker] 纸盘模式就绪
[2026-03-02 23:19:52] quant.broker_exec INFO: [Broker] 买入 000001 A x1500 @ 10.01 [paper]
[2026-03-02 23:19:52] quant.broker_exec INFO: [Broker] 卖出 000001 A x1500 @ 9.20 (-8.39%) [止损]
[2026-03-02 23:19:52] quant.broker_exec INFO: [PaperBroker] 纸盘模式就绪
[2026-03-02 23:19:52] quant.broker_exec INFO: [Broker] 买入 000001 A x1500 @ 10.01 [paper]
[2026-03-02 23:19:52] quant.broker_exec INFO: [PaperBroker] 纸盘模式就绪
[2026-03-02 23:19:52] quant.broker_exec WARNING: [Broker] 不支持的 broker: unknown_broker, 回退到纸盘
[2026-03-02 23:19:52] quant.broker_exec INFO: [PaperBroker] 纸盘模式就绪
[2026-03-02 23:26:17] quant.broker_exec INFO: [PaperBroker] 纸盘模式就绪
[2026-03-02 23:26:17] quant.broker_exec INFO: [PaperBroker] 纸盘模式就绪
[2026-03-02 23:26:17] quant.broker_exec INFO: [PaperBroker] 纸盘模式就绪
[2026-03-02 23:26:17] quant.broker_exec INFO: [PaperBroker] 纸盘模式就绪
[2026-03-02 23:26:17] quant.broker_exec INFO: [PaperBroker] 纸盘模式就绪
[2026-03-02 23:26:17] quant.broker_exec WARNING: [KILL SWITCH] 紧急停止已激活: 测试停止
[2026-03-02 23:26:17] quant.broker_exec WARNING: [KILL SWITCH] 紧急停止已激活: 测试
[2026-03-02 23:26:17] quant.broker_exec INFO: [KILL SWITCH] 紧急停止已清除
[2026-03-02 23:26:17] quant.broker_exec INFO: [PaperBroker] 纸盘模式就绪
[2026-03-02 23:26:17] quant.broker_exec INFO: [Broker] 买入 000001 平安银行 x1200 @ 12.51 [paper]
[2026-03-02 23:26:17] quant.broker_exec WARNING: [Broker] 交易被拦截: 手动紧急停止: test
[2026-03-02 23:26:17] quant.broker_exec INFO: [PaperBroker] 纸盘模式就绪
[2026-03-02 23:26:17] quant.broker_exec INFO: [Broker] 买入 000001 A x1500 @ 10.01 [paper]
[2026-03-02 23:26:17] quant.broker_exec INFO: [Broker] 已持有 000001, 跳过
[2026-03-02 23:26:17] quant.broker_exec INFO: [PaperBroker] 纸盘模式就绪
[2026-03-02 23:26:17] quant.broker_exec INFO: [Broker] 买入 000001 A x1500 @ 10.01 [paper]
[2026-03-02 23:26:17] quant.broker_exec INFO: [Broker] 卖出 000001 A x1500 @ 9.20 (-8.39%) [止损]
[2026-03-02 23:26:17] quant.broker_exec INFO: [PaperBroker] 纸盘模式就绪
[2026-03-02 23:26:17] quant.broker_exec INFO: [Broker] 买入 000001 A x1500 @ 10.01 [paper]
[2026-03-02 23:26:17] quant.broker_exec INFO: [PaperBroker] 纸盘模式就绪
[2026-03-02 23:26:17] quant.broker_exec WARNING: [Broker] 不支持的 broker: unknown_broker, 回退到纸盘
[2026-03-02 23:26:17] quant.broker_exec INFO: [PaperBroker] 纸盘模式就绪
[2026-03-02 23:39:13] quant.broker_exec INFO: [PaperBroker] 纸盘模式就绪
[2026-03-02 23:39:13] quant.broker_exec INFO: [PaperBroker] 纸盘模式就绪
[2026-03-02 23:39:13] quant.broker_exec INFO: [PaperBroker] 纸盘模式就绪
[2026-03-02 23:39:13] quant.broker_exec INFO: [PaperBroker] 纸盘模式就绪
[2026-03-02 23:39:13] quant.broker_exec INFO: [PaperBroker] 纸盘模式就绪
[2026-03-02 23:39:13] quant.broker_exec WARNING: [KILL SWITCH] 紧急停止已激活: 测试停止
[2026-03-02 23:39:13] quant.broker_exec WARNING: [KILL SWITCH] 紧急停止已激活: 测试
[2026-03-02 23:39:13] quant.broker_exec INFO: [KILL SWITCH] 紧急停止已清除
[2026-03-02 23:39:13] quant.broker_exec INFO: [PaperBroker] 纸盘模式就绪
[2026-03-02 23:39:13] quant.broker_exec INFO: [Broker] 买入 000001 平安银行 x1200 @ 12.51 [paper]
[2026-03-02 23:39:13] quant.broker_exec WARNING: [Broker] 交易被拦截: 手动紧急停止: test
[2026-03-02 23:39:13] quant.broker_exec INFO: [PaperBroker] 纸盘模式就绪
[2026-03-02 23:39:13] quant.broker_exec INFO: [Broker] 买入 000001 A x1500 @ 10.01 [paper]
[2026-03-02 23:39:13] quant.broker_exec INFO: [Broker] 已持有 000001, 跳过
[2026-03-02 23:39:13] quant.broker_exec INFO: [PaperBroker] 纸盘模式就绪
[2026-03-02 23:39:13] quant.broker_exec INFO: [Broker] 买入 000001 A x1500 @ 10.01 [paper]
[2026-03-02 23:39:13] quant.broker_exec INFO: [Broker] 卖出 000001 A x1500 @ 9.20 (-8.39%) [止损]
[2026-03-02 23:39:13] quant.broker_exec INFO: [PaperBroker] 纸盘模式就绪
[2026-03-02 23:39:13] quant.broker_exec INFO: [Broker] 买入 000001 A x1500 @ 10.01 [paper]
[2026-03-02 23:39:13] quant.broker_exec INFO: [PaperBroker] 纸盘模式就绪
[2026-03-02 23:39:13] quant.broker_exec WARNING: [Broker] 不支持的 broker: unknown_broker, 回退到纸盘
[2026-03-02 23:39:13] quant.broker_exec INFO: [PaperBroker] 纸盘模式就绪
[2026-03-02 23:45:40] quant.broker_exec INFO: [PaperBroker] 纸盘模式就绪
[2026-03-02 23:45:40] quant.broker_exec INFO: [PaperBroker] 纸盘模式就绪
[2026-03-02 23:45:40] quant.broker_exec INFO: [PaperBroker] 纸盘模式就绪
[2026-03-02 23:45:40] quant.broker_exec INFO: [PaperBroker] 纸盘模式就绪
[2026-03-02 23:45:40] quant.broker_exec INFO: [PaperBroker] 纸盘模式就绪
[2026-03-02 23:45:40] quant.broker_exec WARNING: [KILL SWITCH] 紧急停止已激活: 测试停止
[2026-03-02 23:45:40] quant.broker_exec WARNING: [KILL SWITCH] 紧急停止已激活: 测试
[2026-03-02 23:45:40] quant.broker_exec INFO: [KILL SWITCH] 紧急停止已清除
[2026-03-02 23:45:40] quant.broker_exec INFO: [PaperBroker] 纸盘模式就绪
[2026-03-02 23:45:40] quant.broker_exec INFO: [Broker] 买入 000001 平安银行 x1200 @ 12.51 [paper]
[2026-03-02 23:45:40] quant.broker_exec WARNING: [Broker] 交易被拦截: 手动紧急停止: test
[2026-03-02 23:45:40] quant.broker_exec INFO: [PaperBroker] 纸盘模式就绪
[2026-03-02 23:45:40] quant.broker_exec INFO: [Broker] 买入 000001 A x1500 @ 10.01 [paper]
[2026-03-02 23:45:40] quant.broker_exec INFO: [Broker] 已持有 000001, 跳过
[2026-03-02 23:45:40] quant.broker_exec INFO: [PaperBroker] 纸盘模式就绪
[2026-03-02 23:45:40] quant.broker_exec INFO: [Broker] 买入 000001 A x1500 @ 10.01 [paper]
[2026-03-02 23:45:40] quant.broker_exec INFO: [Broker] 卖出 000001 A x1500 @ 9.20 (-8.39%) [止损]
[2026-03-02 23:45:40] quant.broker_exec INFO: [PaperBroker] 纸盘模式就绪
[2026-03-02 23:45:40] quant.broker_exec INFO: [Broker] 买入 000001 A x1500 @ 10.01 [paper]
[2026-03-02 23:45:40] quant.broker_exec INFO: [PaperBroker] 纸盘模式就绪
[2026-03-02 23:45:40] quant.broker_exec WARNING: [Broker] 不支持的 broker: unknown_broker, 回退到纸盘
[2026-03-02 23:45:40] quant.broker_exec INFO: [PaperBroker] 纸盘模式就绪
[2026-03-03 08:30:20] quant.broker_exec INFO: [PaperBroker] 纸盘模式就绪
[2026-03-03 08:30:20] quant.broker_exec INFO: [PaperBroker] 纸盘模式就绪
[2026-03-03 08:30:20] quant.broker_exec INFO: [PaperBroker] 纸盘模式就绪
[2026-03-03 08:30:20] quant.broker_exec INFO: [PaperBroker] 纸盘模式就绪
[2026-03-03 08:30:20] quant.broker_exec INFO: [PaperBroker] 纸盘模式就绪
[2026-03-03 08:30:20] quant.broker_exec WARNING: [KILL SWITCH] 紧急停止已激活: 测试停止
[2026-03-03 08:30:20] quant.broker_exec WARNING: [KILL SWITCH] 紧急停止已激活: 测试
[2026-03-03 08:30:20] quant.broker_exec INFO: [KILL SWITCH] 紧急停止已清除
[2026-03-03 08:30:20] quant.broker_exec INFO: [PaperBroker] 纸盘模式就绪
[2026-03-03 08:30:20] quant.broker_exec INFO: [Broker] 买入 000001 平安银行 x1200 @ 12.51 [paper]
[2026-03-03 08:30:20] quant.broker_exec WARNING: [Broker] 交易被拦截: 手动紧急停止: test
[2026-03-03 08:30:20] quant.broker_exec INFO: [PaperBroker] 纸盘模式就绪
[2026-03-03 08:30:20] quant.broker_exec INFO: [Broker] 买入 000001 A x1500 @ 10.01 [paper]
[2026-03-03 08:30:20] quant.broker_exec INFO: [Broker] 已持有 000001, 跳过
[2026-03-03 08:30:20] quant.broker_exec INFO: [PaperBroker] 纸盘模式就绪
[2026-03-03 08:30:20] quant.broker_exec INFO: [Broker] 买入 000001 A x1500 @ 10.01 [paper]
[2026-03-03 08:30:20] quant.broker_exec INFO: [Broker] 卖出 000001 A x1500 @ 9.20 (-8.39%) [止损]
[2026-03-03 08:30:20] quant.broker_exec INFO: [PaperBroker] 纸盘模式就绪
[2026-03-03 08:30:20] quant.broker_exec INFO: [Broker] 买入 000001 A x1500 @ 10.01 [paper]
[2026-03-03 08:30:20] quant.broker_exec INFO: [PaperBroker] 纸盘模式就绪
[2026-03-03 08:30:20] quant.broker_exec WARNING: [Broker] 不支持的 broker: unknown_broker, 回退到纸盘
[2026-03-03 08:30:20] quant.broker_exec INFO: [PaperBroker] 纸盘模式就绪
[2026-03-03 08:53:30] quant.broker_exec INFO: [PaperBroker] 纸盘模式就绪
[2026-03-03 08:53:30] quant.broker_exec INFO: [PaperBroker] 纸盘模式就绪
[2026-03-03 08:53:30] quant.broker_exec INFO: [PaperBroker] 纸盘模式就绪
[2026-03-03 08:53:30] quant.broker_exec INFO: [PaperBroker] 纸盘模式就绪
[2026-03-03 08:53:30] quant.broker_exec INFO: [PaperBroker] 纸盘模式就绪
[2026-03-03 08:53:30] quant.broker_exec WARNING: [KILL SWITCH] 紧急停止已激活: 测试停止
[2026-03-03 08:53:30] quant.broker_exec WARNING: [KILL SWITCH] 紧急停止已激活: 测试
[2026-03-03 08:53:30] quant.broker_exec INFO: [KILL SWITCH] 紧急停止已清除
[2026-03-03 08:53:30] quant.broker_exec INFO: [PaperBroker] 纸盘模式就绪
[2026-03-03 08:53:30] quant.broker_exec INFO: [Broker] 买入 000001 平安银行 x1200 @ 12.51 [paper]
[2026-03-03 08:53:30] quant.broker_exec WARNING: [Broker] 交易被拦截: 手动紧急停止: test
[2026-03-03 08:53:30] quant.broker_exec INFO: [PaperBroker] 纸盘模式就绪
[2026-03-03 08:53:30] quant.broker_exec INFO: [Broker] 买入 000001 A x1500 @ 10.01 [paper]
[2026-03-03 08:53:30] quant.broker_exec INFO: [Broker] 已持有 000001, 跳过
[2026-03-03 08:53:30] quant.broker_exec INFO: [PaperBroker] 纸盘模式就绪
[2026-03-03 08:53:30] quant.broker_exec INFO: [Broker] 买入 000001 A x1500 @ 10.01 [paper]
[2026-03-03 08:53:30] quant.broker_exec INFO: [Broker] 卖出 000001 A x1500 @ 9.20 (-8.39%) [止损]
[2026-03-03 08:53:30] quant.broker_exec INFO: [PaperBroker] 纸盘模式就绪
[2026-03-03 08:53:30] quant.broker_exec INFO: [Broker] 买入 000001 A x1500 @ 10.01 [paper]
[2026-03-03 08:53:30] quant.broker_exec INFO: [PaperBroker] 纸盘模式就绪
[2026-03-03 08:53:30] quant.broker_exec WARNING: [Broker] 不支持的 broker: unknown_broker, 回退到纸盘
[2026-03-03 08:53:30] quant.broker_exec INFO: [PaperBroker] 纸盘模式就绪
[2026-03-03 12:31:42] quant.broker_exec INFO: [PaperBroker] 纸盘模式就绪
[2026-03-03 12:31:42] quant.broker_exec INFO: [PaperBroker] 纸盘模式就绪
[2026-03-03 12:31:42] quant.broker_exec INFO: [PaperBroker] 纸盘模式就绪
[2026-03-03 12:31:42] quant.broker_exec INFO: [PaperBroker] 纸盘模式就绪
[2026-03-03 12:31:42] quant.broker_exec INFO: [PaperBroker] 纸盘模式就绪
[2026-03-03 12:31:42] quant.broker_exec WARNING: [KILL SWITCH] 紧急停止已激活: 测试停止
[2026-03-03 12:31:42] quant.broker_exec WARNING: [KILL SWITCH] 紧急停止已激活: 测试
[2026-03-03 12:31:42] quant.broker_exec INFO: [KILL SWITCH] 紧急停止已清除
[2026-03-03 12:31:42] quant.broker_exec INFO: [PaperBroker] 纸盘模式就绪
[2026-03-03 12:31:42] quant.broker_exec INFO: [Broker] 买入 000001 平安银行 x1200 @ 12.51 [paper]
[2026-03-03 12:31:42] quant.broker_exec WARNING: [Broker] 交易被拦截: 手动紧急停止: test
[2026-03-03 12:31:42] quant.broker_exec INFO: [PaperBroker] 纸盘模式就绪
[2026-03-03 12:31:42] quant.broker_exec INFO: [Broker] 买入 000001 A x1500 @ 10.01 [paper]
[2026-03-03 12:31:42] quant.broker_exec INFO: [Broker] 已持有 000001, 跳过
[2026-03-03 12:31:42] quant.broker_exec INFO: [PaperBroker] 纸盘模式就绪
[2026-03-03 12:31:42] quant.broker_exec INFO: [Broker] 买入 000001 A x1500 @ 10.01 [paper]
[2026-03-03 12:31:42] quant.broker_exec INFO: [Broker] 卖出 000001 A x1500 @ 9.20 (-8.39%) [止损]
[2026-03-03 12:31:42] quant.broker_exec INFO: [PaperBroker] 纸盘模式就绪
[2026-03-03 12:31:42] quant.broker_exec INFO: [Broker] 买入 000001 A x1500 @ 10.01 [paper]
[2026-03-03 12:31:42] quant.broker_exec INFO: [PaperBroker] 纸盘模式就绪
[2026-03-03 12:31:42] quant.broker_exec WARNING: [Broker] 不支持的 broker: unknown_broker, 回退到纸盘
[2026-03-03 12:31:42] quant.broker_exec INFO: [PaperBroker] 纸盘模式就绪
[2026-03-03 12:36:32] quant.broker_exec INFO: [PaperBroker] 纸盘模式就绪
[2026-03-03 12:36:32] quant.broker_exec INFO: [PaperBroker] 纸盘模式就绪
[2026-03-03 12:36:32] quant.broker_exec INFO: [PaperBroker] 纸盘模式就绪
[2026-03-03 12:36:32] quant.broker_exec INFO: [PaperBroker] 纸盘模式就绪
[2026-03-03 12:36:32] quant.broker_exec INFO: [PaperBroker] 纸盘模式就绪
[2026-03-03 12:36:32] quant.broker_exec WARNING: [KILL SWITCH] 紧急停止已激活: 测试停止
[2026-03-03 12:36:32] quant.broker_exec WARNING: [KILL SWITCH] 紧急停止已激活: 测试
[2026-03-03 12:36:32] quant.broker_exec INFO: [KILL SWITCH] 紧急停止已清除
[2026-03-03 12:36:32] quant.broker_exec INFO: [PaperBroker] 纸盘模式就绪
[2026-03-03 12:36:32] quant.broker_exec INFO: [Broker] 买入 000001 平安银行 x1200 @ 12.51 [paper]
[2026-03-03 12:36:32] quant.broker_exec WARNING: [Broker] 交易被拦截: 手动紧急停止: test
[2026-03-03 12:36:32] quant.broker_exec INFO: [PaperBroker] 纸盘模式就绪
[2026-03-03 12:36:32] quant.broker_exec INFO: [Broker] 买入 000001 A x1500 @ 10.01 [paper]
[2026-03-03 12:36:32] quant.broker_exec INFO: [Broker] 已持有 000001, 跳过
[2026-03-03 12:36:32] quant.broker_exec INFO: [PaperBroker] 纸盘模式就绪
[2026-03-03 12:36:32] quant.broker_exec INFO: [Broker] 买入 000001 A x1500 @ 10.01 [paper]
[2026-03-03 12:36:32] quant.broker_exec INFO: [Broker] 卖出 000001 A x1500 @ 9.20 (-8.39%) [止损]
[2026-03-03 12:36:32] quant.broker_exec INFO: [PaperBroker] 纸盘模式就绪
[2026-03-03 12:36:32] quant.broker_exec INFO: [Broker] 买入 000001 A x1500 @ 10.01 [paper]
[2026-03-03 12:36:32] quant.broker_exec INFO: [PaperBroker] 纸盘模式就绪
[2026-03-03 12:36:32] quant.broker_exec WARNING: [Broker] 不支持的 broker: unknown_broker, 回退到纸盘
[2026-03-03 12:36:32] quant.broker_exec INFO: [PaperBroker] 纸盘模式就绪
[2026-03-03 12:41:12] quant.broker_exec INFO: [PaperBroker] 纸盘模式就绪
[2026-03-03 12:41:12] quant.broker_exec INFO: [PaperBroker] 纸盘模式就绪
[2026-03-03 12:41:12] quant.broker_exec INFO: [PaperBroker] 纸盘模式就绪
[2026-03-03 12:41:12] quant.broker_exec INFO: [PaperBroker] 纸盘模式就绪
[2026-03-03 12:41:12] quant.broker_exec INFO: [PaperBroker] 纸盘模式就绪
[2026-03-03 12:41:12] quant.broker_exec WARNING: [KILL SWITCH] 紧急停止已激活: 测试停止
[2026-03-03 12:41:12] quant.broker_exec WARNING: [KILL SWITCH] 紧急停止已激活: 测试
[2026-03-03 12:41:12] quant.broker_exec INFO: [KILL SWITCH] 紧急停止已清除
[2026-03-03 12:41:12] quant.broker_exec INFO: [PaperBroker] 纸盘模式就绪
[2026-03-03 12:41:12] quant.broker_exec INFO: [Broker] 买入 000001 平安银行 x1200 @ 12.51 [paper]
[2026-03-03 12:41:12] quant.broker_exec WARNING: [Broker] 交易被拦截: 手动紧急停止: test
[2026-03-03 12:41:12] quant.broker_exec INFO: [PaperBroker] 纸盘模式就绪
[2026-03-03 12:41:12] quant.broker_exec INFO: [Broker] 买入 000001 A x1500 @ 10.01 [paper]
[2026-03-03 12:41:12] quant.broker_exec INFO: [Broker] 已持有 000001, 跳过
[2026-03-03 12:41:12] quant.broker_exec INFO: [PaperBroker] 纸盘模式就绪
[2026-03-03 12:41:12] quant.broker_exec INFO: [Broker] 买入 000001 A x1500 @ 10.01 [paper]
[2026-03-03 12:41:12] quant.broker_exec INFO: [Broker] 卖出 000001 A x1500 @ 9.20 (-8.39%) [止损]
[2026-03-03 12:41:12] quant.broker_exec INFO: [PaperBroker] 纸盘模式就绪
[2026-03-03 12:41:12] quant.broker_exec INFO: [Broker] 买入 000001 A x1500 @ 10.01 [paper]
[2026-03-03 12:41:12] quant.broker_exec INFO: [PaperBroker] 纸盘模式就绪
[2026-03-03 12:41:12] quant.broker_exec WARNING: [Broker] 不支持的 broker: unknown_broker, 回退到纸盘
[2026-03-03 12:41:12] quant.broker_exec INFO: [PaperBroker] 纸盘模式就绪
[2026-03-03 13:01:15] quant.broker_exec INFO: [PaperBroker] 纸盘模式就绪
[2026-03-03 13:01:15] quant.broker_exec INFO: [PaperBroker] 纸盘模式就绪
[2026-03-03 13:01:15] quant.broker_exec INFO: [PaperBroker] 纸盘模式就绪
[2026-03-03 13:01:15] quant.broker_exec INFO: [PaperBroker] 纸盘模式就绪
[2026-03-03 13:01:15] quant.broker_exec INFO: [PaperBroker] 纸盘模式就绪
[2026-03-03 13:01:15] quant.broker_exec WARNING: [KILL SWITCH] 紧急停止已激活: 测试停止
[2026-03-03 13:01:15] quant.broker_exec WARNING: [KILL SWITCH] 紧急停止已激活: 测试
[2026-03-03 13:01:15] quant.broker_exec INFO: [KILL SWITCH] 紧急停止已清除
[2026-03-03 13:01:15] quant.broker_exec INFO: [PaperBroker] 纸盘模式就绪
[2026-03-03 13:01:15] quant.broker_exec INFO: [Broker] 买入 000001 平安银行 x1200 @ 12.51 [paper]
[2026-03-03 13:01:15] quant.broker_exec WARNING: [Broker] 交易被拦截: 手动紧急停止: test
[2026-03-03 13:01:15] quant.broker_exec INFO: [PaperBroker] 纸盘模式就绪
[2026-03-03 13:01:15] quant.broker_exec INFO: [Broker] 买入 000001 A x1500 @ 10.01 [paper]
[2026-03-03 13:01:15] quant.broker_exec INFO: [Broker] 已持有 000001, 跳过
[2026-03-03 13:01:15] quant.broker_exec INFO: [PaperBroker] 纸盘模式就绪
[2026-03-03 13:01:15] quant.broker_exec INFO: [Broker] 买入 000001 A x1500 @ 10.01 [paper]
[2026-03-03 13:01:15] quant.broker_exec INFO: [Broker] 卖出 000001 A x1500 @ 9.20 (-8.39%) [止损]
[2026-03-03 13:01:15] quant.broker_exec INFO: [PaperBroker] 纸盘模式就绪
[2026-03-03 13:01:15] quant.broker_exec INFO: [Broker] 买入 000001 A x1500 @ 10.01 [paper]
[2026-03-03 13:01:15] quant.broker_exec INFO: [PaperBroker] 纸盘模式就绪
[2026-03-03 13:01:15] quant.broker_exec WARNING: [Broker] 不支持的 broker: unknown_broker, 回退到纸盘
[2026-03-03 13:01:15] quant.broker_exec INFO: [PaperBroker] 纸盘模式就绪
[2026-03-03 14:56:55] quant.broker_exec INFO: [PaperBroker] 纸盘模式就绪
[2026-03-03 14:56:55] quant.broker_exec INFO: [PaperBroker] 纸盘模式就绪
[2026-03-03 14:56:55] quant.broker_exec INFO: [PaperBroker] 纸盘模式就绪
[2026-03-03 14:56:55] quant.broker_exec INFO: [PaperBroker] 纸盘模式就绪
[2026-03-03 14:56:55] quant.broker_exec INFO: [PaperBroker] 纸盘模式就绪
[2026-03-03 14:56:55] quant.broker_exec WARNING: [KILL SWITCH] 紧急停止已激活: 测试停止
[2026-03-03 14:56:55] quant.broker_exec WARNING: [KILL SWITCH] 紧急停止已激活: 测试
[2026-03-03 14:56:55] quant.broker_exec INFO: [KILL SWITCH] 紧急停止已清除
[2026-03-03 14:56:55] quant.broker_exec INFO: [PaperBroker] 纸盘模式就绪
[2026-03-03 14:56:55] quant.broker_exec INFO: [Broker] 买入 000001 平安银行 x1200 @ 12.51 [paper]
[2026-03-03 14:56:55] quant.broker_exec WARNING: [Broker] 交易被拦截: 手动紧急停止: test
[2026-03-03 14:56:55] quant.broker_exec INFO: [PaperBroker] 纸盘模式就绪
[2026-03-03 14:56:55] quant.broker_exec INFO: [Broker] 买入 000001 A x1500 @ 10.01 [paper]
[2026-03-03 14:56:55] quant.broker_exec INFO: [Broker] 已持有 000001, 跳过
[2026-03-03 14:56:55] quant.broker_exec INFO: [PaperBroker] 纸盘模式就绪
[2026-03-03 14:56:55] quant.broker_exec INFO: [Broker] 买入 000001 A x1500 @ 10.01 [paper]
[2026-03-03 14:56:55] quant.broker_exec INFO: [Broker] 卖出 000001 A x1500 @ 9.20 (-8.39%) [止损]
[2026-03-03 14:56:55] quant.broker_exec INFO: [PaperBroker] 纸盘模式就绪
[2026-03-03 14:56:55] quant.broker_exec INFO: [Broker] 买入 000001 A x1500 @ 10.01 [paper]
[2026-03-03 14:56:55] quant.broker_exec INFO: [PaperBroker] 纸盘模式就绪
[2026-03-03 14:56:55] quant.broker_exec WARNING: [Broker] 不支持的 broker: unknown_broker, 回退到纸盘
[2026-03-03 14:56:55] quant.broker_exec INFO: [PaperBroker] 纸盘模式就绪
[2026-03-03 16:31:28] quant.broker_exec INFO: [PaperBroker] 纸盘模式就绪
[2026-03-03 16:31:28] quant.broker_exec INFO: [PaperBroker] 纸盘模式就绪
[2026-03-03 16:31:28] quant.broker_exec INFO: [PaperBroker] 纸盘模式就绪
[2026-03-03 16:31:28] quant.broker_exec INFO: [PaperBroker] 纸盘模式就绪
[2026-03-03 16:31:28] quant.broker_exec INFO: [PaperBroker] 纸盘模式就绪
[2026-03-03 16:31:29] quant.broker_exec WARNING: [KILL SWITCH] 紧急停止已激活: 测试停止
[2026-03-03 16:31:29] quant.broker_exec WARNING: [KILL SWITCH] 紧急停止已激活: 测试
[2026-03-03 16:31:29] quant.broker_exec INFO: [KILL SWITCH] 紧急停止已清除
[2026-03-03 16:31:29] quant.broker_exec INFO: [PaperBroker] 纸盘模式就绪
[2026-03-03 16:31:29] quant.broker_exec INFO: [Broker] 买入 000001 平安银行 x1200 @ 12.51 [paper]
[2026-03-03 16:31:29] quant.broker_exec WARNING: [Broker] 交易被拦截: 手动紧急停止: test
[2026-03-03 16:31:29] quant.broker_exec INFO: [PaperBroker] 纸盘模式就绪
[2026-03-03 16:31:29] quant.broker_exec INFO: [Broker] 买入 000001 A x1500 @ 10.01 [paper]
[2026-03-03 16:31:29] quant.broker_exec INFO: [Broker] 已持有 000001, 跳过
[2026-03-03 16:31:29] quant.broker_exec INFO: [PaperBroker] 纸盘模式就绪
[2026-03-03 16:31:29] quant.broker_exec INFO: [Broker] 买入 000001 A x1500 @ 10.01 [paper]
[2026-03-03 16:31:29] quant.broker_exec INFO: [Broker] 卖出 000001 A x1500 @ 9.20 (-8.39%) [止损]
[2026-03-03 16:31:29] quant.broker_exec INFO: [PaperBroker] 纸盘模式就绪
[2026-03-03 16:31:29] quant.broker_exec INFO: [Broker] 买入 000001 A x1500 @ 10.01 [paper]
[2026-03-03 16:31:29] quant.broker_exec INFO: [PaperBroker] 纸盘模式就绪
[2026-03-03 16:31:29] quant.broker_exec WARNING: [Broker] 不支持的 broker: unknown_broker, 回退到纸盘
[2026-03-03 16:31:29] quant.broker_exec INFO: [PaperBroker] 纸盘模式就绪
[2026-03-03 16:36:40] quant.broker_exec INFO: [PaperBroker] 纸盘模式就绪
[2026-03-03 16:36:40] quant.broker_exec INFO: [PaperBroker] 纸盘模式就绪
[2026-03-03 16:36:40] quant.broker_exec INFO: [PaperBroker] 纸盘模式就绪
[2026-03-03 16:36:40] quant.broker_exec INFO: [PaperBroker] 纸盘模式就绪
[2026-03-03 16:36:40] quant.broker_exec INFO: [PaperBroker] 纸盘模式就绪
[2026-03-03 16:36:40] quant.broker_exec WARNING: [KILL SWITCH] 紧急停止已激活: 测试停止
[2026-03-03 16:36:40] quant.broker_exec WARNING: [KILL SWITCH] 紧急停止已激活: 测试
[2026-03-03 16:36:40] quant.broker_exec INFO: [KILL SWITCH] 紧急停止已清除
[2026-03-03 16:36:40] quant.broker_exec INFO: [PaperBroker] 纸盘模式就绪
[2026-03-03 16:36:40] quant.broker_exec INFO: [Broker] 买入 000001 平安银行 x1200 @ 12.51 [paper]
[2026-03-03 16:36:40] quant.broker_exec WARNING: [Broker] 交易被拦截: 手动紧急停止: test
[2026-03-03 16:36:40] quant.broker_exec INFO: [PaperBroker] 纸盘模式就绪
[2026-03-03 16:36:40] quant.broker_exec INFO: [Broker] 买入 000001 A x1500 @ 10.01 [paper]
[2026-03-03 16:36:40] quant.broker_exec INFO: [Broker] 已持有 000001, 跳过
[2026-03-03 16:36:40] quant.broker_exec INFO: [PaperBroker] 纸盘模式就绪
[2026-03-03 16:36:40] quant.broker_exec INFO: [Broker] 买入 000001 A x1500 @ 10.01 [paper]
[2026-03-03 16:36:40] quant.broker_exec INFO: [Broker] 卖出 000001 A x1500 @ 9.20 (-8.39%) [止损]
[2026-03-03 16:36:40] quant.broker_exec INFO: [PaperBroker] 纸盘模式就绪
[2026-03-03 16:36:40] quant.broker_exec INFO: [Broker] 买入 000001 A x1500 @ 10.01 [paper]
[2026-03-03 16:36:40] quant.broker_exec INFO: [PaperBroker] 纸盘模式就绪
[2026-03-03 16:36:40] quant.broker_exec WARNING: [Broker] 不支持的 broker: unknown_broker, 回退到纸盘
[2026-03-03 16:36:40] quant.broker_exec INFO: [PaperBroker] 纸盘模式就绪
[2026-03-03 16:57:05] quant.broker_exec INFO: [PaperBroker] 纸盘模式就绪
[2026-03-03 16:57:05] quant.broker_exec INFO: [PaperBroker] 纸盘模式就绪
[2026-03-03 16:57:05] quant.broker_exec INFO: [PaperBroker] 纸盘模式就绪
[2026-03-03 16:57:05] quant.broker_exec INFO: [PaperBroker] 纸盘模式就绪
[2026-03-03 16:57:05] quant.broker_exec INFO: [PaperBroker] 纸盘模式就绪
[2026-03-03 16:57:05] quant.broker_exec WARNING: [KILL SWITCH] 紧急停止已激活: 测试停止
[2026-03-03 16:57:05] quant.broker_exec WARNING: [KILL SWITCH] 紧急停止已激活: 测试
[2026-03-03 16:57:05] quant.broker_exec INFO: [KILL SWITCH] 紧急停止已清除
[2026-03-03 16:57:05] quant.broker_exec INFO: [PaperBroker] 纸盘模式就绪
[2026-03-03 16:57:05] quant.broker_exec INFO: [Broker] 买入 000001 平安银行 x1200 @ 12.51 [paper]
[2026-03-03 16:57:05] quant.broker_exec WARNING: [Broker] 交易被拦截: 手动紧急停止: test
[2026-03-03 16:57:05] quant.broker_exec INFO: [PaperBroker] 纸盘模式就绪
[2026-03-03 16:57:05] quant.broker_exec INFO: [Broker] 买入 000001 A x1500 @ 10.01 [paper]
[2026-03-03 16:57:05] quant.broker_exec INFO: [Broker] 已持有 000001, 跳过
[2026-03-03 16:57:05] quant.broker_exec INFO: [PaperBroker] 纸盘模式就绪
[2026-03-03 16:57:05] quant.broker_exec INFO: [Broker] 买入 000001 A x1500 @ 10.01 [paper]
[2026-03-03 16:57:05] quant.broker_exec INFO: [Broker] 卖出 000001 A x1500 @ 9.20 (-8.39%) [止损]
[2026-03-03 16:57:05] quant.broker_exec INFO: [PaperBroker] 纸盘模式就绪
[2026-03-03 16:57:05] quant.broker_exec INFO: [Broker] 买入 000001 A x1500 @ 10.01 [paper]
[2026-03-03 16:57:05] quant.broker_exec INFO: [PaperBroker] 纸盘模式就绪
[2026-03-03 16:57:05] quant.broker_exec WARNING: [Broker] 不支持的 broker: unknown_broker, 回退到纸盘
[2026-03-03 16:57:05] quant.broker_exec INFO: [PaperBroker] 纸盘模式就绪
[2026-03-03 17:23:35] quant.broker_exec INFO: [PaperBroker] 纸盘模式就绪
[2026-03-03 17:23:35] quant.broker_exec INFO: [PaperBroker] 纸盘模式就绪
[2026-03-03 17:23:35] quant.broker_exec INFO: [PaperBroker] 纸盘模式就绪
[2026-03-03 17:23:35] quant.broker_exec INFO: [PaperBroker] 纸盘模式就绪
[2026-03-03 17:23:35] quant.broker_exec INFO: [PaperBroker] 纸盘模式就绪
[2026-03-03 17:23:35] quant.broker_exec WARNING: [KILL SWITCH] 紧急停止已激活: 测试停止
[2026-03-03 17:23:35] quant.broker_exec WARNING: [KILL SWITCH] 紧急停止已激活: 测试
[2026-03-03 17:23:35] quant.broker_exec INFO: [KILL SWITCH] 紧急停止已清除
[2026-03-03 17:23:35] quant.broker_exec INFO: [PaperBroker] 纸盘模式就绪
[2026-03-03 17:23:35] quant.broker_exec INFO: [Broker] 买入 000001 平安银行 x1200 @ 12.51 [paper]
[2026-03-03 17:23:35] quant.broker_exec WARNING: [Broker] 交易被拦截: 手动紧急停止: test
[2026-03-03 17:23:35] quant.broker_exec INFO: [PaperBroker] 纸盘模式就绪
[2026-03-03 17:23:35] quant.broker_exec INFO: [Broker] 买入 000001 A x1500 @ 10.01 [paper]
[2026-03-03 17:23:35] quant.broker_exec INFO: [Broker] 已持有 000001, 跳过
[2026-03-03 17:23:35] quant.broker_exec INFO: [PaperBroker] 纸盘模式就绪
[2026-03-03 17:23:35] quant.broker_exec INFO: [Broker] 买入 000001 A x1500 @ 10.01 [paper]
[2026-03-03 17:23:35] quant.broker_exec INFO: [Broker] 卖出 000001 A x1500 @ 9.20 (-8.39%) [止损]
[2026-03-03 17:23:35] quant.broker_exec INFO: [PaperBroker] 纸盘模式就绪
[2026-03-03 17:23:35] quant.broker_exec INFO: [Broker] 买入 000001 A x1500 @ 10.01 [paper]
[2026-03-03 17:23:35] quant.broker_exec INFO: [PaperBroker] 纸盘模式就绪
[2026-03-03 17:23:35] quant.broker_exec WARNING: [Broker] 不支持的 broker: unknown_broker, 回退到纸盘
[2026-03-03 17:23:35] quant.broker_exec INFO: [PaperBroker] 纸盘模式就绪
[2026-03-03 17:28:12] quant.broker_exec INFO: [PaperBroker] 纸盘模式就绪
[2026-03-03 17:28:12] quant.broker_exec INFO: [PaperBroker] 纸盘模式就绪
[2026-03-03 17:28:12] quant.broker_exec INFO: [PaperBroker] 纸盘模式就绪
[2026-03-03 17:28:12] quant.broker_exec INFO: [PaperBroker] 纸盘模式就绪
[2026-03-03 17:28:12] quant.broker_exec INFO: [PaperBroker] 纸盘模式就绪
[2026-03-03 17:28:12] quant.broker_exec WARNING: [KILL SWITCH] 紧急停止已激活: 测试停止
[2026-03-03 17:28:12] quant.broker_exec WARNING: [KILL SWITCH] 紧急停止已激活: 测试
[2026-03-03 17:28:12] quant.broker_exec INFO: [KILL SWITCH] 紧急停止已清除
[2026-03-03 17:28:12] quant.broker_exec INFO: [PaperBroker] 纸盘模式就绪
[2026-03-03 17:28:12] quant.broker_exec INFO: [Broker] 买入 000001 平安银行 x1200 @ 12.51 [paper]
[2026-03-03 17:28:12] quant.broker_exec WARNING: [Broker] 交易被拦截: 手动紧急停止: test
[2026-03-03 17:28:12] quant.broker_exec INFO: [PaperBroker] 纸盘模式就绪
[2026-03-03 17:28:12] quant.broker_exec INFO: [Broker] 买入 000001 A x1500 @ 10.01 [paper]
[2026-03-03 17:28:12] quant.broker_exec INFO: [Broker] 已持有 000001, 跳过
[2026-03-03 17:28:12] quant.broker_exec INFO: [PaperBroker] 纸盘模式就绪
[2026-03-03 17:28:12] quant.broker_exec INFO: [Broker] 买入 000001 A x1500 @ 10.01 [paper]
[2026-03-03 17:28:12] quant.broker_exec INFO: [Broker] 卖出 000001 A x1500 @ 9.20 (-8.39%) [止损]
[2026-03-03 17:28:12] quant.broker_exec INFO: [PaperBroker] 纸盘模式就绪
[2026-03-03 17:28:12] quant.broker_exec INFO: [Broker] 买入 000001 A x1500 @ 10.01 [paper]
[2026-03-03 17:28:12] quant.broker_exec INFO: [PaperBroker] 纸盘模式就绪
[2026-03-03 17:28:12] quant.broker_exec WARNING: [Broker] 不支持的 broker: unknown_broker, 回退到纸盘
[2026-03-03 17:28:12] quant.broker_exec INFO: [PaperBroker] 纸盘模式就绪
[2026-03-03 17:32:26] quant.broker_exec INFO: [PaperBroker] 纸盘模式就绪
[2026-03-03 17:32:26] quant.broker_exec INFO: [PaperBroker] 纸盘模式就绪
[2026-03-03 17:32:26] quant.broker_exec INFO: [PaperBroker] 纸盘模式就绪
[2026-03-03 17:32:26] quant.broker_exec INFO: [PaperBroker] 纸盘模式就绪
[2026-03-03 17:32:26] quant.broker_exec INFO: [PaperBroker] 纸盘模式就绪
[2026-03-03 17:32:26] quant.broker_exec WARNING: [KILL SWITCH] 紧急停止已激活: 测试停止
[2026-03-03 17:32:26] quant.broker_exec WARNING: [KILL SWITCH] 紧急停止已激活: 测试
[2026-03-03 17:32:26] quant.broker_exec INFO: [KILL SWITCH] 紧急停止已清除
[2026-03-03 17:32:26] quant.broker_exec INFO: [PaperBroker] 纸盘模式就绪
[2026-03-03 17:32:26] quant.broker_exec INFO: [Broker] 买入 000001 平安银行 x1200 @ 12.51 [paper]
[2026-03-03 17:32:26] quant.broker_exec WARNING: [Broker] 交易被拦截: 手动紧急停止: test
[2026-03-03 17:32:26] quant.broker_exec INFO: [PaperBroker] 纸盘模式就绪
[2026-03-03 17:32:26] quant.broker_exec INFO: [Broker] 买入 000001 A x1500 @ 10.01 [paper]
[2026-03-03 17:32:26] quant.broker_exec INFO: [Broker] 已持有 000001, 跳过
[2026-03-03 17:32:26] quant.broker_exec INFO: [PaperBroker] 纸盘模式就绪
[2026-03-03 17:32:26] quant.broker_exec INFO: [Broker] 买入 000001 A x1500 @ 10.01 [paper]
[2026-03-03 17:32:26] quant.broker_exec INFO: [Broker] 卖出 000001 A x1500 @ 9.20 (-8.39%) [止损]
[2026-03-03 17:32:26] quant.broker_exec INFO: [PaperBroker] 纸盘模式就绪
[2026-03-03 17:32:26] quant.broker_exec INFO: [Broker] 买入 000001 A x1500 @ 10.01 [paper]
[2026-03-03 17:32:26] quant.broker_exec INFO: [PaperBroker] 纸盘模式就绪
[2026-03-03 17:32:26] quant.broker_exec WARNING: [Broker] 不支持的 broker: unknown_broker, 回退到纸盘
[2026-03-03 17:32:26] quant.broker_exec INFO: [PaperBroker] 纸盘模式就绪
[2026-03-03 17:58:56] quant.broker_exec INFO: [PaperBroker] 纸盘模式就绪
[2026-03-03 17:58:56] quant.broker_exec INFO: [PaperBroker] 纸盘模式就绪
[2026-03-03 17:58:56] quant.broker_exec INFO: [PaperBroker] 纸盘模式就绪
[2026-03-03 17:58:56] quant.broker_exec INFO: [PaperBroker] 纸盘模式就绪
[2026-03-03 17:58:56] quant.broker_exec INFO: [PaperBroker] 纸盘模式就绪
[2026-03-03 17:58:56] quant.broker_exec WARNING: [KILL SWITCH] 紧急停止已激活: 测试停止
[2026-03-03 17:58:56] quant.broker_exec WARNING: [KILL SWITCH] 紧急停止已激活: 测试
[2026-03-03 17:58:56] quant.broker_exec INFO: [KILL SWITCH] 紧急停止已清除
[2026-03-03 17:58:56] quant.broker_exec INFO: [PaperBroker] 纸盘模式就绪
[2026-03-03 17:58:56] quant.broker_exec INFO: [Broker] 买入 000001 平安银行 x1200 @ 12.51 [paper]
[2026-03-03 17:58:56] quant.broker_exec WARNING: [Broker] 交易被拦截: 手动紧急停止: test
[2026-03-03 17:58:56] quant.broker_exec INFO: [PaperBroker] 纸盘模式就绪
[2026-03-03 17:58:56] quant.broker_exec INFO: [Broker] 买入 000001 A x1500 @ 10.01 [paper]
[2026-03-03 17:58:56] quant.broker_exec INFO: [Broker] 已持有 000001, 跳过
[2026-03-03 17:58:56] quant.broker_exec INFO: [PaperBroker] 纸盘模式就绪
[2026-03-03 17:58:56] quant.broker_exec INFO: [Broker] 买入 000001 A x1500 @ 10.01 [paper]
[2026-03-03 17:58:56] quant.broker_exec INFO: [Broker] 卖出 000001 A x1500 @ 9.20 (-8.39%) [止损]
[2026-03-03 17:58:56] quant.broker_exec INFO: [PaperBroker] 纸盘模式就绪
[2026-03-03 17:58:56] quant.broker_exec INFO: [Broker] 买入 000001 A x1500 @ 10.01 [paper]
[2026-03-03 17:58:56] quant.broker_exec INFO: [PaperBroker] 纸盘模式就绪
[2026-03-03 17:58:56] quant.broker_exec WARNING: [Broker] 不支持的 broker: unknown_broker, 回退到纸盘
[2026-03-03 17:58:56] quant.broker_exec INFO: [PaperBroker] 纸盘模式就绪
[2026-03-03 18:26:55] quant.broker_exec INFO: [PaperBroker] 纸盘模式就绪
[2026-03-03 18:26:55] quant.broker_exec INFO: [PaperBroker] 纸盘模式就绪
[2026-03-03 18:26:55] quant.broker_exec INFO: [PaperBroker] 纸盘模式就绪
[2026-03-03 18:26:55] quant.broker_exec INFO: [PaperBroker] 纸盘模式就绪
[2026-03-03 18:26:55] quant.broker_exec INFO: [PaperBroker] 纸盘模式就绪
[2026-03-03 18:26:55] quant.broker_exec WARNING: [KILL SWITCH] 紧急停止已激活: 测试停止
[2026-03-03 18:26:55] quant.broker_exec WARNING: [KILL SWITCH] 紧急停止已激活: 测试
[2026-03-03 18:26:55] quant.broker_exec INFO: [KILL SWITCH] 紧急停止已清除
[2026-03-03 18:26:55] quant.broker_exec INFO: [PaperBroker] 纸盘模式就绪
[2026-03-03 18:26:55] quant.broker_exec INFO: [Broker] 买入 000001 平安银行 x1200 @ 12.51 [paper]
[2026-03-03 18:26:55] quant.broker_exec WARNING: [Broker] 交易被拦截: 手动紧急停止: test
[2026-03-03 18:26:55] quant.broker_exec INFO: [PaperBroker] 纸盘模式就绪
[2026-03-03 18:26:55] quant.broker_exec INFO: [Broker] 买入 000001 A x1500 @ 10.01 [paper]
[2026-03-03 18:26:55] quant.broker_exec INFO: [Broker] 已持有 000001, 跳过
[2026-03-03 18:26:55] quant.broker_exec INFO: [PaperBroker] 纸盘模式就绪
[2026-03-03 18:26:55] quant.broker_exec INFO: [Broker] 买入 000001 A x1500 @ 10.01 [paper]
[2026-03-03 18:26:55] quant.broker_exec INFO: [Broker] 卖出 000001 A x1500 @ 9.20 (-8.39%) [止损]
[2026-03-03 18:26:55] quant.broker_exec INFO: [PaperBroker] 纸盘模式就绪
[2026-03-03 18:26:55] quant.broker_exec INFO: [Broker] 买入 000001 A x1500 @ 10.01 [paper]
[2026-03-03 18:26:55] quant.broker_exec INFO: [PaperBroker] 纸盘模式就绪
[2026-03-03 18:26:55] quant.broker_exec WARNING: [Broker] 不支持的 broker: unknown_broker, 回退到纸盘
[2026-03-03 18:26:55] quant.broker_exec INFO: [PaperBroker] 纸盘模式就绪
[2026-03-03 18:32:23] quant.broker_exec INFO: [PaperBroker] 纸盘模式就绪
[2026-03-03 18:32:23] quant.broker_exec INFO: [PaperBroker] 纸盘模式就绪
[2026-03-03 18:32:23] quant.broker_exec INFO: [PaperBroker] 纸盘模式就绪
[2026-03-03 18:32:23] quant.broker_exec INFO: [PaperBroker] 纸盘模式就绪
[2026-03-03 18:32:23] quant.broker_exec INFO: [PaperBroker] 纸盘模式就绪
[2026-03-03 18:32:23] quant.broker_exec WARNING: [KILL SWITCH] 紧急停止已激活: 测试停止
[2026-03-03 18:32:23] quant.broker_exec WARNING: [KILL SWITCH] 紧急停止已激活: 测试
[2026-03-03 18:32:23] quant.broker_exec INFO: [KILL SWITCH] 紧急停止已清除
[2026-03-03 18:32:23] quant.broker_exec INFO: [PaperBroker] 纸盘模式就绪
[2026-03-03 18:32:23] quant.broker_exec INFO: [Broker] 买入 000001 平安银行 x1200 @ 12.51 [paper]
[2026-03-03 18:32:23] quant.broker_exec WARNING: [Broker] 交易被拦截: 手动紧急停止: test
[2026-03-03 18:32:23] quant.broker_exec INFO: [PaperBroker] 纸盘模式就绪
[2026-03-03 18:32:23] quant.broker_exec INFO: [Broker] 买入 000001 A x1500 @ 10.01 [paper]
[2026-03-03 18:32:23] quant.broker_exec INFO: [Broker] 已持有 000001, 跳过
[2026-03-03 18:32:23] quant.broker_exec INFO: [PaperBroker] 纸盘模式就绪
[2026-03-03 18:32:23] quant.broker_exec INFO: [Broker] 买入 000001 A x1500 @ 10.01 [paper]
[2026-03-03 18:32:23] quant.broker_exec INFO: [Broker] 卖出 000001 A x1500 @ 9.20 (-8.39%) [止损]
[2026-03-03 18:32:23] quant.broker_exec INFO: [PaperBroker] 纸盘模式就绪
[2026-03-03 18:32:23] quant.broker_exec INFO: [Broker] 买入 000001 A x1500 @ 10.01 [paper]
[2026-03-03 18:32:23] quant.broker_exec INFO: [PaperBroker] 纸盘模式就绪
[2026-03-03 18:32:23] quant.broker_exec WARNING: [Broker] 不支持的 broker: unknown_broker, 回退到纸盘
[2026-03-03 18:32:23] quant.broker_exec INFO: [PaperBroker] 纸盘模式就绪
[2026-03-03 18:37:37] quant.broker_exec INFO: [PaperBroker] 纸盘模式就绪
[2026-03-03 18:37:37] quant.broker_exec INFO: [PaperBroker] 纸盘模式就绪
[2026-03-03 18:37:37] quant.broker_exec INFO: [PaperBroker] 纸盘模式就绪
[2026-03-03 18:37:37] quant.broker_exec INFO: [PaperBroker] 纸盘模式就绪
[2026-03-03 18:37:37] quant.broker_exec INFO: [PaperBroker] 纸盘模式就绪
[2026-03-03 18:37:37] quant.broker_exec WARNING: [KILL SWITCH] 紧急停止已激活: 测试停止
[2026-03-03 18:37:37] quant.broker_exec WARNING: [KILL SWITCH] 紧急停止已激活: 测试
[2026-03-03 18:37:37] quant.broker_exec INFO: [KILL SWITCH] 紧急停止已清除
[2026-03-03 18:37:37] quant.broker_exec INFO: [PaperBroker] 纸盘模式就绪
[2026-03-03 18:37:37] quant.broker_exec INFO: [Broker] 买入 000001 平安银行 x1200 @ 12.51 [paper]
[2026-03-03 18:37:37] quant.broker_exec WARNING: [Broker] 交易被拦截: 手动紧急停止: test
[2026-03-03 18:37:37] quant.broker_exec INFO: [PaperBroker] 纸盘模式就绪
[2026-03-03 18:37:37] quant.broker_exec INFO: [Broker] 买入 000001 A x1500 @ 10.01 [paper]
[2026-03-03 18:37:37] quant.broker_exec INFO: [Broker] 已持有 000001, 跳过
[2026-03-03 18:37:37] quant.broker_exec INFO: [PaperBroker] 纸盘模式就绪
[2026-03-03 18:37:37] quant.broker_exec INFO: [Broker] 买入 000001 A x1500 @ 10.01 [paper]
[2026-03-03 18:37:37] quant.broker_exec INFO: [Broker] 卖出 000001 A x1500 @ 9.20 (-8.39%) [止损]
[2026-03-03 18:37:37] quant.broker_exec INFO: [PaperBroker] 纸盘模式就绪
[2026-03-03 18:37:37] quant.broker_exec INFO: [Broker] 买入 000001 A x1500 @ 10.01 [paper]
[2026-03-03 18:37:37] quant.broker_exec INFO: [PaperBroker] 纸盘模式就绪
[2026-03-03 18:37:37] quant.broker_exec WARNING: [Broker] 不支持的 broker: unknown_broker, 回退到纸盘
[2026-03-03 18:37:37] quant.broker_exec INFO: [PaperBroker] 纸盘模式就绪
[2026-03-03 18:44:26] quant.broker_exec INFO: [PaperBroker] 纸盘模式就绪
[2026-03-03 18:44:26] quant.broker_exec INFO: [PaperBroker] 纸盘模式就绪
[2026-03-03 18:44:26] quant.broker_exec INFO: [PaperBroker] 纸盘模式就绪
[2026-03-03 18:44:26] quant.broker_exec INFO: [PaperBroker] 纸盘模式就绪
[2026-03-03 18:44:26] quant.broker_exec INFO: [PaperBroker] 纸盘模式就绪
[2026-03-03 18:44:26] quant.broker_exec WARNING: [KILL SWITCH] 紧急停止已激活: 测试停止
[2026-03-03 18:44:26] quant.broker_exec WARNING: [KILL SWITCH] 紧急停止已激活: 测试
[2026-03-03 18:44:26] quant.broker_exec INFO: [KILL SWITCH] 紧急停止已清除
[2026-03-03 18:44:26] quant.broker_exec INFO: [PaperBroker] 纸盘模式就绪
[2026-03-03 18:44:26] quant.broker_exec INFO: [Broker] 买入 000001 平安银行 x1200 @ 12.51 [paper]
[2026-03-03 18:44:26] quant.broker_exec WARNING: [Broker] 交易被拦截: 手动紧急停止: test
[2026-03-03 18:44:26] quant.broker_exec INFO: [PaperBroker] 纸盘模式就绪
[2026-03-03 18:44:26] quant.broker_exec INFO: [Broker] 买入 000001 A x1500 @ 10.01 [paper]
[2026-03-03 18:44:26] quant.broker_exec INFO: [Broker] 已持有 000001, 跳过
[2026-03-03 18:44:26] quant.broker_exec INFO: [PaperBroker] 纸盘模式就绪
[2026-03-03 18:44:26] quant.broker_exec INFO: [Broker] 买入 000001 A x1500 @ 10.01 [paper]
[2026-03-03 18:44:26] quant.broker_exec INFO: [Broker] 卖出 000001 A x1500 @ 9.20 (-8.39%) [止损]
[2026-03-03 18:44:26] quant.broker_exec INFO: [PaperBroker] 纸盘模式就绪
[2026-03-03 18:44:26] quant.broker_exec INFO: [Broker] 买入 000001 A x1500 @ 10.01 [paper]
[2026-03-03 18:44:26] quant.broker_exec INFO: [PaperBroker] 纸盘模式就绪
[2026-03-03 18:44:26] quant.broker_exec WARNING: [Broker] 不支持的 broker: unknown_broker, 回退到纸盘
[2026-03-03 18:44:26] quant.broker_exec INFO: [PaperBroker] 纸盘模式就绪
[2026-03-03 18:49:58] quant.broker_exec INFO: [PaperBroker] 纸盘模式就绪
[2026-03-03 18:49:58] quant.broker_exec INFO: [PaperBroker] 纸盘模式就绪
[2026-03-03 18:49:58] quant.broker_exec INFO: [PaperBroker] 纸盘模式就绪
[2026-03-03 18:49:58] quant.broker_exec INFO: [PaperBroker] 纸盘模式就绪
[2026-03-03 18:49:58] quant.broker_exec INFO: [PaperBroker] 纸盘模式就绪
[2026-03-03 18:49:58] quant.broker_exec WARNING: [KILL SWITCH] 紧急停止已激活: 测试停止
[2026-03-03 18:49:58] quant.broker_exec WARNING: [KILL SWITCH] 紧急停止已激活: 测试
[2026-03-03 18:49:58] quant.broker_exec INFO: [KILL SWITCH] 紧急停止已清除
[2026-03-03 18:49:58] quant.broker_exec INFO: [PaperBroker] 纸盘模式就绪
[2026-03-03 18:49:58] quant.broker_exec INFO: [Broker] 买入 000001 平安银行 x1200 @ 12.51 [paper]
[2026-03-03 18:49:58] quant.broker_exec WARNING: [Broker] 交易被拦截: 手动紧急停止: test
[2026-03-03 18:49:58] quant.broker_exec INFO: [PaperBroker] 纸盘模式就绪
[2026-03-03 18:49:58] quant.broker_exec INFO: [Broker] 买入 000001 A x1500 @ 10.01 [paper]
[2026-03-03 18:49:58] quant.broker_exec INFO: [Broker] 已持有 000001, 跳过
[2026-03-03 18:49:58] quant.broker_exec INFO: [PaperBroker] 纸盘模式就绪
[2026-03-03 18:49:58] quant.broker_exec INFO: [Broker] 买入 000001 A x1500 @ 10.01 [paper]
[2026-03-03 18:49:58] quant.broker_exec INFO: [Broker] 卖出 000001 A x1500 @ 9.20 (-8.39%) [止损]
[2026-03-03 18:49:58] quant.broker_exec INFO: [PaperBroker] 纸盘模式就绪
[2026-03-03 18:49:58] quant.broker_exec INFO: [Broker] 买入 000001 A x1500 @ 10.01 [paper]
[2026-03-03 18:49:58] quant.broker_exec INFO: [PaperBroker] 纸盘模式就绪
[2026-03-03 18:49:58] quant.broker_exec WARNING: [Broker] 不支持的 broker: unknown_broker, 回退到纸盘
[2026-03-03 18:49:58] quant.broker_exec INFO: [PaperBroker] 纸盘模式就绪
[2026-03-03 19:36:58] quant.broker_exec INFO: [PaperBroker] 纸盘模式就绪
[2026-03-03 19:36:58] quant.broker_exec INFO: [PaperBroker] 纸盘模式就绪
[2026-03-03 19:36:58] quant.broker_exec INFO: [PaperBroker] 纸盘模式就绪
[2026-03-03 19:36:58] quant.broker_exec INFO: [PaperBroker] 纸盘模式就绪
[2026-03-03 19:36:58] quant.broker_exec INFO: [PaperBroker] 纸盘模式就绪
[2026-03-03 19:36:58] quant.broker_exec WARNING: [KILL SWITCH] 紧急停止已激活: 测试停止
[2026-03-03 19:36:58] quant.broker_exec WARNING: [KILL SWITCH] 紧急停止已激活: 测试
[2026-03-03 19:36:58] quant.broker_exec INFO: [KILL SWITCH] 紧急停止已清除
[2026-03-03 19:36:58] quant.broker_exec INFO: [PaperBroker] 纸盘模式就绪
[2026-03-03 19:36:58] quant.broker_exec INFO: [Broker] 买入 000001 平安银行 x1200 @ 12.51 [paper]
[2026-03-03 19:36:58] quant.broker_exec WARNING: [Broker] 交易被拦截: 手动紧急停止: test
[2026-03-03 19:36:58] quant.broker_exec INFO: [PaperBroker] 纸盘模式就绪
[2026-03-03 19:36:58] quant.broker_exec INFO: [Broker] 买入 000001 A x1500 @ 10.01 [paper]
[2026-03-03 19:36:58] quant.broker_exec INFO: [Broker] 已持有 000001, 跳过
[2026-03-03 19:36:58] quant.broker_exec INFO: [PaperBroker] 纸盘模式就绪
[2026-03-03 19:36:58] quant.broker_exec INFO: [Broker] 买入 000001 A x1500 @ 10.01 [paper]
[2026-03-03 19:36:58] quant.broker_exec INFO: [Broker] 卖出 000001 A x1500 @ 9.20 (-8.39%) [止损]
[2026-03-03 19:36:58] quant.broker_exec INFO: [PaperBroker] 纸盘模式就绪
[2026-03-03 19:36:58] quant.broker_exec INFO: [Broker] 买入 000001 A x1500 @ 10.01 [paper]
[2026-03-03 19:36:58] quant.broker_exec INFO: [PaperBroker] 纸盘模式就绪
[2026-03-03 19:36:58] quant.broker_exec WARNING: [Broker] 不支持的 broker: unknown_broker, 回退到纸盘
[2026-03-03 19:36:58] quant.broker_exec INFO: [PaperBroker] 纸盘模式就绪
[2026-03-03 19:42:14] quant.broker_exec INFO: [PaperBroker] 纸盘模式就绪
[2026-03-03 19:42:14] quant.broker_exec INFO: [PaperBroker] 纸盘模式就绪
[2026-03-03 19:42:14] quant.broker_exec INFO: [PaperBroker] 纸盘模式就绪
[2026-03-03 19:42:14] quant.broker_exec INFO: [PaperBroker] 纸盘模式就绪
[2026-03-03 19:42:14] quant.broker_exec INFO: [PaperBroker] 纸盘模式就绪
[2026-03-03 19:42:14] quant.broker_exec WARNING: [KILL SWITCH] 紧急停止已激活: 测试停止
[2026-03-03 19:42:14] quant.broker_exec WARNING: [KILL SWITCH] 紧急停止已激活: 测试
[2026-03-03 19:42:14] quant.broker_exec INFO: [KILL SWITCH] 紧急停止已清除
[2026-03-03 19:42:14] quant.broker_exec INFO: [PaperBroker] 纸盘模式就绪
[2026-03-03 19:42:14] quant.broker_exec INFO: [Broker] 买入 000001 平安银行 x1200 @ 12.51 [paper]
[2026-03-03 19:42:14] quant.broker_exec WARNING: [Broker] 交易被拦截: 手动紧急停止: test
[2026-03-03 19:42:14] quant.broker_exec INFO: [PaperBroker] 纸盘模式就绪
[2026-03-03 19:42:14] quant.broker_exec INFO: [Broker] 买入 000001 A x1500 @ 10.01 [paper]
[2026-03-03 19:42:14] quant.broker_exec INFO: [Broker] 已持有 000001, 跳过
[2026-03-03 19:42:14] quant.broker_exec INFO: [PaperBroker] 纸盘模式就绪
[2026-03-03 19:42:14] quant.broker_exec INFO: [Broker] 买入 000001 A x1500 @ 10.01 [paper]
[2026-03-03 19:42:14] quant.broker_exec INFO: [Broker] 卖出 000001 A x1500 @ 9.20 (-8.39%) [止损]
[2026-03-03 19:42:14] quant.broker_exec INFO: [PaperBroker] 纸盘模式就绪
[2026-03-03 19:42:14] quant.broker_exec INFO: [Broker] 买入 000001 A x1500 @ 10.01 [paper]
[2026-03-03 19:42:14] quant.broker_exec INFO: [PaperBroker] 纸盘模式就绪
[2026-03-03 19:42:14] quant.broker_exec WARNING: [Broker] 不支持的 broker: unknown_broker, 回退到纸盘
[2026-03-03 19:42:14] quant.broker_exec INFO: [PaperBroker] 纸盘模式就绪
[2026-03-03 19:47:30] quant.broker_exec INFO: [PaperBroker] 纸盘模式就绪
[2026-03-03 19:47:30] quant.broker_exec INFO: [PaperBroker] 纸盘模式就绪
[2026-03-03 19:47:30] quant.broker_exec INFO: [PaperBroker] 纸盘模式就绪
[2026-03-03 19:47:30] quant.broker_exec INFO: [PaperBroker] 纸盘模式就绪
[2026-03-03 19:47:30] quant.broker_exec INFO: [PaperBroker] 纸盘模式就绪
[2026-03-03 19:47:30] quant.broker_exec WARNING: [KILL SWITCH] 紧急停止已激活: 测试停止
[2026-03-03 19:47:30] quant.broker_exec WARNING: [KILL SWITCH] 紧急停止已激活: 测试
[2026-03-03 19:47:30] quant.broker_exec INFO: [KILL SWITCH] 紧急停止已清除
[2026-03-03 19:47:30] quant.broker_exec INFO: [PaperBroker] 纸盘模式就绪
[2026-03-03 19:47:30] quant.broker_exec INFO: [Broker] 买入 000001 平安银行 x1200 @ 12.51 [paper]
[2026-03-03 19:47:30] quant.broker_exec WARNING: [Broker] 交易被拦截: 手动紧急停止: test
[2026-03-03 19:47:30] quant.broker_exec INFO: [PaperBroker] 纸盘模式就绪
[2026-03-03 19:47:30] quant.broker_exec INFO: [Broker] 买入 000001 A x1500 @ 10.01 [paper]
[2026-03-03 19:47:30] quant.broker_exec INFO: [Broker] 已持有 000001, 跳过
[2026-03-03 19:47:30] quant.broker_exec INFO: [PaperBroker] 纸盘模式就绪
[2026-03-03 19:47:30] quant.broker_exec INFO: [Broker] 买入 000001 A x1500 @ 10.01 [paper]
[2026-03-03 19:47:30] quant.broker_exec INFO: [Broker] 卖出 000001 A x1500 @ 9.20 (-8.39%) [止损]
[2026-03-03 19:47:30] quant.broker_exec INFO: [PaperBroker] 纸盘模式就绪
[2026-03-03 19:47:30] quant.broker_exec INFO: [Broker] 买入 000001 A x1500 @ 10.01 [paper]
[2026-03-03 19:47:30] quant.broker_exec INFO: [PaperBroker] 纸盘模式就绪
[2026-03-03 19:47:30] quant.broker_exec WARNING: [Broker] 不支持的 broker: unknown_broker, 回退到纸盘
[2026-03-03 19:47:30] quant.broker_exec INFO: [PaperBroker] 纸盘模式就绪
[2026-03-03 21:21:48] quant.broker_exec INFO: [PaperBroker] 纸盘模式就绪
[2026-03-03 21:21:48] quant.broker_exec INFO: [PaperBroker] 纸盘模式就绪
[2026-03-03 21:21:48] quant.broker_exec INFO: [PaperBroker] 纸盘模式就绪
[2026-03-03 21:21:48] quant.broker_exec INFO: [PaperBroker] 纸盘模式就绪
[2026-03-03 21:21:48] quant.broker_exec INFO: [PaperBroker] 纸盘模式就绪
[2026-03-03 21:21:48] quant.broker_exec WARNING: [KILL SWITCH] 紧急停止已激活: 测试停止
[2026-03-03 21:21:48] quant.broker_exec WARNING: [KILL SWITCH] 紧急停止已激活: 测试
[2026-03-03 21:21:48] quant.broker_exec INFO: [KILL SWITCH] 紧急停止已清除
[2026-03-03 21:21:48] quant.broker_exec INFO: [PaperBroker] 纸盘模式就绪
[2026-03-03 21:21:48] quant.broker_exec INFO: [Broker] 买入 000001 平安银行 x1200 @ 12.51 [paper]
[2026-03-03 21:21:48] quant.broker_exec WARNING: [Broker] 交易被拦截: 手动紧急停止: test
[2026-03-03 21:21:48] quant.broker_exec INFO: [PaperBroker] 纸盘模式就绪
[2026-03-03 21:21:48] quant.broker_exec INFO: [Broker] 买入 000001 A x1500 @ 10.01 [paper]
[2026-03-03 21:21:48] quant.broker_exec INFO: [Broker] 已持有 000001, 跳过
[2026-03-03 21:21:48] quant.broker_exec INFO: [PaperBroker] 纸盘模式就绪
[2026-03-03 21:21:48] quant.broker_exec INFO: [Broker] 买入 000001 A x1500 @ 10.01 [paper]
[2026-03-03 21:21:48] quant.broker_exec INFO: [Broker] 卖出 000001 A x1500 @ 9.20 (-8.39%) [止损]
[2026-03-03 21:21:48] quant.broker_exec INFO: [PaperBroker] 纸盘模式就绪
[2026-03-03 21:21:48] quant.broker_exec INFO: [Broker] 买入 000001 A x1500 @ 10.01 [paper]
[2026-03-03 21:21:48] quant.broker_exec INFO: [PaperBroker] 纸盘模式就绪
[2026-03-03 21:21:48] quant.broker_exec WARNING: [Broker] 不支持的 broker: unknown_broker, 回退到纸盘
[2026-03-03 21:21:48] quant.broker_exec INFO: [PaperBroker] 纸盘模式就绪
[2026-03-03 21:31:28] quant.broker_exec INFO: [PaperBroker] 纸盘模式就绪
[2026-03-03 21:31:28] quant.broker_exec INFO: [PaperBroker] 纸盘模式就绪
[2026-03-03 21:31:28] quant.broker_exec INFO: [PaperBroker] 纸盘模式就绪
[2026-03-03 21:31:28] quant.broker_exec INFO: [PaperBroker] 纸盘模式就绪
[2026-03-03 21:31:28] quant.broker_exec INFO: [PaperBroker] 纸盘模式就绪
[2026-03-03 21:31:28] quant.broker_exec WARNING: [KILL SWITCH] 紧急停止已激活: 测试停止
[2026-03-03 21:31:28] quant.broker_exec WARNING: [KILL SWITCH] 紧急停止已激活: 测试
[2026-03-03 21:31:28] quant.broker_exec INFO: [KILL SWITCH] 紧急停止已清除
[2026-03-03 21:31:28] quant.broker_exec INFO: [PaperBroker] 纸盘模式就绪
[2026-03-03 21:31:28] quant.broker_exec INFO: [Broker] 买入 000001 平安银行 x1200 @ 12.51 [paper]
[2026-03-03 21:31:28] quant.broker_exec WARNING: [Broker] 交易被拦截: 手动紧急停止: test
[2026-03-03 21:31:28] quant.broker_exec INFO: [PaperBroker] 纸盘模式就绪
[2026-03-03 21:31:28] quant.broker_exec INFO: [Broker] 买入 000001 A x1500 @ 10.01 [paper]
[2026-03-03 21:31:28] quant.broker_exec INFO: [Broker] 已持有 000001, 跳过
[2026-03-03 21:31:28] quant.broker_exec INFO: [PaperBroker] 纸盘模式就绪
[2026-03-03 21:31:28] quant.broker_exec INFO: [Broker] 买入 000001 A x1500 @ 10.01 [paper]
[2026-03-03 21:31:28] quant.broker_exec INFO: [Broker] 卖出 000001 A x1500 @ 9.20 (-8.39%) [止损]
[2026-03-03 21:31:28] quant.broker_exec INFO: [PaperBroker] 纸盘模式就绪
[2026-03-03 21:31:28] quant.broker_exec INFO: [Broker] 买入 000001 A x1500 @ 10.01 [paper]
[2026-03-03 21:31:28] quant.broker_exec INFO: [PaperBroker] 纸盘模式就绪
[2026-03-03 21:31:28] quant.broker_exec WARNING: [Broker] 不支持的 broker: unknown_broker, 回退到纸盘
[2026-03-03 21:31:28] quant.broker_exec INFO: [PaperBroker] 纸盘模式就绪
[2026-03-03 21:44:20] quant.broker_exec INFO: [PaperBroker] 纸盘模式就绪
[2026-03-03 21:44:20] quant.broker_exec INFO: [PaperBroker] 纸盘模式就绪
[2026-03-03 21:44:20] quant.broker_exec INFO: [PaperBroker] 纸盘模式就绪
[2026-03-03 21:44:20] quant.broker_exec INFO: [PaperBroker] 纸盘模式就绪
[2026-03-03 21:44:20] quant.broker_exec INFO: [PaperBroker] 纸盘模式就绪
[2026-03-03 21:44:20] quant.broker_exec WARNING: [KILL SWITCH] 紧急停止已激活: 测试停止
[2026-03-03 21:44:20] quant.broker_exec WARNING: [KILL SWITCH] 紧急停止已激活: 测试
[2026-03-03 21:44:20] quant.broker_exec INFO: [KILL SWITCH] 紧急停止已清除
[2026-03-03 21:44:20] quant.broker_exec INFO: [PaperBroker] 纸盘模式就绪
[2026-03-03 21:44:20] quant.broker_exec INFO: [Broker] 买入 000001 平安银行 x1200 @ 12.51 [paper]
[2026-03-03 21:44:20] quant.broker_exec WARNING: [Broker] 交易被拦截: 手动紧急停止: test
[2026-03-03 21:44:20] quant.broker_exec INFO: [PaperBroker] 纸盘模式就绪
[2026-03-03 21:44:20] quant.broker_exec INFO: [Broker] 买入 000001 A x1500 @ 10.01 [paper]
[2026-03-03 21:44:20] quant.broker_exec INFO: [Broker] 已持有 000001, 跳过
[2026-03-03 21:44:20] quant.broker_exec INFO: [PaperBroker] 纸盘模式就绪
[2026-03-03 21:44:20] quant.broker_exec INFO: [Broker] 买入 000001 A x1500 @ 10.01 [paper]
[2026-03-03 21:44:20] quant.broker_exec INFO: [Broker] 卖出 000001 A x1500 @ 9.20 (-8.39%) [止损]
[2026-03-03 21:44:20] quant.broker_exec INFO: [PaperBroker] 纸盘模式就绪
[2026-03-03 21:44:20] quant.broker_exec INFO: [Broker] 买入 000001 A x1500 @ 10.01 [paper]
[2026-03-03 21:44:20] quant.broker_exec INFO: [PaperBroker] 纸盘模式就绪
[2026-03-03 21:44:20] quant.broker_exec WARNING: [Broker] 不支持的 broker: unknown_broker, 回退到纸盘
[2026-03-03 21:44:20] quant.broker_exec INFO: [PaperBroker] 纸盘模式就绪
[2026-03-03 21:59:50] quant.broker_exec INFO: [PaperBroker] 纸盘模式就绪
[2026-03-03 21:59:50] quant.broker_exec INFO: [PaperBroker] 纸盘模式就绪
[2026-03-03 21:59:50] quant.broker_exec INFO: [PaperBroker] 纸盘模式就绪
[2026-03-03 21:59:50] quant.broker_exec INFO: [PaperBroker] 纸盘模式就绪
[2026-03-03 21:59:50] quant.broker_exec INFO: [PaperBroker] 纸盘模式就绪
[2026-03-03 21:59:50] quant.broker_exec WARNING: [KILL SWITCH] 紧急停止已激活: 测试停止
[2026-03-03 21:59:50] quant.broker_exec WARNING: [KILL SWITCH] 紧急停止已激活: 测试
[2026-03-03 21:59:50] quant.broker_exec INFO: [KILL SWITCH] 紧急停止已清除
[2026-03-03 21:59:50] quant.broker_exec INFO: [PaperBroker] 纸盘模式就绪
[2026-03-03 21:59:50] quant.broker_exec INFO: [Broker] 买入 000001 平安银行 x1200 @ 12.51 [paper]
[2026-03-03 21:59:50] quant.broker_exec WARNING: [Broker] 交易被拦截: 手动紧急停止: test
[2026-03-03 21:59:50] quant.broker_exec INFO: [PaperBroker] 纸盘模式就绪
[2026-03-03 21:59:50] quant.broker_exec INFO: [Broker] 买入 000001 A x1500 @ 10.01 [paper]
[2026-03-03 21:59:50] quant.broker_exec INFO: [Broker] 已持有 000001, 跳过
[2026-03-03 21:59:50] quant.broker_exec INFO: [PaperBroker] 纸盘模式就绪
[2026-03-03 21:59:50] quant.broker_exec INFO: [Broker] 买入 000001 A x1500 @ 10.01 [paper]
[2026-03-03 21:59:50] quant.broker_exec INFO: [Broker] 卖出 000001 A x1500 @ 9.20 (-8.39%) [止损]
[2026-03-03 21:59:50] quant.broker_exec INFO: [PaperBroker] 纸盘模式就绪
[2026-03-03 21:59:50] quant.broker_exec INFO: [Broker] 买入 000001 A x1500 @ 10.01 [paper]
[2026-03-03 21:59:50] quant.broker_exec INFO: [PaperBroker] 纸盘模式就绪
[2026-03-03 21:59:50] quant.broker_exec WARNING: [Broker] 不支持的 broker: unknown_broker, 回退到纸盘
[2026-03-03 21:59:50] quant.broker_exec INFO: [PaperBroker] 纸盘模式就绪
