[2026-03-01 20:42:35] quant.experiment_lab INFO: 策略 breakout 无可调参数, 跳过
[2026-03-01 20:42:35] quant.experiment_lab INFO: [Experiment] EXP_breakout_test_001 — 基线回测...
[2026-03-01 20:42:35] quant.experiment_lab INFO: [Experiment] 候选 1/1 ...
[2026-03-01 20:42:35] quant.experiment_lab INFO: [Experiment] EXP_breakout_test_002 — 基线回测...
[2026-03-01 20:42:35] quant.experiment_lab INFO: [Experiment] 候选 1/1 ...
[2026-03-01 20:42:35] quant.experiment_lab INFO: [Experiment] EXP_test_003 — 基线回测...
[2026-03-01 20:42:35] quant.experiment_lab ERROR: 基线回测失败: backtest failed
[2026-03-01 20:42:35] quant.experiment_lab INFO: [Experiment] 采纳 EXP_test_adopt: 测试采纳
[2026-03-01 20:42:35] quant.experiment_lab INFO: [Experiment] EXP_breakout_20260301_001 — 基线回测...
[2026-03-01 20:42:35] quant.experiment_lab INFO: [Experiment] 候选 1/1 ...
[2026-03-01 20:42:35] quant.experiment_lab INFO: [Experiment] 采纳 EXP_breakout_20260301_001: 探索更优参数组合
[2026-03-01 20:42:48] quant.experiment_lab INFO: 策略 breakout 无可调参数, 跳过
[2026-03-01 20:42:48] quant.experiment_lab INFO: [Experiment] EXP_breakout_test_001 — 基线回测...
[2026-03-01 20:42:48] quant.experiment_lab INFO: [Experiment] 候选 1/1 ...
[2026-03-01 20:42:48] quant.experiment_lab INFO: [Experiment] EXP_breakout_test_002 — 基线回测...
[2026-03-01 20:42:48] quant.experiment_lab INFO: [Experiment] 候选 1/1 ...
[2026-03-01 20:42:48] quant.experiment_lab INFO: [Experiment] EXP_test_003 — 基线回测...
[2026-03-01 20:42:48] quant.experiment_lab ERROR: 基线回测失败: backtest failed
[2026-03-01 20:42:48] quant.experiment_lab INFO: [Experiment] 采纳 EXP_test_adopt: 测试采纳
[2026-03-01 20:42:48] quant.experiment_lab INFO: [Experiment] EXP_breakout_20260301_001 — 基线回测...
[2026-03-01 20:42:48] quant.experiment_lab INFO: [Experiment] 候选 1/1 ...
[2026-03-01 20:42:48] quant.experiment_lab INFO: [Experiment] 采纳 EXP_breakout_20260301_001: 调整因子权重以减少连续亏损
[2026-03-01 20:43:03] quant.experiment_lab INFO: 策略 breakout 无可调参数, 跳过
[2026-03-01 20:43:03] quant.experiment_lab INFO: [Experiment] EXP_breakout_test_001 — 基线回测...
[2026-03-01 20:43:03] quant.experiment_lab INFO: [Experiment] 候选 1/1 ...
[2026-03-01 20:43:03] quant.experiment_lab INFO: [Experiment] EXP_breakout_test_002 — 基线回测...
[2026-03-01 20:43:03] quant.experiment_lab INFO: [Experiment] 候选 1/1 ...
[2026-03-01 20:43:03] quant.experiment_lab INFO: [Experiment] EXP_test_003 — 基线回测...
[2026-03-01 20:43:03] quant.experiment_lab ERROR: 基线回测失败: backtest failed
[2026-03-01 20:43:03] quant.experiment_lab INFO: [Experiment] 采纳 EXP_test_adopt: 测试采纳
[2026-03-01 20:43:03] quant.experiment_lab INFO: [Experiment] EXP_breakout_20260301_001 — 基线回测...
[2026-03-01 20:43:03] quant.experiment_lab INFO: [Experiment] 候选 1/1 ...
[2026-03-01 20:43:03] quant.experiment_lab INFO: [Experiment] 采纳 EXP_breakout_20260301_001: 调整因子权重以减少连续亏损
[2026-03-01 21:02:18] quant.experiment_lab INFO: 策略 breakout 无可调参数, 跳过
[2026-03-01 21:02:18] quant.experiment_lab INFO: [Experiment] EXP_breakout_test_001 — 基线回测...
[2026-03-01 21:02:18] quant.experiment_lab INFO: [Experiment] 候选 1/1 ...
[2026-03-01 21:02:18] quant.experiment_lab INFO: [Experiment] EXP_breakout_test_002 — 基线回测...
[2026-03-01 21:02:18] quant.experiment_lab INFO: [Experiment] 候选 1/1 ...
[2026-03-01 21:02:18] quant.experiment_lab INFO: [Experiment] EXP_test_003 — 基线回测...
[2026-03-01 21:02:18] quant.experiment_lab ERROR: 基线回测失败: backtest failed
[2026-03-01 21:02:18] quant.experiment_lab INFO: [Experiment] 采纳 EXP_test_adopt: 测试采纳
[2026-03-01 21:02:18] quant.experiment_lab INFO: [Experiment] EXP_breakout_20260301_001 — 基线回测...
[2026-03-01 21:02:18] quant.experiment_lab INFO: [Experiment] 候选 1/1 ...
[2026-03-01 21:02:18] quant.experiment_lab INFO: [Experiment] 采纳 EXP_breakout_20260301_001: 调整因子权重以减少连续亏损
[2026-03-01 21:20:08] quant.experiment_lab INFO: 策略 breakout 无可调参数, 跳过
[2026-03-01 21:20:08] quant.experiment_lab INFO: [Experiment] EXP_breakout_test_001 — 基线回测...
[2026-03-01 21:20:08] quant.experiment_lab INFO: [Experiment] 候选 1/1 ...
[2026-03-01 21:20:08] quant.experiment_lab INFO: [Experiment] EXP_breakout_test_002 — 基线回测...
[2026-03-01 21:20:08] quant.experiment_lab INFO: [Experiment] 候选 1/1 ...
[2026-03-01 21:20:08] quant.experiment_lab INFO: [Experiment] EXP_test_003 — 基线回测...
[2026-03-01 21:20:08] quant.experiment_lab ERROR: 基线回测失败: backtest failed
[2026-03-01 21:20:08] quant.experiment_lab INFO: [Experiment] 采纳 EXP_test_adopt: 测试采纳
[2026-03-01 21:20:08] quant.experiment_lab INFO: [Experiment] EXP_breakout_20260301_001 — 基线回测...
[2026-03-01 21:20:08] quant.experiment_lab INFO: [Experiment] 候选 1/1 ...
[2026-03-01 21:20:08] quant.experiment_lab INFO: [Experiment] 采纳 EXP_breakout_20260301_001: 调整因子权重以减少连续亏损
[2026-03-01 22:05:40] quant.experiment_lab INFO: 策略 breakout 无可调参数, 跳过
[2026-03-01 22:05:40] quant.experiment_lab INFO: [Experiment] EXP_breakout_test_001 — 基线回测...
[2026-03-01 22:05:40] quant.experiment_lab INFO: [Experiment] 候选 1/1 ...
[2026-03-01 22:05:40] quant.experiment_lab INFO: [Experiment] EXP_breakout_test_002 — 基线回测...
[2026-03-01 22:05:40] quant.experiment_lab INFO: [Experiment] 候选 1/1 ...
[2026-03-01 22:05:40] quant.experiment_lab INFO: [Experiment] EXP_test_003 — 基线回测...
[2026-03-01 22:05:40] quant.experiment_lab ERROR: 基线回测失败: backtest failed
[2026-03-01 22:05:40] quant.experiment_lab INFO: [Experiment] 采纳 EXP_test_adopt: 测试采纳
[2026-03-01 22:05:40] quant.experiment_lab INFO: [Experiment] EXP_breakout_20260301_001 — 基线回测...
[2026-03-01 22:05:40] quant.experiment_lab INFO: [Experiment] 候选 1/1 ...
[2026-03-01 22:05:40] quant.experiment_lab INFO: [Experiment] 采纳 EXP_breakout_20260301_001: 调整因子权重以减少连续亏损
[2026-03-01 22:11:23] quant.experiment_lab INFO: 策略 breakout 无可调参数, 跳过
[2026-03-01 22:11:23] quant.experiment_lab INFO: [Experiment] EXP_breakout_test_001 — 基线回测...
[2026-03-01 22:11:23] quant.experiment_lab INFO: [Experiment] 候选 1/1 ...
[2026-03-01 22:11:23] quant.experiment_lab INFO: [Experiment] EXP_breakout_test_002 — 基线回测...
[2026-03-01 22:11:23] quant.experiment_lab INFO: [Experiment] 候选 1/1 ...
[2026-03-01 22:11:23] quant.experiment_lab INFO: [Experiment] EXP_test_003 — 基线回测...
[2026-03-01 22:11:23] quant.experiment_lab ERROR: 基线回测失败: backtest failed
[2026-03-01 22:11:23] quant.experiment_lab INFO: [Experiment] 采纳 EXP_test_adopt: 测试采纳
[2026-03-01 22:11:23] quant.experiment_lab INFO: [Experiment] EXP_breakout_20260301_001 — 基线回测...
[2026-03-01 22:11:23] quant.experiment_lab INFO: [Experiment] 候选 1/1 ...
[2026-03-01 22:11:23] quant.experiment_lab INFO: [Experiment] 采纳 EXP_breakout_20260301_001: 调整因子权重以减少连续亏损
[2026-03-02 10:18:48] quant.experiment_lab INFO: 策略 breakout 无可调参数, 跳过
[2026-03-02 10:18:48] quant.experiment_lab INFO: [Experiment] EXP_breakout_test_001 — 基线回测...
[2026-03-02 10:18:48] quant.experiment_lab INFO: [Experiment] 候选 1/1 ...
[2026-03-02 10:18:48] quant.experiment_lab INFO: [Experiment] EXP_breakout_test_002 — 基线回测...
[2026-03-02 10:18:48] quant.experiment_lab INFO: [Experiment] 候选 1/1 ...
[2026-03-02 10:18:48] quant.experiment_lab INFO: [Experiment] EXP_test_003 — 基线回测...
[2026-03-02 10:18:48] quant.experiment_lab ERROR: 基线回测失败: backtest failed
[2026-03-02 10:18:48] quant.experiment_lab INFO: [Experiment] 采纳 EXP_test_adopt: 测试采纳
[2026-03-02 10:18:48] quant.experiment_lab INFO: [Experiment] EXP_breakout_20260302_001 — 基线回测...
[2026-03-02 10:18:48] quant.experiment_lab INFO: [Experiment] 候选 1/1 ...
[2026-03-02 10:18:48] quant.experiment_lab INFO: [Experiment] 采纳 EXP_breakout_20260302_001: 调整因子权重以减少连续亏损
[2026-03-02 10:20:26] quant.experiment_lab INFO: 策略 breakout 无可调参数, 跳过
[2026-03-02 10:20:26] quant.experiment_lab INFO: [Experiment] EXP_breakout_test_001 — 基线回测...
[2026-03-02 10:20:26] quant.experiment_lab INFO: [Experiment] 候选 1/1 ...
[2026-03-02 10:20:26] quant.experiment_lab INFO: [Experiment] EXP_breakout_test_002 — 基线回测...
[2026-03-02 10:20:26] quant.experiment_lab INFO: [Experiment] 候选 1/1 ...
[2026-03-02 10:20:26] quant.experiment_lab INFO: [Experiment] EXP_test_003 — 基线回测...
[2026-03-02 10:20:26] quant.experiment_lab ERROR: 基线回测失败: backtest failed
[2026-03-02 10:20:26] quant.experiment_lab INFO: [Experiment] 采纳 EXP_test_adopt: 测试采纳
[2026-03-02 10:20:26] quant.experiment_lab INFO: [Experiment] EXP_breakout_20260302_001 — 基线回测...
[2026-03-02 10:20:26] quant.experiment_lab INFO: [Experiment] 候选 1/1 ...
[2026-03-02 10:20:26] quant.experiment_lab INFO: [Experiment] 采纳 EXP_breakout_20260302_001: 调整因子权重以减少连续亏损
[2026-03-02 10:44:36] quant.experiment_lab INFO: 策略 breakout 无可调参数, 跳过
[2026-03-02 10:44:36] quant.experiment_lab INFO: [Experiment] EXP_breakout_test_001 — 基线回测...
[2026-03-02 10:44:36] quant.experiment_lab INFO: [Experiment] 候选 1/1 ...
[2026-03-02 10:44:36] quant.experiment_lab INFO: [Experiment] EXP_breakout_test_002 — 基线回测...
[2026-03-02 10:44:36] quant.experiment_lab INFO: [Experiment] 候选 1/1 ...
[2026-03-02 10:44:36] quant.experiment_lab INFO: [Experiment] EXP_test_003 — 基线回测...
[2026-03-02 10:44:36] quant.experiment_lab ERROR: 基线回测失败: backtest failed
[2026-03-02 10:44:36] quant.experiment_lab INFO: [Experiment] 采纳 EXP_test_adopt: 测试采纳
[2026-03-02 10:44:36] quant.experiment_lab INFO: [Experiment] EXP_breakout_20260302_001 — 基线回测...
[2026-03-02 10:44:36] quant.experiment_lab INFO: [Experiment] 候选 1/1 ...
[2026-03-02 10:44:36] quant.experiment_lab INFO: [Experiment] 采纳 EXP_breakout_20260302_001: 调整因子权重以减少连续亏损
[2026-03-02 10:47:01] quant.experiment_lab INFO: 策略 breakout 无可调参数, 跳过
[2026-03-02 10:47:01] quant.experiment_lab INFO: [Experiment] EXP_breakout_test_001 — 基线回测...
[2026-03-02 10:47:01] quant.experiment_lab INFO: [Experiment] 候选 1/1 ...
[2026-03-02 10:47:01] quant.experiment_lab INFO: [Experiment] EXP_breakout_test_002 — 基线回测...
[2026-03-02 10:47:01] quant.experiment_lab INFO: [Experiment] 候选 1/1 ...
[2026-03-02 10:47:01] quant.experiment_lab INFO: [Experiment] EXP_test_003 — 基线回测...
[2026-03-02 10:47:01] quant.experiment_lab ERROR: 基线回测失败: backtest failed
[2026-03-02 10:47:01] quant.experiment_lab INFO: [Experiment] 采纳 EXP_test_adopt: 测试采纳
[2026-03-02 10:47:01] quant.experiment_lab INFO: [Experiment] EXP_breakout_20260302_001 — 基线回测...
[2026-03-02 10:47:01] quant.experiment_lab INFO: [Experiment] 候选 1/1 ...
[2026-03-02 10:47:01] quant.experiment_lab INFO: [Experiment] 采纳 EXP_breakout_20260302_001: 调整因子权重以减少连续亏损
[2026-03-02 11:30:07] quant.experiment_lab INFO: 策略 breakout 无可调参数, 跳过
[2026-03-02 11:30:07] quant.experiment_lab INFO: [Experiment] EXP_breakout_test_001 — 基线回测...
[2026-03-02 11:30:07] quant.experiment_lab INFO: [Experiment] 候选 1/1 ...
[2026-03-02 11:30:07] quant.experiment_lab INFO: [Experiment] EXP_breakout_test_002 — 基线回测...
[2026-03-02 11:30:07] quant.experiment_lab INFO: [Experiment] 候选 1/1 ...
[2026-03-02 11:30:07] quant.experiment_lab INFO: [Experiment] EXP_test_003 — 基线回测...
[2026-03-02 11:30:07] quant.experiment_lab ERROR: 基线回测失败: backtest failed
[2026-03-02 11:30:07] quant.experiment_lab INFO: [Experiment] 采纳 EXP_test_adopt: 测试采纳
[2026-03-02 11:30:07] quant.experiment_lab INFO: [Experiment] EXP_breakout_20260302_001 — 基线回测...
[2026-03-02 11:30:07] quant.experiment_lab INFO: [Experiment] 候选 1/1 ...
[2026-03-02 11:30:07] quant.experiment_lab INFO: [Experiment] 采纳 EXP_breakout_20260302_001: 调整因子权重以减少连续亏损
[2026-03-02 12:38:21] quant.experiment_lab INFO: 策略 breakout 无可调参数, 跳过
[2026-03-02 12:38:21] quant.experiment_lab INFO: [Experiment] EXP_breakout_test_001 — 基线回测...
[2026-03-02 12:38:21] quant.experiment_lab INFO: [Experiment] 候选 1/1 ...
[2026-03-02 12:38:21] quant.experiment_lab INFO: [Experiment] EXP_breakout_test_002 — 基线回测...
[2026-03-02 12:38:21] quant.experiment_lab INFO: [Experiment] 候选 1/1 ...
[2026-03-02 12:38:21] quant.experiment_lab INFO: [Experiment] EXP_test_003 — 基线回测...
[2026-03-02 12:38:21] quant.experiment_lab ERROR: 基线回测失败: backtest failed
[2026-03-02 12:38:21] quant.experiment_lab INFO: [Experiment] 采纳 EXP_test_adopt: 测试采纳
[2026-03-02 12:38:21] quant.experiment_lab INFO: [Experiment] EXP_breakout_20260302_001 — 基线回测...
[2026-03-02 12:38:21] quant.experiment_lab INFO: [Experiment] 候选 1/1 ...
[2026-03-02 12:38:21] quant.experiment_lab INFO: [Experiment] 采纳 EXP_breakout_20260302_001: 调整因子权重以减少连续亏损
[2026-03-02 13:22:39] quant.experiment_lab INFO: 策略 breakout 无可调参数, 跳过
[2026-03-02 13:22:39] quant.experiment_lab INFO: [Experiment] EXP_breakout_test_001 — 基线回测...
[2026-03-02 13:22:39] quant.experiment_lab INFO: [Experiment] 候选 1/1 ...
[2026-03-02 13:22:39] quant.experiment_lab INFO: [Experiment] EXP_breakout_test_002 — 基线回测...
[2026-03-02 13:22:39] quant.experiment_lab INFO: [Experiment] 候选 1/1 ...
[2026-03-02 13:22:39] quant.experiment_lab INFO: [Experiment] EXP_test_003 — 基线回测...
[2026-03-02 13:22:39] quant.experiment_lab ERROR: 基线回测失败: backtest failed
[2026-03-02 13:22:39] quant.experiment_lab INFO: [Experiment] 采纳 EXP_test_adopt: 测试采纳
[2026-03-02 13:22:39] quant.experiment_lab INFO: [Experiment] EXP_breakout_20260302_001 — 基线回测...
[2026-03-02 13:22:39] quant.experiment_lab INFO: [Experiment] 候选 1/1 ...
[2026-03-02 13:22:39] quant.experiment_lab INFO: [Experiment] 采纳 EXP_breakout_20260302_001: 调整因子权重以减少连续亏损
[2026-03-02 13:26:01] quant.experiment_lab INFO: 策略 breakout 无可调参数, 跳过
[2026-03-02 13:26:01] quant.experiment_lab INFO: [Experiment] EXP_breakout_test_001 — 基线回测...
[2026-03-02 13:26:01] quant.experiment_lab INFO: [Experiment] 候选 1/1 ...
[2026-03-02 13:26:01] quant.experiment_lab INFO: [Experiment] EXP_breakout_test_002 — 基线回测...
[2026-03-02 13:26:01] quant.experiment_lab INFO: [Experiment] 候选 1/1 ...
[2026-03-02 13:26:01] quant.experiment_lab INFO: [Experiment] EXP_test_003 — 基线回测...
[2026-03-02 13:26:01] quant.experiment_lab ERROR: 基线回测失败: backtest failed
[2026-03-02 13:26:01] quant.experiment_lab INFO: [Experiment] 采纳 EXP_test_adopt: 测试采纳
[2026-03-02 13:26:01] quant.experiment_lab INFO: [Experiment] EXP_breakout_20260302_001 — 基线回测...
[2026-03-02 13:26:01] quant.experiment_lab INFO: [Experiment] 候选 1/1 ...
[2026-03-02 13:26:01] quant.experiment_lab INFO: [Experiment] 采纳 EXP_breakout_20260302_001: 调整因子权重以减少连续亏损
[2026-03-02 13:29:16] quant.experiment_lab INFO: 策略 breakout 无可调参数, 跳过
[2026-03-02 13:29:16] quant.experiment_lab INFO: [Experiment] EXP_breakout_test_001 — 基线回测...
[2026-03-02 13:29:16] quant.experiment_lab INFO: [Experiment] 候选 1/1 ...
[2026-03-02 13:29:16] quant.experiment_lab INFO: [Experiment] EXP_breakout_test_002 — 基线回测...
[2026-03-02 13:29:16] quant.experiment_lab INFO: [Experiment] 候选 1/1 ...
[2026-03-02 13:29:16] quant.experiment_lab INFO: [Experiment] EXP_test_003 — 基线回测...
[2026-03-02 13:29:16] quant.experiment_lab ERROR: 基线回测失败: backtest failed
[2026-03-02 13:29:16] quant.experiment_lab INFO: [Experiment] 采纳 EXP_test_adopt: 测试采纳
[2026-03-02 13:29:16] quant.experiment_lab INFO: [Experiment] EXP_breakout_20260302_001 — 基线回测...
[2026-03-02 13:29:16] quant.experiment_lab INFO: [Experiment] 候选 1/1 ...
[2026-03-02 13:29:16] quant.experiment_lab INFO: [Experiment] 采纳 EXP_breakout_20260302_001: 调整因子权重以减少连续亏损
[2026-03-02 13:32:29] quant.experiment_lab INFO: 策略 breakout 无可调参数, 跳过
[2026-03-02 13:32:29] quant.experiment_lab INFO: [Experiment] EXP_breakout_test_001 — 基线回测...
[2026-03-02 13:32:29] quant.experiment_lab INFO: [Experiment] 候选 1/1 ...
[2026-03-02 13:32:29] quant.experiment_lab INFO: [Experiment] EXP_breakout_test_002 — 基线回测...
[2026-03-02 13:32:29] quant.experiment_lab INFO: [Experiment] 候选 1/1 ...
[2026-03-02 13:32:29] quant.experiment_lab INFO: [Experiment] EXP_test_003 — 基线回测...
[2026-03-02 13:32:29] quant.experiment_lab ERROR: 基线回测失败: backtest failed
[2026-03-02 13:32:29] quant.experiment_lab INFO: [Experiment] 采纳 EXP_test_adopt: 测试采纳
[2026-03-02 13:32:29] quant.experiment_lab INFO: [Experiment] EXP_breakout_20260302_001 — 基线回测...
[2026-03-02 13:32:29] quant.experiment_lab INFO: [Experiment] 候选 1/1 ...
[2026-03-02 13:32:29] quant.experiment_lab INFO: [Experiment] 采纳 EXP_breakout_20260302_001: 调整因子权重以减少连续亏损
[2026-03-02 13:35:54] quant.experiment_lab INFO: 策略 breakout 无可调参数, 跳过
[2026-03-02 13:35:54] quant.experiment_lab INFO: [Experiment] EXP_breakout_test_001 — 基线回测...
[2026-03-02 13:35:54] quant.experiment_lab INFO: [Experiment] 候选 1/1 ...
[2026-03-02 13:35:54] quant.experiment_lab INFO: [Experiment] EXP_breakout_test_002 — 基线回测...
[2026-03-02 13:35:54] quant.experiment_lab INFO: [Experiment] 候选 1/1 ...
[2026-03-02 13:35:54] quant.experiment_lab INFO: [Experiment] EXP_test_003 — 基线回测...
[2026-03-02 13:35:54] quant.experiment_lab ERROR: 基线回测失败: backtest failed
[2026-03-02 13:35:54] quant.experiment_lab INFO: [Experiment] 采纳 EXP_test_adopt: 测试采纳
[2026-03-02 13:35:54] quant.experiment_lab INFO: [Experiment] EXP_breakout_20260302_001 — 基线回测...
[2026-03-02 13:35:54] quant.experiment_lab INFO: [Experiment] 候选 1/1 ...
[2026-03-02 13:35:54] quant.experiment_lab INFO: [Experiment] 采纳 EXP_breakout_20260302_001: 调整因子权重以减少连续亏损
[2026-03-02 13:39:11] quant.experiment_lab INFO: 策略 breakout 无可调参数, 跳过
[2026-03-02 13:39:11] quant.experiment_lab INFO: [Experiment] EXP_breakout_test_001 — 基线回测...
[2026-03-02 13:39:11] quant.experiment_lab INFO: [Experiment] 候选 1/1 ...
[2026-03-02 13:39:11] quant.experiment_lab INFO: [Experiment] EXP_breakout_test_002 — 基线回测...
[2026-03-02 13:39:11] quant.experiment_lab INFO: [Experiment] 候选 1/1 ...
[2026-03-02 13:39:11] quant.experiment_lab INFO: [Experiment] EXP_test_003 — 基线回测...
[2026-03-02 13:39:11] quant.experiment_lab ERROR: 基线回测失败: backtest failed
[2026-03-02 13:39:11] quant.experiment_lab INFO: [Experiment] 采纳 EXP_test_adopt: 测试采纳
[2026-03-02 13:39:11] quant.experiment_lab INFO: [Experiment] EXP_breakout_20260302_001 — 基线回测...
[2026-03-02 13:39:11] quant.experiment_lab INFO: [Experiment] 候选 1/1 ...
[2026-03-02 13:39:11] quant.experiment_lab INFO: [Experiment] 采纳 EXP_breakout_20260302_001: 调整因子权重以减少连续亏损
[2026-03-02 14:19:39] quant.experiment_lab INFO: 策略 breakout 无可调参数, 跳过
[2026-03-02 14:19:39] quant.experiment_lab INFO: [Experiment] EXP_breakout_test_001 — 基线回测...
[2026-03-02 14:19:39] quant.experiment_lab INFO: [Experiment] 候选 1/1 ...
[2026-03-02 14:19:39] quant.experiment_lab INFO: [Experiment] EXP_breakout_test_002 — 基线回测...
[2026-03-02 14:19:39] quant.experiment_lab INFO: [Experiment] 候选 1/1 ...
[2026-03-02 14:19:39] quant.experiment_lab INFO: [Experiment] EXP_test_003 — 基线回测...
[2026-03-02 14:19:39] quant.experiment_lab ERROR: 基线回测失败: backtest failed
[2026-03-02 14:19:39] quant.experiment_lab INFO: [Experiment] 采纳 EXP_test_adopt: 测试采纳
[2026-03-02 14:19:39] quant.experiment_lab INFO: [Experiment] EXP_breakout_20260302_001 — 基线回测...
[2026-03-02 14:19:39] quant.experiment_lab INFO: [Experiment] 候选 1/1 ...
[2026-03-02 14:19:39] quant.experiment_lab INFO: [Experiment] 采纳 EXP_breakout_20260302_001: 调整因子权重以减少连续亏损
[2026-03-02 14:23:04] quant.experiment_lab INFO: 策略 breakout 无可调参数, 跳过
[2026-03-02 14:23:04] quant.experiment_lab INFO: [Experiment] EXP_breakout_test_001 — 基线回测...
[2026-03-02 14:23:04] quant.experiment_lab INFO: [Experiment] 候选 1/1 ...
[2026-03-02 14:23:04] quant.experiment_lab INFO: [Experiment] EXP_breakout_test_002 — 基线回测...
[2026-03-02 14:23:04] quant.experiment_lab INFO: [Experiment] 候选 1/1 ...
[2026-03-02 14:23:04] quant.experiment_lab INFO: [Experiment] EXP_test_003 — 基线回测...
[2026-03-02 14:23:04] quant.experiment_lab ERROR: 基线回测失败: backtest failed
[2026-03-02 14:23:04] quant.experiment_lab INFO: [Experiment] 采纳 EXP_test_adopt: 测试采纳
[2026-03-02 14:23:04] quant.experiment_lab INFO: [Experiment] EXP_breakout_20260302_001 — 基线回测...
[2026-03-02 14:23:04] quant.experiment_lab INFO: [Experiment] 候选 1/1 ...
[2026-03-02 14:23:04] quant.experiment_lab INFO: [Experiment] 采纳 EXP_breakout_20260302_001: 调整因子权重以减少连续亏损
[2026-03-02 14:26:19] quant.experiment_lab INFO: 策略 breakout 无可调参数, 跳过
[2026-03-02 14:26:19] quant.experiment_lab INFO: [Experiment] EXP_breakout_test_001 — 基线回测...
[2026-03-02 14:26:19] quant.experiment_lab INFO: [Experiment] 候选 1/1 ...
[2026-03-02 14:26:19] quant.experiment_lab INFO: [Experiment] EXP_breakout_test_002 — 基线回测...
[2026-03-02 14:26:19] quant.experiment_lab INFO: [Experiment] 候选 1/1 ...
[2026-03-02 14:26:19] quant.experiment_lab INFO: [Experiment] EXP_test_003 — 基线回测...
[2026-03-02 14:26:19] quant.experiment_lab ERROR: 基线回测失败: backtest failed
[2026-03-02 14:26:19] quant.experiment_lab INFO: [Experiment] 采纳 EXP_test_adopt: 测试采纳
[2026-03-02 14:26:19] quant.experiment_lab INFO: [Experiment] EXP_breakout_20260302_001 — 基线回测...
[2026-03-02 14:26:19] quant.experiment_lab INFO: [Experiment] 候选 1/1 ...
[2026-03-02 14:26:19] quant.experiment_lab INFO: [Experiment] 采纳 EXP_breakout_20260302_001: 调整因子权重以减少连续亏损
[2026-03-02 14:29:51] quant.experiment_lab INFO: 策略 breakout 无可调参数, 跳过
[2026-03-02 14:29:51] quant.experiment_lab INFO: [Experiment] EXP_breakout_test_001 — 基线回测...
[2026-03-02 14:29:51] quant.experiment_lab INFO: [Experiment] 候选 1/1 ...
[2026-03-02 14:29:51] quant.experiment_lab INFO: [Experiment] EXP_breakout_test_002 — 基线回测...
[2026-03-02 14:29:51] quant.experiment_lab INFO: [Experiment] 候选 1/1 ...
[2026-03-02 14:29:51] quant.experiment_lab INFO: [Experiment] EXP_test_003 — 基线回测...
[2026-03-02 14:29:51] quant.experiment_lab ERROR: 基线回测失败: backtest failed
[2026-03-02 14:29:51] quant.experiment_lab INFO: [Experiment] 采纳 EXP_test_adopt: 测试采纳
[2026-03-02 14:29:51] quant.experiment_lab INFO: [Experiment] EXP_breakout_20260302_001 — 基线回测...
[2026-03-02 14:29:51] quant.experiment_lab INFO: [Experiment] 候选 1/1 ...
[2026-03-02 14:29:51] quant.experiment_lab INFO: [Experiment] 采纳 EXP_breakout_20260302_001: 调整因子权重以减少连续亏损
[2026-03-02 14:33:12] quant.experiment_lab INFO: 策略 breakout 无可调参数, 跳过
[2026-03-02 14:33:12] quant.experiment_lab INFO: [Experiment] EXP_breakout_test_001 — 基线回测...
[2026-03-02 14:33:12] quant.experiment_lab INFO: [Experiment] 候选 1/1 ...
[2026-03-02 14:33:12] quant.experiment_lab INFO: [Experiment] EXP_breakout_test_002 — 基线回测...
[2026-03-02 14:33:12] quant.experiment_lab INFO: [Experiment] 候选 1/1 ...
[2026-03-02 14:33:12] quant.experiment_lab INFO: [Experiment] EXP_test_003 — 基线回测...
[2026-03-02 14:33:12] quant.experiment_lab ERROR: 基线回测失败: backtest failed
[2026-03-02 14:33:12] quant.experiment_lab INFO: [Experiment] 采纳 EXP_test_adopt: 测试采纳
[2026-03-02 14:33:12] quant.experiment_lab INFO: [Experiment] EXP_breakout_20260302_001 — 基线回测...
[2026-03-02 14:33:12] quant.experiment_lab INFO: [Experiment] 候选 1/1 ...
[2026-03-02 14:33:12] quant.experiment_lab INFO: [Experiment] 采纳 EXP_breakout_20260302_001: 调整因子权重以减少连续亏损
[2026-03-02 14:37:02] quant.experiment_lab INFO: 策略 breakout 无可调参数, 跳过
[2026-03-02 14:37:02] quant.experiment_lab INFO: [Experiment] EXP_breakout_test_001 — 基线回测...
[2026-03-02 14:37:02] quant.experiment_lab INFO: [Experiment] 候选 1/1 ...
[2026-03-02 14:37:02] quant.experiment_lab INFO: [Experiment] EXP_breakout_test_002 — 基线回测...
[2026-03-02 14:37:02] quant.experiment_lab INFO: [Experiment] 候选 1/1 ...
[2026-03-02 14:37:02] quant.experiment_lab INFO: [Experiment] EXP_test_003 — 基线回测...
[2026-03-02 14:37:02] quant.experiment_lab ERROR: 基线回测失败: backtest failed
[2026-03-02 14:37:02] quant.experiment_lab INFO: [Experiment] 采纳 EXP_test_adopt: 测试采纳
[2026-03-02 14:37:02] quant.experiment_lab INFO: [Experiment] EXP_breakout_20260302_001 — 基线回测...
[2026-03-02 14:37:02] quant.experiment_lab INFO: [Experiment] 候选 1/1 ...
[2026-03-02 14:37:02] quant.experiment_lab INFO: [Experiment] 采纳 EXP_breakout_20260302_001: 调整因子权重以减少连续亏损
[2026-03-02 15:10:23] quant.experiment_lab INFO: 策略 breakout 无可调参数, 跳过
[2026-03-02 15:10:23] quant.experiment_lab INFO: [Experiment] EXP_breakout_test_001 — 基线回测...
[2026-03-02 15:10:23] quant.experiment_lab INFO: [Experiment] 候选 1/1 ...
[2026-03-02 15:10:23] quant.experiment_lab INFO: [Experiment] EXP_breakout_test_002 — 基线回测...
[2026-03-02 15:10:23] quant.experiment_lab INFO: [Experiment] 候选 1/1 ...
[2026-03-02 15:10:23] quant.experiment_lab INFO: [Experiment] EXP_test_003 — 基线回测...
[2026-03-02 15:10:23] quant.experiment_lab ERROR: 基线回测失败: backtest failed
[2026-03-02 15:10:23] quant.experiment_lab INFO: [Experiment] 采纳 EXP_test_adopt: 测试采纳
[2026-03-02 15:10:23] quant.experiment_lab INFO: [Experiment] EXP_breakout_20260302_001 — 基线回测...
[2026-03-02 15:10:23] quant.experiment_lab INFO: [Experiment] 候选 1/1 ...
[2026-03-02 15:10:23] quant.experiment_lab INFO: [Experiment] 采纳 EXP_breakout_20260302_001: 调整因子权重以减少连续亏损
[2026-03-02 15:20:30] quant.experiment_lab INFO: 策略 breakout 无可调参数, 跳过
[2026-03-02 15:20:30] quant.experiment_lab INFO: [Experiment] EXP_breakout_test_001 — 基线回测...
[2026-03-02 15:20:30] quant.experiment_lab INFO: [Experiment] 候选 1/1 ...
[2026-03-02 15:20:30] quant.experiment_lab INFO: [Experiment] EXP_breakout_test_002 — 基线回测...
[2026-03-02 15:20:30] quant.experiment_lab INFO: [Experiment] 候选 1/1 ...
[2026-03-02 15:20:30] quant.experiment_lab INFO: [Experiment] EXP_test_003 — 基线回测...
[2026-03-02 15:20:30] quant.experiment_lab ERROR: 基线回测失败: backtest failed
[2026-03-02 15:20:30] quant.experiment_lab INFO: [Experiment] 采纳 EXP_test_adopt: 测试采纳
[2026-03-02 15:20:30] quant.experiment_lab INFO: [Experiment] EXP_breakout_20260302_001 — 基线回测...
[2026-03-02 15:20:30] quant.experiment_lab INFO: [Experiment] 候选 1/1 ...
[2026-03-02 15:20:30] quant.experiment_lab INFO: [Experiment] 采纳 EXP_breakout_20260302_001: 调整因子权重以减少连续亏损
[2026-03-02 15:47:58] quant.experiment_lab INFO: 策略 breakout 无可调参数, 跳过
[2026-03-02 15:47:58] quant.experiment_lab INFO: [Experiment] EXP_breakout_test_001 — 基线回测...
[2026-03-02 15:47:58] quant.experiment_lab INFO: [Experiment] 候选 1/1 ...
[2026-03-02 15:47:58] quant.experiment_lab INFO: [Experiment] EXP_breakout_test_002 — 基线回测...
[2026-03-02 15:47:58] quant.experiment_lab INFO: [Experiment] 候选 1/1 ...
[2026-03-02 15:47:58] quant.experiment_lab INFO: [Experiment] EXP_test_003 — 基线回测...
[2026-03-02 15:47:58] quant.experiment_lab ERROR: 基线回测失败: backtest failed
[2026-03-02 15:47:58] quant.experiment_lab INFO: [Experiment] 采纳 EXP_test_adopt: 测试采纳
[2026-03-02 15:47:58] quant.experiment_lab INFO: [Experiment] EXP_breakout_20260302_001 — 基线回测...
[2026-03-02 15:47:58] quant.experiment_lab INFO: [Experiment] 候选 1/1 ...
[2026-03-02 15:47:58] quant.experiment_lab INFO: [Experiment] 采纳 EXP_breakout_20260302_001: 调整因子权重以减少连续亏损
[2026-03-02 15:57:01] quant.experiment_lab INFO: 策略 breakout 无可调参数, 跳过
[2026-03-02 15:57:01] quant.experiment_lab INFO: [Experiment] EXP_breakout_test_001 — 基线回测...
[2026-03-02 15:57:01] quant.experiment_lab INFO: [Experiment] 候选 1/1 ...
[2026-03-02 15:57:01] quant.experiment_lab INFO: [Experiment] EXP_breakout_test_002 — 基线回测...
[2026-03-02 15:57:01] quant.experiment_lab INFO: [Experiment] 候选 1/1 ...
[2026-03-02 15:57:01] quant.experiment_lab INFO: [Experiment] EXP_test_003 — 基线回测...
[2026-03-02 15:57:01] quant.experiment_lab ERROR: 基线回测失败: backtest failed
[2026-03-02 15:57:01] quant.experiment_lab INFO: [Experiment] 采纳 EXP_test_adopt: 测试采纳
[2026-03-02 15:57:01] quant.experiment_lab INFO: [Experiment] EXP_breakout_20260302_001 — 基线回测...
[2026-03-02 15:57:01] quant.experiment_lab INFO: [Experiment] 候选 1/1 ...
[2026-03-02 15:57:01] quant.experiment_lab INFO: [Experiment] 采纳 EXP_breakout_20260302_001: 调整因子权重以减少连续亏损
[2026-03-02 16:00:27] quant.experiment_lab INFO: 策略 breakout 无可调参数, 跳过
[2026-03-02 16:00:27] quant.experiment_lab INFO: [Experiment] EXP_breakout_test_001 — 基线回测...
[2026-03-02 16:00:27] quant.experiment_lab INFO: [Experiment] 候选 1/1 ...
[2026-03-02 16:00:27] quant.experiment_lab INFO: [Experiment] EXP_breakout_test_002 — 基线回测...
[2026-03-02 16:00:27] quant.experiment_lab INFO: [Experiment] 候选 1/1 ...
[2026-03-02 16:00:27] quant.experiment_lab INFO: [Experiment] EXP_test_003 — 基线回测...
[2026-03-02 16:00:27] quant.experiment_lab ERROR: 基线回测失败: backtest failed
[2026-03-02 16:00:27] quant.experiment_lab INFO: [Experiment] 采纳 EXP_test_adopt: 测试采纳
[2026-03-02 16:00:27] quant.experiment_lab INFO: [Experiment] EXP_breakout_20260302_001 — 基线回测...
[2026-03-02 16:00:27] quant.experiment_lab INFO: [Experiment] 候选 1/1 ...
[2026-03-02 16:00:27] quant.experiment_lab INFO: [Experiment] 采纳 EXP_breakout_20260302_001: 调整因子权重以减少连续亏损
[2026-03-02 16:03:38] quant.experiment_lab INFO: 策略 breakout 无可调参数, 跳过
[2026-03-02 16:03:38] quant.experiment_lab INFO: [Experiment] EXP_breakout_test_001 — 基线回测...
[2026-03-02 16:03:38] quant.experiment_lab INFO: [Experiment] 候选 1/1 ...
[2026-03-02 16:03:38] quant.experiment_lab INFO: [Experiment] EXP_breakout_test_002 — 基线回测...
[2026-03-02 16:03:38] quant.experiment_lab INFO: [Experiment] 候选 1/1 ...
[2026-03-02 16:03:38] quant.experiment_lab INFO: [Experiment] EXP_test_003 — 基线回测...
[2026-03-02 16:03:38] quant.experiment_lab ERROR: 基线回测失败: backtest failed
[2026-03-02 16:03:38] quant.experiment_lab INFO: [Experiment] 采纳 EXP_test_adopt: 测试采纳
[2026-03-02 16:03:38] quant.experiment_lab INFO: [Experiment] EXP_breakout_20260302_001 — 基线回测...
[2026-03-02 16:03:38] quant.experiment_lab INFO: [Experiment] 候选 1/1 ...
[2026-03-02 16:03:38] quant.experiment_lab INFO: [Experiment] 采纳 EXP_breakout_20260302_001: 调整因子权重以减少连续亏损
[2026-03-02 16:06:51] quant.experiment_lab INFO: 策略 breakout 无可调参数, 跳过
[2026-03-02 16:06:51] quant.experiment_lab INFO: [Experiment] EXP_breakout_test_001 — 基线回测...
[2026-03-02 16:06:51] quant.experiment_lab INFO: [Experiment] 候选 1/1 ...
[2026-03-02 16:06:51] quant.experiment_lab INFO: [Experiment] EXP_breakout_test_002 — 基线回测...
[2026-03-02 16:06:51] quant.experiment_lab INFO: [Experiment] 候选 1/1 ...
[2026-03-02 16:06:51] quant.experiment_lab INFO: [Experiment] EXP_test_003 — 基线回测...
[2026-03-02 16:06:51] quant.experiment_lab ERROR: 基线回测失败: backtest failed
[2026-03-02 16:06:51] quant.experiment_lab INFO: [Experiment] 采纳 EXP_test_adopt: 测试采纳
[2026-03-02 16:06:51] quant.experiment_lab INFO: [Experiment] EXP_breakout_20260302_001 — 基线回测...
[2026-03-02 16:06:51] quant.experiment_lab INFO: [Experiment] 候选 1/1 ...
[2026-03-02 16:06:51] quant.experiment_lab INFO: [Experiment] 采纳 EXP_breakout_20260302_001: 调整因子权重以减少连续亏损
[2026-03-02 16:10:55] quant.experiment_lab INFO: 策略 breakout 无可调参数, 跳过
[2026-03-02 16:10:55] quant.experiment_lab INFO: [Experiment] EXP_breakout_test_001 — 基线回测...
[2026-03-02 16:10:55] quant.experiment_lab INFO: [Experiment] 候选 1/1 ...
[2026-03-02 16:10:55] quant.experiment_lab INFO: [Experiment] EXP_breakout_test_002 — 基线回测...
[2026-03-02 16:10:55] quant.experiment_lab INFO: [Experiment] 候选 1/1 ...
[2026-03-02 16:10:55] quant.experiment_lab INFO: [Experiment] EXP_test_003 — 基线回测...
[2026-03-02 16:10:55] quant.experiment_lab ERROR: 基线回测失败: backtest failed
[2026-03-02 16:10:55] quant.experiment_lab INFO: [Experiment] 采纳 EXP_test_adopt: 测试采纳
[2026-03-02 16:10:55] quant.experiment_lab INFO: [Experiment] EXP_breakout_20260302_001 — 基线回测...
[2026-03-02 16:10:55] quant.experiment_lab INFO: [Experiment] 候选 1/1 ...
[2026-03-02 16:10:55] quant.experiment_lab INFO: [Experiment] 采纳 EXP_breakout_20260302_001: 调整因子权重以减少连续亏损
[2026-03-02 16:36:16] quant.experiment_lab INFO: 策略 breakout 无可调参数, 跳过
[2026-03-02 16:36:16] quant.experiment_lab INFO: [Experiment] EXP_breakout_test_001 — 基线回测...
[2026-03-02 16:36:16] quant.experiment_lab INFO: [Experiment] 候选 1/1 ...
[2026-03-02 16:36:16] quant.experiment_lab INFO: [Experiment] EXP_breakout_test_002 — 基线回测...
[2026-03-02 16:36:16] quant.experiment_lab INFO: [Experiment] 候选 1/1 ...
[2026-03-02 16:36:16] quant.experiment_lab INFO: [Experiment] EXP_test_003 — 基线回测...
[2026-03-02 16:36:16] quant.experiment_lab ERROR: 基线回测失败: backtest failed
[2026-03-02 16:36:16] quant.experiment_lab INFO: [Experiment] 采纳 EXP_test_adopt: 测试采纳
[2026-03-02 16:36:16] quant.experiment_lab INFO: [Experiment] EXP_breakout_20260302_001 — 基线回测...
[2026-03-02 16:36:16] quant.experiment_lab INFO: [Experiment] 候选 1/1 ...
[2026-03-02 16:36:16] quant.experiment_lab INFO: [Experiment] 采纳 EXP_breakout_20260302_001: 调整因子权重以减少连续亏损
[2026-03-02 16:49:40] quant.experiment_lab INFO: 策略 breakout 无可调参数, 跳过
[2026-03-02 16:49:40] quant.experiment_lab INFO: [Experiment] EXP_breakout_test_001 — 基线回测...
[2026-03-02 16:49:40] quant.experiment_lab INFO: [Experiment] 候选 1/1 ...
[2026-03-02 16:49:40] quant.experiment_lab INFO: [Experiment] EXP_breakout_test_002 — 基线回测...
[2026-03-02 16:49:40] quant.experiment_lab INFO: [Experiment] 候选 1/1 ...
[2026-03-02 16:49:40] quant.experiment_lab INFO: [Experiment] EXP_test_003 — 基线回测...
[2026-03-02 16:49:40] quant.experiment_lab ERROR: 基线回测失败: backtest failed
[2026-03-02 16:49:40] quant.experiment_lab INFO: [Experiment] 采纳 EXP_test_adopt: 测试采纳
[2026-03-02 16:49:40] quant.experiment_lab INFO: [Experiment] EXP_breakout_20260302_001 — 基线回测...
[2026-03-02 16:49:40] quant.experiment_lab INFO: [Experiment] 候选 1/1 ...
[2026-03-02 16:49:40] quant.experiment_lab INFO: [Experiment] 采纳 EXP_breakout_20260302_001: 调整因子权重以减少连续亏损
[2026-03-02 16:53:23] quant.experiment_lab INFO: 策略 breakout 无可调参数, 跳过
[2026-03-02 16:53:23] quant.experiment_lab INFO: [Experiment] EXP_breakout_test_001 — 基线回测...
[2026-03-02 16:53:23] quant.experiment_lab INFO: [Experiment] 候选 1/1 ...
[2026-03-02 16:53:23] quant.experiment_lab INFO: [Experiment] EXP_breakout_test_002 — 基线回测...
[2026-03-02 16:53:23] quant.experiment_lab INFO: [Experiment] 候选 1/1 ...
[2026-03-02 16:53:23] quant.experiment_lab INFO: [Experiment] EXP_test_003 — 基线回测...
[2026-03-02 16:53:23] quant.experiment_lab ERROR: 基线回测失败: backtest failed
[2026-03-02 16:53:23] quant.experiment_lab INFO: [Experiment] 采纳 EXP_test_adopt: 测试采纳
[2026-03-02 16:53:23] quant.experiment_lab INFO: [Experiment] EXP_breakout_20260302_001 — 基线回测...
[2026-03-02 16:53:23] quant.experiment_lab INFO: [Experiment] 候选 1/1 ...
[2026-03-02 16:53:23] quant.experiment_lab INFO: [Experiment] 采纳 EXP_breakout_20260302_001: 调整因子权重以减少连续亏损
[2026-03-02 16:59:20] quant.experiment_lab INFO: 策略 breakout 无可调参数, 跳过
[2026-03-02 16:59:20] quant.experiment_lab INFO: [Experiment] EXP_breakout_test_001 — 基线回测...
[2026-03-02 16:59:20] quant.experiment_lab INFO: [Experiment] 候选 1/1 ...
[2026-03-02 16:59:20] quant.experiment_lab INFO: [Experiment] EXP_breakout_test_002 — 基线回测...
[2026-03-02 16:59:20] quant.experiment_lab INFO: [Experiment] 候选 1/1 ...
[2026-03-02 16:59:20] quant.experiment_lab INFO: [Experiment] EXP_test_003 — 基线回测...
[2026-03-02 16:59:20] quant.experiment_lab ERROR: 基线回测失败: backtest failed
[2026-03-02 16:59:20] quant.experiment_lab INFO: [Experiment] 采纳 EXP_test_adopt: 测试采纳
[2026-03-02 16:59:20] quant.experiment_lab INFO: [Experiment] EXP_breakout_20260302_001 — 基线回测...
[2026-03-02 16:59:20] quant.experiment_lab INFO: [Experiment] 候选 1/1 ...
[2026-03-02 16:59:20] quant.experiment_lab INFO: [Experiment] 采纳 EXP_breakout_20260302_001: 调整因子权重以减少连续亏损
[2026-03-02 17:09:08] quant.experiment_lab INFO: 策略 breakout 无可调参数, 跳过
[2026-03-02 17:09:08] quant.experiment_lab INFO: [Experiment] EXP_breakout_test_001 — 基线回测...
[2026-03-02 17:09:08] quant.experiment_lab INFO: [Experiment] 候选 1/1 ...
[2026-03-02 17:09:08] quant.experiment_lab INFO: [Experiment] EXP_breakout_test_002 — 基线回测...
[2026-03-02 17:09:08] quant.experiment_lab INFO: [Experiment] 候选 1/1 ...
[2026-03-02 17:09:08] quant.experiment_lab INFO: [Experiment] EXP_test_003 — 基线回测...
[2026-03-02 17:09:08] quant.experiment_lab ERROR: 基线回测失败: backtest failed
[2026-03-02 17:09:08] quant.experiment_lab INFO: [Experiment] 采纳 EXP_test_adopt: 测试采纳
[2026-03-02 17:09:08] quant.experiment_lab INFO: [Experiment] EXP_breakout_20260302_001 — 基线回测...
[2026-03-02 17:09:08] quant.experiment_lab INFO: [Experiment] 候选 1/1 ...
[2026-03-02 17:09:08] quant.experiment_lab INFO: [Experiment] 采纳 EXP_breakout_20260302_001: 调整因子权重以减少连续亏损
[2026-03-02 17:22:58] quant.experiment_lab INFO: 策略 breakout 无可调参数, 跳过
[2026-03-02 17:22:58] quant.experiment_lab INFO: [Experiment] EXP_breakout_test_001 — 基线回测...
[2026-03-02 17:22:58] quant.experiment_lab INFO: [Experiment] 候选 1/1 ...
[2026-03-02 17:22:58] quant.experiment_lab INFO: [Experiment] EXP_breakout_test_002 — 基线回测...
[2026-03-02 17:22:58] quant.experiment_lab INFO: [Experiment] 候选 1/1 ...
[2026-03-02 17:22:58] quant.experiment_lab INFO: [Experiment] EXP_test_003 — 基线回测...
[2026-03-02 17:22:58] quant.experiment_lab ERROR: 基线回测失败: backtest failed
[2026-03-02 17:22:58] quant.experiment_lab INFO: [Experiment] 采纳 EXP_test_adopt: 测试采纳
[2026-03-02 17:22:58] quant.experiment_lab INFO: [Experiment] EXP_breakout_20260302_001 — 基线回测...
[2026-03-02 17:22:58] quant.experiment_lab INFO: [Experiment] 候选 1/1 ...
[2026-03-02 17:22:58] quant.experiment_lab INFO: [Experiment] 采纳 EXP_breakout_20260302_001: 调整因子权重以减少连续亏损
[2026-03-02 17:26:45] quant.experiment_lab INFO: 策略 breakout 无可调参数, 跳过
[2026-03-02 17:26:45] quant.experiment_lab INFO: [Experiment] EXP_breakout_test_001 — 基线回测...
[2026-03-02 17:26:45] quant.experiment_lab INFO: [Experiment] 候选 1/1 ...
[2026-03-02 17:26:45] quant.experiment_lab INFO: [Experiment] EXP_breakout_test_002 — 基线回测...
[2026-03-02 17:26:45] quant.experiment_lab INFO: [Experiment] 候选 1/1 ...
[2026-03-02 17:26:45] quant.experiment_lab INFO: [Experiment] EXP_test_003 — 基线回测...
[2026-03-02 17:26:45] quant.experiment_lab ERROR: 基线回测失败: backtest failed
[2026-03-02 17:26:45] quant.experiment_lab INFO: [Experiment] 采纳 EXP_test_adopt: 测试采纳
[2026-03-02 17:26:45] quant.experiment_lab INFO: [Experiment] EXP_breakout_20260302_001 — 基线回测...
[2026-03-02 17:26:45] quant.experiment_lab INFO: [Experiment] 候选 1/1 ...
[2026-03-02 17:26:45] quant.experiment_lab INFO: [Experiment] 采纳 EXP_breakout_20260302_001: 调整因子权重以减少连续亏损
[2026-03-02 17:35:30] quant.experiment_lab INFO: 策略 breakout 无可调参数, 跳过
[2026-03-02 17:35:30] quant.experiment_lab INFO: [Experiment] EXP_breakout_test_001 — 基线回测...
[2026-03-02 17:35:30] quant.experiment_lab INFO: [Experiment] 候选 1/1 ...
[2026-03-02 17:35:30] quant.experiment_lab INFO: [Experiment] EXP_breakout_test_002 — 基线回测...
[2026-03-02 17:35:30] quant.experiment_lab INFO: [Experiment] 候选 1/1 ...
[2026-03-02 17:35:30] quant.experiment_lab INFO: [Experiment] EXP_test_003 — 基线回测...
[2026-03-02 17:35:30] quant.experiment_lab ERROR: 基线回测失败: backtest failed
[2026-03-02 17:35:30] quant.experiment_lab INFO: [Experiment] 采纳 EXP_test_adopt: 测试采纳
[2026-03-02 17:35:30] quant.experiment_lab INFO: [Experiment] EXP_breakout_20260302_001 — 基线回测...
[2026-03-02 17:35:30] quant.experiment_lab INFO: [Experiment] 候选 1/1 ...
[2026-03-02 17:35:30] quant.experiment_lab INFO: [Experiment] 采纳 EXP_breakout_20260302_001: 调整因子权重以减少连续亏损
[2026-03-02 18:13:01] quant.experiment_lab INFO: 策略 breakout 无可调参数, 跳过
[2026-03-02 18:13:01] quant.experiment_lab INFO: [Experiment] EXP_breakout_test_001 — 基线回测...
[2026-03-02 18:13:01] quant.experiment_lab INFO: [Experiment] 候选 1/1 ...
[2026-03-02 18:13:01] quant.experiment_lab INFO: [Experiment] EXP_breakout_test_002 — 基线回测...
[2026-03-02 18:13:01] quant.experiment_lab INFO: [Experiment] 候选 1/1 ...
[2026-03-02 18:13:01] quant.experiment_lab INFO: [Experiment] EXP_test_003 — 基线回测...
[2026-03-02 18:13:01] quant.experiment_lab ERROR: 基线回测失败: backtest failed
[2026-03-02 18:13:01] quant.experiment_lab INFO: [Experiment] 采纳 EXP_test_adopt: 测试采纳
[2026-03-02 18:13:01] quant.experiment_lab INFO: [Experiment] EXP_breakout_20260302_001 — 基线回测...
[2026-03-02 18:13:01] quant.experiment_lab INFO: [Experiment] 候选 1/1 ...
[2026-03-02 18:13:01] quant.experiment_lab INFO: [Experiment] 采纳 EXP_breakout_20260302_001: 调整因子权重以减少连续亏损
[2026-03-02 18:17:31] quant.experiment_lab INFO: 策略 breakout 无可调参数, 跳过
[2026-03-02 18:17:31] quant.experiment_lab INFO: [Experiment] EXP_breakout_test_001 — 基线回测...
[2026-03-02 18:17:31] quant.experiment_lab INFO: [Experiment] 候选 1/1 ...
[2026-03-02 18:17:31] quant.experiment_lab INFO: [Experiment] EXP_breakout_test_002 — 基线回测...
[2026-03-02 18:17:31] quant.experiment_lab INFO: [Experiment] 候选 1/1 ...
[2026-03-02 18:17:31] quant.experiment_lab INFO: [Experiment] EXP_test_003 — 基线回测...
[2026-03-02 18:17:31] quant.experiment_lab ERROR: 基线回测失败: backtest failed
[2026-03-02 18:17:31] quant.experiment_lab INFO: [Experiment] 采纳 EXP_test_adopt: 测试采纳
[2026-03-02 18:17:31] quant.experiment_lab INFO: [Experiment] EXP_breakout_20260302_001 — 基线回测...
[2026-03-02 18:17:31] quant.experiment_lab INFO: [Experiment] 候选 1/1 ...
[2026-03-02 18:17:31] quant.experiment_lab INFO: [Experiment] 采纳 EXP_breakout_20260302_001: 调整因子权重以减少连续亏损
[2026-03-02 18:21:38] quant.experiment_lab INFO: 策略 breakout 无可调参数, 跳过
[2026-03-02 18:21:38] quant.experiment_lab INFO: [Experiment] EXP_breakout_test_001 — 基线回测...
[2026-03-02 18:21:38] quant.experiment_lab INFO: [Experiment] 候选 1/1 ...
[2026-03-02 18:21:38] quant.experiment_lab INFO: [Experiment] EXP_breakout_test_002 — 基线回测...
[2026-03-02 18:21:38] quant.experiment_lab INFO: [Experiment] 候选 1/1 ...
[2026-03-02 18:21:38] quant.experiment_lab INFO: [Experiment] EXP_test_003 — 基线回测...
[2026-03-02 18:21:38] quant.experiment_lab ERROR: 基线回测失败: backtest failed
[2026-03-02 18:21:38] quant.experiment_lab INFO: [Experiment] 采纳 EXP_test_adopt: 测试采纳
[2026-03-02 18:21:38] quant.experiment_lab INFO: [Experiment] EXP_breakout_20260302_001 — 基线回测...
[2026-03-02 18:21:38] quant.experiment_lab INFO: [Experiment] 候选 1/1 ...
[2026-03-02 18:21:38] quant.experiment_lab INFO: [Experiment] 采纳 EXP_breakout_20260302_001: 调整因子权重以减少连续亏损
[2026-03-02 19:41:21] quant.experiment_lab INFO: 策略 breakout 无可调参数, 跳过
[2026-03-02 19:41:21] quant.experiment_lab INFO: [Experiment] EXP_breakout_test_001 — 基线回测...
[2026-03-02 19:41:21] quant.experiment_lab INFO: [Experiment] 候选 1/1 ...
[2026-03-02 19:41:21] quant.experiment_lab INFO: [Experiment] EXP_breakout_test_002 — 基线回测...
[2026-03-02 19:41:21] quant.experiment_lab INFO: [Experiment] 候选 1/1 ...
[2026-03-02 19:41:21] quant.experiment_lab INFO: [Experiment] EXP_test_003 — 基线回测...
[2026-03-02 19:41:21] quant.experiment_lab ERROR: 基线回测失败: backtest failed
[2026-03-02 19:41:21] quant.experiment_lab INFO: [Experiment] 采纳 EXP_test_adopt: 测试采纳
[2026-03-02 19:41:21] quant.experiment_lab INFO: [Experiment] EXP_breakout_20260302_001 — 基线回测...
[2026-03-02 19:41:21] quant.experiment_lab INFO: [Experiment] 候选 1/1 ...
[2026-03-02 19:41:21] quant.experiment_lab INFO: [Experiment] 采纳 EXP_breakout_20260302_001: 调整因子权重以减少连续亏损
[2026-03-02 19:52:15] quant.experiment_lab INFO: 策略 breakout 无可调参数, 跳过
[2026-03-02 19:52:15] quant.experiment_lab INFO: [Experiment] EXP_breakout_test_001 — 基线回测...
[2026-03-02 19:52:15] quant.experiment_lab INFO: [Experiment] 候选 1/1 ...
[2026-03-02 19:52:15] quant.experiment_lab INFO: [Experiment] EXP_breakout_test_002 — 基线回测...
[2026-03-02 19:52:15] quant.experiment_lab INFO: [Experiment] 候选 1/1 ...
[2026-03-02 19:52:15] quant.experiment_lab INFO: [Experiment] EXP_test_003 — 基线回测...
[2026-03-02 19:52:15] quant.experiment_lab ERROR: 基线回测失败: backtest failed
[2026-03-02 19:52:15] quant.experiment_lab INFO: [Experiment] 采纳 EXP_test_adopt: 测试采纳
[2026-03-02 19:52:15] quant.experiment_lab INFO: [Experiment] EXP_breakout_20260302_001 — 基线回测...
[2026-03-02 19:52:15] quant.experiment_lab INFO: [Experiment] 候选 1/1 ...
[2026-03-02 19:52:15] quant.experiment_lab INFO: [Experiment] 采纳 EXP_breakout_20260302_001: 调整因子权重以减少连续亏损
[2026-03-02 20:01:48] quant.experiment_lab INFO: 策略 breakout 无可调参数, 跳过
[2026-03-02 20:01:48] quant.experiment_lab INFO: [Experiment] EXP_breakout_test_001 — 基线回测...
[2026-03-02 20:01:48] quant.experiment_lab INFO: [Experiment] 候选 1/1 ...
[2026-03-02 20:01:48] quant.experiment_lab INFO: [Experiment] EXP_breakout_test_002 — 基线回测...
[2026-03-02 20:01:48] quant.experiment_lab INFO: [Experiment] 候选 1/1 ...
[2026-03-02 20:01:48] quant.experiment_lab INFO: [Experiment] EXP_test_003 — 基线回测...
[2026-03-02 20:01:48] quant.experiment_lab ERROR: 基线回测失败: backtest failed
[2026-03-02 20:01:48] quant.experiment_lab INFO: [Experiment] 采纳 EXP_test_adopt: 测试采纳
[2026-03-02 20:01:48] quant.experiment_lab INFO: [Experiment] EXP_breakout_20260302_001 — 基线回测...
[2026-03-02 20:01:48] quant.experiment_lab INFO: [Experiment] 候选 1/1 ...
[2026-03-02 20:01:48] quant.experiment_lab INFO: [Experiment] 采纳 EXP_breakout_20260302_001: 调整因子权重以减少连续亏损
[2026-03-02 20:11:16] quant.experiment_lab INFO: 策略 breakout 无可调参数, 跳过
[2026-03-02 20:11:16] quant.experiment_lab INFO: [Experiment] EXP_breakout_test_001 — 基线回测...
[2026-03-02 20:11:16] quant.experiment_lab INFO: [Experiment] 候选 1/1 ...
[2026-03-02 20:11:16] quant.experiment_lab INFO: [Experiment] EXP_breakout_test_002 — 基线回测...
[2026-03-02 20:11:16] quant.experiment_lab INFO: [Experiment] 候选 1/1 ...
[2026-03-02 20:11:16] quant.experiment_lab INFO: [Experiment] EXP_test_003 — 基线回测...
[2026-03-02 20:11:16] quant.experiment_lab ERROR: 基线回测失败: backtest failed
[2026-03-02 20:11:16] quant.experiment_lab INFO: [Experiment] 采纳 EXP_test_adopt: 测试采纳
[2026-03-02 20:11:16] quant.experiment_lab INFO: [Experiment] EXP_breakout_20260302_001 — 基线回测...
[2026-03-02 20:11:16] quant.experiment_lab INFO: [Experiment] 候选 1/1 ...
[2026-03-02 20:11:16] quant.experiment_lab INFO: [Experiment] 采纳 EXP_breakout_20260302_001: 调整因子权重以减少连续亏损
[2026-03-02 20:20:34] quant.experiment_lab INFO: 策略 breakout 无可调参数, 跳过
[2026-03-02 20:20:34] quant.experiment_lab INFO: [Experiment] EXP_breakout_test_001 — 基线回测...
[2026-03-02 20:20:34] quant.experiment_lab INFO: [Experiment] 候选 1/1 ...
[2026-03-02 20:20:34] quant.experiment_lab INFO: [Experiment] EXP_breakout_test_002 — 基线回测...
[2026-03-02 20:20:34] quant.experiment_lab INFO: [Experiment] 候选 1/1 ...
[2026-03-02 20:20:34] quant.experiment_lab INFO: [Experiment] EXP_test_003 — 基线回测...
[2026-03-02 20:20:34] quant.experiment_lab ERROR: 基线回测失败: backtest failed
[2026-03-02 20:20:34] quant.experiment_lab INFO: [Experiment] 采纳 EXP_test_adopt: 测试采纳
[2026-03-02 20:20:34] quant.experiment_lab INFO: [Experiment] EXP_breakout_20260302_001 — 基线回测...
[2026-03-02 20:20:34] quant.experiment_lab INFO: [Experiment] 候选 1/1 ...
[2026-03-02 20:20:34] quant.experiment_lab INFO: [Experiment] 采纳 EXP_breakout_20260302_001: 调整因子权重以减少连续亏损
[2026-03-02 20:41:38] quant.experiment_lab INFO: 策略 breakout 无可调参数, 跳过
[2026-03-02 20:41:38] quant.experiment_lab INFO: [Experiment] EXP_breakout_test_001 — 基线回测...
[2026-03-02 20:41:38] quant.experiment_lab INFO: [Experiment] 候选 1/1 ...
[2026-03-02 20:41:38] quant.experiment_lab INFO: [Experiment] EXP_breakout_test_002 — 基线回测...
[2026-03-02 20:41:38] quant.experiment_lab INFO: [Experiment] 候选 1/1 ...
[2026-03-02 20:41:38] quant.experiment_lab INFO: [Experiment] EXP_test_003 — 基线回测...
[2026-03-02 20:41:38] quant.experiment_lab ERROR: 基线回测失败: backtest failed
[2026-03-02 20:41:38] quant.experiment_lab INFO: [Experiment] 采纳 EXP_test_adopt: 测试采纳
[2026-03-02 20:41:38] quant.experiment_lab INFO: [Experiment] EXP_breakout_20260302_001 — 基线回测...
[2026-03-02 20:41:38] quant.experiment_lab INFO: [Experiment] 候选 1/1 ...
[2026-03-02 20:41:38] quant.experiment_lab INFO: [Experiment] 采纳 EXP_breakout_20260302_001: 调整因子权重以减少连续亏损
[2026-03-02 20:48:58] quant.experiment_lab INFO: 策略 breakout 无可调参数, 跳过
[2026-03-02 20:48:58] quant.experiment_lab INFO: [Experiment] EXP_breakout_test_001 — 基线回测...
[2026-03-02 20:48:58] quant.experiment_lab INFO: [Experiment] 候选 1/1 ...
[2026-03-02 20:48:58] quant.experiment_lab INFO: [Experiment] EXP_breakout_test_002 — 基线回测...
[2026-03-02 20:48:58] quant.experiment_lab INFO: [Experiment] 候选 1/1 ...
[2026-03-02 20:48:58] quant.experiment_lab INFO: [Experiment] EXP_test_003 — 基线回测...
[2026-03-02 20:48:58] quant.experiment_lab ERROR: 基线回测失败: backtest failed
[2026-03-02 20:48:58] quant.experiment_lab INFO: [Experiment] 采纳 EXP_test_adopt: 测试采纳
[2026-03-02 20:48:58] quant.experiment_lab INFO: [Experiment] EXP_breakout_20260302_001 — 基线回测...
[2026-03-02 20:48:58] quant.experiment_lab INFO: [Experiment] 候选 1/1 ...
[2026-03-02 20:48:58] quant.experiment_lab INFO: [Experiment] 采纳 EXP_breakout_20260302_001: 调整因子权重以减少连续亏损
[2026-03-02 20:52:46] quant.experiment_lab INFO: 策略 breakout 无可调参数, 跳过
[2026-03-02 20:52:46] quant.experiment_lab INFO: [Experiment] EXP_breakout_test_001 — 基线回测...
[2026-03-02 20:52:46] quant.experiment_lab INFO: [Experiment] 候选 1/1 ...
[2026-03-02 20:52:46] quant.experiment_lab INFO: [Experiment] EXP_breakout_test_002 — 基线回测...
[2026-03-02 20:52:46] quant.experiment_lab INFO: [Experiment] 候选 1/1 ...
[2026-03-02 20:52:46] quant.experiment_lab INFO: [Experiment] EXP_test_003 — 基线回测...
[2026-03-02 20:52:46] quant.experiment_lab ERROR: 基线回测失败: backtest failed
[2026-03-02 20:52:46] quant.experiment_lab INFO: [Experiment] 采纳 EXP_test_adopt: 测试采纳
[2026-03-02 20:52:46] quant.experiment_lab INFO: [Experiment] EXP_breakout_20260302_001 — 基线回测...
[2026-03-02 20:52:46] quant.experiment_lab INFO: [Experiment] 候选 1/1 ...
[2026-03-02 20:52:46] quant.experiment_lab INFO: [Experiment] 采纳 EXP_breakout_20260302_001: 调整因子权重以减少连续亏损
[2026-03-02 20:58:46] quant.experiment_lab INFO: 策略 breakout 无可调参数, 跳过
[2026-03-02 20:58:46] quant.experiment_lab INFO: [Experiment] EXP_breakout_test_001 — 基线回测...
[2026-03-02 20:58:46] quant.experiment_lab INFO: [Experiment] 候选 1/1 ...
[2026-03-02 20:58:46] quant.experiment_lab INFO: [Experiment] EXP_breakout_test_002 — 基线回测...
[2026-03-02 20:58:46] quant.experiment_lab INFO: [Experiment] 候选 1/1 ...
[2026-03-02 20:58:46] quant.experiment_lab INFO: [Experiment] EXP_test_003 — 基线回测...
[2026-03-02 20:58:46] quant.experiment_lab ERROR: 基线回测失败: backtest failed
[2026-03-02 20:58:46] quant.experiment_lab INFO: [Experiment] 采纳 EXP_test_adopt: 测试采纳
[2026-03-02 20:58:46] quant.experiment_lab INFO: [Experiment] EXP_breakout_20260302_001 — 基线回测...
[2026-03-02 20:58:46] quant.experiment_lab INFO: [Experiment] 候选 1/1 ...
[2026-03-02 20:58:46] quant.experiment_lab INFO: [Experiment] 采纳 EXP_breakout_20260302_001: 调整因子权重以减少连续亏损
[2026-03-02 21:27:18] quant.experiment_lab INFO: 策略 breakout 无可调参数, 跳过
[2026-03-02 21:27:18] quant.experiment_lab INFO: [Experiment] EXP_breakout_test_001 — 基线回测...
[2026-03-02 21:27:18] quant.experiment_lab INFO: [Experiment] 候选 1/1 ...
[2026-03-02 21:27:18] quant.experiment_lab INFO: [Experiment] EXP_breakout_test_002 — 基线回测...
[2026-03-02 21:27:18] quant.experiment_lab INFO: [Experiment] 候选 1/1 ...
[2026-03-02 21:27:18] quant.experiment_lab INFO: [Experiment] EXP_test_003 — 基线回测...
[2026-03-02 21:27:18] quant.experiment_lab ERROR: 基线回测失败: backtest failed
[2026-03-02 21:27:18] quant.experiment_lab INFO: [Experiment] 采纳 EXP_test_adopt: 测试采纳
[2026-03-02 21:27:18] quant.experiment_lab INFO: [Experiment] EXP_breakout_20260302_001 — 基线回测...
[2026-03-02 21:27:18] quant.experiment_lab INFO: [Experiment] 候选 1/1 ...
[2026-03-02 21:27:18] quant.experiment_lab INFO: [Experiment] 采纳 EXP_breakout_20260302_001: 调整因子权重以减少连续亏损
[2026-03-02 21:45:45] quant.experiment_lab INFO: 策略 breakout 无可调参数, 跳过
[2026-03-02 21:45:45] quant.experiment_lab INFO: [Experiment] EXP_breakout_test_001 — 基线回测...
[2026-03-02 21:45:45] quant.experiment_lab INFO: [Experiment] 候选 1/1 ...
[2026-03-02 21:45:45] quant.experiment_lab INFO: [Experiment] EXP_breakout_test_002 — 基线回测...
[2026-03-02 21:45:45] quant.experiment_lab INFO: [Experiment] 候选 1/1 ...
[2026-03-02 21:45:45] quant.experiment_lab INFO: [Experiment] EXP_test_003 — 基线回测...
[2026-03-02 21:45:45] quant.experiment_lab ERROR: 基线回测失败: backtest failed
[2026-03-02 21:45:45] quant.experiment_lab INFO: [Experiment] 采纳 EXP_test_adopt: 测试采纳
[2026-03-02 21:45:45] quant.experiment_lab INFO: [Experiment] EXP_breakout_20260302_001 — 基线回测...
[2026-03-02 21:45:45] quant.experiment_lab INFO: [Experiment] 候选 1/1 ...
[2026-03-02 21:45:45] quant.experiment_lab INFO: [Experiment] 采纳 EXP_breakout_20260302_001: 调整因子权重以减少连续亏损
[2026-03-02 21:52:55] quant.experiment_lab INFO: 策略 breakout 无可调参数, 跳过
[2026-03-02 21:52:55] quant.experiment_lab INFO: [Experiment] EXP_breakout_test_001 — 基线回测...
[2026-03-02 21:52:55] quant.experiment_lab INFO: [Experiment] 候选 1/1 ...
[2026-03-02 21:52:55] quant.experiment_lab INFO: [Experiment] EXP_breakout_test_002 — 基线回测...
[2026-03-02 21:52:55] quant.experiment_lab INFO: [Experiment] 候选 1/1 ...
[2026-03-02 21:52:55] quant.experiment_lab INFO: [Experiment] EXP_test_003 — 基线回测...
[2026-03-02 21:52:55] quant.experiment_lab ERROR: 基线回测失败: backtest failed
[2026-03-02 21:52:55] quant.experiment_lab INFO: [Experiment] 采纳 EXP_test_adopt: 测试采纳
[2026-03-02 21:52:55] quant.experiment_lab INFO: [Experiment] EXP_breakout_20260302_001 — 基线回测...
[2026-03-02 21:52:55] quant.experiment_lab INFO: [Experiment] 候选 1/1 ...
[2026-03-02 21:52:55] quant.experiment_lab INFO: [Experiment] 采纳 EXP_breakout_20260302_001: 调整因子权重以减少连续亏损
[2026-03-02 22:37:08] quant.experiment_lab INFO: 策略 breakout 无可调参数, 跳过
[2026-03-02 22:37:08] quant.experiment_lab INFO: [Experiment] EXP_breakout_test_001 — 基线回测...
[2026-03-02 22:37:08] quant.experiment_lab INFO: [Experiment] 候选 1/1 ...
[2026-03-02 22:37:08] quant.experiment_lab INFO: [Experiment] EXP_breakout_test_002 — 基线回测...
[2026-03-02 22:37:08] quant.experiment_lab INFO: [Experiment] 候选 1/1 ...
[2026-03-02 22:37:08] quant.experiment_lab INFO: [Experiment] EXP_test_003 — 基线回测...
[2026-03-02 22:37:08] quant.experiment_lab ERROR: 基线回测失败: backtest failed
[2026-03-02 22:37:08] quant.experiment_lab INFO: [Experiment] 采纳 EXP_test_adopt: 测试采纳
[2026-03-02 22:37:08] quant.experiment_lab INFO: [Experiment] EXP_breakout_20260302_001 — 基线回测...
[2026-03-02 22:37:08] quant.experiment_lab INFO: [Experiment] 候选 1/1 ...
[2026-03-02 22:37:08] quant.experiment_lab INFO: [Experiment] 采纳 EXP_breakout_20260302_001: 调整因子权重以减少连续亏损
[2026-03-02 22:46:08] quant.experiment_lab INFO: 策略 breakout 无可调参数, 跳过
[2026-03-02 22:46:08] quant.experiment_lab INFO: [Experiment] EXP_breakout_test_001 — 基线回测...
[2026-03-02 22:46:08] quant.experiment_lab INFO: [Experiment] 候选 1/1 ...
[2026-03-02 22:46:08] quant.experiment_lab INFO: [Experiment] EXP_breakout_test_002 — 基线回测...
[2026-03-02 22:46:08] quant.experiment_lab INFO: [Experiment] 候选 1/1 ...
[2026-03-02 22:46:08] quant.experiment_lab INFO: [Experiment] EXP_test_003 — 基线回测...
[2026-03-02 22:46:08] quant.experiment_lab ERROR: 基线回测失败: backtest failed
[2026-03-02 22:46:08] quant.experiment_lab INFO: [Experiment] 采纳 EXP_test_adopt: 测试采纳
[2026-03-02 22:46:08] quant.experiment_lab INFO: [Experiment] EXP_breakout_20260302_001 — 基线回测...
[2026-03-02 22:46:08] quant.experiment_lab INFO: [Experiment] 候选 1/1 ...
[2026-03-02 22:46:08] quant.experiment_lab INFO: [Experiment] 采纳 EXP_breakout_20260302_001: 调整因子权重以减少连续亏损
[2026-03-02 22:53:51] quant.experiment_lab INFO: 策略 breakout 无可调参数, 跳过
[2026-03-02 22:53:51] quant.experiment_lab INFO: [Experiment] EXP_breakout_test_001 — 基线回测...
[2026-03-02 22:53:51] quant.experiment_lab INFO: [Experiment] 候选 1/1 ...
[2026-03-02 22:53:51] quant.experiment_lab INFO: [Experiment] EXP_breakout_test_002 — 基线回测...
[2026-03-02 22:53:51] quant.experiment_lab INFO: [Experiment] 候选 1/1 ...
[2026-03-02 22:53:51] quant.experiment_lab INFO: [Experiment] EXP_test_003 — 基线回测...
[2026-03-02 22:53:51] quant.experiment_lab ERROR: 基线回测失败: backtest failed
[2026-03-02 22:53:51] quant.experiment_lab INFO: [Experiment] 采纳 EXP_test_adopt: 测试采纳
[2026-03-02 22:53:51] quant.experiment_lab INFO: [Experiment] EXP_breakout_20260302_001 — 基线回测...
[2026-03-02 22:53:51] quant.experiment_lab INFO: [Experiment] 候选 1/1 ...
[2026-03-02 22:53:51] quant.experiment_lab INFO: [Experiment] 采纳 EXP_breakout_20260302_001: 调整因子权重以减少连续亏损
[2026-03-02 23:20:02] quant.experiment_lab INFO: 策略 breakout 无可调参数, 跳过
[2026-03-02 23:20:02] quant.experiment_lab INFO: [Experiment] EXP_breakout_test_001 — 基线回测...
[2026-03-02 23:20:02] quant.experiment_lab INFO: [Experiment] 候选 1/1 ...
[2026-03-02 23:20:02] quant.experiment_lab INFO: [Experiment] EXP_breakout_test_002 — 基线回测...
[2026-03-02 23:20:02] quant.experiment_lab INFO: [Experiment] 候选 1/1 ...
[2026-03-02 23:20:02] quant.experiment_lab INFO: [Experiment] EXP_test_003 — 基线回测...
[2026-03-02 23:20:02] quant.experiment_lab ERROR: 基线回测失败: backtest failed
[2026-03-02 23:20:02] quant.experiment_lab INFO: [Experiment] 采纳 EXP_test_adopt: 测试采纳
[2026-03-02 23:20:02] quant.experiment_lab INFO: [Experiment] EXP_breakout_20260302_001 — 基线回测...
[2026-03-02 23:20:02] quant.experiment_lab INFO: [Experiment] 候选 1/1 ...
[2026-03-02 23:20:02] quant.experiment_lab INFO: [Experiment] 采纳 EXP_breakout_20260302_001: 调整因子权重以减少连续亏损
[2026-03-02 23:26:27] quant.experiment_lab INFO: 策略 breakout 无可调参数, 跳过
[2026-03-02 23:26:27] quant.experiment_lab INFO: [Experiment] EXP_breakout_test_001 — 基线回测...
[2026-03-02 23:26:27] quant.experiment_lab INFO: [Experiment] 候选 1/1 ...
[2026-03-02 23:26:27] quant.experiment_lab INFO: [Experiment] EXP_breakout_test_002 — 基线回测...
[2026-03-02 23:26:27] quant.experiment_lab INFO: [Experiment] 候选 1/1 ...
[2026-03-02 23:26:27] quant.experiment_lab INFO: [Experiment] EXP_test_003 — 基线回测...
[2026-03-02 23:26:27] quant.experiment_lab ERROR: 基线回测失败: backtest failed
[2026-03-02 23:26:27] quant.experiment_lab INFO: [Experiment] 采纳 EXP_test_adopt: 测试采纳
[2026-03-02 23:26:27] quant.experiment_lab INFO: [Experiment] EXP_breakout_20260302_001 — 基线回测...
[2026-03-02 23:26:27] quant.experiment_lab INFO: [Experiment] 候选 1/1 ...
[2026-03-02 23:26:27] quant.experiment_lab INFO: [Experiment] 采纳 EXP_breakout_20260302_001: 调整因子权重以减少连续亏损
[2026-03-02 23:39:23] quant.experiment_lab INFO: 策略 breakout 无可调参数, 跳过
[2026-03-02 23:39:23] quant.experiment_lab INFO: [Experiment] EXP_breakout_test_001 — 基线回测...
[2026-03-02 23:39:23] quant.experiment_lab INFO: [Experiment] 候选 1/1 ...
[2026-03-02 23:39:23] quant.experiment_lab INFO: [Experiment] EXP_breakout_test_002 — 基线回测...
[2026-03-02 23:39:23] quant.experiment_lab INFO: [Experiment] 候选 1/1 ...
[2026-03-02 23:39:23] quant.experiment_lab INFO: [Experiment] EXP_test_003 — 基线回测...
[2026-03-02 23:39:23] quant.experiment_lab ERROR: 基线回测失败: backtest failed
[2026-03-02 23:39:23] quant.experiment_lab INFO: [Experiment] 采纳 EXP_test_adopt: 测试采纳
[2026-03-02 23:39:23] quant.experiment_lab INFO: [Experiment] EXP_breakout_20260302_001 — 基线回测...
[2026-03-02 23:39:23] quant.experiment_lab INFO: [Experiment] 候选 1/1 ...
[2026-03-02 23:39:23] quant.experiment_lab INFO: [Experiment] 采纳 EXP_breakout_20260302_001: 调整因子权重以减少连续亏损
[2026-03-02 23:45:50] quant.experiment_lab INFO: 策略 breakout 无可调参数, 跳过
[2026-03-02 23:45:50] quant.experiment_lab INFO: [Experiment] EXP_breakout_test_001 — 基线回测...
[2026-03-02 23:45:50] quant.experiment_lab INFO: [Experiment] 候选 1/1 ...
[2026-03-02 23:45:50] quant.experiment_lab INFO: [Experiment] EXP_breakout_test_002 — 基线回测...
[2026-03-02 23:45:50] quant.experiment_lab INFO: [Experiment] 候选 1/1 ...
[2026-03-02 23:45:50] quant.experiment_lab INFO: [Experiment] EXP_test_003 — 基线回测...
[2026-03-02 23:45:50] quant.experiment_lab ERROR: 基线回测失败: backtest failed
[2026-03-02 23:45:50] quant.experiment_lab INFO: [Experiment] 采纳 EXP_test_adopt: 测试采纳
[2026-03-02 23:45:50] quant.experiment_lab INFO: [Experiment] EXP_breakout_20260302_001 — 基线回测...
[2026-03-02 23:45:50] quant.experiment_lab INFO: [Experiment] 候选 1/1 ...
[2026-03-02 23:45:50] quant.experiment_lab INFO: [Experiment] 采纳 EXP_breakout_20260302_001: 调整因子权重以减少连续亏损
[2026-03-03 08:30:30] quant.experiment_lab INFO: 策略 breakout 无可调参数, 跳过
[2026-03-03 08:30:30] quant.experiment_lab INFO: [Experiment] EXP_breakout_test_001 — 基线回测...
[2026-03-03 08:30:30] quant.experiment_lab INFO: [Experiment] 候选 1/1 ...
[2026-03-03 08:30:30] quant.experiment_lab INFO: [Experiment] EXP_breakout_test_002 — 基线回测...
[2026-03-03 08:30:30] quant.experiment_lab INFO: [Experiment] 候选 1/1 ...
[2026-03-03 08:30:30] quant.experiment_lab INFO: [Experiment] EXP_test_003 — 基线回测...
[2026-03-03 08:30:30] quant.experiment_lab ERROR: 基线回测失败: backtest failed
[2026-03-03 08:30:30] quant.experiment_lab INFO: [Experiment] 采纳 EXP_test_adopt: 测试采纳
[2026-03-03 08:30:30] quant.experiment_lab INFO: [Experiment] EXP_breakout_20260303_001 — 基线回测...
[2026-03-03 08:30:30] quant.experiment_lab INFO: [Experiment] 候选 1/1 ...
[2026-03-03 08:30:30] quant.experiment_lab INFO: [Experiment] 采纳 EXP_breakout_20260303_001: 调整因子权重以减少连续亏损
[2026-03-03 08:53:40] quant.experiment_lab INFO: 策略 breakout 无可调参数, 跳过
[2026-03-03 08:53:40] quant.experiment_lab INFO: [Experiment] EXP_breakout_test_001 — 基线回测...
[2026-03-03 08:53:40] quant.experiment_lab INFO: [Experiment] 候选 1/1 ...
[2026-03-03 08:53:40] quant.experiment_lab INFO: [Experiment] EXP_breakout_test_002 — 基线回测...
[2026-03-03 08:53:40] quant.experiment_lab INFO: [Experiment] 候选 1/1 ...
[2026-03-03 08:53:40] quant.experiment_lab INFO: [Experiment] EXP_test_003 — 基线回测...
[2026-03-03 08:53:40] quant.experiment_lab ERROR: 基线回测失败: backtest failed
[2026-03-03 08:53:40] quant.experiment_lab INFO: [Experiment] 采纳 EXP_test_adopt: 测试采纳
[2026-03-03 08:53:40] quant.experiment_lab INFO: [Experiment] EXP_breakout_20260303_001 — 基线回测...
[2026-03-03 08:53:40] quant.experiment_lab INFO: [Experiment] 候选 1/1 ...
[2026-03-03 08:53:40] quant.experiment_lab INFO: [Experiment] 采纳 EXP_breakout_20260303_001: 调整因子权重以减少连续亏损
