[2026-03-01 19:26:54] quant.learning INFO: trade_journal 记录: 2026-03-01 集合竞价选股 (2 picks)
[2026-03-01 19:26:54] quant.learning INFO: trade_journal 记录: 2026-03-01 集合竞价选股 (1 picks)
[2026-03-01 19:26:54] quant.learning INFO: trade_journal 记录: 2026-03-01 集合竞价选股 (1 picks)
[2026-03-01 19:26:54] quant.learning INFO: trade_journal 已存在 2026-03-01 集合竞价选股, 跳过
[2026-03-01 19:26:54] quant.learning INFO: 信号分析无数据, 跳过权重调整
[2026-03-01 19:26:54] quant.learning INFO: 信号分析无数据, 跳过权重调整
[2026-03-01 19:26:54] quant.learning INFO: 信号权重已更新至 v1, 调整 1 个信号
[2026-03-01 19:26:54] quant.learning INFO: === 学习引擎启动 ===
[2026-03-01 19:26:54] quant.learning INFO: 信号分析无数据, 跳过权重调整
[2026-03-01 19:26:54] quant.learning INFO: 学习报告已生成
[2026-03-01 19:26:54] quant.learning INFO: 信号分析无数据, 跳过权重调整
[2026-03-01 19:26:54] quant.learning INFO: 无需调整权重
[2026-03-01 19:26:54] quant.learning INFO: === 学习引擎完成 ===
[2026-03-01 19:26:59] quant.learning INFO: trade_journal 记录: 2026-03-01 集合竞价选股 (2 picks)
[2026-03-01 19:26:59] quant.learning INFO: trade_journal 记录: 2026-03-01 集合竞价选股 (1 picks)
[2026-03-01 19:26:59] quant.learning INFO: trade_journal 记录: 2026-03-01 集合竞价选股 (1 picks)
[2026-03-01 19:26:59] quant.learning INFO: trade_journal 已存在 2026-03-01 集合竞价选股, 跳过
[2026-03-01 19:26:59] quant.learning INFO: 信号分析无数据, 跳过权重调整
[2026-03-01 19:26:59] quant.learning INFO: 信号分析无数据, 跳过权重调整
[2026-03-01 19:26:59] quant.learning INFO: 信号权重已更新至 v1, 调整 1 个信号
[2026-03-01 19:26:59] quant.learning INFO: === 学习引擎启动 ===
[2026-03-01 19:26:59] quant.learning INFO: 信号分析无数据, 跳过权重调整
[2026-03-01 19:26:59] quant.learning INFO: 学习报告已生成
[2026-03-01 19:26:59] quant.learning INFO: 信号分析无数据, 跳过权重调整
[2026-03-01 19:26:59] quant.learning INFO: 无需调整权重
[2026-03-01 19:26:59] quant.learning INFO: === 学习引擎完成 ===
[2026-03-01 20:10:28] quant.learning INFO: trade_journal 记录: 2026-03-01 集合竞价选股 (2 picks)
[2026-03-01 20:10:28] quant.learning INFO: trade_journal 记录: 2026-03-01 集合竞价选股 (1 picks)
[2026-03-01 20:10:28] quant.learning INFO: trade_journal 记录: 2026-03-01 集合竞价选股 (1 picks)
[2026-03-01 20:10:28] quant.learning INFO: trade_journal 已存在 2026-03-01 集合竞价选股, 跳过
[2026-03-01 20:10:28] quant.learning INFO: 信号分析无数据, 跳过权重调整
[2026-03-01 20:10:28] quant.learning INFO: 信号分析无数据, 跳过权重调整
[2026-03-01 20:10:28] quant.learning INFO: 信号权重已更新至 v1, 调整 1 个信号
[2026-03-01 20:10:28] quant.learning INFO: === 学习引擎启动 ===
[2026-03-01 20:10:28] quant.learning INFO: 信号分析无数据, 跳过权重调整
[2026-03-01 20:10:28] quant.learning INFO: 学习报告已生成
[2026-03-01 20:10:28] quant.learning INFO: 信号分析无数据, 跳过权重调整
[2026-03-01 20:10:28] quant.learning INFO: 无需调整权重
[2026-03-01 20:10:28] quant.learning INFO: === 学习引擎完成 ===
[2026-03-01 20:43:03] quant.learning INFO: trade_journal 记录: 2026-03-01 集合竞价选股 (2 picks)
[2026-03-01 20:43:03] quant.learning INFO: trade_journal 记录: 2026-03-01 集合竞价选股 (1 picks)
[2026-03-01 20:43:03] quant.learning INFO: trade_journal 记录: 2026-03-01 集合竞价选股 (1 picks)
[2026-03-01 20:43:03] quant.learning INFO: trade_journal 已存在 2026-03-01 集合竞价选股, 跳过
[2026-03-01 20:43:03] quant.learning INFO: 信号分析无数据, 跳过权重调整
[2026-03-01 20:43:03] quant.learning INFO: 信号分析无数据, 跳过权重调整
[2026-03-01 20:43:03] quant.learning INFO: 信号权重已更新至 v1, 调整 1 个信号
[2026-03-01 20:43:03] quant.learning INFO: === 学习引擎启动 ===
[2026-03-01 20:43:03] quant.learning INFO: 信号分析无数据, 跳过权重调整
[2026-03-01 20:43:03] quant.learning INFO: 学习报告已生成
[2026-03-01 20:43:03] quant.learning INFO: 信号分析无数据, 跳过权重调整
[2026-03-01 20:43:03] quant.learning INFO: 无需调整权重
[2026-03-01 20:43:03] quant.learning INFO: === 学习引擎完成 ===
[2026-03-01 21:02:18] quant.learning INFO: trade_journal 记录: 2026-03-01 集合竞价选股 (2 picks)
[2026-03-01 21:02:18] quant.learning INFO: trade_journal 记录: 2026-03-01 集合竞价选股 (1 picks)
[2026-03-01 21:02:18] quant.learning INFO: trade_journal 记录: 2026-03-01 集合竞价选股 (1 picks)
[2026-03-01 21:02:18] quant.learning INFO: trade_journal 已存在 2026-03-01 集合竞价选股, 跳过
[2026-03-01 21:02:18] quant.learning INFO: 信号分析无数据, 跳过权重调整
[2026-03-01 21:02:18] quant.learning INFO: 信号分析无数据, 跳过权重调整
[2026-03-01 21:02:18] quant.learning INFO: 信号权重已更新至 v1, 调整 1 个信号
[2026-03-01 21:02:18] quant.learning INFO: === 学习引擎启动 ===
[2026-03-01 21:02:18] quant.learning INFO: 信号分析无数据, 跳过权重调整
[2026-03-01 21:02:18] quant.learning INFO: 学习报告已生成
[2026-03-01 21:02:18] quant.learning INFO: 信号分析无数据, 跳过权重调整
[2026-03-01 21:02:18] quant.learning INFO: 无需调整权重
[2026-03-01 21:02:18] quant.learning INFO: === 学习引擎完成 ===
[2026-03-01 21:20:08] quant.learning INFO: trade_journal 记录: 2026-03-01 集合竞价选股 (2 picks)
[2026-03-01 21:20:08] quant.learning INFO: trade_journal 记录: 2026-03-01 集合竞价选股 (1 picks)
[2026-03-01 21:20:08] quant.learning INFO: trade_journal 记录: 2026-03-01 集合竞价选股 (1 picks)
[2026-03-01 21:20:08] quant.learning INFO: trade_journal 已存在 2026-03-01 集合竞价选股, 跳过
[2026-03-01 21:20:08] quant.learning INFO: 信号分析无数据, 跳过权重调整
[2026-03-01 21:20:08] quant.learning INFO: 信号分析无数据, 跳过权重调整
[2026-03-01 21:20:08] quant.learning INFO: 信号权重已更新至 v1, 调整 1 个信号
[2026-03-01 21:20:08] quant.learning INFO: === 学习引擎启动 ===
[2026-03-01 21:20:08] quant.learning INFO: 信号分析无数据, 跳过权重调整
[2026-03-01 21:20:08] quant.learning INFO: 学习报告已生成
[2026-03-01 21:20:08] quant.learning INFO: 信号分析无数据, 跳过权重调整
[2026-03-01 21:20:08] quant.learning INFO: 无需调整权重
[2026-03-01 21:20:08] quant.learning INFO: === 学习引擎完成 ===
[2026-03-01 22:05:40] quant.learning INFO: trade_journal 记录: 2026-03-01 集合竞价选股 (2 picks)
[2026-03-01 22:05:40] quant.learning INFO: trade_journal 记录: 2026-03-01 集合竞价选股 (1 picks)
[2026-03-01 22:05:40] quant.learning INFO: trade_journal 记录: 2026-03-01 集合竞价选股 (1 picks)
[2026-03-01 22:05:40] quant.learning INFO: trade_journal 已存在 2026-03-01 集合竞价选股, 跳过
[2026-03-01 22:05:41] quant.learning INFO: 信号分析无数据, 跳过权重调整
[2026-03-01 22:05:41] quant.learning INFO: 信号分析无数据, 跳过权重调整
[2026-03-01 22:05:41] quant.learning INFO: 信号权重已更新至 v1, 调整 1 个信号
[2026-03-01 22:05:41] quant.learning INFO: === 学习引擎启动 ===
[2026-03-01 22:05:41] quant.learning INFO: 信号分析无数据, 跳过权重调整
[2026-03-01 22:05:41] quant.learning INFO: 学习报告已生成
[2026-03-01 22:05:41] quant.learning INFO: 信号分析无数据, 跳过权重调整
[2026-03-01 22:05:41] quant.learning INFO: 无需调整权重
[2026-03-01 22:05:41] quant.learning INFO: === 学习引擎完成 ===
[2026-03-01 22:11:23] quant.learning INFO: trade_journal 记录: 2026-03-01 集合竞价选股 (2 picks)
[2026-03-01 22:11:23] quant.learning INFO: trade_journal 记录: 2026-03-01 集合竞价选股 (1 picks)
[2026-03-01 22:11:23] quant.learning INFO: trade_journal 记录: 2026-03-01 集合竞价选股 (1 picks)
[2026-03-01 22:11:23] quant.learning INFO: trade_journal 已存在 2026-03-01 集合竞价选股, 跳过
[2026-03-01 22:11:23] quant.learning INFO: 信号分析无数据, 跳过权重调整
[2026-03-01 22:11:23] quant.learning INFO: 信号分析无数据, 跳过权重调整
[2026-03-01 22:11:23] quant.learning INFO: 信号权重已更新至 v1, 调整 1 个信号
[2026-03-01 22:11:23] quant.learning INFO: === 学习引擎启动 ===
[2026-03-01 22:11:23] quant.learning INFO: 信号分析无数据, 跳过权重调整
[2026-03-01 22:11:23] quant.learning INFO: 学习报告已生成
[2026-03-01 22:11:23] quant.learning INFO: 信号分析无数据, 跳过权重调整
[2026-03-01 22:11:23] quant.learning INFO: 无需调整权重
[2026-03-01 22:11:23] quant.learning INFO: === 学习引擎完成 ===
[2026-03-02 10:18:48] quant.learning INFO: trade_journal 记录: 2026-03-02 集合竞价选股 (2 picks)
[2026-03-02 10:18:48] quant.learning INFO: trade_journal 记录: 2026-03-02 集合竞价选股 (1 picks)
[2026-03-02 10:18:48] quant.learning INFO: trade_journal 记录: 2026-03-02 集合竞价选股 (1 picks)
[2026-03-02 10:18:48] quant.learning INFO: trade_journal 已存在 2026-03-02 集合竞价选股, 跳过
[2026-03-02 10:18:48] quant.learning INFO: 信号分析无数据, 跳过权重调整
[2026-03-02 10:18:48] quant.learning INFO: 信号分析无数据, 跳过权重调整
[2026-03-02 10:18:48] quant.learning INFO: 信号权重已更新至 v1, 调整 1 个信号
[2026-03-02 10:18:48] quant.learning INFO: === 学习引擎启动 ===
[2026-03-02 10:18:48] quant.learning INFO: 信号分析无数据, 跳过权重调整
[2026-03-02 10:18:48] quant.learning INFO: 学习报告已生成
[2026-03-02 10:18:48] quant.learning INFO: 信号分析无数据, 跳过权重调整
[2026-03-02 10:18:48] quant.learning INFO: 无需调整权重
[2026-03-02 10:18:48] quant.learning INFO: === 学习引擎完成 ===
[2026-03-02 10:20:26] quant.learning INFO: trade_journal 记录: 2026-03-02 集合竞价选股 (2 picks)
[2026-03-02 10:20:26] quant.learning INFO: trade_journal 记录: 2026-03-02 集合竞价选股 (1 picks)
[2026-03-02 10:20:26] quant.learning INFO: trade_journal 记录: 2026-03-02 集合竞价选股 (1 picks)
[2026-03-02 10:20:26] quant.learning INFO: trade_journal 已存在 2026-03-02 集合竞价选股, 跳过
[2026-03-02 10:20:26] quant.learning INFO: 信号分析无数据, 跳过权重调整
[2026-03-02 10:20:26] quant.learning INFO: 信号分析无数据, 跳过权重调整
[2026-03-02 10:20:26] quant.learning INFO: 信号权重已更新至 v1, 调整 1 个信号
[2026-03-02 10:20:26] quant.learning INFO: === 学习引擎启动 ===
[2026-03-02 10:20:26] quant.learning INFO: 信号分析无数据, 跳过权重调整
[2026-03-02 10:20:26] quant.learning INFO: 学习报告已生成
[2026-03-02 10:20:26] quant.learning INFO: 信号分析无数据, 跳过权重调整
[2026-03-02 10:20:26] quant.learning INFO: 无需调整权重
[2026-03-02 10:20:26] quant.learning INFO: === 学习引擎完成 ===
[2026-03-02 10:44:36] quant.learning INFO: trade_journal 记录: 2026-03-02 集合竞价选股 (2 picks)
[2026-03-02 10:44:36] quant.learning INFO: trade_journal 记录: 2026-03-02 集合竞价选股 (1 picks)
[2026-03-02 10:44:36] quant.learning INFO: trade_journal 记录: 2026-03-02 集合竞价选股 (1 picks)
[2026-03-02 10:44:36] quant.learning INFO: trade_journal 已存在 2026-03-02 集合竞价选股, 跳过
[2026-03-02 10:44:36] quant.learning INFO: 信号分析无数据, 跳过权重调整
[2026-03-02 10:44:36] quant.learning INFO: 信号分析无数据, 跳过权重调整
[2026-03-02 10:44:36] quant.learning INFO: 信号权重已更新至 v1, 调整 1 个信号
[2026-03-02 10:44:36] quant.learning INFO: === 学习引擎启动 ===
[2026-03-02 10:44:36] quant.learning INFO: 信号分析无数据, 跳过权重调整
[2026-03-02 10:44:36] quant.learning INFO: 学习报告已生成
[2026-03-02 10:44:36] quant.learning INFO: 信号分析无数据, 跳过权重调整
[2026-03-02 10:44:36] quant.learning INFO: 无需调整权重
[2026-03-02 10:44:36] quant.learning INFO: === 学习引擎完成 ===
[2026-03-02 10:47:01] quant.learning INFO: trade_journal 记录: 2026-03-02 集合竞价选股 (2 picks)
[2026-03-02 10:47:01] quant.learning INFO: trade_journal 记录: 2026-03-02 集合竞价选股 (1 picks)
[2026-03-02 10:47:01] quant.learning INFO: trade_journal 记录: 2026-03-02 集合竞价选股 (1 picks)
[2026-03-02 10:47:01] quant.learning INFO: trade_journal 已存在 2026-03-02 集合竞价选股, 跳过
[2026-03-02 10:47:01] quant.learning INFO: 信号分析无数据, 跳过权重调整
[2026-03-02 10:47:01] quant.learning INFO: 信号分析无数据, 跳过权重调整
[2026-03-02 10:47:01] quant.learning INFO: 信号权重已更新至 v1, 调整 1 个信号
[2026-03-02 10:47:01] quant.learning INFO: === 学习引擎启动 ===
[2026-03-02 10:47:01] quant.learning INFO: 信号分析无数据, 跳过权重调整
[2026-03-02 10:47:01] quant.learning INFO: 学习报告已生成
[2026-03-02 10:47:01] quant.learning INFO: 信号分析无数据, 跳过权重调整
[2026-03-02 10:47:01] quant.learning INFO: 无需调整权重
[2026-03-02 10:47:01] quant.learning INFO: === 学习引擎完成 ===
[2026-03-02 10:57:24] quant.learning INFO: === 学习引擎启动 ===
[2026-03-02 10:57:24] quant.learning INFO: 信号分析无数据, 跳过权重调整
[2026-03-02 10:57:24] quant.learning INFO: 学习报告已生成
[2026-03-02 10:57:24] quant.learning INFO: 信号分析无数据, 跳过权重调整
[2026-03-02 10:57:24] quant.learning INFO: 无需调整权重
[2026-03-02 10:57:24] quant.learning INFO: === 学习引擎完成 ===
[2026-03-02 11:30:07] quant.learning INFO: trade_journal 记录: 2026-03-02 集合竞价选股 (2 picks)
[2026-03-02 11:30:07] quant.learning INFO: trade_journal 记录: 2026-03-02 集合竞价选股 (1 picks)
[2026-03-02 11:30:07] quant.learning INFO: trade_journal 记录: 2026-03-02 集合竞价选股 (1 picks)
[2026-03-02 11:30:07] quant.learning INFO: trade_journal 已存在 2026-03-02 集合竞价选股, 跳过
[2026-03-02 11:30:07] quant.learning INFO: 信号分析无数据, 跳过权重调整
[2026-03-02 11:30:07] quant.learning INFO: 信号分析无数据, 跳过权重调整
[2026-03-02 11:30:07] quant.learning INFO: 信号权重已更新至 v1, 调整 1 个信号
[2026-03-02 11:30:07] quant.learning INFO: === 学习引擎启动 ===
[2026-03-02 11:30:07] quant.learning INFO: 信号分析无数据, 跳过权重调整
[2026-03-02 11:30:07] quant.learning INFO: 学习报告已生成
[2026-03-02 11:30:07] quant.learning INFO: 信号分析无数据, 跳过权重调整
[2026-03-02 11:30:07] quant.learning INFO: 无需调整权重
[2026-03-02 11:30:07] quant.learning INFO: === 学习引擎完成 ===
[2026-03-02 12:38:21] quant.learning INFO: trade_journal 记录: 2026-03-02 集合竞价选股 (2 picks)
[2026-03-02 12:38:21] quant.learning INFO: trade_journal 记录: 2026-03-02 集合竞价选股 (1 picks)
[2026-03-02 12:38:21] quant.learning INFO: trade_journal 记录: 2026-03-02 集合竞价选股 (1 picks)
[2026-03-02 12:38:21] quant.learning INFO: trade_journal 已存在 2026-03-02 集合竞价选股, 跳过
[2026-03-02 12:38:21] quant.learning INFO: 信号分析无数据, 跳过权重调整
[2026-03-02 12:38:21] quant.learning INFO: 信号分析无数据, 跳过权重调整
[2026-03-02 12:38:21] quant.learning INFO: 信号权重已更新至 v1, 调整 1 个信号
[2026-03-02 12:38:21] quant.learning INFO: === 学习引擎启动 ===
[2026-03-02 12:38:21] quant.learning INFO: 信号分析无数据, 跳过权重调整
[2026-03-02 12:38:21] quant.learning INFO: 学习报告已生成
[2026-03-02 12:38:21] quant.learning INFO: 信号分析无数据, 跳过权重调整
[2026-03-02 12:38:21] quant.learning INFO: 无需调整权重
[2026-03-02 12:38:21] quant.learning INFO: === 学习引擎完成 ===
[2026-03-02 13:22:39] quant.learning INFO: trade_journal 记录: 2026-03-02 集合竞价选股 (2 picks)
[2026-03-02 13:22:39] quant.learning INFO: trade_journal 记录: 2026-03-02 集合竞价选股 (1 picks)
[2026-03-02 13:22:39] quant.learning INFO: trade_journal 记录: 2026-03-02 集合竞价选股 (1 picks)
[2026-03-02 13:22:39] quant.learning INFO: trade_journal 已存在 2026-03-02 集合竞价选股, 跳过
[2026-03-02 13:22:39] quant.learning INFO: 信号分析无数据, 跳过权重调整
[2026-03-02 13:22:39] quant.learning INFO: 信号分析无数据, 跳过权重调整
[2026-03-02 13:22:39] quant.learning INFO: 信号权重已更新至 v1, 调整 1 个信号
[2026-03-02 13:22:39] quant.learning INFO: === 学习引擎启动 ===
[2026-03-02 13:22:39] quant.learning INFO: 信号分析无数据, 跳过权重调整
[2026-03-02 13:22:39] quant.learning INFO: 学习报告已生成
[2026-03-02 13:22:39] quant.learning INFO: 信号分析无数据, 跳过权重调整
[2026-03-02 13:22:39] quant.learning INFO: 无需调整权重
[2026-03-02 13:22:39] quant.learning INFO: === 学习引擎完成 ===
[2026-03-02 13:26:01] quant.learning INFO: trade_journal 记录: 2026-03-02 集合竞价选股 (2 picks)
[2026-03-02 13:26:01] quant.learning INFO: trade_journal 记录: 2026-03-02 集合竞价选股 (1 picks)
[2026-03-02 13:26:01] quant.learning INFO: trade_journal 记录: 2026-03-02 集合竞价选股 (1 picks)
[2026-03-02 13:26:01] quant.learning INFO: trade_journal 已存在 2026-03-02 集合竞价选股, 跳过
[2026-03-02 13:26:01] quant.learning INFO: 信号分析无数据, 跳过权重调整
[2026-03-02 13:26:01] quant.learning INFO: 信号分析无数据, 跳过权重调整
[2026-03-02 13:26:01] quant.learning INFO: 信号权重已更新至 v1, 调整 1 个信号
[2026-03-02 13:26:01] quant.learning INFO: === 学习引擎启动 ===
[2026-03-02 13:26:01] quant.learning INFO: 信号分析无数据, 跳过权重调整
[2026-03-02 13:26:01] quant.learning INFO: 学习报告已生成
[2026-03-02 13:26:01] quant.learning INFO: 信号分析无数据, 跳过权重调整
[2026-03-02 13:26:01] quant.learning INFO: 无需调整权重
[2026-03-02 13:26:01] quant.learning INFO: === 学习引擎完成 ===
[2026-03-02 13:29:16] quant.learning INFO: trade_journal 记录: 2026-03-02 集合竞价选股 (2 picks)
[2026-03-02 13:29:16] quant.learning INFO: trade_journal 记录: 2026-03-02 集合竞价选股 (1 picks)
[2026-03-02 13:29:16] quant.learning INFO: trade_journal 记录: 2026-03-02 集合竞价选股 (1 picks)
[2026-03-02 13:29:16] quant.learning INFO: trade_journal 已存在 2026-03-02 集合竞价选股, 跳过
[2026-03-02 13:29:16] quant.learning INFO: 信号分析无数据, 跳过权重调整
[2026-03-02 13:29:16] quant.learning INFO: 信号分析无数据, 跳过权重调整
[2026-03-02 13:29:16] quant.learning INFO: 信号权重已更新至 v1, 调整 1 个信号
[2026-03-02 13:29:16] quant.learning INFO: === 学习引擎启动 ===
[2026-03-02 13:29:16] quant.learning INFO: 信号分析无数据, 跳过权重调整
[2026-03-02 13:29:16] quant.learning INFO: 学习报告已生成
[2026-03-02 13:29:16] quant.learning INFO: 信号分析无数据, 跳过权重调整
[2026-03-02 13:29:16] quant.learning INFO: 无需调整权重
[2026-03-02 13:29:16] quant.learning INFO: === 学习引擎完成 ===
[2026-03-02 13:32:29] quant.learning INFO: trade_journal 记录: 2026-03-02 集合竞价选股 (2 picks)
[2026-03-02 13:32:29] quant.learning INFO: trade_journal 记录: 2026-03-02 集合竞价选股 (1 picks)
[2026-03-02 13:32:29] quant.learning INFO: trade_journal 记录: 2026-03-02 集合竞价选股 (1 picks)
[2026-03-02 13:32:29] quant.learning INFO: trade_journal 已存在 2026-03-02 集合竞价选股, 跳过
[2026-03-02 13:32:29] quant.learning INFO: 信号分析无数据, 跳过权重调整
[2026-03-02 13:32:29] quant.learning INFO: 信号分析无数据, 跳过权重调整
[2026-03-02 13:32:29] quant.learning INFO: 信号权重已更新至 v1, 调整 1 个信号
[2026-03-02 13:32:29] quant.learning INFO: === 学习引擎启动 ===
[2026-03-02 13:32:29] quant.learning INFO: 信号分析无数据, 跳过权重调整
[2026-03-02 13:32:29] quant.learning INFO: 学习报告已生成
[2026-03-02 13:32:29] quant.learning INFO: 信号分析无数据, 跳过权重调整
[2026-03-02 13:32:29] quant.learning INFO: 无需调整权重
[2026-03-02 13:32:29] quant.learning INFO: === 学习引擎完成 ===
[2026-03-02 13:35:54] quant.learning INFO: trade_journal 记录: 2026-03-02 集合竞价选股 (2 picks)
[2026-03-02 13:35:54] quant.learning INFO: trade_journal 记录: 2026-03-02 集合竞价选股 (1 picks)
[2026-03-02 13:35:54] quant.learning INFO: trade_journal 记录: 2026-03-02 集合竞价选股 (1 picks)
[2026-03-02 13:35:54] quant.learning INFO: trade_journal 已存在 2026-03-02 集合竞价选股, 跳过
[2026-03-02 13:35:54] quant.learning INFO: 信号分析无数据, 跳过权重调整
[2026-03-02 13:35:54] quant.learning INFO: 信号分析无数据, 跳过权重调整
[2026-03-02 13:35:54] quant.learning INFO: 信号权重已更新至 v1, 调整 1 个信号
[2026-03-02 13:35:54] quant.learning INFO: === 学习引擎启动 ===
[2026-03-02 13:35:54] quant.learning INFO: 信号分析无数据, 跳过权重调整
[2026-03-02 13:35:54] quant.learning INFO: 学习报告已生成
[2026-03-02 13:35:54] quant.learning INFO: 信号分析无数据, 跳过权重调整
[2026-03-02 13:35:54] quant.learning INFO: 无需调整权重
[2026-03-02 13:35:54] quant.learning INFO: === 学习引擎完成 ===
[2026-03-02 13:39:11] quant.learning INFO: trade_journal 记录: 2026-03-02 集合竞价选股 (2 picks)
[2026-03-02 13:39:11] quant.learning INFO: trade_journal 记录: 2026-03-02 集合竞价选股 (1 picks)
[2026-03-02 13:39:11] quant.learning INFO: trade_journal 记录: 2026-03-02 集合竞价选股 (1 picks)
[2026-03-02 13:39:11] quant.learning INFO: trade_journal 已存在 2026-03-02 集合竞价选股, 跳过
[2026-03-02 13:39:11] quant.learning INFO: 信号分析无数据, 跳过权重调整
[2026-03-02 13:39:11] quant.learning INFO: 信号分析无数据, 跳过权重调整
[2026-03-02 13:39:11] quant.learning INFO: 信号权重已更新至 v1, 调整 1 个信号
[2026-03-02 13:39:11] quant.learning INFO: === 学习引擎启动 ===
[2026-03-02 13:39:11] quant.learning INFO: 信号分析无数据, 跳过权重调整
[2026-03-02 13:39:11] quant.learning INFO: 学习报告已生成
[2026-03-02 13:39:11] quant.learning INFO: 信号分析无数据, 跳过权重调整
[2026-03-02 13:39:11] quant.learning INFO: 无需调整权重
[2026-03-02 13:39:11] quant.learning INFO: === 学习引擎完成 ===
[2026-03-02 14:19:39] quant.learning INFO: trade_journal 记录: 2026-03-02 集合竞价选股 (2 picks)
[2026-03-02 14:19:39] quant.learning INFO: trade_journal 记录: 2026-03-02 集合竞价选股 (1 picks)
[2026-03-02 14:19:39] quant.learning INFO: trade_journal 记录: 2026-03-02 集合竞价选股 (1 picks)
[2026-03-02 14:19:39] quant.learning INFO: trade_journal 已存在 2026-03-02 集合竞价选股, 跳过
[2026-03-02 14:19:39] quant.learning INFO: 信号分析无数据, 跳过权重调整
[2026-03-02 14:19:39] quant.learning INFO: 信号分析无数据, 跳过权重调整
[2026-03-02 14:19:39] quant.learning INFO: 信号权重已更新至 v1, 调整 1 个信号
[2026-03-02 14:19:39] quant.learning INFO: === 学习引擎启动 ===
[2026-03-02 14:19:39] quant.learning INFO: 信号分析无数据, 跳过权重调整
[2026-03-02 14:19:39] quant.learning INFO: 学习报告已生成
[2026-03-02 14:19:39] quant.learning INFO: 信号分析无数据, 跳过权重调整
[2026-03-02 14:19:39] quant.learning INFO: 无需调整权重
[2026-03-02 14:19:39] quant.learning INFO: === 学习引擎完成 ===
[2026-03-02 14:23:04] quant.learning INFO: trade_journal 记录: 2026-03-02 集合竞价选股 (2 picks)
[2026-03-02 14:23:04] quant.learning INFO: trade_journal 记录: 2026-03-02 集合竞价选股 (1 picks)
[2026-03-02 14:23:04] quant.learning INFO: trade_journal 记录: 2026-03-02 集合竞价选股 (1 picks)
[2026-03-02 14:23:04] quant.learning INFO: trade_journal 已存在 2026-03-02 集合竞价选股, 跳过
[2026-03-02 14:23:05] quant.learning INFO: 信号分析无数据, 跳过权重调整
[2026-03-02 14:23:05] quant.learning INFO: 信号分析无数据, 跳过权重调整
[2026-03-02 14:23:05] quant.learning INFO: 信号权重已更新至 v1, 调整 1 个信号
[2026-03-02 14:23:05] quant.learning INFO: === 学习引擎启动 ===
[2026-03-02 14:23:05] quant.learning INFO: 信号分析无数据, 跳过权重调整
[2026-03-02 14:23:05] quant.learning INFO: 学习报告已生成
[2026-03-02 14:23:05] quant.learning INFO: 信号分析无数据, 跳过权重调整
[2026-03-02 14:23:05] quant.learning INFO: 无需调整权重
[2026-03-02 14:23:05] quant.learning INFO: === 学习引擎完成 ===
[2026-03-02 14:26:19] quant.learning INFO: trade_journal 记录: 2026-03-02 集合竞价选股 (2 picks)
[2026-03-02 14:26:19] quant.learning INFO: trade_journal 记录: 2026-03-02 集合竞价选股 (1 picks)
[2026-03-02 14:26:19] quant.learning INFO: trade_journal 记录: 2026-03-02 集合竞价选股 (1 picks)
[2026-03-02 14:26:19] quant.learning INFO: trade_journal 已存在 2026-03-02 集合竞价选股, 跳过
[2026-03-02 14:26:19] quant.learning INFO: 信号分析无数据, 跳过权重调整
[2026-03-02 14:26:19] quant.learning INFO: 信号分析无数据, 跳过权重调整
[2026-03-02 14:26:19] quant.learning INFO: 信号权重已更新至 v1, 调整 1 个信号
[2026-03-02 14:26:19] quant.learning INFO: === 学习引擎启动 ===
[2026-03-02 14:26:19] quant.learning INFO: 信号分析无数据, 跳过权重调整
[2026-03-02 14:26:19] quant.learning INFO: 学习报告已生成
[2026-03-02 14:26:19] quant.learning INFO: 信号分析无数据, 跳过权重调整
[2026-03-02 14:26:19] quant.learning INFO: 无需调整权重
[2026-03-02 14:26:19] quant.learning INFO: === 学习引擎完成 ===
[2026-03-02 14:29:51] quant.learning INFO: trade_journal 记录: 2026-03-02 集合竞价选股 (2 picks)
[2026-03-02 14:29:51] quant.learning INFO: trade_journal 记录: 2026-03-02 集合竞价选股 (1 picks)
[2026-03-02 14:29:51] quant.learning INFO: trade_journal 记录: 2026-03-02 集合竞价选股 (1 picks)
[2026-03-02 14:29:51] quant.learning INFO: trade_journal 已存在 2026-03-02 集合竞价选股, 跳过
[2026-03-02 14:29:51] quant.learning INFO: 信号分析无数据, 跳过权重调整
[2026-03-02 14:29:51] quant.learning INFO: 信号分析无数据, 跳过权重调整
[2026-03-02 14:29:51] quant.learning INFO: 信号权重已更新至 v1, 调整 1 个信号
[2026-03-02 14:29:51] quant.learning INFO: === 学习引擎启动 ===
[2026-03-02 14:29:51] quant.learning INFO: 信号分析无数据, 跳过权重调整
[2026-03-02 14:29:51] quant.learning INFO: 学习报告已生成
[2026-03-02 14:29:51] quant.learning INFO: 信号分析无数据, 跳过权重调整
[2026-03-02 14:29:51] quant.learning INFO: 无需调整权重
[2026-03-02 14:29:51] quant.learning INFO: === 学习引擎完成 ===
[2026-03-02 14:33:12] quant.learning INFO: trade_journal 记录: 2026-03-02 集合竞价选股 (2 picks)
[2026-03-02 14:33:12] quant.learning INFO: trade_journal 记录: 2026-03-02 集合竞价选股 (1 picks)
[2026-03-02 14:33:12] quant.learning INFO: trade_journal 记录: 2026-03-02 集合竞价选股 (1 picks)
[2026-03-02 14:33:12] quant.learning INFO: trade_journal 已存在 2026-03-02 集合竞价选股, 跳过
[2026-03-02 14:33:12] quant.learning INFO: 信号分析无数据, 跳过权重调整
[2026-03-02 14:33:12] quant.learning INFO: 信号分析无数据, 跳过权重调整
[2026-03-02 14:33:12] quant.learning INFO: 信号权重已更新至 v1, 调整 1 个信号
[2026-03-02 14:33:12] quant.learning INFO: === 学习引擎启动 ===
[2026-03-02 14:33:12] quant.learning INFO: 信号分析无数据, 跳过权重调整
[2026-03-02 14:33:12] quant.learning INFO: 学习报告已生成
[2026-03-02 14:33:12] quant.learning INFO: 信号分析无数据, 跳过权重调整
[2026-03-02 14:33:12] quant.learning INFO: 无需调整权重
[2026-03-02 14:33:12] quant.learning INFO: === 学习引擎完成 ===
[2026-03-02 14:37:02] quant.learning INFO: trade_journal 记录: 2026-03-02 集合竞价选股 (2 picks)
[2026-03-02 14:37:02] quant.learning INFO: trade_journal 记录: 2026-03-02 集合竞价选股 (1 picks)
[2026-03-02 14:37:02] quant.learning INFO: trade_journal 记录: 2026-03-02 集合竞价选股 (1 picks)
[2026-03-02 14:37:02] quant.learning INFO: trade_journal 已存在 2026-03-02 集合竞价选股, 跳过
[2026-03-02 14:37:02] quant.learning INFO: 信号分析无数据, 跳过权重调整
[2026-03-02 14:37:02] quant.learning INFO: 信号分析无数据, 跳过权重调整
[2026-03-02 14:37:02] quant.learning INFO: 信号权重已更新至 v1, 调整 1 个信号
[2026-03-02 14:37:02] quant.learning INFO: === 学习引擎启动 ===
[2026-03-02 14:37:02] quant.learning INFO: 信号分析无数据, 跳过权重调整
[2026-03-02 14:37:02] quant.learning INFO: 学习报告已生成
[2026-03-02 14:37:02] quant.learning INFO: 信号分析无数据, 跳过权重调整
[2026-03-02 14:37:02] quant.learning INFO: 无需调整权重
[2026-03-02 14:37:02] quant.learning INFO: === 学习引擎完成 ===
[2026-03-02 15:10:23] quant.learning INFO: trade_journal 记录: 2026-03-02 集合竞价选股 (2 picks)
[2026-03-02 15:10:23] quant.learning INFO: trade_journal 记录: 2026-03-02 集合竞价选股 (1 picks)
[2026-03-02 15:10:23] quant.learning INFO: trade_journal 记录: 2026-03-02 集合竞价选股 (1 picks)
[2026-03-02 15:10:23] quant.learning INFO: trade_journal 已存在 2026-03-02 集合竞价选股, 跳过
[2026-03-02 15:10:23] quant.learning INFO: 信号分析无数据, 跳过权重调整
[2026-03-02 15:10:23] quant.learning INFO: 信号分析无数据, 跳过权重调整
[2026-03-02 15:10:23] quant.learning INFO: 信号权重已更新至 v1, 调整 1 个信号
[2026-03-02 15:10:23] quant.learning INFO: === 学习引擎启动 ===
[2026-03-02 15:10:23] quant.learning INFO: 信号分析无数据, 跳过权重调整
[2026-03-02 15:10:23] quant.learning INFO: 学习报告已生成
[2026-03-02 15:10:23] quant.learning INFO: 信号分析无数据, 跳过权重调整
[2026-03-02 15:10:23] quant.learning INFO: 无需调整权重
[2026-03-02 15:10:23] quant.learning INFO: === 学习引擎完成 ===
[2026-03-02 15:20:30] quant.learning INFO: trade_journal 记录: 2026-03-02 集合竞价选股 (2 picks)
[2026-03-02 15:20:30] quant.learning INFO: trade_journal 记录: 2026-03-02 集合竞价选股 (1 picks)
[2026-03-02 15:20:30] quant.learning INFO: trade_journal 记录: 2026-03-02 集合竞价选股 (1 picks)
[2026-03-02 15:20:30] quant.learning INFO: trade_journal 已存在 2026-03-02 集合竞价选股, 跳过
[2026-03-02 15:20:30] quant.learning INFO: 信号分析无数据, 跳过权重调整
[2026-03-02 15:20:30] quant.learning INFO: 信号分析无数据, 跳过权重调整
[2026-03-02 15:20:30] quant.learning INFO: 信号权重已更新至 v1, 调整 1 个信号
[2026-03-02 15:20:30] quant.learning INFO: === 学习引擎启动 ===
[2026-03-02 15:20:30] quant.learning INFO: 信号分析无数据, 跳过权重调整
[2026-03-02 15:20:30] quant.learning INFO: 学习报告已生成
[2026-03-02 15:20:30] quant.learning INFO: 信号分析无数据, 跳过权重调整
[2026-03-02 15:20:30] quant.learning INFO: 无需调整权重
[2026-03-02 15:20:30] quant.learning INFO: === 学习引擎完成 ===
[2026-03-02 15:47:58] quant.learning INFO: trade_journal 记录: 2026-03-02 集合竞价选股 (2 picks)
[2026-03-02 15:47:58] quant.learning INFO: trade_journal 记录: 2026-03-02 集合竞价选股 (1 picks)
[2026-03-02 15:47:58] quant.learning INFO: trade_journal 记录: 2026-03-02 集合竞价选股 (1 picks)
[2026-03-02 15:47:58] quant.learning INFO: trade_journal 已存在 2026-03-02 集合竞价选股, 跳过
[2026-03-02 15:47:58] quant.learning INFO: 信号分析无数据, 跳过权重调整
[2026-03-02 15:47:58] quant.learning INFO: 信号分析无数据, 跳过权重调整
[2026-03-02 15:47:58] quant.learning INFO: 信号权重已更新至 v1, 调整 1 个信号
[2026-03-02 15:47:58] quant.learning INFO: === 学习引擎启动 ===
[2026-03-02 15:47:58] quant.learning INFO: 信号分析无数据, 跳过权重调整
[2026-03-02 15:47:58] quant.learning INFO: 学习报告已生成
[2026-03-02 15:47:58] quant.learning INFO: 信号分析无数据, 跳过权重调整
[2026-03-02 15:47:58] quant.learning INFO: 无需调整权重
[2026-03-02 15:47:58] quant.learning INFO: === 学习引擎完成 ===
[2026-03-02 15:57:01] quant.learning INFO: trade_journal 记录: 2026-03-02 集合竞价选股 (2 picks)
[2026-03-02 15:57:01] quant.learning INFO: trade_journal 记录: 2026-03-02 集合竞价选股 (1 picks)
[2026-03-02 15:57:01] quant.learning INFO: trade_journal 记录: 2026-03-02 集合竞价选股 (1 picks)
[2026-03-02 15:57:01] quant.learning INFO: trade_journal 已存在 2026-03-02 集合竞价选股, 跳过
[2026-03-02 15:57:01] quant.learning INFO: 信号分析无数据, 跳过权重调整
[2026-03-02 15:57:01] quant.learning INFO: 信号分析无数据, 跳过权重调整
[2026-03-02 15:57:01] quant.learning INFO: 信号权重已更新至 v1, 调整 1 个信号
[2026-03-02 15:57:01] quant.learning INFO: === 学习引擎启动 ===
[2026-03-02 15:57:01] quant.learning INFO: 信号分析无数据, 跳过权重调整
[2026-03-02 15:57:01] quant.learning INFO: 学习报告已生成
[2026-03-02 15:57:01] quant.learning INFO: 信号分析无数据, 跳过权重调整
[2026-03-02 15:57:01] quant.learning INFO: 无需调整信号权重
[2026-03-02 15:57:01] quant.learning INFO: === 学习引擎完成 ===
[2026-03-02 16:00:27] quant.learning INFO: trade_journal 记录: 2026-03-02 集合竞价选股 (2 picks)
[2026-03-02 16:00:27] quant.learning INFO: trade_journal 记录: 2026-03-02 集合竞价选股 (1 picks)
[2026-03-02 16:00:27] quant.learning INFO: trade_journal 记录: 2026-03-02 集合竞价选股 (1 picks)
[2026-03-02 16:00:27] quant.learning INFO: trade_journal 已存在 2026-03-02 集合竞价选股, 跳过
[2026-03-02 16:00:27] quant.learning INFO: 信号分析无数据, 跳过权重调整
[2026-03-02 16:00:27] quant.learning INFO: 信号分析无数据, 跳过权重调整
[2026-03-02 16:00:27] quant.learning INFO: 信号权重已更新至 v1, 调整 1 个信号
[2026-03-02 16:00:27] quant.learning INFO: === 学习引擎启动 ===
[2026-03-02 16:00:27] quant.learning INFO: 信号分析无数据, 跳过权重调整
[2026-03-02 16:00:27] quant.learning INFO: 学习报告已生成
[2026-03-02 16:00:27] quant.learning INFO: 信号分析无数据, 跳过权重调整
[2026-03-02 16:00:27] quant.learning INFO: 无需调整信号权重
[2026-03-02 16:00:27] quant.learning INFO: === 学习引擎完成 ===
[2026-03-02 16:03:38] quant.learning INFO: trade_journal 记录: 2026-03-02 集合竞价选股 (2 picks)
[2026-03-02 16:03:38] quant.learning INFO: trade_journal 记录: 2026-03-02 集合竞价选股 (1 picks)
[2026-03-02 16:03:38] quant.learning INFO: trade_journal 记录: 2026-03-02 集合竞价选股 (1 picks)
[2026-03-02 16:03:38] quant.learning INFO: trade_journal 已存在 2026-03-02 集合竞价选股, 跳过
[2026-03-02 16:03:38] quant.learning INFO: 信号分析无数据, 跳过权重调整
[2026-03-02 16:03:38] quant.learning INFO: 信号分析无数据, 跳过权重调整
[2026-03-02 16:03:38] quant.learning INFO: 信号权重已更新至 v1, 调整 1 个信号
[2026-03-02 16:03:38] quant.learning INFO: === 学习引擎启动 ===
[2026-03-02 16:03:38] quant.learning INFO: 信号分析无数据, 跳过权重调整
[2026-03-02 16:03:38] quant.learning INFO: 学习报告已生成
[2026-03-02 16:03:38] quant.learning INFO: 信号分析无数据, 跳过权重调整
[2026-03-02 16:03:38] quant.learning INFO: 无需调整信号权重
[2026-03-02 16:03:38] quant.learning INFO: === 学习引擎完成 ===
[2026-03-02 16:06:51] quant.learning INFO: trade_journal 记录: 2026-03-02 集合竞价选股 (2 picks)
[2026-03-02 16:06:51] quant.learning INFO: trade_journal 记录: 2026-03-02 集合竞价选股 (1 picks)
[2026-03-02 16:06:51] quant.learning INFO: trade_journal 记录: 2026-03-02 集合竞价选股 (1 picks)
[2026-03-02 16:06:51] quant.learning INFO: trade_journal 已存在 2026-03-02 集合竞价选股, 跳过
[2026-03-02 16:06:51] quant.learning INFO: 信号分析无数据, 跳过权重调整
[2026-03-02 16:06:51] quant.learning INFO: 信号分析无数据, 跳过权重调整
[2026-03-02 16:06:51] quant.learning INFO: 信号权重已更新至 v1, 调整 1 个信号
[2026-03-02 16:06:51] quant.learning INFO: === 学习引擎启动 ===
[2026-03-02 16:06:51] quant.learning INFO: 信号分析无数据, 跳过权重调整
[2026-03-02 16:06:51] quant.learning INFO: 学习报告已生成
[2026-03-02 16:06:51] quant.learning INFO: 信号分析无数据, 跳过权重调整
[2026-03-02 16:06:51] quant.learning INFO: 无需调整信号权重
[2026-03-02 16:06:51] quant.learning INFO: === 学习引擎完成 ===
[2026-03-02 16:10:21] quant.learning INFO: trade_journal 记录: 2026-03-02 集合竞价选股 (2 picks)
[2026-03-02 16:10:21] quant.learning INFO: trade_journal 记录: 2026-03-02 集合竞价选股 (1 picks)
[2026-03-02 16:10:21] quant.learning INFO: trade_journal 记录: 2026-03-02 集合竞价选股 (1 picks)
[2026-03-02 16:10:21] quant.learning INFO: trade_journal 已存在 2026-03-02 集合竞价选股, 跳过
[2026-03-02 16:10:21] quant.learning INFO: 信号分析无数据, 跳过权重调整
[2026-03-02 16:10:21] quant.learning INFO: 信号分析无数据, 跳过权重调整
[2026-03-02 16:10:21] quant.learning INFO: 信号权重已更新至 v1, 调整 1 个信号
[2026-03-02 16:10:21] quant.learning INFO: [自主进化] 采纳 breakout v1: 胜率+3.0% 收益+0.80%
[2026-03-02 16:10:21] quant.learning INFO: [自主进化] 发现 1 条新规则
[2026-03-02 16:10:21] quant.learning INFO: [自主进化] 发现 1 条新规则
[2026-03-02 16:10:21] quant.learning INFO: === 学习引擎启动 ===
[2026-03-02 16:10:21] quant.learning INFO: 信号分析无数据, 跳过权重调整
[2026-03-02 16:10:21] quant.learning INFO: 学习报告已生成
[2026-03-02 16:10:21] quant.learning INFO: 信号分析无数据, 跳过权重调整
[2026-03-02 16:10:21] quant.learning INFO: 无需调整信号权重
[2026-03-02 16:10:21] quant.learning INFO: === 学习引擎完成 ===
[2026-03-02 16:10:55] quant.learning INFO: trade_journal 记录: 2026-03-02 集合竞价选股 (2 picks)
[2026-03-02 16:10:55] quant.learning INFO: trade_journal 记录: 2026-03-02 集合竞价选股 (1 picks)
[2026-03-02 16:10:55] quant.learning INFO: trade_journal 记录: 2026-03-02 集合竞价选股 (1 picks)
[2026-03-02 16:10:55] quant.learning INFO: trade_journal 已存在 2026-03-02 集合竞价选股, 跳过
[2026-03-02 16:10:55] quant.learning INFO: 信号分析无数据, 跳过权重调整
[2026-03-02 16:10:55] quant.learning INFO: 信号分析无数据, 跳过权重调整
[2026-03-02 16:10:55] quant.learning INFO: 信号权重已更新至 v1, 调整 1 个信号
[2026-03-02 16:10:55] quant.learning INFO: [自主进化] 采纳 breakout v1: 胜率+3.0% 收益+0.80%
[2026-03-02 16:10:55] quant.learning INFO: [自主进化] 发现 1 条新规则
[2026-03-02 16:10:55] quant.learning INFO: [自主进化] 发现 1 条新规则
[2026-03-02 16:10:55] quant.learning INFO: === 学习引擎启动 ===
[2026-03-02 16:10:55] quant.learning INFO: 信号分析无数据, 跳过权重调整
[2026-03-02 16:10:55] quant.learning INFO: 学习报告已生成
[2026-03-02 16:10:55] quant.learning INFO: 信号分析无数据, 跳过权重调整
[2026-03-02 16:10:55] quant.learning INFO: 无需调整信号权重
[2026-03-02 16:10:55] quant.learning INFO: === 学习引擎完成 ===
[2026-03-02 16:30:29] quant.learning INFO: === 学习引擎启动 ===
[2026-03-02 16:30:29] quant.learning INFO: 信号分析无数据, 跳过权重调整
[2026-03-02 16:30:29] quant.learning INFO: 学习报告已生成
[2026-03-02 16:30:29] quant.learning INFO: 信号分析无数据, 跳过权重调整
[2026-03-02 16:30:29] quant.learning INFO: 无需调整信号权重
[2026-03-02 16:30:29] quant.learning INFO: === 学习引擎完成 ===
[2026-03-02 16:36:16] quant.learning INFO: trade_journal 记录: 2026-03-02 集合竞价选股 (2 picks)
[2026-03-02 16:36:16] quant.learning INFO: trade_journal 记录: 2026-03-02 集合竞价选股 (1 picks)
[2026-03-02 16:36:16] quant.learning INFO: trade_journal 记录: 2026-03-02 集合竞价选股 (1 picks)
[2026-03-02 16:36:16] quant.learning INFO: trade_journal 已存在 2026-03-02 集合竞价选股, 跳过
[2026-03-02 16:36:16] quant.learning INFO: 信号分析无数据, 跳过权重调整
[2026-03-02 16:36:16] quant.learning INFO: 信号分析无数据, 跳过权重调整
[2026-03-02 16:36:16] quant.learning INFO: 信号权重已更新至 v1, 调整 1 个信号
[2026-03-02 16:36:16] quant.learning INFO: [自主进化] 采纳 breakout v1: 胜率+3.0% 收益+0.80%
[2026-03-02 16:36:16] quant.learning INFO: [自主进化] 发现 1 条新规则
[2026-03-02 16:36:16] quant.learning INFO: [自主进化] 发现 1 条新规则
[2026-03-02 16:36:16] quant.learning INFO: === 学习引擎启动 ===
[2026-03-02 16:36:16] quant.learning INFO: 信号分析无数据, 跳过权重调整
[2026-03-02 16:36:16] quant.learning INFO: 学习报告已生成
[2026-03-02 16:36:16] quant.learning INFO: 信号分析无数据, 跳过权重调整
[2026-03-02 16:36:16] quant.learning INFO: 无需调整信号权重
[2026-03-02 16:36:16] quant.learning INFO: === 学习引擎完成 ===
[2026-03-02 16:49:40] quant.learning INFO: trade_journal 记录: 2026-03-02 集合竞价选股 (2 picks)
[2026-03-02 16:49:40] quant.learning INFO: trade_journal 记录: 2026-03-02 集合竞价选股 (1 picks)
[2026-03-02 16:49:40] quant.learning INFO: trade_journal 记录: 2026-03-02 集合竞价选股 (1 picks)
[2026-03-02 16:49:40] quant.learning INFO: trade_journal 已存在 2026-03-02 集合竞价选股, 跳过
[2026-03-02 16:49:40] quant.learning INFO: 信号分析无数据, 跳过权重调整
[2026-03-02 16:49:40] quant.learning INFO: 信号分析无数据, 跳过权重调整
[2026-03-02 16:49:40] quant.learning INFO: 信号权重已更新至 v1, 调整 1 个信号
[2026-03-02 16:49:40] quant.learning INFO: [自主进化] 采纳 breakout v1: 胜率+3.0% 收益+0.80%
[2026-03-02 16:49:40] quant.learning INFO: [自主进化] 发现 1 条新规则
[2026-03-02 16:49:40] quant.learning INFO: [自主进化] 发现 1 条新规则
[2026-03-02 16:49:40] quant.learning INFO: === 学习引擎启动 ===
[2026-03-02 16:49:40] quant.learning INFO: 信号分析无数据, 跳过权重调整
[2026-03-02 16:49:40] quant.learning INFO: 学习报告已生成
[2026-03-02 16:49:40] quant.learning INFO: 信号分析无数据, 跳过权重调整
[2026-03-02 16:49:40] quant.learning INFO: 无需调整信号权重
[2026-03-02 16:49:40] quant.learning INFO: === 学习引擎完成 ===
[2026-03-02 16:53:23] quant.learning INFO: trade_journal 记录: 2026-03-02 集合竞价选股 (2 picks)
[2026-03-02 16:53:23] quant.learning INFO: trade_journal 记录: 2026-03-02 集合竞价选股 (1 picks)
[2026-03-02 16:53:23] quant.learning INFO: trade_journal 记录: 2026-03-02 集合竞价选股 (1 picks)
[2026-03-02 16:53:23] quant.learning INFO: trade_journal 已存在 2026-03-02 集合竞价选股, 跳过
[2026-03-02 16:53:23] quant.learning INFO: 信号分析无数据, 跳过权重调整
[2026-03-02 16:53:23] quant.learning INFO: 信号分析无数据, 跳过权重调整
[2026-03-02 16:53:23] quant.learning INFO: 信号权重已更新至 v1, 调整 1 个信号
[2026-03-02 16:53:23] quant.learning INFO: [自主进化] 采纳 breakout v1: 胜率+3.0% 收益+0.80%
[2026-03-02 16:53:23] quant.learning INFO: [自主进化] 发现 1 条新规则
[2026-03-02 16:53:23] quant.learning INFO: [自主进化] 发现 1 条新规则
[2026-03-02 16:53:23] quant.learning INFO: === 学习引擎启动 ===
[2026-03-02 16:53:23] quant.learning INFO: 信号分析无数据, 跳过权重调整
[2026-03-02 16:53:23] quant.learning INFO: 学习报告已生成
[2026-03-02 16:53:23] quant.learning INFO: 信号分析无数据, 跳过权重调整
[2026-03-02 16:53:23] quant.learning INFO: 无需调整信号权重
[2026-03-02 16:53:23] quant.learning INFO: === 学习引擎完成 ===
[2026-03-02 16:59:20] quant.learning INFO: trade_journal 记录: 2026-03-02 集合竞价选股 (2 picks)
[2026-03-02 16:59:20] quant.learning INFO: trade_journal 记录: 2026-03-02 集合竞价选股 (1 picks)
[2026-03-02 16:59:20] quant.learning INFO: trade_journal 记录: 2026-03-02 集合竞价选股 (1 picks)
[2026-03-02 16:59:20] quant.learning INFO: trade_journal 已存在 2026-03-02 集合竞价选股, 跳过
[2026-03-02 16:59:20] quant.learning INFO: 信号分析无数据, 跳过权重调整
[2026-03-02 16:59:20] quant.learning INFO: 信号分析无数据, 跳过权重调整
[2026-03-02 16:59:20] quant.learning INFO: 信号权重已更新至 v1, 调整 1 个信号
[2026-03-02 16:59:20] quant.learning INFO: [自主进化] 采纳 breakout v1: 胜率+3.0% 收益+0.80%
[2026-03-02 16:59:20] quant.learning INFO: [自主进化] 发现 1 条新规则
[2026-03-02 16:59:20] quant.learning INFO: [自主进化] 发现 1 条新规则
[2026-03-02 16:59:20] quant.learning INFO: === 学习引擎启动 ===
[2026-03-02 16:59:20] quant.learning INFO: 信号分析无数据, 跳过权重调整
[2026-03-02 16:59:20] quant.learning INFO: 学习报告已生成
[2026-03-02 16:59:20] quant.learning INFO: 信号分析无数据, 跳过权重调整
[2026-03-02 16:59:20] quant.learning INFO: 无需调整信号权重
[2026-03-02 16:59:20] quant.learning INFO: === 学习引擎完成 ===
[2026-03-02 17:09:08] quant.learning INFO: trade_journal 记录: 2026-03-02 集合竞价选股 (2 picks)
[2026-03-02 17:09:08] quant.learning INFO: trade_journal 记录: 2026-03-02 集合竞价选股 (1 picks)
[2026-03-02 17:09:08] quant.learning INFO: trade_journal 记录: 2026-03-02 集合竞价选股 (1 picks)
[2026-03-02 17:09:08] quant.learning INFO: trade_journal 已存在 2026-03-02 集合竞价选股, 跳过
[2026-03-02 17:09:08] quant.learning INFO: 信号分析无数据, 跳过权重调整
[2026-03-02 17:09:08] quant.learning INFO: 信号分析无数据, 跳过权重调整
[2026-03-02 17:09:08] quant.learning INFO: 信号权重已更新至 v1, 调整 1 个信号
[2026-03-02 17:09:08] quant.learning INFO: [自主进化] 采纳 breakout v1: 胜率+3.0% 收益+0.80%
[2026-03-02 17:09:08] quant.learning INFO: [自主进化] 发现 1 条新规则
[2026-03-02 17:09:08] quant.learning INFO: [自主进化] 发现 1 条新规则
[2026-03-02 17:09:08] quant.learning INFO: === 学习引擎启动 ===
[2026-03-02 17:09:08] quant.learning INFO: 信号分析无数据, 跳过权重调整
[2026-03-02 17:09:08] quant.learning INFO: 学习报告已生成
[2026-03-02 17:09:08] quant.learning INFO: 信号分析无数据, 跳过权重调整
[2026-03-02 17:09:08] quant.learning INFO: 无需调整信号权重
[2026-03-02 17:09:08] quant.learning INFO: === 学习引擎完成 ===
[2026-03-02 17:22:58] quant.learning INFO: trade_journal 记录: 2026-03-02 集合竞价选股 (2 picks)
[2026-03-02 17:22:58] quant.learning INFO: trade_journal 记录: 2026-03-02 集合竞价选股 (1 picks)
[2026-03-02 17:22:58] quant.learning INFO: trade_journal 记录: 2026-03-02 集合竞价选股 (1 picks)
[2026-03-02 17:22:58] quant.learning INFO: trade_journal 已存在 2026-03-02 集合竞价选股, 跳过
[2026-03-02 17:22:58] quant.learning INFO: 信号分析无数据, 跳过权重调整
[2026-03-02 17:22:58] quant.learning INFO: 信号分析无数据, 跳过权重调整
[2026-03-02 17:22:58] quant.learning INFO: 信号权重已更新至 v1, 调整 1 个信号
[2026-03-02 17:22:58] quant.learning INFO: [自主进化] 采纳 breakout v1: 胜率+3.0% 收益+0.80%
[2026-03-02 17:22:58] quant.learning INFO: [自主进化] 发现 1 条新规则
[2026-03-02 17:22:58] quant.learning INFO: [自主进化] 发现 1 条新规则
[2026-03-02 17:22:58] quant.learning INFO: === 学习引擎启动 ===
[2026-03-02 17:22:58] quant.learning INFO: 信号分析无数据, 跳过权重调整
[2026-03-02 17:22:58] quant.learning INFO: 学习报告已生成
[2026-03-02 17:22:58] quant.learning INFO: 信号分析无数据, 跳过权重调整
[2026-03-02 17:22:58] quant.learning INFO: 无需调整信号权重
[2026-03-02 17:22:58] quant.learning INFO: === 学习引擎完成 ===
[2026-03-02 17:26:45] quant.learning INFO: trade_journal 记录: 2026-03-02 集合竞价选股 (2 picks)
[2026-03-02 17:26:45] quant.learning INFO: trade_journal 记录: 2026-03-02 集合竞价选股 (1 picks)
[2026-03-02 17:26:45] quant.learning INFO: trade_journal 记录: 2026-03-02 集合竞价选股 (1 picks)
[2026-03-02 17:26:45] quant.learning INFO: trade_journal 已存在 2026-03-02 集合竞价选股, 跳过
[2026-03-02 17:26:45] quant.learning INFO: 信号分析无数据, 跳过权重调整
[2026-03-02 17:26:45] quant.learning INFO: 信号分析无数据, 跳过权重调整
[2026-03-02 17:26:45] quant.learning INFO: 信号权重已更新至 v1, 调整 1 个信号
[2026-03-02 17:26:45] quant.learning INFO: [自主进化] 采纳 breakout v1: 胜率+3.0% 收益+0.80%
[2026-03-02 17:26:45] quant.learning INFO: [自主进化] 发现 1 条新规则
[2026-03-02 17:26:45] quant.learning INFO: [自主进化] 发现 1 条新规则
[2026-03-02 17:26:45] quant.learning INFO: === 学习引擎启动 ===
[2026-03-02 17:26:45] quant.learning INFO: 信号分析无数据, 跳过权重调整
[2026-03-02 17:26:45] quant.learning INFO: 学习报告已生成
[2026-03-02 17:26:45] quant.learning INFO: 信号分析无数据, 跳过权重调整
[2026-03-02 17:26:45] quant.learning INFO: 无需调整信号权重
[2026-03-02 17:26:45] quant.learning INFO: === 学习引擎完成 ===
[2026-03-02 17:35:30] quant.learning INFO: trade_journal 记录: 2026-03-02 集合竞价选股 (2 picks)
[2026-03-02 17:35:30] quant.learning INFO: trade_journal 记录: 2026-03-02 集合竞价选股 (1 picks)
[2026-03-02 17:35:30] quant.learning INFO: trade_journal 记录: 2026-03-02 集合竞价选股 (1 picks)
[2026-03-02 17:35:30] quant.learning INFO: trade_journal 已存在 2026-03-02 集合竞价选股, 跳过
[2026-03-02 17:35:30] quant.learning INFO: 信号分析无数据, 跳过权重调整
[2026-03-02 17:35:30] quant.learning INFO: 信号分析无数据, 跳过权重调整
[2026-03-02 17:35:30] quant.learning INFO: 信号权重已更新至 v1, 调整 1 个信号
[2026-03-02 17:35:30] quant.learning INFO: [自主进化] 采纳 breakout v1: 胜率+3.0% 收益+0.80%
[2026-03-02 17:35:30] quant.learning INFO: [自主进化] 发现 1 条新规则
[2026-03-02 17:35:30] quant.learning INFO: [自主进化] 发现 1 条新规则
[2026-03-02 17:35:30] quant.learning INFO: === 学习引擎启动 ===
[2026-03-02 17:35:30] quant.learning INFO: 信号分析无数据, 跳过权重调整
[2026-03-02 17:35:30] quant.learning INFO: 学习报告已生成
[2026-03-02 17:35:30] quant.learning INFO: 信号分析无数据, 跳过权重调整
[2026-03-02 17:35:30] quant.learning INFO: 无需调整信号权重
[2026-03-02 17:35:30] quant.learning INFO: === 学习引擎完成 ===
[2026-03-02 18:13:01] quant.learning INFO: trade_journal 记录: 2026-03-02 集合竞价选股 (2 picks)
[2026-03-02 18:13:01] quant.learning INFO: trade_journal 记录: 2026-03-02 集合竞价选股 (1 picks)
[2026-03-02 18:13:01] quant.learning INFO: trade_journal 记录: 2026-03-02 集合竞价选股 (1 picks)
[2026-03-02 18:13:01] quant.learning INFO: trade_journal 已存在 2026-03-02 集合竞价选股, 跳过
[2026-03-02 18:13:01] quant.learning INFO: 信号分析无数据, 跳过权重调整
[2026-03-02 18:13:01] quant.learning INFO: 信号分析无数据, 跳过权重调整
[2026-03-02 18:13:01] quant.learning INFO: 信号权重已更新至 v1, 调整 1 个信号
[2026-03-02 18:13:01] quant.learning INFO: [自主进化] 采纳 breakout v1: 胜率+3.0% 收益+0.80%
[2026-03-02 18:13:01] quant.learning INFO: [自主进化] 发现 1 条新规则
[2026-03-02 18:13:01] quant.learning INFO: [自主进化] 发现 1 条新规则
[2026-03-02 18:13:01] quant.learning INFO: === 学习引擎启动 ===
[2026-03-02 18:13:01] quant.learning INFO: 信号分析无数据, 跳过权重调整
[2026-03-02 18:13:01] quant.learning INFO: 学习报告已生成
[2026-03-02 18:13:01] quant.learning INFO: 信号分析无数据, 跳过权重调整
[2026-03-02 18:13:01] quant.learning INFO: 无需调整信号权重
[2026-03-02 18:13:01] quant.learning INFO: === 学习引擎完成 ===
[2026-03-02 18:17:31] quant.learning INFO: trade_journal 记录: 2026-03-02 集合竞价选股 (2 picks)
[2026-03-02 18:17:31] quant.learning INFO: trade_journal 记录: 2026-03-02 集合竞价选股 (1 picks)
[2026-03-02 18:17:31] quant.learning INFO: trade_journal 记录: 2026-03-02 集合竞价选股 (1 picks)
[2026-03-02 18:17:31] quant.learning INFO: trade_journal 已存在 2026-03-02 集合竞价选股, 跳过
[2026-03-02 18:17:31] quant.learning INFO: 信号分析无数据, 跳过权重调整
[2026-03-02 18:17:31] quant.learning INFO: 信号分析无数据, 跳过权重调整
[2026-03-02 18:17:31] quant.learning INFO: 信号权重已更新至 v1, 调整 1 个信号
[2026-03-02 18:17:31] quant.learning INFO: [自主进化] 采纳 breakout v1: 胜率+3.0% 收益+0.80%
[2026-03-02 18:17:31] quant.learning INFO: [自主进化] 发现 1 条新规则
[2026-03-02 18:17:31] quant.learning INFO: [自主进化] 发现 1 条新规则
[2026-03-02 18:17:31] quant.learning INFO: === 学习引擎启动 ===
[2026-03-02 18:17:31] quant.learning INFO: 信号分析无数据, 跳过权重调整
[2026-03-02 18:17:31] quant.learning INFO: 学习报告已生成
[2026-03-02 18:17:31] quant.learning INFO: 信号分析无数据, 跳过权重调整
[2026-03-02 18:17:31] quant.learning INFO: 无需调整信号权重
[2026-03-02 18:17:31] quant.learning INFO: === 学习引擎完成 ===
[2026-03-02 18:21:38] quant.learning INFO: trade_journal 记录: 2026-03-02 集合竞价选股 (2 picks)
[2026-03-02 18:21:38] quant.learning INFO: trade_journal 记录: 2026-03-02 集合竞价选股 (1 picks)
[2026-03-02 18:21:38] quant.learning INFO: trade_journal 记录: 2026-03-02 集合竞价选股 (1 picks)
[2026-03-02 18:21:38] quant.learning INFO: trade_journal 已存在 2026-03-02 集合竞价选股, 跳过
[2026-03-02 18:21:38] quant.learning INFO: 信号分析无数据, 跳过权重调整
[2026-03-02 18:21:38] quant.learning INFO: 信号分析无数据, 跳过权重调整
[2026-03-02 18:21:38] quant.learning INFO: 信号权重已更新至 v1, 调整 1 个信号
[2026-03-02 18:21:38] quant.learning INFO: [自主进化] 采纳 breakout v1: 胜率+3.0% 收益+0.80%
[2026-03-02 18:21:38] quant.learning INFO: [自主进化] 发现 1 条新规则
[2026-03-02 18:21:38] quant.learning INFO: [自主进化] 发现 1 条新规则
[2026-03-02 18:21:38] quant.learning INFO: === 学习引擎启动 ===
[2026-03-02 18:21:38] quant.learning INFO: 信号分析无数据, 跳过权重调整
[2026-03-02 18:21:38] quant.learning INFO: 学习报告已生成
[2026-03-02 18:21:38] quant.learning INFO: 信号分析无数据, 跳过权重调整
[2026-03-02 18:21:38] quant.learning INFO: 无需调整信号权重
[2026-03-02 18:21:38] quant.learning INFO: === 学习引擎完成 ===
[2026-03-02 19:41:21] quant.learning INFO: trade_journal 记录: 2026-03-02 集合竞价选股 (2 picks)
[2026-03-02 19:41:21] quant.learning INFO: trade_journal 记录: 2026-03-02 集合竞价选股 (1 picks)
[2026-03-02 19:41:21] quant.learning INFO: trade_journal 记录: 2026-03-02 集合竞价选股 (1 picks)
[2026-03-02 19:41:21] quant.learning INFO: trade_journal 已存在 2026-03-02 集合竞价选股, 跳过
[2026-03-02 19:41:21] quant.learning INFO: 信号分析无数据, 跳过权重调整
[2026-03-02 19:41:21] quant.learning INFO: 信号分析无数据, 跳过权重调整
[2026-03-02 19:41:21] quant.learning INFO: 信号权重已更新至 v1, 调整 1 个信号
[2026-03-02 19:41:21] quant.learning INFO: [自主进化] 采纳 breakout v1: 胜率+3.0% 收益+0.80%
[2026-03-02 19:41:21] quant.learning INFO: [自主进化] 发现 1 条新规则
[2026-03-02 19:41:21] quant.learning INFO: [自主进化] 发现 1 条新规则
[2026-03-02 19:41:21] quant.learning INFO: === 学习引擎启动 ===
[2026-03-02 19:41:21] quant.learning INFO: 信号分析无数据, 跳过权重调整
[2026-03-02 19:41:21] quant.learning INFO: 学习报告已生成
[2026-03-02 19:41:21] quant.learning INFO: 信号分析无数据, 跳过权重调整
[2026-03-02 19:41:21] quant.learning INFO: 无需调整信号权重
[2026-03-02 19:41:21] quant.learning INFO: === 学习引擎完成 ===
[2026-03-02 19:52:15] quant.learning INFO: trade_journal 记录: 2026-03-02 集合竞价选股 (2 picks)
[2026-03-02 19:52:15] quant.learning INFO: trade_journal 记录: 2026-03-02 集合竞价选股 (1 picks)
[2026-03-02 19:52:15] quant.learning INFO: trade_journal 记录: 2026-03-02 集合竞价选股 (1 picks)
[2026-03-02 19:52:15] quant.learning INFO: trade_journal 已存在 2026-03-02 集合竞价选股, 跳过
[2026-03-02 19:52:15] quant.learning INFO: 信号分析无数据, 跳过权重调整
[2026-03-02 19:52:15] quant.learning INFO: 信号分析无数据, 跳过权重调整
[2026-03-02 19:52:15] quant.learning INFO: 信号权重已更新至 v1, 调整 1 个信号
[2026-03-02 19:52:15] quant.learning INFO: [自主进化] 采纳 breakout v1: 胜率+3.0% 收益+0.80%
[2026-03-02 19:52:15] quant.learning INFO: [自主进化] 发现 1 条新规则
[2026-03-02 19:52:15] quant.learning INFO: [自主进化] 发现 1 条新规则
[2026-03-02 19:52:15] quant.learning INFO: === 学习引擎启动 ===
[2026-03-02 19:52:15] quant.learning INFO: 信号分析无数据, 跳过权重调整
[2026-03-02 19:52:15] quant.learning INFO: 学习报告已生成
[2026-03-02 19:52:15] quant.learning INFO: 信号分析无数据, 跳过权重调整
[2026-03-02 19:52:15] quant.learning INFO: 无需调整信号权重
[2026-03-02 19:52:15] quant.learning INFO: === 学习引擎完成 ===
[2026-03-02 20:01:48] quant.learning INFO: trade_journal 记录: 2026-03-02 集合竞价选股 (2 picks)
[2026-03-02 20:01:48] quant.learning INFO: trade_journal 记录: 2026-03-02 集合竞价选股 (1 picks)
[2026-03-02 20:01:48] quant.learning INFO: trade_journal 记录: 2026-03-02 集合竞价选股 (1 picks)
[2026-03-02 20:01:48] quant.learning INFO: trade_journal 已存在 2026-03-02 集合竞价选股, 跳过
[2026-03-02 20:01:48] quant.learning INFO: 信号分析无数据, 跳过权重调整
[2026-03-02 20:01:48] quant.learning INFO: 信号分析无数据, 跳过权重调整
[2026-03-02 20:01:48] quant.learning INFO: 信号权重已更新至 v1, 调整 1 个信号
[2026-03-02 20:01:48] quant.learning INFO: [自主进化] 采纳 breakout v1: 胜率+3.0% 收益+0.80%
[2026-03-02 20:01:48] quant.learning INFO: [自主进化] 发现 1 条新规则
[2026-03-02 20:01:48] quant.learning INFO: [自主进化] 发现 1 条新规则
[2026-03-02 20:01:48] quant.learning INFO: === 学习引擎启动 ===
[2026-03-02 20:01:48] quant.learning INFO: 信号分析无数据, 跳过权重调整
[2026-03-02 20:01:48] quant.learning INFO: 学习报告已生成
[2026-03-02 20:01:48] quant.learning INFO: 信号分析无数据, 跳过权重调整
[2026-03-02 20:01:48] quant.learning INFO: 无需调整信号权重
[2026-03-02 20:01:48] quant.learning INFO: === 学习引擎完成 ===
[2026-03-02 20:11:16] quant.learning INFO: trade_journal 记录: 2026-03-02 集合竞价选股 (2 picks)
[2026-03-02 20:11:16] quant.learning INFO: trade_journal 记录: 2026-03-02 集合竞价选股 (1 picks)
[2026-03-02 20:11:16] quant.learning INFO: trade_journal 记录: 2026-03-02 集合竞价选股 (1 picks)
[2026-03-02 20:11:16] quant.learning INFO: trade_journal 已存在 2026-03-02 集合竞价选股, 跳过
[2026-03-02 20:11:16] quant.learning INFO: 信号分析无数据, 跳过权重调整
[2026-03-02 20:11:16] quant.learning INFO: 信号分析无数据, 跳过权重调整
[2026-03-02 20:11:16] quant.learning INFO: 信号权重已更新至 v1, 调整 1 个信号
[2026-03-02 20:11:16] quant.learning INFO: [自主进化] 采纳 breakout v1: 胜率+3.0% 收益+0.80%
[2026-03-02 20:11:16] quant.learning INFO: [自主进化] 发现 1 条新规则
[2026-03-02 20:11:16] quant.learning INFO: [自主进化] 发现 1 条新规则
[2026-03-02 20:11:16] quant.learning INFO: === 学习引擎启动 ===
[2026-03-02 20:11:16] quant.learning INFO: 信号分析无数据, 跳过权重调整
[2026-03-02 20:11:16] quant.learning INFO: 学习报告已生成
[2026-03-02 20:11:16] quant.learning INFO: 信号分析无数据, 跳过权重调整
[2026-03-02 20:11:16] quant.learning INFO: 无需调整信号权重
[2026-03-02 20:11:16] quant.learning INFO: === 学习引擎完成 ===
[2026-03-02 20:20:34] quant.learning INFO: trade_journal 记录: 2026-03-02 集合竞价选股 (2 picks)
[2026-03-02 20:20:34] quant.learning INFO: trade_journal 记录: 2026-03-02 集合竞价选股 (1 picks)
[2026-03-02 20:20:34] quant.learning INFO: trade_journal 记录: 2026-03-02 集合竞价选股 (1 picks)
[2026-03-02 20:20:34] quant.learning INFO: trade_journal 已存在 2026-03-02 集合竞价选股, 跳过
[2026-03-02 20:20:34] quant.learning INFO: 信号分析无数据, 跳过权重调整
[2026-03-02 20:20:34] quant.learning INFO: 信号分析无数据, 跳过权重调整
[2026-03-02 20:20:34] quant.learning INFO: 信号权重已更新至 v1, 调整 1 个信号
[2026-03-02 20:20:34] quant.learning INFO: [自主进化] 采纳 breakout v1: 胜率+3.0% 收益+0.80%
[2026-03-02 20:20:34] quant.learning INFO: [自主进化] 发现 1 条新规则
[2026-03-02 20:20:34] quant.learning INFO: [自主进化] 发现 1 条新规则
[2026-03-02 20:20:34] quant.learning INFO: === 学习引擎启动 ===
[2026-03-02 20:20:34] quant.learning INFO: 信号分析无数据, 跳过权重调整
[2026-03-02 20:20:34] quant.learning INFO: 学习报告已生成
[2026-03-02 20:20:34] quant.learning INFO: 信号分析无数据, 跳过权重调整
[2026-03-02 20:20:34] quant.learning INFO: 无需调整信号权重
[2026-03-02 20:20:34] quant.learning INFO: === 学习引擎完成 ===
[2026-03-02 20:41:38] quant.learning INFO: trade_journal 记录: 2026-03-02 集合竞价选股 (2 picks)
[2026-03-02 20:41:38] quant.learning INFO: trade_journal 记录: 2026-03-02 集合竞价选股 (1 picks)
[2026-03-02 20:41:38] quant.learning INFO: trade_journal 记录: 2026-03-02 集合竞价选股 (1 picks)
[2026-03-02 20:41:38] quant.learning INFO: trade_journal 已存在 2026-03-02 集合竞价选股, 跳过
[2026-03-02 20:41:38] quant.learning INFO: 信号分析无数据, 跳过权重调整
[2026-03-02 20:41:38] quant.learning INFO: 信号分析无数据, 跳过权重调整
[2026-03-02 20:41:38] quant.learning INFO: 信号权重已更新至 v1, 调整 1 个信号
[2026-03-02 20:41:38] quant.learning INFO: [自主进化] 采纳 breakout v1: 胜率+3.0% 收益+0.80%
[2026-03-02 20:41:38] quant.learning INFO: [自主进化] 发现 1 条新规则
[2026-03-02 20:41:38] quant.learning INFO: [自主进化] 发现 1 条新规则
[2026-03-02 20:41:38] quant.learning INFO: === 学习引擎启动 ===
[2026-03-02 20:41:38] quant.learning INFO: 信号分析无数据, 跳过权重调整
[2026-03-02 20:41:38] quant.learning INFO: 学习报告已生成
[2026-03-02 20:41:38] quant.learning INFO: 信号分析无数据, 跳过权重调整
[2026-03-02 20:41:38] quant.learning INFO: 无需调整信号权重
[2026-03-02 20:41:38] quant.learning INFO: === 学习引擎完成 ===
[2026-03-02 20:48:58] quant.learning INFO: trade_journal 记录: 2026-03-02 集合竞价选股 (2 picks)
[2026-03-02 20:48:58] quant.learning INFO: trade_journal 记录: 2026-03-02 集合竞价选股 (1 picks)
[2026-03-02 20:48:58] quant.learning INFO: trade_journal 记录: 2026-03-02 集合竞价选股 (1 picks)
[2026-03-02 20:48:58] quant.learning INFO: trade_journal 已存在 2026-03-02 集合竞价选股, 跳过
[2026-03-02 20:48:58] quant.learning INFO: 信号分析无数据, 跳过权重调整
[2026-03-02 20:48:58] quant.learning INFO: 信号分析无数据, 跳过权重调整
[2026-03-02 20:48:58] quant.learning INFO: 信号权重已更新至 v1, 调整 1 个信号
[2026-03-02 20:48:58] quant.learning INFO: [自主进化] 采纳 breakout v1: 胜率+3.0% 收益+0.80%
[2026-03-02 20:48:58] quant.learning INFO: [自主进化] 发现 1 条新规则
[2026-03-02 20:48:58] quant.learning INFO: [自主进化] 发现 1 条新规则
[2026-03-02 20:48:58] quant.learning INFO: === 学习引擎启动 ===
[2026-03-02 20:48:58] quant.learning INFO: 信号分析无数据, 跳过权重调整
[2026-03-02 20:48:58] quant.learning INFO: 学习报告已生成
[2026-03-02 20:48:58] quant.learning INFO: 信号分析无数据, 跳过权重调整
[2026-03-02 20:48:58] quant.learning INFO: 无需调整信号权重
[2026-03-02 20:48:58] quant.learning INFO: === 学习引擎完成 ===
[2026-03-02 20:52:46] quant.learning INFO: trade_journal 记录: 2026-03-02 集合竞价选股 (2 picks)
[2026-03-02 20:52:46] quant.learning INFO: trade_journal 记录: 2026-03-02 集合竞价选股 (1 picks)
[2026-03-02 20:52:46] quant.learning INFO: trade_journal 记录: 2026-03-02 集合竞价选股 (1 picks)
[2026-03-02 20:52:46] quant.learning INFO: trade_journal 已存在 2026-03-02 集合竞价选股, 跳过
[2026-03-02 20:52:46] quant.learning INFO: 信号分析无数据, 跳过权重调整
[2026-03-02 20:52:46] quant.learning INFO: 信号分析无数据, 跳过权重调整
[2026-03-02 20:52:46] quant.learning INFO: 信号权重已更新至 v1, 调整 1 个信号
[2026-03-02 20:52:46] quant.learning INFO: [自主进化] 采纳 breakout v1: 胜率+3.0% 收益+0.80%
[2026-03-02 20:52:46] quant.learning INFO: [自主进化] 发现 1 条新规则
[2026-03-02 20:52:46] quant.learning INFO: [自主进化] 发现 1 条新规则
[2026-03-02 20:52:46] quant.learning INFO: === 学习引擎启动 ===
[2026-03-02 20:52:46] quant.learning INFO: 信号分析无数据, 跳过权重调整
[2026-03-02 20:52:46] quant.learning INFO: 学习报告已生成
[2026-03-02 20:52:46] quant.learning INFO: 信号分析无数据, 跳过权重调整
[2026-03-02 20:52:46] quant.learning INFO: 无需调整信号权重
[2026-03-02 20:52:46] quant.learning INFO: === 学习引擎完成 ===
[2026-03-02 20:58:46] quant.learning INFO: trade_journal 记录: 2026-03-02 集合竞价选股 (2 picks)
[2026-03-02 20:58:46] quant.learning INFO: trade_journal 记录: 2026-03-02 集合竞价选股 (1 picks)
[2026-03-02 20:58:46] quant.learning INFO: trade_journal 记录: 2026-03-02 集合竞价选股 (1 picks)
[2026-03-02 20:58:46] quant.learning INFO: trade_journal 已存在 2026-03-02 集合竞价选股, 跳过
[2026-03-02 20:58:47] quant.learning INFO: 信号分析无数据, 跳过权重调整
[2026-03-02 20:58:47] quant.learning INFO: 信号分析无数据, 跳过权重调整
[2026-03-02 20:58:47] quant.learning INFO: 信号权重已更新至 v1, 调整 1 个信号
[2026-03-02 20:58:47] quant.learning INFO: [自主进化] 采纳 breakout v1: 胜率+3.0% 收益+0.80%
[2026-03-02 20:58:47] quant.learning INFO: [自主进化] 发现 1 条新规则
[2026-03-02 20:58:47] quant.learning INFO: [自主进化] 发现 1 条新规则
[2026-03-02 20:58:47] quant.learning INFO: === 学习引擎启动 ===
[2026-03-02 20:58:47] quant.learning INFO: 信号分析无数据, 跳过权重调整
[2026-03-02 20:58:47] quant.learning INFO: 学习报告已生成
[2026-03-02 20:58:47] quant.learning INFO: 信号分析无数据, 跳过权重调整
[2026-03-02 20:58:47] quant.learning INFO: 无需调整信号权重
[2026-03-02 20:58:47] quant.learning INFO: === 学习引擎完成 ===
[2026-03-02 21:10:38] quant.learning INFO: trade_journal 记录: 2026-03-02 期货趋势选股 (1 picks)
[2026-03-02 21:27:18] quant.learning INFO: trade_journal 记录: 2026-03-02 集合竞价选股 (2 picks)
[2026-03-02 21:27:18] quant.learning INFO: trade_journal 记录: 2026-03-02 集合竞价选股 (1 picks)
[2026-03-02 21:27:18] quant.learning INFO: trade_journal 记录: 2026-03-02 集合竞价选股 (1 picks)
[2026-03-02 21:27:18] quant.learning INFO: trade_journal 已存在 2026-03-02 集合竞价选股, 跳过
[2026-03-02 21:27:18] quant.learning INFO: 信号分析无数据, 跳过权重调整
[2026-03-02 21:27:18] quant.learning INFO: 信号分析无数据, 跳过权重调整
[2026-03-02 21:27:18] quant.learning INFO: 信号权重已更新至 v1, 调整 1 个信号
[2026-03-02 21:27:18] quant.learning INFO: [自主进化] 采纳 breakout v1: 胜率+3.0% 收益+0.80%
[2026-03-02 21:27:18] quant.learning INFO: [自主进化] 发现 1 条新规则
[2026-03-02 21:27:18] quant.learning INFO: [自主进化] 发现 1 条新规则
[2026-03-02 21:27:18] quant.learning INFO: === 学习引擎启动 ===
[2026-03-02 21:27:18] quant.learning INFO: 信号分析无数据, 跳过权重调整
[2026-03-02 21:27:18] quant.learning INFO: 学习报告已生成
[2026-03-02 21:27:18] quant.learning INFO: 信号分析无数据, 跳过权重调整
[2026-03-02 21:27:18] quant.learning INFO: 无需调整信号权重
[2026-03-02 21:27:18] quant.learning INFO: === 学习引擎完成 ===
[2026-03-02 21:45:45] quant.learning INFO: trade_journal 记录: 2026-03-02 集合竞价选股 (2 picks)
[2026-03-02 21:45:45] quant.learning INFO: trade_journal 记录: 2026-03-02 集合竞价选股 (1 picks)
[2026-03-02 21:45:45] quant.learning INFO: trade_journal 记录: 2026-03-02 集合竞价选股 (1 picks)
[2026-03-02 21:45:45] quant.learning INFO: trade_journal 已存在 2026-03-02 集合竞价选股, 跳过
[2026-03-02 21:45:45] quant.learning INFO: 信号分析无数据, 跳过权重调整
[2026-03-02 21:45:45] quant.learning INFO: 信号分析无数据, 跳过权重调整
[2026-03-02 21:45:45] quant.learning INFO: 信号权重已更新至 v1, 调整 1 个信号
[2026-03-02 21:45:45] quant.learning INFO: [自主进化] 采纳 breakout v1: 胜率+3.0% 收益+0.80%
[2026-03-02 21:45:45] quant.learning INFO: [自主进化] 发现 1 条新规则
[2026-03-02 21:45:45] quant.learning INFO: [自主进化] 发现 1 条新规则
[2026-03-02 21:45:45] quant.learning INFO: === 学习引擎启动 ===
[2026-03-02 21:45:45] quant.learning INFO: 信号分析无数据, 跳过权重调整
[2026-03-02 21:45:45] quant.learning INFO: 学习报告已生成
[2026-03-02 21:45:45] quant.learning INFO: 信号分析无数据, 跳过权重调整
[2026-03-02 21:45:45] quant.learning INFO: 无需调整信号权重
[2026-03-02 21:45:45] quant.learning INFO: === 学习引擎完成 ===
[2026-03-02 21:52:55] quant.learning INFO: trade_journal 记录: 2026-03-02 集合竞价选股 (2 picks)
[2026-03-02 21:52:55] quant.learning INFO: trade_journal 记录: 2026-03-02 集合竞价选股 (1 picks)
[2026-03-02 21:52:55] quant.learning INFO: trade_journal 记录: 2026-03-02 集合竞价选股 (1 picks)
[2026-03-02 21:52:55] quant.learning INFO: trade_journal 已存在 2026-03-02 集合竞价选股, 跳过
[2026-03-02 21:52:55] quant.learning INFO: 信号分析无数据, 跳过权重调整
[2026-03-02 21:52:55] quant.learning INFO: 信号分析无数据, 跳过权重调整
[2026-03-02 21:52:55] quant.learning INFO: 信号权重已更新至 v1, 调整 1 个信号
[2026-03-02 21:52:55] quant.learning INFO: [自主进化] 采纳 breakout v1: 胜率+3.0% 收益+0.80%
[2026-03-02 21:52:55] quant.learning INFO: [自主进化] 发现 1 条新规则
[2026-03-02 21:52:55] quant.learning INFO: [自主进化] 发现 1 条新规则
[2026-03-02 21:52:55] quant.learning INFO: === 学习引擎启动 ===
[2026-03-02 21:52:55] quant.learning INFO: 信号分析无数据, 跳过权重调整
[2026-03-02 21:52:55] quant.learning INFO: 学习报告已生成
[2026-03-02 21:52:55] quant.learning INFO: 信号分析无数据, 跳过权重调整
[2026-03-02 21:52:55] quant.learning INFO: 无需调整信号权重
[2026-03-02 21:52:55] quant.learning INFO: === 学习引擎完成 ===
[2026-03-02 22:37:08] quant.learning INFO: trade_journal 记录: 2026-03-02 集合竞价选股 (2 picks)
[2026-03-02 22:37:08] quant.learning INFO: trade_journal 记录: 2026-03-02 集合竞价选股 (1 picks)
[2026-03-02 22:37:08] quant.learning INFO: trade_journal 记录: 2026-03-02 集合竞价选股 (1 picks)
[2026-03-02 22:37:08] quant.learning INFO: trade_journal 已存在 2026-03-02 集合竞价选股, 跳过
[2026-03-02 22:37:08] quant.learning INFO: 信号分析无数据, 跳过权重调整
[2026-03-02 22:37:08] quant.learning INFO: 信号分析无数据, 跳过权重调整
[2026-03-02 22:37:08] quant.learning INFO: 信号权重已更新至 v1, 调整 1 个信号
[2026-03-02 22:37:08] quant.learning INFO: [自主进化] 采纳 breakout v1: 胜率+3.0% 收益+0.80%
[2026-03-02 22:37:08] quant.learning INFO: [自主进化] 发现 1 条新规则
[2026-03-02 22:37:08] quant.learning INFO: [自主进化] 发现 1 条新规则
[2026-03-02 22:37:08] quant.learning INFO: === 学习引擎启动 ===
[2026-03-02 22:37:08] quant.learning INFO: 信号分析无数据, 跳过权重调整
[2026-03-02 22:37:08] quant.learning INFO: 学习报告已生成
[2026-03-02 22:37:08] quant.learning INFO: 信号分析无数据, 跳过权重调整
[2026-03-02 22:37:08] quant.learning INFO: 无需调整信号权重
[2026-03-02 22:37:08] quant.learning INFO: === 学习引擎完成 ===
[2026-03-02 22:46:08] quant.learning INFO: trade_journal 记录: 2026-03-02 集合竞价选股 (2 picks)
[2026-03-02 22:46:08] quant.learning INFO: trade_journal 记录: 2026-03-02 集合竞价选股 (1 picks)
[2026-03-02 22:46:08] quant.learning INFO: trade_journal 记录: 2026-03-02 集合竞价选股 (1 picks)
[2026-03-02 22:46:08] quant.learning INFO: trade_journal 已存在 2026-03-02 集合竞价选股, 跳过
[2026-03-02 22:46:08] quant.learning INFO: 信号分析无数据, 跳过权重调整
[2026-03-02 22:46:08] quant.learning INFO: 信号分析无数据, 跳过权重调整
[2026-03-02 22:46:08] quant.learning INFO: 信号权重已更新至 v1, 调整 1 个信号
[2026-03-02 22:46:08] quant.learning INFO: [自主进化] 采纳 breakout v1: 胜率+3.0% 收益+0.80%
[2026-03-02 22:46:08] quant.learning INFO: [自主进化] 发现 1 条新规则
[2026-03-02 22:46:08] quant.learning INFO: [自主进化] 发现 1 条新规则
[2026-03-02 22:46:08] quant.learning INFO: === 学习引擎启动 ===
[2026-03-02 22:46:08] quant.learning INFO: 信号分析无数据, 跳过权重调整
[2026-03-02 22:46:08] quant.learning INFO: 学习报告已生成
[2026-03-02 22:46:08] quant.learning INFO: 信号分析无数据, 跳过权重调整
[2026-03-02 22:46:08] quant.learning INFO: 无需调整信号权重
[2026-03-02 22:46:08] quant.learning INFO: === 学习引擎完成 ===
[2026-03-02 22:53:51] quant.learning INFO: trade_journal 记录: 2026-03-02 集合竞价选股 (2 picks)
[2026-03-02 22:53:51] quant.learning INFO: trade_journal 记录: 2026-03-02 集合竞价选股 (1 picks)
[2026-03-02 22:53:51] quant.learning INFO: trade_journal 记录: 2026-03-02 集合竞价选股 (1 picks)
[2026-03-02 22:53:51] quant.learning INFO: trade_journal 已存在 2026-03-02 集合竞价选股, 跳过
[2026-03-02 22:53:51] quant.learning INFO: 信号分析无数据, 跳过权重调整
[2026-03-02 22:53:51] quant.learning INFO: 信号分析无数据, 跳过权重调整
[2026-03-02 22:53:51] quant.learning INFO: 信号权重已更新至 v1, 调整 1 个信号
[2026-03-02 22:53:51] quant.learning INFO: [自主进化] 采纳 breakout v1: 胜率+3.0% 收益+0.80%
[2026-03-02 22:53:51] quant.learning INFO: [自主进化] 发现 1 条新规则
[2026-03-02 22:53:51] quant.learning INFO: [自主进化] 发现 1 条新规则
[2026-03-02 22:53:51] quant.learning INFO: === 学习引擎启动 ===
[2026-03-02 22:53:51] quant.learning INFO: 信号分析无数据, 跳过权重调整
[2026-03-02 22:53:51] quant.learning INFO: 学习报告已生成
[2026-03-02 22:53:51] quant.learning INFO: 信号分析无数据, 跳过权重调整
[2026-03-02 22:53:51] quant.learning INFO: 无需调整信号权重
[2026-03-02 22:53:51] quant.learning INFO: === 学习引擎完成 ===
[2026-03-02 23:20:02] quant.learning INFO: trade_journal 记录: 2026-03-02 集合竞价选股 (2 picks)
[2026-03-02 23:20:02] quant.learning INFO: trade_journal 记录: 2026-03-02 集合竞价选股 (1 picks)
[2026-03-02 23:20:02] quant.learning INFO: trade_journal 记录: 2026-03-02 集合竞价选股 (1 picks)
[2026-03-02 23:20:02] quant.learning INFO: trade_journal 已存在 2026-03-02 集合竞价选股, 跳过
[2026-03-02 23:20:02] quant.learning INFO: 信号分析无数据, 跳过权重调整
[2026-03-02 23:20:02] quant.learning INFO: 信号分析无数据, 跳过权重调整
[2026-03-02 23:20:02] quant.learning INFO: 信号权重已更新至 v1, 调整 1 个信号
[2026-03-02 23:20:02] quant.learning INFO: [自主进化] 采纳 breakout v1: 胜率+3.0% 收益+0.80%
[2026-03-02 23:20:02] quant.learning INFO: [自主进化] 发现 1 条新规则
[2026-03-02 23:20:02] quant.learning INFO: [自主进化] 发现 1 条新规则
[2026-03-02 23:20:02] quant.learning INFO: === 学习引擎启动 ===
[2026-03-02 23:20:02] quant.learning INFO: 信号分析无数据, 跳过权重调整
[2026-03-02 23:20:02] quant.learning INFO: 学习报告已生成
[2026-03-02 23:20:02] quant.learning INFO: 信号分析无数据, 跳过权重调整
[2026-03-02 23:20:02] quant.learning INFO: 无需调整信号权重
[2026-03-02 23:20:02] quant.learning INFO: === 学习引擎完成 ===
[2026-03-02 23:26:27] quant.learning INFO: trade_journal 记录: 2026-03-02 集合竞价选股 (2 picks)
[2026-03-02 23:26:27] quant.learning INFO: trade_journal 记录: 2026-03-02 集合竞价选股 (1 picks)
[2026-03-02 23:26:27] quant.learning INFO: trade_journal 记录: 2026-03-02 集合竞价选股 (1 picks)
[2026-03-02 23:26:27] quant.learning INFO: trade_journal 已存在 2026-03-02 集合竞价选股, 跳过
[2026-03-02 23:26:27] quant.learning INFO: 信号分析无数据, 跳过权重调整
[2026-03-02 23:26:27] quant.learning INFO: 信号分析无数据, 跳过权重调整
[2026-03-02 23:26:27] quant.learning INFO: 信号权重已更新至 v1, 调整 1 个信号
[2026-03-02 23:26:27] quant.learning INFO: [自主进化] 采纳 breakout v1: 胜率+3.0% 收益+0.80%
[2026-03-02 23:26:27] quant.learning INFO: [自主进化] 发现 1 条新规则
[2026-03-02 23:26:27] quant.learning INFO: [自主进化] 发现 1 条新规则
[2026-03-02 23:26:27] quant.learning INFO: === 学习引擎启动 ===
[2026-03-02 23:26:27] quant.learning INFO: 信号分析无数据, 跳过权重调整
[2026-03-02 23:26:27] quant.learning INFO: 学习报告已生成
[2026-03-02 23:26:27] quant.learning INFO: 信号分析无数据, 跳过权重调整
[2026-03-02 23:26:27] quant.learning INFO: 无需调整信号权重
[2026-03-02 23:26:27] quant.learning INFO: === 学习引擎完成 ===
[2026-03-02 23:39:23] quant.learning INFO: trade_journal 记录: 2026-03-02 集合竞价选股 (2 picks)
[2026-03-02 23:39:23] quant.learning INFO: trade_journal 记录: 2026-03-02 集合竞价选股 (1 picks)
[2026-03-02 23:39:23] quant.learning INFO: trade_journal 记录: 2026-03-02 集合竞价选股 (1 picks)
[2026-03-02 23:39:23] quant.learning INFO: trade_journal 已存在 2026-03-02 集合竞价选股, 跳过
[2026-03-02 23:39:23] quant.learning INFO: 信号分析无数据, 跳过权重调整
[2026-03-02 23:39:23] quant.learning INFO: 信号分析无数据, 跳过权重调整
[2026-03-02 23:39:23] quant.learning INFO: 信号权重已更新至 v1, 调整 1 个信号
[2026-03-02 23:39:23] quant.learning INFO: [自主进化] 采纳 breakout v1: 胜率+3.0% 收益+0.80%
[2026-03-02 23:39:23] quant.learning INFO: [自主进化] 发现 1 条新规则
[2026-03-02 23:39:23] quant.learning INFO: [自主进化] 发现 1 条新规则
[2026-03-02 23:39:23] quant.learning INFO: === 学习引擎启动 ===
[2026-03-02 23:39:23] quant.learning INFO: 信号分析无数据, 跳过权重调整
[2026-03-02 23:39:23] quant.learning INFO: 学习报告已生成
[2026-03-02 23:39:23] quant.learning INFO: 信号分析无数据, 跳过权重调整
[2026-03-02 23:39:23] quant.learning INFO: 无需调整信号权重
[2026-03-02 23:39:23] quant.learning INFO: === 学习引擎完成 ===
[2026-03-02 23:45:50] quant.learning INFO: trade_journal 记录: 2026-03-02 集合竞价选股 (2 picks)
[2026-03-02 23:45:50] quant.learning INFO: trade_journal 记录: 2026-03-02 集合竞价选股 (1 picks)
[2026-03-02 23:45:50] quant.learning INFO: trade_journal 记录: 2026-03-02 集合竞价选股 (1 picks)
[2026-03-02 23:45:50] quant.learning INFO: trade_journal 已存在 2026-03-02 集合竞价选股, 跳过
[2026-03-02 23:45:50] quant.learning INFO: 信号分析无数据, 跳过权重调整
[2026-03-02 23:45:50] quant.learning INFO: 信号分析无数据, 跳过权重调整
[2026-03-02 23:45:50] quant.learning INFO: 信号权重已更新至 v1, 调整 1 个信号
[2026-03-02 23:45:50] quant.learning INFO: [自主进化] 采纳 breakout v1: 胜率+3.0% 收益+0.80%
[2026-03-02 23:45:50] quant.learning INFO: [自主进化] 发现 1 条新规则
[2026-03-02 23:45:50] quant.learning INFO: [自主进化] 发现 1 条新规则
[2026-03-02 23:45:50] quant.learning INFO: === 学习引擎启动 ===
[2026-03-02 23:45:50] quant.learning INFO: 信号分析无数据, 跳过权重调整
[2026-03-02 23:45:50] quant.learning INFO: 学习报告已生成
[2026-03-02 23:45:50] quant.learning INFO: 信号分析无数据, 跳过权重调整
[2026-03-02 23:45:50] quant.learning INFO: 无需调整信号权重
[2026-03-02 23:45:50] quant.learning INFO: === 学习引擎完成 ===
[2026-03-03 05:30:29] quant.learning INFO: trade_journal 记录: 2026-03-03 美股收盘分析 (1 picks)
[2026-03-03 05:30:29] quant.learning INFO: trade_journal 已存在 2026-03-03 美股收盘分析, 跳过
[2026-03-03 08:30:30] quant.learning INFO: trade_journal 记录: 2026-03-03 集合竞价选股 (2 picks)
[2026-03-03 08:30:30] quant.learning INFO: trade_journal 记录: 2026-03-03 集合竞价选股 (1 picks)
[2026-03-03 08:30:30] quant.learning INFO: trade_journal 记录: 2026-03-03 集合竞价选股 (1 picks)
[2026-03-03 08:30:30] quant.learning INFO: trade_journal 已存在 2026-03-03 集合竞价选股, 跳过
[2026-03-03 08:30:30] quant.learning INFO: 信号分析无数据, 跳过权重调整
[2026-03-03 08:30:30] quant.learning INFO: 信号分析无数据, 跳过权重调整
[2026-03-03 08:30:30] quant.learning INFO: 信号权重已更新至 v1, 调整 1 个信号
[2026-03-03 08:30:30] quant.learning INFO: [自主进化] 采纳 breakout v1: 胜率+3.0% 收益+0.80%
[2026-03-03 08:30:30] quant.learning INFO: [自主进化] 发现 1 条新规则
[2026-03-03 08:30:30] quant.learning INFO: [自主进化] 发现 1 条新规则
[2026-03-03 08:30:30] quant.learning INFO: === 学习引擎启动 ===
[2026-03-03 08:30:30] quant.learning INFO: 信号分析无数据, 跳过权重调整
[2026-03-03 08:30:30] quant.learning INFO: 学习报告已生成
[2026-03-03 08:30:30] quant.learning INFO: 信号分析无数据, 跳过权重调整
[2026-03-03 08:30:30] quant.learning INFO: 无需调整信号权重
[2026-03-03 08:30:30] quant.learning INFO: === 学习引擎完成 ===
[2026-03-03 08:53:40] quant.learning INFO: trade_journal 记录: 2026-03-03 集合竞价选股 (2 picks)
[2026-03-03 08:53:40] quant.learning INFO: trade_journal 记录: 2026-03-03 集合竞价选股 (1 picks)
[2026-03-03 08:53:40] quant.learning INFO: trade_journal 记录: 2026-03-03 集合竞价选股 (1 picks)
[2026-03-03 08:53:40] quant.learning INFO: trade_journal 已存在 2026-03-03 集合竞价选股, 跳过
[2026-03-03 08:53:40] quant.learning INFO: 信号分析无数据, 跳过权重调整
[2026-03-03 08:53:40] quant.learning INFO: 信号分析无数据, 跳过权重调整
[2026-03-03 08:53:40] quant.learning INFO: 信号权重已更新至 v1, 调整 1 个信号
[2026-03-03 08:53:40] quant.learning INFO: [自主进化] 采纳 breakout v1: 胜率+3.0% 收益+0.80%
[2026-03-03 08:53:40] quant.learning INFO: [自主进化] 发现 1 条新规则
[2026-03-03 08:53:40] quant.learning INFO: [自主进化] 发现 1 条新规则
[2026-03-03 08:53:40] quant.learning INFO: === 学习引擎启动 ===
[2026-03-03 08:53:40] quant.learning INFO: 信号分析无数据, 跳过权重调整
[2026-03-03 08:53:40] quant.learning INFO: 学习报告已生成
[2026-03-03 08:53:40] quant.learning INFO: 信号分析无数据, 跳过权重调整
[2026-03-03 08:53:40] quant.learning INFO: 无需调整信号权重
[2026-03-03 08:53:40] quant.learning INFO: === 学习引擎完成 ===
[2026-03-03 09:05:44] quant.learning INFO: trade_journal 记录: 2026-03-03 期货趋势选股 (2 picks)
[2026-03-03 12:31:52] quant.learning INFO: trade_journal 记录: 2026-03-03 集合竞价选股 (2 picks)
[2026-03-03 12:31:52] quant.learning INFO: trade_journal 记录: 2026-03-03 集合竞价选股 (1 picks)
[2026-03-03 12:31:52] quant.learning INFO: trade_journal 记录: 2026-03-03 集合竞价选股 (1 picks)
[2026-03-03 12:31:52] quant.learning INFO: trade_journal 已存在 2026-03-03 集合竞价选股, 跳过
[2026-03-03 12:31:52] quant.learning INFO: 信号分析无数据, 跳过权重调整
[2026-03-03 12:31:52] quant.learning INFO: 信号分析无数据, 跳过权重调整
[2026-03-03 12:31:52] quant.learning INFO: 信号权重已更新至 v1, 调整 1 个信号
[2026-03-03 12:31:52] quant.learning INFO: [自主进化] 采纳 breakout v1: 胜率+3.0% 收益+0.80%
[2026-03-03 12:31:52] quant.learning INFO: [自主进化] 发现 1 条新规则
[2026-03-03 12:31:52] quant.learning INFO: [自主进化] 发现 1 条新规则
[2026-03-03 12:31:52] quant.learning INFO: === 学习引擎启动 ===
[2026-03-03 12:31:52] quant.learning INFO: 信号分析无数据, 跳过权重调整
[2026-03-03 12:31:52] quant.learning INFO: 学习报告已生成
[2026-03-03 12:31:52] quant.learning INFO: 信号分析无数据, 跳过权重调整
[2026-03-03 12:31:52] quant.learning INFO: 无需调整信号权重
[2026-03-03 12:31:52] quant.learning INFO: === 学习引擎完成 ===
[2026-03-03 12:36:42] quant.learning INFO: trade_journal 记录: 2026-03-03 集合竞价选股 (2 picks)
[2026-03-03 12:36:42] quant.learning INFO: trade_journal 记录: 2026-03-03 集合竞价选股 (1 picks)
[2026-03-03 12:36:42] quant.learning INFO: trade_journal 记录: 2026-03-03 集合竞价选股 (1 picks)
[2026-03-03 12:36:42] quant.learning INFO: trade_journal 已存在 2026-03-03 集合竞价选股, 跳过
[2026-03-03 12:36:42] quant.learning INFO: 信号分析无数据, 跳过权重调整
[2026-03-03 12:36:42] quant.learning INFO: 信号分析无数据, 跳过权重调整
[2026-03-03 12:36:42] quant.learning INFO: 信号权重已更新至 v1, 调整 1 个信号
[2026-03-03 12:36:42] quant.learning INFO: [自主进化] 采纳 breakout v1: 胜率+3.0% 收益+0.80%
[2026-03-03 12:36:42] quant.learning INFO: [自主进化] 发现 1 条新规则
[2026-03-03 12:36:42] quant.learning INFO: [自主进化] 发现 1 条新规则
[2026-03-03 12:36:42] quant.learning INFO: === 学习引擎启动 ===
[2026-03-03 12:36:42] quant.learning INFO: 信号分析无数据, 跳过权重调整
[2026-03-03 12:36:42] quant.learning INFO: 学习报告已生成
[2026-03-03 12:36:42] quant.learning INFO: 信号分析无数据, 跳过权重调整
[2026-03-03 12:36:42] quant.learning INFO: 无需调整信号权重
[2026-03-03 12:36:42] quant.learning INFO: === 学习引擎完成 ===
[2026-03-03 12:41:22] quant.learning INFO: trade_journal 记录: 2026-03-03 集合竞价选股 (2 picks)
[2026-03-03 12:41:22] quant.learning INFO: trade_journal 记录: 2026-03-03 集合竞价选股 (1 picks)
[2026-03-03 12:41:22] quant.learning INFO: trade_journal 记录: 2026-03-03 集合竞价选股 (1 picks)
[2026-03-03 12:41:22] quant.learning INFO: trade_journal 已存在 2026-03-03 集合竞价选股, 跳过
[2026-03-03 12:41:22] quant.learning INFO: 信号分析无数据, 跳过权重调整
[2026-03-03 12:41:22] quant.learning INFO: 信号分析无数据, 跳过权重调整
[2026-03-03 12:41:22] quant.learning INFO: 信号权重已更新至 v1, 调整 1 个信号
[2026-03-03 12:41:22] quant.learning INFO: [自主进化] 采纳 breakout v1: 胜率+3.0% 收益+0.80%
[2026-03-03 12:41:22] quant.learning INFO: [自主进化] 发现 1 条新规则
[2026-03-03 12:41:22] quant.learning INFO: [自主进化] 发现 1 条新规则
[2026-03-03 12:41:22] quant.learning INFO: === 学习引擎启动 ===
[2026-03-03 12:41:22] quant.learning INFO: 信号分析无数据, 跳过权重调整
[2026-03-03 12:41:22] quant.learning INFO: 学习报告已生成
[2026-03-03 12:41:22] quant.learning INFO: 信号分析无数据, 跳过权重调整
[2026-03-03 12:41:22] quant.learning INFO: 无需调整信号权重
[2026-03-03 12:41:22] quant.learning INFO: === 学习引擎完成 ===
[2026-03-03 13:01:25] quant.learning INFO: trade_journal 记录: 2026-03-03 集合竞价选股 (2 picks)
[2026-03-03 13:01:25] quant.learning INFO: trade_journal 记录: 2026-03-03 集合竞价选股 (1 picks)
[2026-03-03 13:01:25] quant.learning INFO: trade_journal 记录: 2026-03-03 集合竞价选股 (1 picks)
[2026-03-03 13:01:25] quant.learning INFO: trade_journal 已存在 2026-03-03 集合竞价选股, 跳过
[2026-03-03 13:01:25] quant.learning INFO: 信号分析无数据, 跳过权重调整
[2026-03-03 13:01:25] quant.learning INFO: 信号分析无数据, 跳过权重调整
[2026-03-03 13:01:25] quant.learning INFO: 信号权重已更新至 v1, 调整 1 个信号
[2026-03-03 13:01:25] quant.learning INFO: [自主进化] 采纳 breakout v1: 胜率+3.0% 收益+0.80%
[2026-03-03 13:01:25] quant.learning INFO: [自主进化] 发现 1 条新规则
[2026-03-03 13:01:25] quant.learning INFO: [自主进化] 发现 1 条新规则
[2026-03-03 13:01:25] quant.learning INFO: === 学习引擎启动 ===
[2026-03-03 13:01:25] quant.learning INFO: 信号分析无数据, 跳过权重调整
[2026-03-03 13:01:25] quant.learning INFO: 学习报告已生成
[2026-03-03 13:01:25] quant.learning INFO: 信号分析无数据, 跳过权重调整
[2026-03-03 13:01:25] quant.learning INFO: 无需调整信号权重
[2026-03-03 13:01:25] quant.learning INFO: === 学习引擎完成 ===
[2026-03-03 14:57:05] quant.learning INFO: trade_journal 记录: 2026-03-03 集合竞价选股 (2 picks)
[2026-03-03 14:57:05] quant.learning INFO: trade_journal 记录: 2026-03-03 集合竞价选股 (1 picks)
[2026-03-03 14:57:05] quant.learning INFO: trade_journal 记录: 2026-03-03 集合竞价选股 (1 picks)
[2026-03-03 14:57:05] quant.learning INFO: trade_journal 已存在 2026-03-03 集合竞价选股, 跳过
[2026-03-03 14:57:05] quant.learning INFO: 信号分析无数据, 跳过权重调整
[2026-03-03 14:57:05] quant.learning INFO: 信号分析无数据, 跳过权重调整
[2026-03-03 14:57:05] quant.learning INFO: 信号权重已更新至 v1, 调整 1 个信号
[2026-03-03 14:57:05] quant.learning INFO: [自主进化] 采纳 breakout v1: 胜率+3.0% 收益+0.80%
[2026-03-03 14:57:05] quant.learning INFO: [自主进化] 发现 1 条新规则
[2026-03-03 14:57:05] quant.learning INFO: [自主进化] 发现 1 条新规则
[2026-03-03 14:57:05] quant.learning INFO: === 学习引擎启动 ===
[2026-03-03 14:57:05] quant.learning INFO: 信号分析无数据, 跳过权重调整
[2026-03-03 14:57:05] quant.learning INFO: 学习报告已生成
[2026-03-03 14:57:05] quant.learning INFO: 信号分析无数据, 跳过权重调整
[2026-03-03 14:57:05] quant.learning INFO: 无需调整信号权重
[2026-03-03 14:57:05] quant.learning INFO: === 学习引擎完成 ===
[2026-03-03 16:31:39] quant.learning INFO: trade_journal 记录: 2026-03-03 集合竞价选股 (2 picks)
[2026-03-03 16:31:39] quant.learning INFO: trade_journal 记录: 2026-03-03 集合竞价选股 (1 picks)
[2026-03-03 16:31:39] quant.learning INFO: trade_journal 记录: 2026-03-03 集合竞价选股 (1 picks)
[2026-03-03 16:31:39] quant.learning INFO: trade_journal 已存在 2026-03-03 集合竞价选股, 跳过
[2026-03-03 16:31:39] quant.learning INFO: 信号分析无数据, 跳过权重调整
[2026-03-03 16:31:39] quant.learning INFO: 信号分析无数据, 跳过权重调整
[2026-03-03 16:31:39] quant.learning INFO: 信号权重已更新至 v1, 调整 1 个信号
[2026-03-03 16:31:39] quant.learning INFO: [自主进化] 采纳 breakout v1: 胜率+3.0% 收益+0.80%
[2026-03-03 16:31:39] quant.learning INFO: [自主进化] 发现 1 条新规则
[2026-03-03 16:31:39] quant.learning INFO: [自主进化] 发现 1 条新规则
[2026-03-03 16:31:39] quant.learning INFO: === 学习引擎启动 ===
[2026-03-03 16:31:39] quant.learning INFO: 信号分析无数据, 跳过权重调整
[2026-03-03 16:31:39] quant.learning INFO: 学习报告已生成
[2026-03-03 16:31:39] quant.learning INFO: 信号分析无数据, 跳过权重调整
[2026-03-03 16:31:39] quant.learning INFO: 无需调整信号权重
[2026-03-03 16:31:39] quant.learning INFO: === 学习引擎完成 ===
[2026-03-03 16:36:50] quant.learning INFO: trade_journal 记录: 2026-03-03 集合竞价选股 (2 picks)
[2026-03-03 16:36:50] quant.learning INFO: trade_journal 记录: 2026-03-03 集合竞价选股 (1 picks)
[2026-03-03 16:36:50] quant.learning INFO: trade_journal 记录: 2026-03-03 集合竞价选股 (1 picks)
[2026-03-03 16:36:50] quant.learning INFO: trade_journal 已存在 2026-03-03 集合竞价选股, 跳过
[2026-03-03 16:36:50] quant.learning INFO: 信号分析无数据, 跳过权重调整
[2026-03-03 16:36:50] quant.learning INFO: 信号分析无数据, 跳过权重调整
[2026-03-03 16:36:50] quant.learning INFO: 信号权重已更新至 v1, 调整 1 个信号
[2026-03-03 16:36:50] quant.learning INFO: [自主进化] 采纳 breakout v1: 胜率+3.0% 收益+0.80%
[2026-03-03 16:36:50] quant.learning INFO: [自主进化] 发现 1 条新规则
[2026-03-03 16:36:50] quant.learning INFO: [自主进化] 发现 1 条新规则
[2026-03-03 16:36:50] quant.learning INFO: === 学习引擎启动 ===
[2026-03-03 16:36:50] quant.learning INFO: 信号分析无数据, 跳过权重调整
[2026-03-03 16:36:50] quant.learning INFO: 学习报告已生成
[2026-03-03 16:36:50] quant.learning INFO: 信号分析无数据, 跳过权重调整
[2026-03-03 16:36:50] quant.learning INFO: 无需调整信号权重
[2026-03-03 16:36:50] quant.learning INFO: === 学习引擎完成 ===
[2026-03-03 16:57:15] quant.learning INFO: trade_journal 记录: 2026-03-03 集合竞价选股 (2 picks)
[2026-03-03 16:57:15] quant.learning INFO: trade_journal 记录: 2026-03-03 集合竞价选股 (1 picks)
[2026-03-03 16:57:15] quant.learning INFO: trade_journal 记录: 2026-03-03 集合竞价选股 (1 picks)
[2026-03-03 16:57:15] quant.learning INFO: trade_journal 已存在 2026-03-03 集合竞价选股, 跳过
[2026-03-03 16:57:15] quant.learning INFO: 信号分析无数据, 跳过权重调整
[2026-03-03 16:57:15] quant.learning INFO: 信号分析无数据, 跳过权重调整
[2026-03-03 16:57:15] quant.learning INFO: 信号权重已更新至 v1, 调整 1 个信号
[2026-03-03 16:57:15] quant.learning INFO: [自主进化] 采纳 breakout v1: 胜率+3.0% 收益+0.80%
[2026-03-03 16:57:15] quant.learning INFO: [自主进化] 发现 1 条新规则
[2026-03-03 16:57:15] quant.learning INFO: [自主进化] 发现 1 条新规则
[2026-03-03 16:57:15] quant.learning INFO: === 学习引擎启动 ===
[2026-03-03 16:57:15] quant.learning INFO: 信号分析无数据, 跳过权重调整
[2026-03-03 16:57:15] quant.learning INFO: 学习报告已生成
[2026-03-03 16:57:15] quant.learning INFO: 信号分析无数据, 跳过权重调整
[2026-03-03 16:57:15] quant.learning INFO: 无需调整信号权重
[2026-03-03 16:57:15] quant.learning INFO: === 学习引擎完成 ===
[2026-03-03 17:23:45] quant.learning INFO: trade_journal 记录: 2026-03-03 集合竞价选股 (2 picks)
[2026-03-03 17:23:45] quant.learning INFO: trade_journal 记录: 2026-03-03 集合竞价选股 (1 picks)
[2026-03-03 17:23:45] quant.learning INFO: trade_journal 记录: 2026-03-03 集合竞价选股 (1 picks)
[2026-03-03 17:23:45] quant.learning INFO: trade_journal 已存在 2026-03-03 集合竞价选股, 跳过
[2026-03-03 17:23:45] quant.learning INFO: 信号分析无数据, 跳过权重调整
[2026-03-03 17:23:45] quant.learning INFO: 信号分析无数据, 跳过权重调整
[2026-03-03 17:23:45] quant.learning INFO: 信号权重已更新至 v1, 调整 1 个信号
[2026-03-03 17:23:45] quant.learning INFO: [自主进化] 采纳 breakout v1: 胜率+3.0% 收益+0.80%
[2026-03-03 17:23:45] quant.learning INFO: [自主进化] 发现 1 条新规则
[2026-03-03 17:23:45] quant.learning INFO: [自主进化] 发现 1 条新规则
[2026-03-03 17:23:45] quant.learning INFO: === 学习引擎启动 ===
[2026-03-03 17:23:45] quant.learning INFO: 信号分析无数据, 跳过权重调整
[2026-03-03 17:23:45] quant.learning INFO: 学习报告已生成
[2026-03-03 17:23:45] quant.learning INFO: 信号分析无数据, 跳过权重调整
[2026-03-03 17:23:45] quant.learning INFO: 无需调整信号权重
[2026-03-03 17:23:45] quant.learning INFO: === 学习引擎完成 ===
[2026-03-03 17:28:22] quant.learning INFO: trade_journal 记录: 2026-03-03 集合竞价选股 (2 picks)
[2026-03-03 17:28:22] quant.learning INFO: trade_journal 记录: 2026-03-03 集合竞价选股 (1 picks)
[2026-03-03 17:28:22] quant.learning INFO: trade_journal 记录: 2026-03-03 集合竞价选股 (1 picks)
[2026-03-03 17:28:22] quant.learning INFO: trade_journal 已存在 2026-03-03 集合竞价选股, 跳过
[2026-03-03 17:28:22] quant.learning INFO: 信号分析无数据, 跳过权重调整
[2026-03-03 17:28:22] quant.learning INFO: 信号分析无数据, 跳过权重调整
[2026-03-03 17:28:22] quant.learning INFO: 信号权重已更新至 v1, 调整 1 个信号
[2026-03-03 17:28:22] quant.learning INFO: [自主进化] 采纳 breakout v1: 胜率+3.0% 收益+0.80%
[2026-03-03 17:28:22] quant.learning INFO: [自主进化] 发现 1 条新规则
[2026-03-03 17:28:22] quant.learning INFO: [自主进化] 发现 1 条新规则
[2026-03-03 17:28:22] quant.learning INFO: === 学习引擎启动 ===
[2026-03-03 17:28:22] quant.learning INFO: 信号分析无数据, 跳过权重调整
[2026-03-03 17:28:22] quant.learning INFO: 学习报告已生成
[2026-03-03 17:28:22] quant.learning INFO: 信号分析无数据, 跳过权重调整
[2026-03-03 17:28:22] quant.learning INFO: 无需调整信号权重
[2026-03-03 17:28:22] quant.learning INFO: === 学习引擎完成 ===
[2026-03-03 17:32:36] quant.learning INFO: trade_journal 记录: 2026-03-03 集合竞价选股 (2 picks)
[2026-03-03 17:32:36] quant.learning INFO: trade_journal 记录: 2026-03-03 集合竞价选股 (1 picks)
[2026-03-03 17:32:36] quant.learning INFO: trade_journal 记录: 2026-03-03 集合竞价选股 (1 picks)
[2026-03-03 17:32:36] quant.learning INFO: trade_journal 已存在 2026-03-03 集合竞价选股, 跳过
[2026-03-03 17:32:36] quant.learning INFO: 信号分析无数据, 跳过权重调整
[2026-03-03 17:32:36] quant.learning INFO: 信号分析无数据, 跳过权重调整
[2026-03-03 17:32:36] quant.learning INFO: 信号权重已更新至 v1, 调整 1 个信号
[2026-03-03 17:32:36] quant.learning INFO: [自主进化] 采纳 breakout v1: 胜率+3.0% 收益+0.80%
[2026-03-03 17:32:36] quant.learning INFO: [自主进化] 发现 1 条新规则
[2026-03-03 17:32:36] quant.learning INFO: [自主进化] 发现 1 条新规则
[2026-03-03 17:32:36] quant.learning INFO: === 学习引擎启动 ===
[2026-03-03 17:32:36] quant.learning INFO: 信号分析无数据, 跳过权重调整
[2026-03-03 17:32:36] quant.learning INFO: 学习报告已生成
[2026-03-03 17:32:36] quant.learning INFO: 信号分析无数据, 跳过权重调整
[2026-03-03 17:32:36] quant.learning INFO: 无需调整信号权重
[2026-03-03 17:32:36] quant.learning INFO: === 学习引擎完成 ===
[2026-03-03 17:44:23] quant.learning INFO: trade_journal 记录: 2026-03-03 集合竞价选股 (5 picks)
[2026-03-03 17:44:23] quant.learning INFO: trade_journal 记录: 2026-03-03 放量突破选股 (15 picks)
[2026-03-03 17:55:19] quant.learning INFO: 信号分析无数据, 跳过权重调整
[2026-03-03 17:56:42] quant.learning INFO: === 学习引擎启动 ===
[2026-03-03 17:56:43] quant.learning INFO: 信号分析无数据, 跳过权重调整
[2026-03-03 17:56:43] quant.learning INFO: 学习报告已生成
[2026-03-03 17:56:43] quant.learning INFO: 信号分析无数据, 跳过权重调整
[2026-03-03 17:56:43] quant.learning INFO: 无需调整信号权重
[2026-03-03 17:56:43] quant.learning INFO: 学习状态已持久化 v1
[2026-03-03 17:56:43] quant.learning INFO: === 学习引擎完成 ===
[2026-03-03 17:59:06] quant.learning INFO: trade_journal 记录: 2026-03-03 集合竞价选股 (2 picks)
[2026-03-03 17:59:06] quant.learning INFO: trade_journal 记录: 2026-03-03 集合竞价选股 (1 picks)
[2026-03-03 17:59:06] quant.learning INFO: trade_journal 记录: 2026-03-03 集合竞价选股 (1 picks)
[2026-03-03 17:59:06] quant.learning INFO: trade_journal 已存在 2026-03-03 集合竞价选股, 跳过
[2026-03-03 17:59:06] quant.learning INFO: 信号分析无数据, 跳过权重调整
[2026-03-03 17:59:06] quant.learning INFO: 信号分析无数据, 跳过权重调整
[2026-03-03 17:59:06] quant.learning INFO: 信号权重已更新至 v1, 调整 1 个信号
[2026-03-03 17:59:06] quant.learning INFO: [自主进化] 采纳 breakout v1: 胜率+3.0% 收益+0.80%
[2026-03-03 17:59:06] quant.learning INFO: [自主进化] 发现 1 条新规则
[2026-03-03 17:59:06] quant.learning INFO: [自主进化] 发现 1 条新规则
[2026-03-03 17:59:06] quant.learning INFO: === 学习引擎启动 ===
[2026-03-03 17:59:06] quant.learning INFO: 信号分析无数据, 跳过权重调整
[2026-03-03 17:59:06] quant.learning INFO: 学习报告已生成
[2026-03-03 17:59:06] quant.learning INFO: 信号分析无数据, 跳过权重调整
[2026-03-03 17:59:06] quant.learning INFO: 无需调整信号权重
[2026-03-03 17:59:06] quant.learning INFO: 学习状态已持久化 v2
[2026-03-03 17:59:06] quant.learning INFO: === 学习引擎完成 ===
[2026-03-03 18:27:05] quant.learning INFO: trade_journal 记录: 2026-03-03 集合竞价选股 (2 picks)
[2026-03-03 18:27:05] quant.learning INFO: trade_journal 记录: 2026-03-03 集合竞价选股 (1 picks)
[2026-03-03 18:27:05] quant.learning INFO: trade_journal 记录: 2026-03-03 集合竞价选股 (1 picks)
[2026-03-03 18:27:05] quant.learning INFO: trade_journal 已存在 2026-03-03 集合竞价选股, 跳过
[2026-03-03 18:27:05] quant.learning INFO: 信号分析无数据, 跳过权重调整
[2026-03-03 18:27:05] quant.learning INFO: 信号分析无数据, 跳过权重调整
[2026-03-03 18:27:05] quant.learning INFO: 信号权重已更新至 v1, 调整 1 个信号
[2026-03-03 18:27:05] quant.learning INFO: [自主进化] 采纳 breakout v1: 胜率+3.0% 收益+0.80%
[2026-03-03 18:27:05] quant.learning INFO: [自主进化] 发现 1 条新规则
[2026-03-03 18:27:05] quant.learning INFO: [自主进化] 发现 1 条新规则
[2026-03-03 18:27:05] quant.learning INFO: === 学习引擎启动 ===
[2026-03-03 18:27:05] quant.learning INFO: 信号分析无数据, 跳过权重调整
[2026-03-03 18:27:05] quant.learning INFO: 学习报告已生成
[2026-03-03 18:27:05] quant.learning INFO: 信号分析无数据, 跳过权重调整
[2026-03-03 18:27:05] quant.learning INFO: 无需调整信号权重
[2026-03-03 18:27:05] quant.learning INFO: 学习状态已持久化 v3
[2026-03-03 18:27:05] quant.learning INFO: === 学习引擎完成 ===
[2026-03-03 18:32:33] quant.learning INFO: trade_journal 记录: 2026-03-03 集合竞价选股 (2 picks)
[2026-03-03 18:32:33] quant.learning INFO: trade_journal 记录: 2026-03-03 集合竞价选股 (1 picks)
[2026-03-03 18:32:33] quant.learning INFO: trade_journal 记录: 2026-03-03 集合竞价选股 (1 picks)
[2026-03-03 18:32:33] quant.learning INFO: trade_journal 已存在 2026-03-03 集合竞价选股, 跳过
[2026-03-03 18:32:33] quant.learning INFO: 信号分析无数据, 跳过权重调整
[2026-03-03 18:32:33] quant.learning INFO: 信号分析无数据, 跳过权重调整
[2026-03-03 18:32:33] quant.learning INFO: 信号权重已更新至 v1, 调整 1 个信号
[2026-03-03 18:32:33] quant.learning INFO: [自主进化] 采纳 breakout v1: 胜率+3.0% 收益+0.80%
[2026-03-03 18:32:33] quant.learning INFO: [自主进化] 发现 1 条新规则
[2026-03-03 18:32:33] quant.learning INFO: [自主进化] 发现 1 条新规则
[2026-03-03 18:32:33] quant.learning INFO: === 学习引擎启动 ===
[2026-03-03 18:32:33] quant.learning INFO: 信号分析无数据, 跳过权重调整
[2026-03-03 18:32:33] quant.learning INFO: 学习报告已生成
[2026-03-03 18:32:33] quant.learning INFO: 信号分析无数据, 跳过权重调整
[2026-03-03 18:32:33] quant.learning INFO: 无需调整信号权重
[2026-03-03 18:32:33] quant.learning INFO: 学习状态已持久化 v4
[2026-03-03 18:32:33] quant.learning INFO: === 学习引擎完成 ===
[2026-03-03 18:37:47] quant.learning INFO: trade_journal 记录: 2026-03-03 集合竞价选股 (2 picks)
[2026-03-03 18:37:47] quant.learning INFO: trade_journal 记录: 2026-03-03 集合竞价选股 (1 picks)
[2026-03-03 18:37:47] quant.learning INFO: trade_journal 记录: 2026-03-03 集合竞价选股 (1 picks)
[2026-03-03 18:37:47] quant.learning INFO: trade_journal 已存在 2026-03-03 集合竞价选股, 跳过
[2026-03-03 18:37:47] quant.learning INFO: 信号分析无数据, 跳过权重调整
[2026-03-03 18:37:47] quant.learning INFO: 信号分析无数据, 跳过权重调整
[2026-03-03 18:37:47] quant.learning INFO: 信号权重已更新至 v1, 调整 1 个信号
[2026-03-03 18:37:47] quant.learning INFO: [自主进化] 采纳 breakout v1: 胜率+3.0% 收益+0.80%
[2026-03-03 18:37:47] quant.learning INFO: [自主进化] 发现 1 条新规则
[2026-03-03 18:37:47] quant.learning INFO: [自主进化] 发现 1 条新规则
[2026-03-03 18:37:47] quant.learning INFO: === 学习引擎启动 ===
[2026-03-03 18:37:47] quant.learning INFO: 信号分析无数据, 跳过权重调整
[2026-03-03 18:37:47] quant.learning INFO: 学习报告已生成
[2026-03-03 18:37:47] quant.learning INFO: 信号分析无数据, 跳过权重调整
[2026-03-03 18:37:47] quant.learning INFO: 无需调整信号权重
[2026-03-03 18:37:47] quant.learning INFO: 学习状态已持久化 v5
[2026-03-03 18:37:47] quant.learning INFO: === 学习引擎完成 ===
[2026-03-03 18:44:37] quant.learning INFO: trade_journal 记录: 2026-03-03 集合竞价选股 (2 picks)
[2026-03-03 18:44:37] quant.learning INFO: trade_journal 记录: 2026-03-03 集合竞价选股 (1 picks)
[2026-03-03 18:44:37] quant.learning INFO: trade_journal 记录: 2026-03-03 集合竞价选股 (1 picks)
[2026-03-03 18:44:37] quant.learning INFO: trade_journal 已存在 2026-03-03 集合竞价选股, 跳过
[2026-03-03 18:44:37] quant.learning INFO: 信号分析无数据, 跳过权重调整
[2026-03-03 18:44:37] quant.learning INFO: 信号分析无数据, 跳过权重调整
[2026-03-03 18:44:37] quant.learning INFO: 信号权重已更新至 v1, 调整 1 个信号
[2026-03-03 18:44:37] quant.learning INFO: [自主进化] 采纳 breakout v1: 胜率+3.0% 收益+0.80%
[2026-03-03 18:44:37] quant.learning INFO: [自主进化] 发现 1 条新规则
[2026-03-03 18:44:37] quant.learning INFO: [自主进化] 发现 1 条新规则
[2026-03-03 18:44:37] quant.learning INFO: === 学习引擎启动 ===
[2026-03-03 18:44:37] quant.learning INFO: 信号分析无数据, 跳过权重调整
[2026-03-03 18:44:37] quant.learning INFO: 学习报告已生成
[2026-03-03 18:44:37] quant.learning INFO: 信号分析无数据, 跳过权重调整
[2026-03-03 18:44:37] quant.learning INFO: 无需调整信号权重
[2026-03-03 18:44:37] quant.learning INFO: 学习状态已持久化 v6
[2026-03-03 18:44:37] quant.learning INFO: === 学习引擎完成 ===
[2026-03-03 18:50:08] quant.learning INFO: trade_journal 记录: 2026-03-03 集合竞价选股 (2 picks)
[2026-03-03 18:50:08] quant.learning INFO: trade_journal 记录: 2026-03-03 集合竞价选股 (1 picks)
[2026-03-03 18:50:08] quant.learning INFO: trade_journal 记录: 2026-03-03 集合竞价选股 (1 picks)
[2026-03-03 18:50:08] quant.learning INFO: trade_journal 已存在 2026-03-03 集合竞价选股, 跳过
[2026-03-03 18:50:08] quant.learning INFO: 信号分析无数据, 跳过权重调整
[2026-03-03 18:50:08] quant.learning INFO: 信号分析无数据, 跳过权重调整
[2026-03-03 18:50:08] quant.learning INFO: 信号权重已更新至 v1, 调整 1 个信号
[2026-03-03 18:50:08] quant.learning INFO: [自主进化] 采纳 breakout v1: 胜率+3.0% 收益+0.80%
[2026-03-03 18:50:08] quant.learning INFO: [自主进化] 发现 1 条新规则
[2026-03-03 18:50:08] quant.learning INFO: [自主进化] 发现 1 条新规则
[2026-03-03 18:50:08] quant.learning INFO: === 学习引擎启动 ===
[2026-03-03 18:50:08] quant.learning INFO: 信号分析无数据, 跳过权重调整
[2026-03-03 18:50:08] quant.learning INFO: 学习报告已生成
[2026-03-03 18:50:08] quant.learning INFO: 信号分析无数据, 跳过权重调整
[2026-03-03 18:50:08] quant.learning INFO: 无需调整信号权重
[2026-03-03 18:50:08] quant.learning INFO: 学习状态已持久化 v7
[2026-03-03 18:50:08] quant.learning INFO: === 学习引擎完成 ===
[2026-03-03 19:37:08] quant.learning INFO: trade_journal 记录: 2026-03-03 集合竞价选股 (2 picks)
[2026-03-03 19:37:08] quant.learning INFO: trade_journal 记录: 2026-03-03 集合竞价选股 (1 picks)
[2026-03-03 19:37:08] quant.learning INFO: trade_journal 记录: 2026-03-03 集合竞价选股 (1 picks)
[2026-03-03 19:37:08] quant.learning INFO: trade_journal 已存在 2026-03-03 集合竞价选股, 跳过
[2026-03-03 19:37:08] quant.learning INFO: 信号分析无数据, 跳过权重调整
[2026-03-03 19:37:08] quant.learning INFO: 信号分析无数据, 跳过权重调整
[2026-03-03 19:37:08] quant.learning INFO: 信号权重已更新至 v1, 调整 1 个信号
[2026-03-03 19:37:08] quant.learning INFO: [自主进化] 采纳 breakout v1: 胜率+3.0% 收益+0.80%
[2026-03-03 19:37:08] quant.learning INFO: [自主进化] 发现 1 条新规则
[2026-03-03 19:37:08] quant.learning INFO: [自主进化] 发现 1 条新规则
[2026-03-03 19:37:08] quant.learning INFO: === 学习引擎启动 ===
[2026-03-03 19:37:08] quant.learning INFO: 信号分析无数据, 跳过权重调整
[2026-03-03 19:37:08] quant.learning INFO: 学习报告已生成
[2026-03-03 19:37:08] quant.learning INFO: 信号分析无数据, 跳过权重调整
[2026-03-03 19:37:08] quant.learning INFO: 无需调整信号权重
[2026-03-03 19:37:08] quant.learning INFO: 学习状态已持久化 v8
[2026-03-03 19:37:08] quant.learning INFO: === 学习引擎完成 ===
[2026-03-03 19:42:24] quant.learning INFO: trade_journal 记录: 2026-03-03 集合竞价选股 (2 picks)
[2026-03-03 19:42:24] quant.learning INFO: trade_journal 记录: 2026-03-03 集合竞价选股 (1 picks)
[2026-03-03 19:42:24] quant.learning INFO: trade_journal 记录: 2026-03-03 集合竞价选股 (1 picks)
[2026-03-03 19:42:24] quant.learning INFO: trade_journal 已存在 2026-03-03 集合竞价选股, 跳过
[2026-03-03 19:42:24] quant.learning INFO: 信号分析无数据, 跳过权重调整
[2026-03-03 19:42:24] quant.learning INFO: 信号分析无数据, 跳过权重调整
[2026-03-03 19:42:24] quant.learning INFO: 信号权重已更新至 v1, 调整 1 个信号
[2026-03-03 19:42:24] quant.learning INFO: [自主进化] 采纳 breakout v1: 胜率+3.0% 收益+0.80%
[2026-03-03 19:42:24] quant.learning INFO: [自主进化] 发现 1 条新规则
[2026-03-03 19:42:24] quant.learning INFO: [自主进化] 发现 1 条新规则
[2026-03-03 19:42:24] quant.learning INFO: === 学习引擎启动 ===
[2026-03-03 19:42:24] quant.learning INFO: 信号分析无数据, 跳过权重调整
[2026-03-03 19:42:24] quant.learning INFO: 学习报告已生成
[2026-03-03 19:42:24] quant.learning INFO: 信号分析无数据, 跳过权重调整
[2026-03-03 19:42:24] quant.learning INFO: 无需调整信号权重
[2026-03-03 19:42:24] quant.learning INFO: 学习状态已持久化 v9
[2026-03-03 19:42:24] quant.learning INFO: === 学习引擎完成 ===
[2026-03-03 19:47:40] quant.learning INFO: trade_journal 记录: 2026-03-03 集合竞价选股 (2 picks)
[2026-03-03 19:47:40] quant.learning INFO: trade_journal 记录: 2026-03-03 集合竞价选股 (1 picks)
[2026-03-03 19:47:40] quant.learning INFO: trade_journal 记录: 2026-03-03 集合竞价选股 (1 picks)
[2026-03-03 19:47:40] quant.learning INFO: trade_journal 已存在 2026-03-03 集合竞价选股, 跳过
[2026-03-03 19:47:40] quant.learning INFO: 信号分析无数据, 跳过权重调整
[2026-03-03 19:47:40] quant.learning INFO: 信号分析无数据, 跳过权重调整
[2026-03-03 19:47:40] quant.learning INFO: 信号权重已更新至 v1, 调整 1 个信号
[2026-03-03 19:47:40] quant.learning INFO: [自主进化] 采纳 breakout v1: 胜率+3.0% 收益+0.80%
[2026-03-03 19:47:40] quant.learning INFO: [自主进化] 发现 1 条新规则
[2026-03-03 19:47:40] quant.learning INFO: [自主进化] 发现 1 条新规则
[2026-03-03 19:47:40] quant.learning INFO: === 学习引擎启动 ===
[2026-03-03 19:47:40] quant.learning INFO: 信号分析无数据, 跳过权重调整
[2026-03-03 19:47:40] quant.learning INFO: 学习报告已生成
[2026-03-03 19:47:40] quant.learning INFO: 信号分析无数据, 跳过权重调整
[2026-03-03 19:47:40] quant.learning INFO: 无需调整信号权重
[2026-03-03 19:47:40] quant.learning INFO: 学习状态已持久化 v10
[2026-03-03 19:47:40] quant.learning INFO: === 学习引擎完成 ===
[2026-03-03 21:21:57] quant.learning INFO: trade_journal 记录: 2026-03-03 集合竞价选股 (2 picks)
[2026-03-03 21:21:57] quant.learning INFO: trade_journal 记录: 2026-03-03 集合竞价选股 (1 picks)
[2026-03-03 21:21:57] quant.learning INFO: trade_journal 记录: 2026-03-03 集合竞价选股 (1 picks)
[2026-03-03 21:21:57] quant.learning INFO: trade_journal 已存在 2026-03-03 集合竞价选股, 跳过
[2026-03-03 21:21:57] quant.learning INFO: 信号分析无数据, 跳过权重调整
[2026-03-03 21:21:57] quant.learning INFO: 信号分析无数据, 跳过权重调整
[2026-03-03 21:21:57] quant.learning INFO: 信号权重已更新至 v1, 调整 1 个信号
[2026-03-03 21:21:57] quant.learning INFO: [自主进化] 采纳 breakout v1: 胜率+3.0% 收益+0.80%
[2026-03-03 21:21:57] quant.learning INFO: [自主进化] 发现 1 条新规则
[2026-03-03 21:21:57] quant.learning INFO: [自主进化] 发现 1 条新规则
[2026-03-03 21:21:57] quant.learning INFO: === 学习引擎启动 ===
[2026-03-03 21:21:57] quant.learning INFO: 信号分析无数据, 跳过权重调整
[2026-03-03 21:21:57] quant.learning INFO: 学习报告已生成
[2026-03-03 21:21:57] quant.learning INFO: 信号分析无数据, 跳过权重调整
[2026-03-03 21:21:57] quant.learning INFO: 无需调整信号权重
[2026-03-03 21:21:57] quant.learning INFO: 学习状态已持久化 v11
[2026-03-03 21:21:57] quant.learning INFO: === 学习引擎完成 ===
[2026-03-03 21:31:38] quant.learning INFO: trade_journal 记录: 2026-03-03 集合竞价选股 (2 picks)
[2026-03-03 21:31:38] quant.learning INFO: trade_journal 记录: 2026-03-03 集合竞价选股 (1 picks)
[2026-03-03 21:31:38] quant.learning INFO: trade_journal 记录: 2026-03-03 集合竞价选股 (1 picks)
[2026-03-03 21:31:38] quant.learning INFO: trade_journal 已存在 2026-03-03 集合竞价选股, 跳过
[2026-03-03 21:31:38] quant.learning INFO: 信号分析无数据, 跳过权重调整
[2026-03-03 21:31:38] quant.learning INFO: 信号分析无数据, 跳过权重调整
[2026-03-03 21:31:38] quant.learning INFO: 信号权重已更新至 v1, 调整 1 个信号
[2026-03-03 21:31:38] quant.learning INFO: [自主进化] 采纳 breakout v1: 胜率+3.0% 收益+0.80%
[2026-03-03 21:31:38] quant.learning INFO: [自主进化] 发现 1 条新规则
[2026-03-03 21:31:38] quant.learning INFO: [自主进化] 发现 1 条新规则
[2026-03-03 21:31:38] quant.learning INFO: === 学习引擎启动 ===
[2026-03-03 21:31:38] quant.learning INFO: 信号分析无数据, 跳过权重调整
[2026-03-03 21:31:38] quant.learning INFO: 学习报告已生成
[2026-03-03 21:31:38] quant.learning INFO: 信号分析无数据, 跳过权重调整
[2026-03-03 21:31:38] quant.learning INFO: 无需调整信号权重
[2026-03-03 21:31:38] quant.learning INFO: 学习状态已持久化 v12
[2026-03-03 21:31:38] quant.learning INFO: === 学习引擎完成 ===
[2026-03-03 21:44:30] quant.learning INFO: trade_journal 记录: 2026-03-03 集合竞价选股 (2 picks)
[2026-03-03 21:44:30] quant.learning INFO: trade_journal 记录: 2026-03-03 集合竞价选股 (1 picks)
[2026-03-03 21:44:30] quant.learning INFO: trade_journal 记录: 2026-03-03 集合竞价选股 (1 picks)
[2026-03-03 21:44:30] quant.learning INFO: trade_journal 已存在 2026-03-03 集合竞价选股, 跳过
[2026-03-03 21:44:30] quant.learning INFO: 信号分析无数据, 跳过权重调整
[2026-03-03 21:44:30] quant.learning INFO: 信号分析无数据, 跳过权重调整
[2026-03-03 21:44:30] quant.learning INFO: 信号权重已更新至 v1, 调整 1 个信号
[2026-03-03 21:44:30] quant.learning INFO: [自主进化] 采纳 breakout v1: 胜率+3.0% 收益+0.80%
[2026-03-03 21:44:30] quant.learning INFO: [自主进化] 发现 1 条新规则
[2026-03-03 21:44:30] quant.learning INFO: [自主进化] 发现 1 条新规则
[2026-03-03 21:44:30] quant.learning INFO: === 学习引擎启动 ===
[2026-03-03 21:44:30] quant.learning INFO: 信号分析无数据, 跳过权重调整
[2026-03-03 21:44:30] quant.learning INFO: 学习报告已生成
[2026-03-03 21:44:30] quant.learning INFO: 信号分析无数据, 跳过权重调整
[2026-03-03 21:44:30] quant.learning INFO: 无需调整信号权重
[2026-03-03 21:44:30] quant.learning INFO: 学习状态已持久化 v13
[2026-03-03 21:44:30] quant.learning INFO: === 学习引擎完成 ===
[2026-03-03 22:00:00] quant.learning INFO: trade_journal 记录: 2026-03-03 集合竞价选股 (2 picks)
[2026-03-03 22:00:00] quant.learning INFO: trade_journal 记录: 2026-03-03 集合竞价选股 (1 picks)
[2026-03-03 22:00:00] quant.learning INFO: trade_journal 记录: 2026-03-03 集合竞价选股 (1 picks)
[2026-03-03 22:00:00] quant.learning INFO: trade_journal 已存在 2026-03-03 集合竞价选股, 跳过
[2026-03-03 22:00:00] quant.learning INFO: 信号分析无数据, 跳过权重调整
[2026-03-03 22:00:00] quant.learning INFO: 信号分析无数据, 跳过权重调整
[2026-03-03 22:00:00] quant.learning INFO: 信号权重已更新至 v1, 调整 1 个信号
[2026-03-03 22:00:00] quant.learning INFO: [自主进化] 采纳 breakout v1: 胜率+3.0% 收益+0.80%
[2026-03-03 22:00:00] quant.learning INFO: [自主进化] 发现 1 条新规则
[2026-03-03 22:00:00] quant.learning INFO: [自主进化] 发现 1 条新规则
[2026-03-03 22:00:00] quant.learning INFO: === 学习引擎启动 ===
[2026-03-03 22:00:00] quant.learning INFO: 信号分析无数据, 跳过权重调整
[2026-03-03 22:00:00] quant.learning INFO: 学习报告已生成
[2026-03-03 22:00:00] quant.learning INFO: 信号分析无数据, 跳过权重调整
[2026-03-03 22:00:00] quant.learning INFO: 无需调整信号权重
[2026-03-03 22:00:00] quant.learning INFO: 学习状态已持久化 v14
[2026-03-03 22:00:00] quant.learning INFO: === 学习引擎完成 ===
