[2026-03-02 09:20:34] quant.scorecard INFO: 评分日期: 2026-02-27 (次日表现)
[2026-03-02 09:20:34] quant.scorecard INFO: 2026-02-27 无推荐记录, 跳过
[2026-03-02 10:57:50] quant.scorecard INFO: 评分日期: 2026-02-27 (次日表现)
[2026-03-02 10:57:50] quant.scorecard INFO: 2026-02-27 无推荐记录, 跳过
[2026-03-03 09:20:01] quant.scorecard INFO: 评分日期: 2026-03-02 (次日表现)
[2026-03-03 09:20:01] quant.scorecard WARNING: 获取 IM 次日K线失败: invalid literal for int() with base 10: 'i'
[2026-03-03 09:20:01] quant.scorecard WARNING: IM 中证1000 次日数据获取失败, 跳过
[2026-03-03 09:20:01] quant.scorecard WARNING: 获取 CF 次日K线失败: invalid literal for int() with base 10: 'i'
[2026-03-03 09:20:01] quant.scorecard WARNING: CF 棉花 次日数据获取失败, 跳过
[2026-03-03 09:20:01] quant.scorecard WARNING: 获取 FU 次日K线失败: invalid literal for int() with base 10: 'i'
[2026-03-03 09:20:01] quant.scorecard WARNING: FU 燃油 次日数据获取失败, 跳过
[2026-03-03 09:20:01] quant.scorecard INFO: 2026-03-02 无新增评分记录
[2026-03-03 09:20:02] quant.scorecard INFO: 评分日期: 2026-03-02 (次日表现)
[2026-03-03 09:20:02] quant.scorecard WARNING: 获取 IM 次日K线失败: invalid literal for int() with base 10: 'i'
[2026-03-03 09:20:02] quant.scorecard WARNING: IM 中证1000 次日数据获取失败, 跳过
[2026-03-03 09:20:02] quant.scorecard WARNING: 获取 CF 次日K线失败: invalid literal for int() with base 10: 'i'
[2026-03-03 09:20:02] quant.scorecard WARNING: CF 棉花 次日数据获取失败, 跳过
[2026-03-03 09:20:02] quant.scorecard WARNING: 获取 FU 次日K线失败: invalid literal for int() with base 10: 'i'
[2026-03-03 09:20:02] quant.scorecard WARNING: FU 燃油 次日数据获取失败, 跳过
[2026-03-03 09:20:02] quant.scorecard INFO: 2026-03-02 无新增评分记录
[2026-03-03 09:20:06] quant.scorecard INFO: 评分日期: 2026-03-02 (次日表现)
[2026-03-03 09:20:07] quant.scorecard WARNING: 获取 IM 次日K线失败: invalid literal for int() with base 10: 'i'
[2026-03-03 09:20:07] quant.scorecard WARNING: IM 中证1000 次日数据获取失败, 跳过
[2026-03-03 09:20:07] quant.scorecard WARNING: 获取 CF 次日K线失败: invalid literal for int() with base 10: 'i'
[2026-03-03 09:20:07] quant.scorecard WARNING: CF 棉花 次日数据获取失败, 跳过
[2026-03-03 09:20:07] quant.scorecard WARNING: 获取 FU 次日K线失败: invalid literal for int() with base 10: 'i'
[2026-03-03 09:20:07] quant.scorecard WARNING: FU 燃油 次日数据获取失败, 跳过
[2026-03-03 09:20:07] quant.scorecard INFO: 2026-03-02 无新增评分记录
[2026-03-04 09:20:09] quant.scorecard INFO: 评分日期: 2026-03-03 (次日表现)
[2026-03-04 09:20:09] quant.scorecard WARNING: 获取 XLF 次日K线失败: invalid literal for int() with base 10: 'i'
[2026-03-04 09:20:09] quant.scorecard WARNING: XLF 金融ETF 次日数据获取失败, 跳过
[2026-03-04 09:20:10] quant.scorecard WARNING: 获取 RU 次日K线失败: invalid literal for int() with base 10: 'i'
[2026-03-04 09:20:10] quant.scorecard WARNING: RU 橡胶 次日数据获取失败, 跳过
[2026-03-04 09:20:10] quant.scorecard WARNING: 获取 BU 次日K线失败: invalid literal for int() with base 10: 'i'
[2026-03-04 09:20:10] quant.scorecard WARNING: BU 沥青 次日数据获取失败, 跳过
[2026-03-04 09:20:10] quant.scorecard WARNING: 002036 联创电子 次日数据获取失败, 跳过
[2026-03-04 09:20:11] quant.scorecard WARNING: 002216 三全食品 次日数据获取失败, 跳过
[2026-03-04 09:20:11] quant.scorecard WARNING: 600744 华银电力 次日数据获取失败, 跳过
[2026-03-04 09:20:11] quant.scorecard INFO: 2026-03-03 无新增评分记录
[2026-03-04 09:20:15] quant.scorecard INFO: 评分日期: 2026-03-03 (次日表现)
[2026-03-04 09:20:15] quant.scorecard WARNING: 获取 XLF 次日K线失败: invalid literal for int() with base 10: 'i'
[2026-03-04 09:20:15] quant.scorecard WARNING: XLF 金融ETF 次日数据获取失败, 跳过
[2026-03-04 09:20:15] quant.scorecard WARNING: 获取 RU 次日K线失败: invalid literal for int() with base 10: 'i'
[2026-03-04 09:20:15] quant.scorecard WARNING: RU 橡胶 次日数据获取失败, 跳过
[2026-03-04 09:20:15] quant.scorecard WARNING: 获取 BU 次日K线失败: invalid literal for int() with base 10: 'i'
[2026-03-04 09:20:15] quant.scorecard WARNING: BU 沥青 次日数据获取失败, 跳过
[2026-03-04 09:20:16] quant.scorecard WARNING: 002036 联创电子 次日数据获取失败, 跳过
[2026-03-04 09:20:16] quant.scorecard WARNING: 002216 三全食品 次日数据获取失败, 跳过
[2026-03-04 09:20:17] quant.scorecard WARNING: 600744 华银电力 次日数据获取失败, 跳过
[2026-03-04 09:20:17] quant.scorecard INFO: 2026-03-03 无新增评分记录
[2026-03-04 13:54:25] quant.scorecard INFO: 评分日期: 2026-03-02 → 次日表现(2026-03-03)
[2026-03-04 13:54:25] quant.scorecard WARNING: 获取 IM 次日K线失败: invalid literal for int() with base 10: 'i'
[2026-03-04 13:54:25] quant.scorecard WARNING: IM 中证1000 次日(2026-03-03)数据获取失败, 跳过
[2026-03-04 13:54:25] quant.scorecard WARNING: 获取 CF 次日K线失败: invalid literal for int() with base 10: 'i'
[2026-03-04 13:54:25] quant.scorecard WARNING: CF 棉花 次日(2026-03-03)数据获取失败, 跳过
[2026-03-04 13:54:25] quant.scorecard INFO: 2026-03-02 无新增评分记录
[2026-03-04 15:35:04] quant.scorecard INFO: 评分日期: 2026-03-02 → 次日表现(2026-03-03)
[2026-03-04 15:35:04] quant.scorecard WARNING: 获取 IM 次日K线双源均失败: ('Connection aborted.', RemoteDisconnected('Remote end closed connection without response'))
[2026-03-04 15:35:04] quant.scorecard WARNING: IM 中证1000 次日(2026-03-03)数据获取失败, 跳过
[2026-03-04 15:35:04] quant.scorecard WARNING: 获取 CF 次日K线双源均失败: ('Connection aborted.', RemoteDisconnected('Remote end closed connection without response'))
[2026-03-04 15:35:04] quant.scorecard WARNING: CF 棉花 次日(2026-03-03)数据获取失败, 跳过
[2026-03-04 15:35:04] quant.scorecard INFO: 2026-03-02 无新增评分记录
