[2026-03-05 10:18:30] quant.sector_monitor ERROR: 行业板块获取失败: ('Connection aborted.', RemoteDisconnected('Remote end closed connection without response'))
[2026-03-05 10:18:35] quant.sector_monitor ERROR: akshare行业板块也失败: ('Connection aborted.', RemoteDisconnected('Remote end closed connection without response'))
[2026-03-05 10:18:36] quant.sector_monitor ERROR: 概念板块获取失败: ('Connection aborted.', RemoteDisconnected('Remote end closed connection without response'))
[2026-03-05 10:20:55] quant.sector_monitor INFO: [板块监控] 开始扫描...
[2026-03-05 10:20:56] quant.sector_monitor INFO: [板块监控] 获取 49 行业 + 175 概念板块
[2026-03-05 10:20:57] quant.sector_monitor INFO: [板块监控] 发现 3 个异动板块, 已推送
[2026-03-05 10:28:20] quant.sector_monitor INFO: [板块监控] 开始扫描...
[2026-03-05 10:28:20] quant.sector_monitor INFO: [板块监控] 获取 49 行业 + 175 概念板块
[2026-03-05 10:28:21] quant.sector_monitor INFO: [板块监控] 发现 1 个异动板块, 已推送
[2026-03-05 10:33:28] quant.sector_monitor INFO: [板块监控] 开始扫描...
[2026-03-05 10:33:29] quant.sector_monitor INFO: [板块监控] 获取 49 行业 + 175 概念板块
[2026-03-05 10:33:29] quant.sector_monitor INFO: [板块监控] 4个异动均已推过, 跳过
[2026-03-05 10:38:29] quant.sector_monitor INFO: [板块监控] 开始扫描...
[2026-03-05 10:38:29] quant.sector_monitor INFO: [板块监控] 获取 49 行业 + 175 概念板块
[2026-03-05 10:38:29] quant.sector_monitor INFO: [板块监控] 3个异动均已推过, 跳过
[2026-03-05 10:43:29] quant.sector_monitor INFO: [板块监控] 开始扫描...
[2026-03-05 10:43:29] quant.sector_monitor INFO: [板块监控] 获取 49 行业 + 175 概念板块
[2026-03-05 10:43:29] quant.sector_monitor INFO: [板块监控] 2个异动均已推过, 跳过
[2026-03-05 10:48:30] quant.sector_monitor INFO: [板块监控] 开始扫描...
[2026-03-05 10:48:30] quant.sector_monitor INFO: [板块监控] 获取 49 行业 + 175 概念板块
[2026-03-05 10:48:30] quant.sector_monitor INFO: [板块监控] 1个异动均已推过, 跳过
[2026-03-05 10:53:30] quant.sector_monitor INFO: [板块监控] 开始扫描...
[2026-03-05 10:53:30] quant.sector_monitor INFO: [板块监控] 获取 49 行业 + 175 概念板块
[2026-03-05 10:53:31] quant.sector_monitor INFO: [板块监控] 发现 3 个异动板块, 已推送
[2026-03-05 10:58:31] quant.sector_monitor INFO: [板块监控] 开始扫描...
[2026-03-05 10:58:32] quant.sector_monitor INFO: [板块监控] 获取 49 行业 + 175 概念板块
[2026-03-05 10:58:32] quant.sector_monitor INFO: [板块监控] 3个异动均已推过, 跳过
[2026-03-05 11:03:32] quant.sector_monitor INFO: [板块监控] 开始扫描...
[2026-03-05 11:03:33] quant.sector_monitor INFO: [板块监控] 获取 49 行业 + 175 概念板块
[2026-03-05 11:03:33] quant.sector_monitor INFO: [板块监控] 3个异动均已推过, 跳过
[2026-03-05 11:08:33] quant.sector_monitor INFO: [板块监控] 开始扫描...
[2026-03-05 11:08:33] quant.sector_monitor INFO: [板块监控] 获取 49 行业 + 175 概念板块
[2026-03-05 11:08:33] quant.sector_monitor INFO: [板块监控] 3个异动均已推过, 跳过
[2026-03-05 11:13:33] quant.sector_monitor INFO: [板块监控] 开始扫描...
[2026-03-05 11:13:34] quant.sector_monitor INFO: [板块监控] 获取 49 行业 + 175 概念板块
[2026-03-05 11:13:34] quant.sector_monitor INFO: [板块监控] 3个异动均已推过, 跳过
[2026-03-05 11:14:03] quant.sector_monitor INFO: [板块监控] 开始扫描...
[2026-03-05 11:14:04] quant.sector_monitor INFO: [板块监控] 获取 49 行业 + 175 概念板块
[2026-03-05 11:14:04] quant.sector_monitor INFO: [板块监控] 3个异动均已推过, 跳过
[2026-03-05 11:15:04] quant.sector_monitor INFO: [板块监控] 开始扫描...
[2026-03-05 11:15:04] quant.sector_monitor INFO: [板块监控] 获取 49 行业 + 175 概念板块
[2026-03-05 11:15:04] quant.sector_monitor INFO: [板块监控] 3个异动均已推过, 跳过
[2026-03-05 11:18:34] quant.sector_monitor INFO: [板块监控] 开始扫描...
[2026-03-05 11:18:34] quant.sector_monitor INFO: [板块监控] 获取 49 行业 + 175 概念板块
[2026-03-05 11:18:34] quant.sector_monitor INFO: [板块监控] 3个异动均已推过, 跳过
[2026-03-05 11:23:34] quant.sector_monitor INFO: [板块监控] 开始扫描...
[2026-03-05 11:23:35] quant.sector_monitor INFO: [板块监控] 获取 49 行业 + 175 概念板块
[2026-03-05 11:23:36] quant.sector_monitor INFO: [板块监控] 发现 3 个异动板块, 已推送
[2026-03-05 11:28:36] quant.sector_monitor INFO: [板块监控] 开始扫描...
[2026-03-05 11:28:36] quant.sector_monitor INFO: [板块监控] 获取 49 行业 + 175 概念板块
[2026-03-05 11:28:36] quant.sector_monitor INFO: [板块监控] 2个异动均已推过, 跳过
[2026-03-05 11:45:44] quant.sector_monitor INFO: [板块监控] 开始扫描...
[2026-03-05 11:45:44] quant.sector_monitor INFO: [板块监控] 获取 0 行业 + 0 概念板块
[2026-03-05 11:45:44] quant.sector_monitor WARNING: [板块监控] 无板块数据
[2026-03-05 11:59:24] quant.sector_monitor INFO: [板块监控] 开始扫描...
[2026-03-05 11:59:25] quant.sector_monitor INFO: [板块监控] 获取 49 行业 + 175 概念板块
[2026-03-05 11:59:25] quant.sector_monitor INFO: [板块监控] 发现 2 个异动板块, 已推送
[2026-03-05 13:03:46] quant.sector_monitor INFO: [板块监控] 开始扫描...
[2026-03-05 13:03:47] quant.sector_monitor INFO: [板块监控] 获取 49 行业 + 175 概念板块
[2026-03-05 13:03:47] quant.sector_monitor INFO: [板块监控] 发现 1 个异动板块, 已推送
[2026-03-05 13:08:47] quant.sector_monitor INFO: [板块监控] 开始扫描...
[2026-03-05 13:08:47] quant.sector_monitor INFO: [板块监控] 获取 49 行业 + 175 概念板块
[2026-03-05 13:08:47] quant.sector_monitor INFO: [板块监控] 1个异动均已推过, 跳过
