[2026-03-02 21:43:12] quant.signal_tracker INFO: 信号入库: 2026-03-01, 新增 2 条
[2026-03-02 21:43:12] quant.signal_tracker INFO: 信号入库: 2026-03-01, 新增 1 条
[2026-03-02 21:43:12] quant.signal_tracker INFO: 信号入库: 2026-03-02, 新增 1 条
[2026-03-02 21:43:12] quant.signal_tracker INFO: 信号入库: 2026-03-01, 新增 1 条
[2026-03-02 21:43:12] quant.signal_tracker INFO: 信号验证: 新增 3 条, 跳过 0, 完成 1
[2026-03-02 21:43:12] quant.signal_tracker INFO: 信号验证: 新增 3 条, 跳过 0, 完成 1
[2026-03-02 21:43:12] quant.signal_tracker INFO: 信号验证: 新增 0 条, 跳过 3, 完成 0
[2026-03-02 21:43:12] quant.signal_tracker INFO: 信号验证: 新增 0 条, 跳过 0, 完成 0
[2026-03-02 21:43:12] quant.signal_tracker INFO: 信号入库: 2026-03-02, 新增 1 条
[2026-03-02 21:43:12] quant.signal_tracker INFO: 信号追踪日任务: 入库1条, 验证0条
[2026-03-02 21:48:27] quant.signal_tracker INFO: 信号入库: 2026-03-01, 新增 2 条
[2026-03-02 21:48:27] quant.signal_tracker INFO: 信号入库: 2026-03-01, 新增 1 条
[2026-03-02 21:48:27] quant.signal_tracker INFO: 信号入库: 2026-03-02, 新增 1 条
[2026-03-02 21:48:27] quant.signal_tracker INFO: 信号入库: 2026-03-01, 新增 1 条
[2026-03-02 21:48:27] quant.signal_tracker INFO: 信号验证: 新增 3 条, 跳过 0, 完成 1
[2026-03-02 21:48:27] quant.signal_tracker INFO: 信号验证: 新增 3 条, 跳过 0, 完成 1
[2026-03-02 21:48:27] quant.signal_tracker INFO: 信号验证: 新增 0 条, 跳过 3, 完成 0
[2026-03-02 21:48:27] quant.signal_tracker INFO: 信号验证: 新增 0 条, 跳过 0, 完成 0
[2026-03-02 21:48:27] quant.signal_tracker INFO: 信号入库: 2026-03-02, 新增 1 条
[2026-03-02 21:48:27] quant.signal_tracker INFO: 信号追踪日任务: 入库1条, 验证0条
[2026-03-02 21:51:45] quant.signal_tracker INFO: 信号入库: 2026-03-02, 新增 1 条
[2026-03-02 21:55:37] quant.signal_tracker INFO: 信号入库: 2026-03-01, 新增 2 条
[2026-03-02 21:55:37] quant.signal_tracker INFO: 信号入库: 2026-03-01, 新增 1 条
[2026-03-02 21:55:37] quant.signal_tracker INFO: 信号入库: 2026-03-02, 新增 1 条
[2026-03-02 21:55:37] quant.signal_tracker INFO: 信号入库: 2026-03-01, 新增 1 条
[2026-03-02 21:55:37] quant.signal_tracker INFO: 信号验证: 新增 3 条, 跳过 0, 完成 1
[2026-03-02 21:55:37] quant.signal_tracker INFO: 信号验证: 新增 3 条, 跳过 0, 完成 1
[2026-03-02 21:55:37] quant.signal_tracker INFO: 信号验证: 新增 0 条, 跳过 3, 完成 0
[2026-03-02 21:55:37] quant.signal_tracker INFO: 信号验证: 新增 0 条, 跳过 0, 完成 0
[2026-03-02 21:55:37] quant.signal_tracker INFO: 信号入库: 2026-03-02, 新增 1 条
[2026-03-02 21:55:37] quant.signal_tracker INFO: 信号追踪日任务: 入库1条, 验证0条
[2026-03-02 22:39:50] quant.signal_tracker INFO: 信号入库: 2026-03-01, 新增 2 条
[2026-03-02 22:39:50] quant.signal_tracker INFO: 信号入库: 2026-03-01, 新增 1 条
[2026-03-02 22:39:50] quant.signal_tracker INFO: 信号入库: 2026-03-02, 新增 1 条
[2026-03-02 22:39:50] quant.signal_tracker INFO: 信号入库: 2026-03-01, 新增 1 条
[2026-03-02 22:39:50] quant.signal_tracker INFO: 信号验证: 新增 3 条, 跳过 0, 完成 1
[2026-03-02 22:39:50] quant.signal_tracker INFO: 信号验证: 新增 3 条, 跳过 0, 完成 1
[2026-03-02 22:39:50] quant.signal_tracker INFO: 信号验证: 新增 0 条, 跳过 3, 完成 0
[2026-03-02 22:39:50] quant.signal_tracker INFO: 信号验证: 新增 0 条, 跳过 0, 完成 0
[2026-03-02 22:39:50] quant.signal_tracker INFO: 信号入库: 2026-03-02, 新增 1 条
[2026-03-02 22:39:50] quant.signal_tracker INFO: 信号追踪日任务: 入库1条, 验证0条
[2026-03-02 22:48:51] quant.signal_tracker INFO: 信号入库: 2026-03-01, 新增 2 条
[2026-03-02 22:48:51] quant.signal_tracker INFO: 信号入库: 2026-03-01, 新增 1 条
[2026-03-02 22:48:51] quant.signal_tracker INFO: 信号入库: 2026-03-02, 新增 1 条
[2026-03-02 22:48:51] quant.signal_tracker INFO: 信号入库: 2026-03-01, 新增 1 条
[2026-03-02 22:48:51] quant.signal_tracker INFO: 信号验证: 新增 3 条, 跳过 0, 完成 1
[2026-03-02 22:48:51] quant.signal_tracker INFO: 信号验证: 新增 3 条, 跳过 0, 完成 1
[2026-03-02 22:48:51] quant.signal_tracker INFO: 信号验证: 新增 0 条, 跳过 3, 完成 0
[2026-03-02 22:48:51] quant.signal_tracker INFO: 信号验证: 新增 0 条, 跳过 0, 完成 0
[2026-03-02 22:48:51] quant.signal_tracker INFO: 信号入库: 2026-03-02, 新增 1 条
[2026-03-02 22:48:51] quant.signal_tracker INFO: 信号追踪日任务: 入库1条, 验证0条
[2026-03-02 22:56:33] quant.signal_tracker INFO: 信号入库: 2026-03-01, 新增 2 条
[2026-03-02 22:56:33] quant.signal_tracker INFO: 信号入库: 2026-03-01, 新增 1 条
[2026-03-02 22:56:33] quant.signal_tracker INFO: 信号入库: 2026-03-02, 新增 1 条
[2026-03-02 22:56:33] quant.signal_tracker INFO: 信号入库: 2026-03-01, 新增 1 条
[2026-03-02 22:56:33] quant.signal_tracker INFO: 信号验证: 新增 3 条, 跳过 0, 完成 1
[2026-03-02 22:56:33] quant.signal_tracker INFO: 信号验证: 新增 3 条, 跳过 0, 完成 1
[2026-03-02 22:56:33] quant.signal_tracker INFO: 信号验证: 新增 0 条, 跳过 3, 完成 0
[2026-03-02 22:56:33] quant.signal_tracker INFO: 信号验证: 新增 0 条, 跳过 0, 完成 0
[2026-03-02 22:56:33] quant.signal_tracker INFO: 信号入库: 2026-03-02, 新增 1 条
[2026-03-02 22:56:33] quant.signal_tracker INFO: 信号追踪日任务: 入库1条, 验证0条
[2026-03-02 23:22:39] quant.signal_tracker INFO: 信号入库: 2026-03-01, 新增 2 条
[2026-03-02 23:22:39] quant.signal_tracker INFO: 信号入库: 2026-03-01, 新增 1 条
[2026-03-02 23:22:39] quant.signal_tracker INFO: 信号入库: 2026-03-02, 新增 1 条
[2026-03-02 23:22:39] quant.signal_tracker INFO: 信号入库: 2026-03-01, 新增 1 条
[2026-03-02 23:22:39] quant.signal_tracker INFO: 信号验证: 新增 3 条, 跳过 0, 完成 1
[2026-03-02 23:22:39] quant.signal_tracker INFO: 信号验证: 新增 3 条, 跳过 0, 完成 1
[2026-03-02 23:22:39] quant.signal_tracker INFO: 信号验证: 新增 0 条, 跳过 3, 完成 0
[2026-03-02 23:22:39] quant.signal_tracker INFO: 信号验证: 新增 0 条, 跳过 0, 完成 0
[2026-03-02 23:22:39] quant.signal_tracker INFO: 信号入库: 2026-03-02, 新增 1 条
[2026-03-02 23:22:39] quant.signal_tracker INFO: 信号追踪日任务: 入库1条, 验证0条
[2026-03-02 23:29:02] quant.signal_tracker INFO: 信号入库: 2026-03-01, 新增 2 条
[2026-03-02 23:29:02] quant.signal_tracker INFO: 信号入库: 2026-03-01, 新增 1 条
[2026-03-02 23:29:02] quant.signal_tracker INFO: 信号入库: 2026-03-02, 新增 1 条
[2026-03-02 23:29:02] quant.signal_tracker INFO: 信号入库: 2026-03-01, 新增 1 条
[2026-03-02 23:29:02] quant.signal_tracker INFO: 信号验证: 新增 3 条, 跳过 0, 完成 1
[2026-03-02 23:29:02] quant.signal_tracker INFO: 信号验证: 新增 3 条, 跳过 0, 完成 1
[2026-03-02 23:29:02] quant.signal_tracker INFO: 信号验证: 新增 0 条, 跳过 3, 完成 0
[2026-03-02 23:29:02] quant.signal_tracker INFO: 信号验证: 新增 0 条, 跳过 0, 完成 0
[2026-03-02 23:29:02] quant.signal_tracker INFO: 信号入库: 2026-03-02, 新增 1 条
[2026-03-02 23:29:02] quant.signal_tracker INFO: 信号追踪日任务: 入库1条, 验证0条
[2026-03-02 23:42:00] quant.signal_tracker INFO: 信号入库: 2026-03-01, 新增 2 条
[2026-03-02 23:42:00] quant.signal_tracker INFO: 信号入库: 2026-03-01, 新增 1 条
[2026-03-02 23:42:00] quant.signal_tracker INFO: 信号入库: 2026-03-02, 新增 1 条
[2026-03-02 23:42:00] quant.signal_tracker INFO: 信号入库: 2026-03-01, 新增 1 条
[2026-03-02 23:42:00] quant.signal_tracker INFO: 信号验证: 新增 3 条, 跳过 0, 完成 1
[2026-03-02 23:42:00] quant.signal_tracker INFO: 信号验证: 新增 3 条, 跳过 0, 完成 1
[2026-03-02 23:42:00] quant.signal_tracker INFO: 信号验证: 新增 0 条, 跳过 3, 完成 0
[2026-03-02 23:42:00] quant.signal_tracker INFO: 信号验证: 新增 0 条, 跳过 0, 完成 0
[2026-03-02 23:42:00] quant.signal_tracker INFO: 信号入库: 2026-03-02, 新增 1 条
[2026-03-02 23:42:00] quant.signal_tracker INFO: 信号追踪日任务: 入库1条, 验证0条
[2026-03-02 23:48:27] quant.signal_tracker INFO: 信号入库: 2026-03-01, 新增 2 条
[2026-03-02 23:48:27] quant.signal_tracker INFO: 信号入库: 2026-03-01, 新增 1 条
[2026-03-02 23:48:27] quant.signal_tracker INFO: 信号入库: 2026-03-02, 新增 1 条
[2026-03-02 23:48:27] quant.signal_tracker INFO: 信号入库: 2026-03-01, 新增 1 条
[2026-03-02 23:48:27] quant.signal_tracker INFO: 信号验证: 新增 3 条, 跳过 0, 完成 1
[2026-03-02 23:48:27] quant.signal_tracker INFO: 信号验证: 新增 3 条, 跳过 0, 完成 1
[2026-03-02 23:48:27] quant.signal_tracker INFO: 信号验证: 新增 0 条, 跳过 3, 完成 0
[2026-03-02 23:48:27] quant.signal_tracker INFO: 信号验证: 新增 0 条, 跳过 0, 完成 0
[2026-03-02 23:48:27] quant.signal_tracker INFO: 信号入库: 2026-03-02, 新增 1 条
[2026-03-02 23:48:27] quant.signal_tracker INFO: 信号追踪日任务: 入库1条, 验证0条
[2026-03-03 08:33:07] quant.signal_tracker INFO: 信号入库: 2026-03-01, 新增 2 条
[2026-03-03 08:33:07] quant.signal_tracker INFO: 信号入库: 2026-03-01, 新增 1 条
[2026-03-03 08:33:07] quant.signal_tracker INFO: 信号入库: 2026-03-02, 新增 1 条
[2026-03-03 08:33:07] quant.signal_tracker INFO: 信号入库: 2026-03-01, 新增 1 条
[2026-03-03 08:33:07] quant.signal_tracker INFO: 信号验证: 新增 3 条, 跳过 0, 完成 1
[2026-03-03 08:33:07] quant.signal_tracker INFO: 信号验证: 新增 3 条, 跳过 0, 完成 1
[2026-03-03 08:33:07] quant.signal_tracker INFO: 信号验证: 新增 0 条, 跳过 3, 完成 0
[2026-03-03 08:33:07] quant.signal_tracker INFO: 信号验证: 新增 0 条, 跳过 0, 完成 0
[2026-03-03 08:33:07] quant.signal_tracker INFO: 信号入库: 2026-03-03, 新增 1 条
[2026-03-03 08:33:07] quant.signal_tracker INFO: 信号追踪日任务: 入库1条, 验证0条
[2026-03-03 08:56:26] quant.signal_tracker INFO: 信号入库: 2026-03-01, 新增 2 条
[2026-03-03 08:56:26] quant.signal_tracker INFO: 信号入库: 2026-03-01, 新增 1 条
[2026-03-03 08:56:26] quant.signal_tracker INFO: 信号入库: 2026-03-02, 新增 1 条
[2026-03-03 08:56:26] quant.signal_tracker INFO: 信号入库: 2026-03-01, 新增 1 条
[2026-03-03 08:56:26] quant.signal_tracker INFO: 信号验证: 新增 3 条, 跳过 0, 完成 1
[2026-03-03 08:56:26] quant.signal_tracker INFO: 信号验证: 新增 3 条, 跳过 0, 完成 1
[2026-03-03 08:56:26] quant.signal_tracker INFO: 信号验证: 新增 0 条, 跳过 3, 完成 0
[2026-03-03 08:56:26] quant.signal_tracker INFO: 信号验证: 新增 0 条, 跳过 0, 完成 0
[2026-03-03 08:56:26] quant.signal_tracker INFO: 信号入库: 2026-03-03, 新增 1 条
[2026-03-03 08:56:26] quant.signal_tracker INFO: 信号追踪日任务: 入库1条, 验证0条
[2026-03-03 12:32:48] quant.signal_tracker INFO: 信号入库: 2026-03-01, 新增 2 条
[2026-03-03 12:32:48] quant.signal_tracker INFO: 信号入库: 2026-03-01, 新增 1 条
[2026-03-03 12:32:48] quant.signal_tracker INFO: 信号入库: 2026-03-02, 新增 1 条
[2026-03-03 12:32:48] quant.signal_tracker INFO: 信号入库: 2026-03-01, 新增 1 条
[2026-03-03 12:32:48] quant.signal_tracker INFO: 信号验证: 新增 3 条, 跳过 0, 完成 1
[2026-03-03 12:32:48] quant.signal_tracker INFO: 信号验证: 新增 3 条, 跳过 0, 完成 1
[2026-03-03 12:32:48] quant.signal_tracker INFO: 信号验证: 新增 0 条, 跳过 3, 完成 0
[2026-03-03 12:32:48] quant.signal_tracker INFO: 信号验证: 新增 0 条, 跳过 0, 完成 0
[2026-03-03 12:32:48] quant.signal_tracker INFO: 信号入库: 2026-03-03, 新增 1 条
[2026-03-03 12:32:48] quant.signal_tracker INFO: 信号追踪日任务: 入库1条, 验证0条
[2026-03-03 12:37:37] quant.signal_tracker INFO: 信号入库: 2026-03-01, 新增 2 条
[2026-03-03 12:37:37] quant.signal_tracker INFO: 信号入库: 2026-03-01, 新增 1 条
[2026-03-03 12:37:37] quant.signal_tracker INFO: 信号入库: 2026-03-02, 新增 1 条
[2026-03-03 12:37:37] quant.signal_tracker INFO: 信号入库: 2026-03-01, 新增 1 条
[2026-03-03 12:37:37] quant.signal_tracker INFO: 信号验证: 新增 3 条, 跳过 0, 完成 1
[2026-03-03 12:37:37] quant.signal_tracker INFO: 信号验证: 新增 3 条, 跳过 0, 完成 1
[2026-03-03 12:37:37] quant.signal_tracker INFO: 信号验证: 新增 0 条, 跳过 3, 完成 0
[2026-03-03 12:37:37] quant.signal_tracker INFO: 信号验证: 新增 0 条, 跳过 0, 完成 0
[2026-03-03 12:37:37] quant.signal_tracker INFO: 信号入库: 2026-03-03, 新增 1 条
[2026-03-03 12:37:37] quant.signal_tracker INFO: 信号追踪日任务: 入库1条, 验证0条
[2026-03-03 12:42:17] quant.signal_tracker INFO: 信号入库: 2026-03-01, 新增 2 条
[2026-03-03 12:42:17] quant.signal_tracker INFO: 信号入库: 2026-03-01, 新增 1 条
[2026-03-03 12:42:17] quant.signal_tracker INFO: 信号入库: 2026-03-02, 新增 1 条
[2026-03-03 12:42:17] quant.signal_tracker INFO: 信号入库: 2026-03-01, 新增 1 条
[2026-03-03 12:42:17] quant.signal_tracker INFO: 信号验证: 新增 3 条, 跳过 0, 完成 1
[2026-03-03 12:42:17] quant.signal_tracker INFO: 信号验证: 新增 3 条, 跳过 0, 完成 1
[2026-03-03 12:42:17] quant.signal_tracker INFO: 信号验证: 新增 0 条, 跳过 3, 完成 0
[2026-03-03 12:42:17] quant.signal_tracker INFO: 信号验证: 新增 0 条, 跳过 0, 完成 0
[2026-03-03 12:42:17] quant.signal_tracker INFO: 信号入库: 2026-03-03, 新增 1 条
[2026-03-03 12:42:17] quant.signal_tracker INFO: 信号追踪日任务: 入库1条, 验证0条
[2026-03-03 13:02:21] quant.signal_tracker INFO: 信号入库: 2026-03-01, 新增 2 条
[2026-03-03 13:02:21] quant.signal_tracker INFO: 信号入库: 2026-03-01, 新增 1 条
[2026-03-03 13:02:21] quant.signal_tracker INFO: 信号入库: 2026-03-02, 新增 1 条
[2026-03-03 13:02:21] quant.signal_tracker INFO: 信号入库: 2026-03-01, 新增 1 条
[2026-03-03 13:02:21] quant.signal_tracker INFO: 信号验证: 新增 3 条, 跳过 0, 完成 1
[2026-03-03 13:02:21] quant.signal_tracker INFO: 信号验证: 新增 3 条, 跳过 0, 完成 1
[2026-03-03 13:02:21] quant.signal_tracker INFO: 信号验证: 新增 0 条, 跳过 3, 完成 0
[2026-03-03 13:02:21] quant.signal_tracker INFO: 信号验证: 新增 0 条, 跳过 0, 完成 0
[2026-03-03 13:02:21] quant.signal_tracker INFO: 信号入库: 2026-03-03, 新增 1 条
[2026-03-03 13:02:21] quant.signal_tracker INFO: 信号追踪日任务: 入库1条, 验证0条
[2026-03-03 14:58:01] quant.signal_tracker INFO: 信号入库: 2026-03-01, 新增 2 条
[2026-03-03 14:58:01] quant.signal_tracker INFO: 信号入库: 2026-03-01, 新增 1 条
[2026-03-03 14:58:01] quant.signal_tracker INFO: 信号入库: 2026-03-02, 新增 1 条
[2026-03-03 14:58:01] quant.signal_tracker INFO: 信号入库: 2026-03-01, 新增 1 条
[2026-03-03 14:58:01] quant.signal_tracker INFO: 信号验证: 新增 3 条, 跳过 0, 完成 1
[2026-03-03 14:58:01] quant.signal_tracker INFO: 信号验证: 新增 3 条, 跳过 0, 完成 1
[2026-03-03 14:58:01] quant.signal_tracker INFO: 信号验证: 新增 0 条, 跳过 3, 完成 0
[2026-03-03 14:58:01] quant.signal_tracker INFO: 信号验证: 新增 0 条, 跳过 0, 完成 0
[2026-03-03 14:58:01] quant.signal_tracker INFO: 信号入库: 2026-03-03, 新增 1 条
[2026-03-03 14:58:01] quant.signal_tracker INFO: 信号追踪日任务: 入库1条, 验证0条
[2026-03-03 16:05:29] quant.signal_tracker INFO: 信号入库: 2026-03-03, 新增 3 条
[2026-03-03 16:05:36] quant.signal_tracker DEBUG: 获取 FU 2026-03-03 收盘价失败: 'str' object is not callable
[2026-03-03 16:05:36] quant.signal_tracker INFO: 信号验证: 新增 0 条, 跳过 1, 完成 0
[2026-03-03 16:05:36] quant.signal_tracker INFO: 信号追踪日任务: 入库3条, 验证0条
[2026-03-03 16:32:57] quant.signal_tracker INFO: 信号入库: 2026-03-01, 新增 2 条
[2026-03-03 16:32:57] quant.signal_tracker INFO: 信号入库: 2026-03-01, 新增 1 条
[2026-03-03 16:32:57] quant.signal_tracker INFO: 信号入库: 2026-03-02, 新增 1 条
[2026-03-03 16:32:57] quant.signal_tracker INFO: 信号入库: 2026-03-01, 新增 1 条
[2026-03-03 16:32:57] quant.signal_tracker INFO: 信号验证: 新增 3 条, 跳过 0, 完成 1
[2026-03-03 16:32:57] quant.signal_tracker INFO: 信号验证: 新增 3 条, 跳过 0, 完成 1
[2026-03-03 16:32:57] quant.signal_tracker INFO: 信号验证: 新增 0 条, 跳过 3, 完成 0
[2026-03-03 16:32:57] quant.signal_tracker INFO: 信号验证: 新增 0 条, 跳过 0, 完成 0
[2026-03-03 16:32:57] quant.signal_tracker INFO: 信号入库: 2026-03-03, 新增 1 条
[2026-03-03 16:32:57] quant.signal_tracker INFO: 信号追踪日任务: 入库1条, 验证0条
[2026-03-03 16:37:47] quant.signal_tracker INFO: 信号入库: 2026-03-01, 新增 2 条
[2026-03-03 16:37:47] quant.signal_tracker INFO: 信号入库: 2026-03-01, 新增 1 条
[2026-03-03 16:37:47] quant.signal_tracker INFO: 信号入库: 2026-03-02, 新增 1 条
[2026-03-03 16:37:47] quant.signal_tracker INFO: 信号入库: 2026-03-01, 新增 1 条
[2026-03-03 16:37:47] quant.signal_tracker INFO: 信号验证: 新增 3 条, 跳过 0, 完成 1
[2026-03-03 16:37:47] quant.signal_tracker INFO: 信号验证: 新增 3 条, 跳过 0, 完成 1
[2026-03-03 16:37:47] quant.signal_tracker INFO: 信号验证: 新增 0 条, 跳过 3, 完成 0
[2026-03-03 16:37:47] quant.signal_tracker INFO: 信号验证: 新增 0 条, 跳过 0, 完成 0
[2026-03-03 16:37:47] quant.signal_tracker INFO: 信号入库: 2026-03-03, 新增 1 条
[2026-03-03 16:37:47] quant.signal_tracker INFO: 信号追踪日任务: 入库1条, 验证0条
[2026-03-03 16:57:31] quant.signal_tracker INFO: 信号入库: 2026-03-01, 新增 2 条
[2026-03-03 16:57:31] quant.signal_tracker INFO: 信号入库: 2026-03-01, 新增 1 条
[2026-03-03 16:57:31] quant.signal_tracker INFO: 信号入库: 2026-03-02, 新增 1 条
[2026-03-03 16:57:31] quant.signal_tracker INFO: 信号入库: 2026-03-01, 新增 1 条
[2026-03-03 16:57:31] quant.signal_tracker INFO: 信号验证: 新增 3 条, 跳过 0, 完成 1
[2026-03-03 16:57:31] quant.signal_tracker INFO: 信号验证: 新增 3 条, 跳过 0, 完成 1
[2026-03-03 16:57:31] quant.signal_tracker INFO: 信号验证: 新增 0 条, 跳过 3, 完成 0
[2026-03-03 16:57:31] quant.signal_tracker INFO: 信号验证: 新增 0 条, 跳过 0, 完成 0
[2026-03-03 16:57:31] quant.signal_tracker INFO: 信号入库: 2026-03-03, 新增 1 条
[2026-03-03 16:57:31] quant.signal_tracker INFO: 信号追踪日任务: 入库1条, 验证0条
[2026-03-03 17:24:15] quant.signal_tracker INFO: 信号入库: 2026-03-01, 新增 2 条
[2026-03-03 17:24:15] quant.signal_tracker INFO: 信号入库: 2026-03-01, 新增 1 条
[2026-03-03 17:24:15] quant.signal_tracker INFO: 信号入库: 2026-03-02, 新增 1 条
[2026-03-03 17:24:15] quant.signal_tracker INFO: 信号入库: 2026-03-01, 新增 1 条
[2026-03-03 17:24:15] quant.signal_tracker INFO: 信号验证: 新增 3 条, 跳过 0, 完成 1
[2026-03-03 17:24:15] quant.signal_tracker INFO: 信号验证: 新增 3 条, 跳过 0, 完成 1
[2026-03-03 17:24:15] quant.signal_tracker INFO: 信号验证: 新增 0 条, 跳过 3, 完成 0
[2026-03-03 17:24:15] quant.signal_tracker INFO: 信号验证: 新增 0 条, 跳过 0, 完成 0
[2026-03-03 17:24:15] quant.signal_tracker INFO: 信号入库: 2026-03-03, 新增 1 条
[2026-03-03 17:24:15] quant.signal_tracker INFO: 信号追踪日任务: 入库1条, 验证0条
[2026-03-03 17:28:51] quant.signal_tracker INFO: 信号入库: 2026-03-01, 新增 2 条
[2026-03-03 17:28:51] quant.signal_tracker INFO: 信号入库: 2026-03-01, 新增 1 条
[2026-03-03 17:28:51] quant.signal_tracker INFO: 信号入库: 2026-03-02, 新增 1 条
[2026-03-03 17:28:51] quant.signal_tracker INFO: 信号入库: 2026-03-01, 新增 1 条
[2026-03-03 17:28:51] quant.signal_tracker INFO: 信号验证: 新增 3 条, 跳过 0, 完成 1
[2026-03-03 17:28:51] quant.signal_tracker INFO: 信号验证: 新增 3 条, 跳过 0, 完成 1
[2026-03-03 17:28:51] quant.signal_tracker INFO: 信号验证: 新增 0 条, 跳过 3, 完成 0
[2026-03-03 17:28:51] quant.signal_tracker INFO: 信号验证: 新增 0 条, 跳过 0, 完成 0
[2026-03-03 17:28:51] quant.signal_tracker INFO: 信号入库: 2026-03-03, 新增 1 条
[2026-03-03 17:28:51] quant.signal_tracker INFO: 信号追踪日任务: 入库1条, 验证0条
[2026-03-03 17:33:06] quant.signal_tracker INFO: 信号入库: 2026-03-01, 新增 2 条
[2026-03-03 17:33:06] quant.signal_tracker INFO: 信号入库: 2026-03-01, 新增 1 条
[2026-03-03 17:33:06] quant.signal_tracker INFO: 信号入库: 2026-03-02, 新增 1 条
[2026-03-03 17:33:06] quant.signal_tracker INFO: 信号入库: 2026-03-01, 新增 1 条
[2026-03-03 17:33:06] quant.signal_tracker INFO: 信号验证: 新增 3 条, 跳过 0, 完成 1
[2026-03-03 17:33:06] quant.signal_tracker INFO: 信号验证: 新增 3 条, 跳过 0, 完成 1
[2026-03-03 17:33:06] quant.signal_tracker INFO: 信号验证: 新增 0 条, 跳过 3, 完成 0
[2026-03-03 17:33:06] quant.signal_tracker INFO: 信号验证: 新增 0 条, 跳过 0, 完成 0
[2026-03-03 17:33:06] quant.signal_tracker INFO: 信号入库: 2026-03-03, 新增 1 条
[2026-03-03 17:33:06] quant.signal_tracker INFO: 信号追踪日任务: 入库1条, 验证0条
[2026-03-03 17:40:48] quant.signal_tracker DEBUG: 获取 FU 2026-03-03 收盘价失败: 'str' object is not callable
[2026-03-03 17:40:48] quant.signal_tracker INFO: 信号验证: 新增 0 条, 跳过 1, 完成 0
[2026-03-03 17:40:48] quant.signal_tracker INFO: 信号追踪日任务: 入库0条, 验证0条
[2026-03-03 17:44:38] quant.signal_tracker INFO: 信号入库: 2026-03-03, 新增 20 条
[2026-03-03 17:44:44] quant.signal_tracker DEBUG: 获取 FU 2026-03-03 收盘价失败: 'str' object is not callable
[2026-03-03 17:44:44] quant.signal_tracker INFO: 信号验证: 新增 0 条, 跳过 1, 完成 0
[2026-03-03 17:44:44] quant.signal_tracker INFO: 信号追踪日任务: 入库20条, 验证0条
[2026-03-03 17:59:48] quant.signal_tracker INFO: 信号入库: 2026-03-01, 新增 2 条
[2026-03-03 17:59:48] quant.signal_tracker INFO: 信号入库: 2026-03-01, 新增 1 条
[2026-03-03 17:59:48] quant.signal_tracker INFO: 信号入库: 2026-03-02, 新增 1 条
[2026-03-03 17:59:48] quant.signal_tracker INFO: 信号入库: 2026-03-01, 新增 1 条
[2026-03-03 17:59:48] quant.signal_tracker INFO: 信号验证: 新增 3 条, 跳过 0, 完成 1
[2026-03-03 17:59:48] quant.signal_tracker INFO: 信号验证: 新增 3 条, 跳过 0, 完成 1
[2026-03-03 17:59:48] quant.signal_tracker INFO: 信号验证: 新增 0 条, 跳过 3, 完成 0
[2026-03-03 17:59:48] quant.signal_tracker INFO: 信号验证: 新增 0 条, 跳过 0, 完成 0
[2026-03-03 17:59:48] quant.signal_tracker INFO: 信号入库: 2026-03-03, 新增 1 条
[2026-03-03 17:59:48] quant.signal_tracker INFO: 信号追踪日任务: 入库1条, 验证0条
[2026-03-03 18:27:43] quant.signal_tracker INFO: 信号入库: 2026-03-01, 新增 2 条
[2026-03-03 18:27:43] quant.signal_tracker INFO: 信号入库: 2026-03-01, 新增 1 条
[2026-03-03 18:27:43] quant.signal_tracker INFO: 信号入库: 2026-03-02, 新增 1 条
[2026-03-03 18:27:43] quant.signal_tracker INFO: 信号入库: 2026-03-01, 新增 1 条
[2026-03-03 18:27:43] quant.signal_tracker INFO: 信号验证: 新增 3 条, 跳过 0, 完成 1
[2026-03-03 18:27:43] quant.signal_tracker INFO: 信号验证: 新增 3 条, 跳过 0, 完成 1
[2026-03-03 18:27:43] quant.signal_tracker INFO: 信号验证: 新增 0 条, 跳过 3, 完成 0
[2026-03-03 18:27:43] quant.signal_tracker INFO: 信号验证: 新增 0 条, 跳过 0, 完成 0
[2026-03-03 18:27:43] quant.signal_tracker INFO: 信号入库: 2026-03-03, 新增 1 条
[2026-03-03 18:27:43] quant.signal_tracker INFO: 信号追踪日任务: 入库1条, 验证0条
[2026-03-03 18:33:11] quant.signal_tracker INFO: 信号入库: 2026-03-01, 新增 2 条
[2026-03-03 18:33:11] quant.signal_tracker INFO: 信号入库: 2026-03-01, 新增 1 条
[2026-03-03 18:33:11] quant.signal_tracker INFO: 信号入库: 2026-03-02, 新增 1 条
[2026-03-03 18:33:11] quant.signal_tracker INFO: 信号入库: 2026-03-01, 新增 1 条
[2026-03-03 18:33:11] quant.signal_tracker INFO: 信号验证: 新增 3 条, 跳过 0, 完成 1
[2026-03-03 18:33:11] quant.signal_tracker INFO: 信号验证: 新增 3 条, 跳过 0, 完成 1
[2026-03-03 18:33:11] quant.signal_tracker INFO: 信号验证: 新增 0 条, 跳过 3, 完成 0
[2026-03-03 18:33:11] quant.signal_tracker INFO: 信号验证: 新增 0 条, 跳过 0, 完成 0
[2026-03-03 18:33:11] quant.signal_tracker INFO: 信号入库: 2026-03-03, 新增 1 条
[2026-03-03 18:33:11] quant.signal_tracker INFO: 信号追踪日任务: 入库1条, 验证0条
[2026-03-03 18:38:22] quant.signal_tracker INFO: 信号入库: 2026-03-01, 新增 2 条
[2026-03-03 18:38:22] quant.signal_tracker INFO: 信号入库: 2026-03-01, 新增 1 条
[2026-03-03 18:38:23] quant.signal_tracker INFO: 信号入库: 2026-03-02, 新增 1 条
[2026-03-03 18:38:23] quant.signal_tracker INFO: 信号入库: 2026-03-01, 新增 1 条
[2026-03-03 18:38:23] quant.signal_tracker INFO: 信号验证: 新增 3 条, 跳过 0, 完成 1
[2026-03-03 18:38:23] quant.signal_tracker INFO: 信号验证: 新增 3 条, 跳过 0, 完成 1
[2026-03-03 18:38:23] quant.signal_tracker INFO: 信号验证: 新增 0 条, 跳过 3, 完成 0
[2026-03-03 18:38:23] quant.signal_tracker INFO: 信号验证: 新增 0 条, 跳过 0, 完成 0
[2026-03-03 18:38:23] quant.signal_tracker INFO: 信号入库: 2026-03-03, 新增 1 条
[2026-03-03 18:38:23] quant.signal_tracker INFO: 信号追踪日任务: 入库1条, 验证0条
[2026-03-03 18:45:18] quant.signal_tracker INFO: 信号入库: 2026-03-01, 新增 2 条
[2026-03-03 18:45:18] quant.signal_tracker INFO: 信号入库: 2026-03-01, 新增 1 条
[2026-03-03 18:45:18] quant.signal_tracker INFO: 信号入库: 2026-03-02, 新增 1 条
[2026-03-03 18:45:18] quant.signal_tracker INFO: 信号入库: 2026-03-01, 新增 1 条
[2026-03-03 18:45:18] quant.signal_tracker INFO: 信号验证: 新增 3 条, 跳过 0, 完成 1
[2026-03-03 18:45:18] quant.signal_tracker INFO: 信号验证: 新增 3 条, 跳过 0, 完成 1
[2026-03-03 18:45:18] quant.signal_tracker INFO: 信号验证: 新增 0 条, 跳过 3, 完成 0
[2026-03-03 18:45:18] quant.signal_tracker INFO: 信号验证: 新增 0 条, 跳过 0, 完成 0
[2026-03-03 18:45:18] quant.signal_tracker INFO: 信号入库: 2026-03-03, 新增 1 条
[2026-03-03 18:45:18] quant.signal_tracker INFO: 信号追踪日任务: 入库1条, 验证0条
[2026-03-03 18:50:45] quant.signal_tracker INFO: 信号入库: 2026-03-01, 新增 2 条
[2026-03-03 18:50:45] quant.signal_tracker INFO: 信号入库: 2026-03-01, 新增 1 条
[2026-03-03 18:50:45] quant.signal_tracker INFO: 信号入库: 2026-03-02, 新增 1 条
[2026-03-03 18:50:45] quant.signal_tracker INFO: 信号入库: 2026-03-01, 新增 1 条
[2026-03-03 18:50:45] quant.signal_tracker INFO: 信号验证: 新增 3 条, 跳过 0, 完成 1
[2026-03-03 18:50:45] quant.signal_tracker INFO: 信号验证: 新增 3 条, 跳过 0, 完成 1
[2026-03-03 18:50:45] quant.signal_tracker INFO: 信号验证: 新增 0 条, 跳过 3, 完成 0
[2026-03-03 18:50:45] quant.signal_tracker INFO: 信号验证: 新增 0 条, 跳过 0, 完成 0
[2026-03-03 18:50:45] quant.signal_tracker INFO: 信号入库: 2026-03-03, 新增 1 条
[2026-03-03 18:50:45] quant.signal_tracker INFO: 信号追踪日任务: 入库1条, 验证0条
[2026-03-03 19:37:38] quant.signal_tracker INFO: 信号入库: 2026-03-01, 新增 2 条
[2026-03-03 19:37:38] quant.signal_tracker INFO: 信号入库: 2026-03-01, 新增 1 条
[2026-03-03 19:37:38] quant.signal_tracker INFO: 信号入库: 2026-03-02, 新增 1 条
[2026-03-03 19:37:38] quant.signal_tracker INFO: 信号入库: 2026-03-01, 新增 1 条
[2026-03-03 19:37:38] quant.signal_tracker INFO: 信号验证: 新增 3 条, 跳过 0, 完成 1
[2026-03-03 19:37:38] quant.signal_tracker INFO: 信号验证: 新增 3 条, 跳过 0, 完成 1
[2026-03-03 19:37:38] quant.signal_tracker INFO: 信号验证: 新增 0 条, 跳过 3, 完成 0
[2026-03-03 19:37:38] quant.signal_tracker INFO: 信号验证: 新增 0 条, 跳过 0, 完成 0
[2026-03-03 19:37:38] quant.signal_tracker INFO: 信号入库: 2026-03-03, 新增 1 条
[2026-03-03 19:37:38] quant.signal_tracker INFO: 信号追踪日任务: 入库1条, 验证0条
[2026-03-03 19:42:51] quant.signal_tracker INFO: 信号入库: 2026-03-01, 新增 2 条
[2026-03-03 19:42:51] quant.signal_tracker INFO: 信号入库: 2026-03-01, 新增 1 条
[2026-03-03 19:42:51] quant.signal_tracker INFO: 信号入库: 2026-03-02, 新增 1 条
[2026-03-03 19:42:51] quant.signal_tracker INFO: 信号入库: 2026-03-01, 新增 1 条
[2026-03-03 19:42:51] quant.signal_tracker INFO: 信号验证: 新增 3 条, 跳过 0, 完成 1
[2026-03-03 19:42:51] quant.signal_tracker INFO: 信号验证: 新增 3 条, 跳过 0, 完成 1
[2026-03-03 19:42:51] quant.signal_tracker INFO: 信号验证: 新增 0 条, 跳过 3, 完成 0
[2026-03-03 19:42:51] quant.signal_tracker INFO: 信号验证: 新增 0 条, 跳过 0, 完成 0
[2026-03-03 19:42:51] quant.signal_tracker INFO: 信号入库: 2026-03-03, 新增 1 条
[2026-03-03 19:42:51] quant.signal_tracker INFO: 信号追踪日任务: 入库1条, 验证0条
[2026-03-03 19:48:07] quant.signal_tracker INFO: 信号入库: 2026-03-01, 新增 2 条
[2026-03-03 19:48:07] quant.signal_tracker INFO: 信号入库: 2026-03-01, 新增 1 条
[2026-03-03 19:48:07] quant.signal_tracker INFO: 信号入库: 2026-03-02, 新增 1 条
[2026-03-03 19:48:07] quant.signal_tracker INFO: 信号入库: 2026-03-01, 新增 1 条
[2026-03-03 19:48:07] quant.signal_tracker INFO: 信号验证: 新增 3 条, 跳过 0, 完成 1
[2026-03-03 19:48:07] quant.signal_tracker INFO: 信号验证: 新增 3 条, 跳过 0, 完成 1
[2026-03-03 19:48:07] quant.signal_tracker INFO: 信号验证: 新增 0 条, 跳过 3, 完成 0
[2026-03-03 19:48:07] quant.signal_tracker INFO: 信号验证: 新增 0 条, 跳过 0, 完成 0
[2026-03-03 19:48:07] quant.signal_tracker INFO: 信号入库: 2026-03-03, 新增 1 条
[2026-03-03 19:48:07] quant.signal_tracker INFO: 信号追踪日任务: 入库1条, 验证0条
[2026-03-03 21:19:24] quant.signal_tracker INFO: 信号入库: 2026-03-03, 新增 20 条
[2026-03-03 21:19:25] quant.signal_tracker INFO: 信号验证: 新增 0 条, 跳过 1, 完成 0
[2026-03-03 21:19:25] quant.signal_tracker INFO: 信号追踪日任务: 入库20条, 验证0条
[2026-03-03 21:20:21] quant.signal_tracker INFO: scorecard 同步: 新增 1 条 (总 24298)
[2026-03-03 21:20:21] quant.signal_tracker INFO: 信号验证: 新增 1 条, 跳过 0, 完成 0
[2026-03-03 21:20:43] quant.signal_tracker INFO: 信号入库: 2026-03-01, 新增 2 条
[2026-03-03 21:20:43] quant.signal_tracker INFO: 信号入库: 2026-03-01, 新增 1 条
[2026-03-03 21:20:43] quant.signal_tracker INFO: 信号入库: 2026-03-02, 新增 1 条
[2026-03-03 21:20:43] quant.signal_tracker INFO: 信号入库: 2026-03-01, 新增 1 条
[2026-03-03 21:20:43] quant.signal_tracker INFO: scorecard 同步: 新增 1 条 (总 24299)
[2026-03-03 21:20:43] quant.signal_tracker INFO: 信号验证: 新增 3 条, 跳过 0, 完成 1
[2026-03-03 21:20:44] quant.signal_tracker INFO: scorecard 同步: 新增 1 条 (总 24300)
[2026-03-03 21:20:44] quant.signal_tracker INFO: 信号验证: 新增 3 条, 跳过 0, 完成 1
[2026-03-03 21:20:44] quant.signal_tracker INFO: 信号验证: 新增 0 条, 跳过 3, 完成 0
[2026-03-03 21:20:44] quant.signal_tracker INFO: scorecard 同步: 新增 1 条 (总 24301)
[2026-03-03 21:20:44] quant.signal_tracker INFO: 信号验证: 新增 0 条, 跳过 0, 完成 0
[2026-03-03 21:20:44] quant.signal_tracker INFO: 信号入库: 2026-03-03, 新增 1 条
[2026-03-03 21:20:44] quant.signal_tracker INFO: 信号追踪日任务: 入库1条, 验证0条
[2026-03-03 21:22:34] quant.signal_tracker INFO: 信号入库: 2026-03-01, 新增 2 条
[2026-03-03 21:22:34] quant.signal_tracker INFO: 信号入库: 2026-03-01, 新增 1 条
[2026-03-03 21:22:34] quant.signal_tracker INFO: 信号入库: 2026-03-02, 新增 1 条
[2026-03-03 21:22:34] quant.signal_tracker INFO: 信号入库: 2026-03-01, 新增 1 条
[2026-03-03 21:22:34] quant.signal_tracker INFO: 信号验证: 新增 3 条, 跳过 0, 完成 1
[2026-03-03 21:22:34] quant.signal_tracker INFO: 信号验证: 新增 3 条, 跳过 0, 完成 1
[2026-03-03 21:22:34] quant.signal_tracker INFO: 信号验证: 新增 0 条, 跳过 3, 完成 0
[2026-03-03 21:22:34] quant.signal_tracker INFO: 信号验证: 新增 0 条, 跳过 0, 完成 0
[2026-03-03 21:22:34] quant.signal_tracker INFO: 信号入库: 2026-03-03, 新增 1 条
[2026-03-03 21:22:34] quant.signal_tracker INFO: 信号追踪日任务: 入库1条, 验证0条
[2026-03-03 21:32:17] quant.signal_tracker INFO: 信号入库: 2026-03-01, 新增 2 条
[2026-03-03 21:32:17] quant.signal_tracker INFO: 信号入库: 2026-03-01, 新增 1 条
[2026-03-03 21:32:17] quant.signal_tracker INFO: 信号入库: 2026-03-02, 新增 1 条
[2026-03-03 21:32:17] quant.signal_tracker INFO: 信号入库: 2026-03-01, 新增 1 条
[2026-03-03 21:32:17] quant.signal_tracker INFO: 信号验证: 新增 3 条, 跳过 0, 完成 1
[2026-03-03 21:32:17] quant.signal_tracker INFO: 信号验证: 新增 3 条, 跳过 0, 完成 1
[2026-03-03 21:32:17] quant.signal_tracker INFO: 信号验证: 新增 0 条, 跳过 3, 完成 0
[2026-03-03 21:32:17] quant.signal_tracker INFO: 信号验证: 新增 0 条, 跳过 0, 完成 0
[2026-03-03 21:32:17] quant.signal_tracker INFO: 信号入库: 2026-03-03, 新增 1 条
[2026-03-03 21:32:17] quant.signal_tracker INFO: 信号追踪日任务: 入库1条, 验证0条
[2026-03-03 21:44:56] quant.signal_tracker INFO: 信号入库: 2026-03-01, 新增 2 条
[2026-03-03 21:44:56] quant.signal_tracker INFO: 信号入库: 2026-03-01, 新增 1 条
[2026-03-03 21:44:56] quant.signal_tracker INFO: 信号入库: 2026-03-02, 新增 1 条
[2026-03-03 21:44:56] quant.signal_tracker INFO: 信号入库: 2026-03-01, 新增 1 条
[2026-03-03 21:44:56] quant.signal_tracker INFO: 信号验证: 新增 3 条, 跳过 0, 完成 1
[2026-03-03 21:44:56] quant.signal_tracker INFO: 信号验证: 新增 3 条, 跳过 0, 完成 1
[2026-03-03 21:44:56] quant.signal_tracker INFO: 信号验证: 新增 0 条, 跳过 3, 完成 0
[2026-03-03 21:44:56] quant.signal_tracker INFO: 信号验证: 新增 0 条, 跳过 0, 完成 0
[2026-03-03 21:44:56] quant.signal_tracker INFO: 信号入库: 2026-03-03, 新增 1 条
[2026-03-03 21:44:56] quant.signal_tracker INFO: 信号追踪日任务: 入库1条, 验证0条
[2026-03-03 22:01:10] quant.signal_tracker INFO: 信号入库: 2026-03-01, 新增 2 条
[2026-03-03 22:01:10] quant.signal_tracker INFO: 信号入库: 2026-03-01, 新增 1 条
[2026-03-03 22:01:10] quant.signal_tracker INFO: 信号入库: 2026-03-02, 新增 1 条
[2026-03-03 22:01:10] quant.signal_tracker INFO: 信号入库: 2026-03-01, 新增 1 条
[2026-03-03 22:01:10] quant.signal_tracker INFO: 信号验证: 新增 3 条, 跳过 0, 完成 1
[2026-03-03 22:01:10] quant.signal_tracker INFO: 信号验证: 新增 3 条, 跳过 0, 完成 1
[2026-03-03 22:01:10] quant.signal_tracker INFO: 信号验证: 新增 0 条, 跳过 3, 完成 0
[2026-03-03 22:01:10] quant.signal_tracker INFO: 信号验证: 新增 0 条, 跳过 0, 完成 0
[2026-03-03 22:01:10] quant.signal_tracker INFO: 信号入库: 2026-03-03, 新增 1 条
[2026-03-03 22:01:10] quant.signal_tracker INFO: 信号追踪日任务: 入库1条, 验证0条
[2026-03-03 22:06:47] quant.signal_tracker INFO: 信号入库: 2026-03-01, 新增 2 条
[2026-03-03 22:06:47] quant.signal_tracker INFO: 信号入库: 2026-03-01, 新增 1 条
[2026-03-03 22:06:47] quant.signal_tracker INFO: 信号入库: 2026-03-02, 新增 1 条
[2026-03-03 22:06:47] quant.signal_tracker INFO: 信号入库: 2026-03-01, 新增 1 条
[2026-03-03 22:06:48] quant.signal_tracker INFO: 信号验证: 新增 3 条, 跳过 0, 完成 1
[2026-03-03 22:06:48] quant.signal_tracker INFO: 信号验证: 新增 3 条, 跳过 0, 完成 1
[2026-03-03 22:06:48] quant.signal_tracker INFO: 信号验证: 新增 0 条, 跳过 3, 完成 0
[2026-03-03 22:06:48] quant.signal_tracker INFO: 信号验证: 新增 0 条, 跳过 0, 完成 0
[2026-03-03 22:06:48] quant.signal_tracker INFO: 信号入库: 2026-03-03, 新增 1 条
[2026-03-03 22:06:48] quant.signal_tracker INFO: 信号追踪日任务: 入库1条, 验证0条
[2026-03-03 22:12:48] quant.signal_tracker INFO: 信号入库: 2026-03-01, 新增 2 条
[2026-03-03 22:12:48] quant.signal_tracker INFO: 信号入库: 2026-03-01, 新增 1 条
[2026-03-03 22:12:48] quant.signal_tracker INFO: 信号入库: 2026-03-02, 新增 1 条
[2026-03-03 22:12:48] quant.signal_tracker INFO: 信号入库: 2026-03-01, 新增 1 条
[2026-03-03 22:12:48] quant.signal_tracker INFO: 信号验证: 新增 3 条, 跳过 0, 完成 1
[2026-03-03 22:12:48] quant.signal_tracker INFO: 信号验证: 新增 3 条, 跳过 0, 完成 1
[2026-03-03 22:12:48] quant.signal_tracker INFO: 信号验证: 新增 0 条, 跳过 3, 完成 0
[2026-03-03 22:12:48] quant.signal_tracker INFO: 信号验证: 新增 0 条, 跳过 0, 完成 0
[2026-03-03 22:12:48] quant.signal_tracker INFO: 信号入库: 2026-03-03, 新增 1 条
[2026-03-03 22:12:48] quant.signal_tracker INFO: 信号追踪日任务: 入库1条, 验证0条
[2026-03-03 22:18:19] quant.signal_tracker INFO: 信号入库: 2026-03-01, 新增 2 条
[2026-03-03 22:18:19] quant.signal_tracker INFO: 信号入库: 2026-03-01, 新增 1 条
[2026-03-03 22:18:19] quant.signal_tracker INFO: 信号入库: 2026-03-02, 新增 1 条
[2026-03-03 22:18:19] quant.signal_tracker INFO: 信号入库: 2026-03-01, 新增 1 条
[2026-03-03 22:18:20] quant.signal_tracker INFO: 信号验证: 新增 3 条, 跳过 0, 完成 1
[2026-03-03 22:18:20] quant.signal_tracker INFO: 信号验证: 新增 3 条, 跳过 0, 完成 1
[2026-03-03 22:18:20] quant.signal_tracker INFO: 信号验证: 新增 0 条, 跳过 3, 完成 0
[2026-03-03 22:18:20] quant.signal_tracker INFO: 信号验证: 新增 0 条, 跳过 0, 完成 0
[2026-03-03 22:18:20] quant.signal_tracker INFO: 信号入库: 2026-03-03, 新增 1 条
[2026-03-03 22:18:20] quant.signal_tracker INFO: 信号追踪日任务: 入库1条, 验证0条
[2026-03-03 22:23:46] quant.signal_tracker INFO: 信号入库: 2026-03-01, 新增 2 条
[2026-03-03 22:23:46] quant.signal_tracker INFO: 信号入库: 2026-03-01, 新增 1 条
[2026-03-03 22:23:46] quant.signal_tracker INFO: 信号入库: 2026-03-02, 新增 1 条
[2026-03-03 22:23:46] quant.signal_tracker INFO: 信号入库: 2026-03-01, 新增 1 条
[2026-03-03 22:23:46] quant.signal_tracker INFO: 信号验证: 新增 3 条, 跳过 0, 完成 1
[2026-03-03 22:23:46] quant.signal_tracker INFO: 信号验证: 新增 3 条, 跳过 0, 完成 1
[2026-03-03 22:23:46] quant.signal_tracker INFO: 信号验证: 新增 0 条, 跳过 3, 完成 0
[2026-03-03 22:23:46] quant.signal_tracker INFO: 信号验证: 新增 0 条, 跳过 0, 完成 0
[2026-03-03 22:23:46] quant.signal_tracker INFO: 信号入库: 2026-03-03, 新增 1 条
[2026-03-03 22:23:46] quant.signal_tracker INFO: 信号追踪日任务: 入库1条, 验证0条
[2026-03-03 22:33:26] quant.signal_tracker INFO: 信号入库: 2026-03-01, 新增 2 条
[2026-03-03 22:33:26] quant.signal_tracker INFO: 信号入库: 2026-03-01, 新增 1 条
[2026-03-03 22:33:26] quant.signal_tracker INFO: 信号入库: 2026-03-02, 新增 1 条
[2026-03-03 22:33:26] quant.signal_tracker INFO: 信号入库: 2026-03-01, 新增 1 条
[2026-03-03 22:33:26] quant.signal_tracker INFO: 信号验证: 新增 3 条, 跳过 0, 完成 1
[2026-03-03 22:33:26] quant.signal_tracker INFO: 信号验证: 新增 3 条, 跳过 0, 完成 1
[2026-03-03 22:33:26] quant.signal_tracker INFO: 信号验证: 新增 0 条, 跳过 3, 完成 0
[2026-03-03 22:33:26] quant.signal_tracker INFO: 信号验证: 新增 0 条, 跳过 0, 完成 0
[2026-03-03 22:33:26] quant.signal_tracker INFO: 信号入库: 2026-03-03, 新增 1 条
[2026-03-03 22:33:26] quant.signal_tracker INFO: 信号追踪日任务: 入库1条, 验证0条
[2026-03-03 22:39:11] quant.signal_tracker INFO: 信号入库: 2026-03-01, 新增 2 条
[2026-03-03 22:39:11] quant.signal_tracker INFO: 信号入库: 2026-03-01, 新增 1 条
[2026-03-03 22:39:11] quant.signal_tracker INFO: 信号入库: 2026-03-02, 新增 1 条
[2026-03-03 22:39:11] quant.signal_tracker INFO: 信号入库: 2026-03-01, 新增 1 条
[2026-03-03 22:39:11] quant.signal_tracker INFO: 信号验证: 新增 3 条, 跳过 0, 完成 1
[2026-03-03 22:39:11] quant.signal_tracker INFO: 信号验证: 新增 3 条, 跳过 0, 完成 1
[2026-03-03 22:39:11] quant.signal_tracker INFO: 信号验证: 新增 0 条, 跳过 3, 完成 0
[2026-03-03 22:39:11] quant.signal_tracker INFO: 信号验证: 新增 0 条, 跳过 0, 完成 0
[2026-03-03 22:39:11] quant.signal_tracker INFO: 信号入库: 2026-03-03, 新增 1 条
[2026-03-03 22:39:11] quant.signal_tracker INFO: 信号追踪日任务: 入库1条, 验证0条
[2026-03-03 23:13:01] quant.signal_tracker INFO: 信号入库: 2026-03-01, 新增 2 条
[2026-03-03 23:13:01] quant.signal_tracker INFO: 信号入库: 2026-03-01, 新增 1 条
[2026-03-03 23:13:01] quant.signal_tracker INFO: 信号入库: 2026-03-02, 新增 1 条
[2026-03-03 23:13:01] quant.signal_tracker INFO: 信号入库: 2026-03-01, 新增 1 条
[2026-03-03 23:13:01] quant.signal_tracker INFO: 信号验证: 新增 3 条, 跳过 0, 完成 1
[2026-03-03 23:13:01] quant.signal_tracker INFO: 信号验证: 新增 3 条, 跳过 0, 完成 1
[2026-03-03 23:13:01] quant.signal_tracker INFO: 信号验证: 新增 0 条, 跳过 3, 完成 0
[2026-03-03 23:13:01] quant.signal_tracker INFO: 信号验证: 新增 0 条, 跳过 0, 完成 0
[2026-03-03 23:13:01] quant.signal_tracker INFO: 信号入库: 2026-03-03, 新增 1 条
[2026-03-03 23:13:01] quant.signal_tracker INFO: 信号追踪日任务: 入库1条, 验证0条
[2026-03-03 23:17:56] quant.signal_tracker INFO: 信号入库: 2026-03-01, 新增 2 条
[2026-03-03 23:17:56] quant.signal_tracker INFO: 信号入库: 2026-03-01, 新增 1 条
[2026-03-03 23:17:56] quant.signal_tracker INFO: 信号入库: 2026-03-02, 新增 1 条
[2026-03-03 23:17:56] quant.signal_tracker INFO: 信号入库: 2026-03-01, 新增 1 条
[2026-03-03 23:17:56] quant.signal_tracker INFO: 信号验证: 新增 3 条, 跳过 0, 完成 1
[2026-03-03 23:17:56] quant.signal_tracker INFO: 信号验证: 新增 3 条, 跳过 0, 完成 1
[2026-03-03 23:17:56] quant.signal_tracker INFO: 信号验证: 新增 0 条, 跳过 3, 完成 0
[2026-03-03 23:17:56] quant.signal_tracker INFO: 信号验证: 新增 0 条, 跳过 0, 完成 0
[2026-03-03 23:17:56] quant.signal_tracker INFO: 信号入库: 2026-03-03, 新增 1 条
[2026-03-03 23:17:56] quant.signal_tracker INFO: 信号追踪日任务: 入库1条, 验证0条
[2026-03-03 23:27:13] quant.signal_tracker INFO: 信号入库: 2026-03-01, 新增 2 条
[2026-03-03 23:27:13] quant.signal_tracker INFO: 信号入库: 2026-03-01, 新增 1 条
[2026-03-03 23:27:13] quant.signal_tracker INFO: 信号入库: 2026-03-02, 新增 1 条
[2026-03-03 23:27:13] quant.signal_tracker INFO: 信号入库: 2026-03-01, 新增 1 条
[2026-03-03 23:27:13] quant.signal_tracker INFO: 信号验证: 新增 3 条, 跳过 0, 完成 1
[2026-03-03 23:27:13] quant.signal_tracker INFO: 信号验证: 新增 3 条, 跳过 0, 完成 1
[2026-03-03 23:27:13] quant.signal_tracker INFO: 信号验证: 新增 0 条, 跳过 3, 完成 0
[2026-03-03 23:27:13] quant.signal_tracker INFO: 信号验证: 新增 0 条, 跳过 0, 完成 0
[2026-03-03 23:27:13] quant.signal_tracker INFO: 信号入库: 2026-03-03, 新增 1 条
[2026-03-03 23:27:13] quant.signal_tracker INFO: 信号追踪日任务: 入库1条, 验证0条
[2026-03-03 23:53:24] quant.signal_tracker INFO: 信号入库: 2026-03-01, 新增 2 条
[2026-03-03 23:53:24] quant.signal_tracker INFO: 信号入库: 2026-03-01, 新增 1 条
[2026-03-03 23:53:24] quant.signal_tracker INFO: 信号入库: 2026-03-02, 新增 1 条
[2026-03-03 23:53:24] quant.signal_tracker INFO: 信号入库: 2026-03-01, 新增 1 条
[2026-03-03 23:53:24] quant.signal_tracker INFO: scorecard 同步 (SQLite): 新增 1 条
[2026-03-03 23:53:24] quant.signal_tracker INFO: 信号验证: 新增 3 条, 跳过 0, 完成 1
[2026-03-03 23:53:24] quant.signal_tracker INFO: scorecard 同步 (SQLite): 新增 1 条
[2026-03-03 23:53:24] quant.signal_tracker INFO: 信号验证: 新增 3 条, 跳过 0, 完成 1
[2026-03-03 23:53:24] quant.signal_tracker INFO: 信号验证: 新增 0 条, 跳过 3, 完成 0
[2026-03-03 23:53:24] quant.signal_tracker INFO: scorecard 同步 (SQLite): 新增 1 条
[2026-03-03 23:53:24] quant.signal_tracker INFO: 信号验证: 新增 0 条, 跳过 0, 完成 0
[2026-03-03 23:53:24] quant.signal_tracker INFO: 信号入库: 2026-03-03, 新增 1 条
[2026-03-03 23:53:24] quant.signal_tracker INFO: 信号追踪日任务: 入库1条, 验证0条
[2026-03-04 00:00:27] quant.signal_tracker INFO: 信号入库: 2026-03-01, 新增 2 条
[2026-03-04 00:00:27] quant.signal_tracker INFO: 信号入库: 2026-03-01, 新增 1 条
[2026-03-04 00:00:27] quant.signal_tracker INFO: 信号入库: 2026-03-02, 新增 1 条
[2026-03-04 00:00:27] quant.signal_tracker INFO: 信号入库: 2026-03-01, 新增 1 条
[2026-03-04 00:00:27] quant.signal_tracker INFO: scorecard 同步 (SQLite): 新增 1 条
[2026-03-04 00:00:27] quant.signal_tracker INFO: 信号验证: 新增 3 条, 跳过 0, 完成 1
[2026-03-04 00:00:27] quant.signal_tracker INFO: scorecard 同步 (SQLite): 新增 1 条
[2026-03-04 00:00:27] quant.signal_tracker INFO: 信号验证: 新增 3 条, 跳过 0, 完成 1
[2026-03-04 00:00:27] quant.signal_tracker INFO: 信号验证: 新增 0 条, 跳过 3, 完成 0
[2026-03-04 00:00:27] quant.signal_tracker INFO: scorecard 同步 (SQLite): 新增 1 条
[2026-03-04 00:00:27] quant.signal_tracker INFO: 信号验证: 新增 0 条, 跳过 0, 完成 0
[2026-03-04 00:00:27] quant.signal_tracker INFO: 信号入库: 2026-03-04, 新增 1 条
[2026-03-04 00:00:27] quant.signal_tracker INFO: 信号追踪日任务: 入库1条, 验证0条
[2026-03-04 00:07:53] quant.signal_tracker INFO: 信号入库: 2026-03-01, 新增 2 条
[2026-03-04 00:07:53] quant.signal_tracker INFO: 信号入库: 2026-03-01, 新增 1 条
[2026-03-04 00:07:53] quant.signal_tracker INFO: 信号入库: 2026-03-02, 新增 1 条
[2026-03-04 00:07:53] quant.signal_tracker INFO: 信号入库: 2026-03-01, 新增 1 条
[2026-03-04 00:07:53] quant.signal_tracker INFO: scorecard 同步 (SQLite): 新增 1 条
[2026-03-04 00:07:53] quant.signal_tracker INFO: 信号验证: 新增 3 条, 跳过 0, 完成 1
[2026-03-04 00:07:53] quant.signal_tracker INFO: scorecard 同步 (SQLite): 新增 1 条
[2026-03-04 00:07:53] quant.signal_tracker INFO: 信号验证: 新增 3 条, 跳过 0, 完成 1
[2026-03-04 00:07:53] quant.signal_tracker INFO: 信号验证: 新增 0 条, 跳过 3, 完成 0
[2026-03-04 00:07:53] quant.signal_tracker INFO: scorecard 同步 (SQLite): 新增 1 条
[2026-03-04 00:07:53] quant.signal_tracker INFO: 信号验证: 新增 0 条, 跳过 0, 完成 0
[2026-03-04 00:07:53] quant.signal_tracker INFO: 信号入库: 2026-03-04, 新增 1 条
[2026-03-04 00:07:53] quant.signal_tracker INFO: 信号追踪日任务: 入库1条, 验证0条
[2026-03-04 00:28:13] quant.signal_tracker INFO: 信号入库: 2026-03-01, 新增 2 条
[2026-03-04 00:28:13] quant.signal_tracker INFO: 信号入库: 2026-03-01, 新增 1 条
[2026-03-04 00:28:13] quant.signal_tracker INFO: 信号入库: 2026-03-02, 新增 1 条
[2026-03-04 00:28:13] quant.signal_tracker INFO: 信号入库: 2026-03-01, 新增 1 条
[2026-03-04 00:28:13] quant.signal_tracker INFO: scorecard 同步 (SQLite): 新增 1 条
[2026-03-04 00:28:13] quant.signal_tracker INFO: 信号验证: 新增 3 条, 跳过 0, 完成 1
[2026-03-04 00:28:13] quant.signal_tracker INFO: scorecard 同步 (SQLite): 新增 1 条
[2026-03-04 00:28:13] quant.signal_tracker INFO: 信号验证: 新增 3 条, 跳过 0, 完成 1
[2026-03-04 00:28:13] quant.signal_tracker INFO: 信号验证: 新增 0 条, 跳过 3, 完成 0
[2026-03-04 00:28:13] quant.signal_tracker INFO: scorecard 同步 (SQLite): 新增 1 条
[2026-03-04 00:28:13] quant.signal_tracker INFO: 信号验证: 新增 0 条, 跳过 0, 完成 0
[2026-03-04 00:28:13] quant.signal_tracker INFO: 信号入库: 2026-03-04, 新增 1 条
[2026-03-04 00:28:13] quant.signal_tracker INFO: 信号追踪日任务: 入库1条, 验证0条
[2026-03-04 13:21:19] quant.signal_tracker INFO: 信号入库: 2026-03-01, 新增 2 条
[2026-03-04 13:21:19] quant.signal_tracker INFO: 信号入库: 2026-03-01, 新增 1 条
[2026-03-04 13:21:19] quant.signal_tracker INFO: 信号入库: 2026-03-02, 新增 1 条
[2026-03-04 13:21:19] quant.signal_tracker INFO: 信号入库: 2026-03-01, 新增 1 条
[2026-03-04 13:21:19] quant.signal_tracker INFO: scorecard 同步 (SQLite): 新增 1 条
[2026-03-04 13:21:19] quant.signal_tracker INFO: 信号验证: 新增 3 条, 跳过 0, 完成 1
[2026-03-04 13:21:19] quant.signal_tracker INFO: scorecard 同步 (SQLite): 新增 1 条
[2026-03-04 13:21:19] quant.signal_tracker INFO: 信号验证: 新增 3 条, 跳过 0, 完成 1
[2026-03-04 13:21:19] quant.signal_tracker INFO: 信号验证: 新增 0 条, 跳过 3, 完成 0
[2026-03-04 13:21:19] quant.signal_tracker INFO: scorecard 同步 (SQLite): 新增 1 条
[2026-03-04 13:21:19] quant.signal_tracker INFO: 信号验证: 新增 0 条, 跳过 0, 完成 0
[2026-03-04 13:21:19] quant.signal_tracker INFO: 信号入库: 2026-03-04, 新增 1 条
[2026-03-04 13:21:19] quant.signal_tracker INFO: 信号追踪日任务: 入库1条, 验证0条
[2026-03-04 13:26:09] quant.signal_tracker INFO: 信号入库: 2026-03-01, 新增 2 条
[2026-03-04 13:26:09] quant.signal_tracker INFO: 信号入库: 2026-03-01, 新增 1 条
[2026-03-04 13:26:09] quant.signal_tracker INFO: 信号入库: 2026-03-02, 新增 1 条
[2026-03-04 13:26:09] quant.signal_tracker INFO: 信号入库: 2026-03-01, 新增 1 条
[2026-03-04 13:26:09] quant.signal_tracker INFO: scorecard 同步 (SQLite): 新增 1 条
[2026-03-04 13:26:09] quant.signal_tracker INFO: 信号验证: 新增 3 条, 跳过 0, 完成 1
[2026-03-04 13:26:09] quant.signal_tracker INFO: scorecard 同步 (SQLite): 新增 1 条
[2026-03-04 13:26:09] quant.signal_tracker INFO: 信号验证: 新增 3 条, 跳过 0, 完成 1
[2026-03-04 13:26:09] quant.signal_tracker INFO: 信号验证: 新增 0 条, 跳过 3, 完成 0
[2026-03-04 13:26:09] quant.signal_tracker INFO: scorecard 同步 (SQLite): 新增 1 条
[2026-03-04 13:26:09] quant.signal_tracker INFO: 信号验证: 新增 0 条, 跳过 0, 完成 0
[2026-03-04 13:26:09] quant.signal_tracker INFO: 信号入库: 2026-03-04, 新增 1 条
[2026-03-04 13:26:09] quant.signal_tracker INFO: 信号追踪日任务: 入库1条, 验证0条
[2026-03-04 13:30:53] quant.signal_tracker INFO: 信号入库: 2026-03-01, 新增 2 条
[2026-03-04 13:30:53] quant.signal_tracker INFO: 信号入库: 2026-03-01, 新增 1 条
[2026-03-04 13:30:53] quant.signal_tracker INFO: 信号入库: 2026-03-02, 新增 1 条
[2026-03-04 13:30:53] quant.signal_tracker INFO: 信号入库: 2026-03-01, 新增 1 条
[2026-03-04 13:30:53] quant.signal_tracker INFO: scorecard 同步 (SQLite): 新增 1 条
[2026-03-04 13:30:53] quant.signal_tracker INFO: 信号验证: 新增 3 条, 跳过 0, 完成 1
[2026-03-04 13:30:53] quant.signal_tracker INFO: scorecard 同步 (SQLite): 新增 1 条
[2026-03-04 13:30:53] quant.signal_tracker INFO: 信号验证: 新增 3 条, 跳过 0, 完成 1
[2026-03-04 13:30:53] quant.signal_tracker INFO: 信号验证: 新增 0 条, 跳过 3, 完成 0
[2026-03-04 13:30:53] quant.signal_tracker INFO: scorecard 同步 (SQLite): 新增 1 条
[2026-03-04 13:30:53] quant.signal_tracker INFO: 信号验证: 新增 0 条, 跳过 0, 完成 0
[2026-03-04 13:30:53] quant.signal_tracker INFO: 信号入库: 2026-03-04, 新增 1 条
[2026-03-04 13:30:53] quant.signal_tracker INFO: 信号追踪日任务: 入库1条, 验证0条
[2026-03-04 13:50:48] quant.signal_tracker INFO: 信号入库: 2026-03-01, 新增 2 条
[2026-03-04 13:50:48] quant.signal_tracker INFO: 信号入库: 2026-03-01, 新增 1 条
[2026-03-04 13:50:48] quant.signal_tracker INFO: 信号入库: 2026-03-02, 新增 1 条
[2026-03-04 13:50:48] quant.signal_tracker INFO: 信号入库: 2026-03-01, 新增 1 条
[2026-03-04 13:50:48] quant.signal_tracker INFO: scorecard 同步 (SQLite): 新增 1 条
[2026-03-04 13:50:48] quant.signal_tracker INFO: 信号验证: 新增 3 条, 跳过 0, 完成 1
[2026-03-04 13:50:48] quant.signal_tracker INFO: scorecard 同步 (SQLite): 新增 1 条
[2026-03-04 13:50:48] quant.signal_tracker INFO: 信号验证: 新增 3 条, 跳过 0, 完成 1
[2026-03-04 13:50:48] quant.signal_tracker INFO: 信号验证: 新增 0 条, 跳过 3, 完成 0
[2026-03-04 13:50:48] quant.signal_tracker INFO: scorecard 同步 (SQLite): 新增 1 条
[2026-03-04 13:50:48] quant.signal_tracker INFO: 信号验证: 新增 0 条, 跳过 0, 完成 0
[2026-03-04 13:50:48] quant.signal_tracker INFO: 信号入库: 2026-03-04, 新增 1 条
[2026-03-04 13:50:48] quant.signal_tracker INFO: 信号追踪日任务: 入库1条, 验证0条
[2026-03-04 13:55:17] quant.signal_tracker INFO: scorecard 同步 (SQLite): 新增 2 条
[2026-03-04 13:55:17] quant.signal_tracker INFO: 信号验证: 新增 1 条, 跳过 42, 完成 0
[2026-03-04 13:55:55] quant.signal_tracker DEBUG: 东财收盘价也失败 002036 2026-03-04: ('Connection aborted.', RemoteDisconnected('Remote end closed connection without response'))
[2026-03-04 13:55:56] quant.signal_tracker DEBUG: 东财收盘价也失败 300827 2026-03-04: ('Connection aborted.', RemoteDisconnected('Remote end closed connection without response'))
[2026-03-04 13:55:57] quant.signal_tracker DEBUG: 东财收盘价也失败 600179 2026-03-04: ('Connection aborted.', RemoteDisconnected('Remote end closed connection without response'))
[2026-03-04 13:55:58] quant.signal_tracker DEBUG: 东财收盘价也失败 000420 2026-03-04: ('Connection aborted.', RemoteDisconnected('Remote end closed connection without response'))
[2026-03-04 13:55:59] quant.signal_tracker DEBUG: 东财收盘价也失败 603128 2026-03-04: ('Connection aborted.', RemoteDisconnected('Remote end closed connection without response'))
[2026-03-04 13:56:00] quant.signal_tracker DEBUG: 东财收盘价也失败 600717 2026-03-04: ('Connection aborted.', RemoteDisconnected('Remote end closed connection without response'))
[2026-03-04 13:56:00] quant.signal_tracker DEBUG: 东财收盘价也失败 300415 2026-03-04: ('Connection aborted.', RemoteDisconnected('Remote end closed connection without response'))
[2026-03-04 13:56:01] quant.signal_tracker DEBUG: 东财收盘价也失败 002216 2026-03-04: ('Connection aborted.', RemoteDisconnected('Remote end closed connection without response'))
[2026-03-04 13:56:02] quant.signal_tracker DEBUG: 东财收盘价也失败 600179 2026-03-04: ('Connection aborted.', RemoteDisconnected('Remote end closed connection without response'))
[2026-03-04 13:56:02] quant.signal_tracker DEBUG: 东财收盘价也失败 000930 2026-03-04: ('Connection aborted.', RemoteDisconnected('Remote end closed connection without response'))
[2026-03-04 13:56:03] quant.signal_tracker DEBUG: 东财收盘价也失败 600125 2026-03-04: ('Connection aborted.', RemoteDisconnected('Remote end closed connection without response'))
[2026-03-04 13:56:04] quant.signal_tracker DEBUG: 东财收盘价也失败 601963 2026-03-04: ('Connection aborted.', RemoteDisconnected('Remote end closed connection without response'))
[2026-03-04 13:56:04] quant.signal_tracker DEBUG: 东财收盘价也失败 301109 2026-03-04: ('Connection aborted.', RemoteDisconnected('Remote end closed connection without response'))
[2026-03-04 13:56:05] quant.signal_tracker DEBUG: 东财收盘价也失败 301565 2026-03-04: ('Connection aborted.', RemoteDisconnected('Remote end closed connection without response'))
[2026-03-04 13:56:06] quant.signal_tracker DEBUG: 东财收盘价也失败 000065 2026-03-04: ('Connection aborted.', RemoteDisconnected('Remote end closed connection without response'))
[2026-03-04 13:56:06] quant.signal_tracker DEBUG: 东财收盘价也失败 605090 2026-03-04: ('Connection aborted.', RemoteDisconnected('Remote end closed connection without response'))
[2026-03-04 13:56:07] quant.signal_tracker DEBUG: 东财收盘价也失败 002245 2026-03-04: ('Connection aborted.', RemoteDisconnected('Remote end closed connection without response'))
[2026-03-04 13:56:08] quant.signal_tracker DEBUG: 东财收盘价也失败 600867 2026-03-04: ('Connection aborted.', RemoteDisconnected('Remote end closed connection without response'))
[2026-03-04 13:56:08] quant.signal_tracker DEBUG: 东财收盘价也失败 300595 2026-03-04: ('Connection aborted.', RemoteDisconnected('Remote end closed connection without response'))
[2026-03-04 13:56:09] quant.signal_tracker DEBUG: 东财收盘价也失败 002221 2026-03-04: ('Connection aborted.', RemoteDisconnected('Remote end closed connection without response'))
[2026-03-04 13:56:10] quant.signal_tracker DEBUG: 东财收盘价也失败 002036 2026-03-04: ('Connection aborted.', RemoteDisconnected('Remote end closed connection without response'))
[2026-03-04 13:56:10] quant.signal_tracker DEBUG: 东财收盘价也失败 300827 2026-03-04: ('Connection aborted.', RemoteDisconnected('Remote end closed connection without response'))
[2026-03-04 13:56:11] quant.signal_tracker DEBUG: 东财收盘价也失败 600179 2026-03-04: ('Connection aborted.', RemoteDisconnected('Remote end closed connection without response'))
[2026-03-04 13:56:12] quant.signal_tracker DEBUG: 东财收盘价也失败 000420 2026-03-04: ('Connection aborted.', RemoteDisconnected('Remote end closed connection without response'))
[2026-03-04 13:56:12] quant.signal_tracker DEBUG: 东财收盘价也失败 300641 2026-03-04: ('Connection aborted.', RemoteDisconnected('Remote end closed connection without response'))
[2026-03-04 13:56:13] quant.signal_tracker DEBUG: 东财收盘价也失败 603128 2026-03-04: ('Connection aborted.', RemoteDisconnected('Remote end closed connection without response'))
[2026-03-04 13:56:13] quant.signal_tracker DEBUG: 东财收盘价也失败 600717 2026-03-04: ('Connection aborted.', RemoteDisconnected('Remote end closed connection without response'))
[2026-03-04 13:56:14] quant.signal_tracker DEBUG: 东财收盘价也失败 300415 2026-03-04: ('Connection aborted.', RemoteDisconnected('Remote end closed connection without response'))
[2026-03-04 13:56:15] quant.signal_tracker DEBUG: 东财收盘价也失败 002216 2026-03-04: ('Connection aborted.', RemoteDisconnected('Remote end closed connection without response'))
[2026-03-04 13:56:15] quant.signal_tracker DEBUG: 东财收盘价也失败 000930 2026-03-04: ('Connection aborted.', RemoteDisconnected('Remote end closed connection without response'))
[2026-03-04 13:56:16] quant.signal_tracker DEBUG: 东财收盘价也失败 600125 2026-03-04: ('Connection aborted.', RemoteDisconnected('Remote end closed connection without response'))
[2026-03-04 13:56:17] quant.signal_tracker DEBUG: 东财收盘价也失败 601963 2026-03-04: ('Connection aborted.', RemoteDisconnected('Remote end closed connection without response'))
[2026-03-04 13:56:17] quant.signal_tracker DEBUG: 东财收盘价也失败 301109 2026-03-04: ('Connection aborted.', RemoteDisconnected('Remote end closed connection without response'))
[2026-03-04 13:56:18] quant.signal_tracker DEBUG: 东财收盘价也失败 301565 2026-03-04: ('Connection aborted.', RemoteDisconnected('Remote end closed connection without response'))
[2026-03-04 13:56:19] quant.signal_tracker DEBUG: 东财收盘价也失败 000065 2026-03-04: ('Connection aborted.', RemoteDisconnected('Remote end closed connection without response'))
[2026-03-04 13:56:19] quant.signal_tracker DEBUG: 东财收盘价也失败 605090 2026-03-04: ('Connection aborted.', RemoteDisconnected('Remote end closed connection without response'))
[2026-03-04 13:56:20] quant.signal_tracker DEBUG: 东财收盘价也失败 002245 2026-03-04: ('Connection aborted.', RemoteDisconnected('Remote end closed connection without response'))
[2026-03-04 13:56:21] quant.signal_tracker DEBUG: 东财收盘价也失败 600867 2026-03-04: ('Connection aborted.', RemoteDisconnected('Remote end closed connection without response'))
[2026-03-04 13:56:21] quant.signal_tracker DEBUG: 东财收盘价也失败 300595 2026-03-04: ('Connection aborted.', RemoteDisconnected('Remote end closed connection without response'))
[2026-03-04 13:56:21] quant.signal_tracker INFO: scorecard 同步 (SQLite): 新增 3 条
[2026-03-04 13:56:21] quant.signal_tracker INFO: 信号验证: 新增 1 条, 跳过 41, 完成 0
[2026-03-04 13:57:53] quant.signal_tracker INFO: 信号入库: 2026-03-01, 新增 2 条
[2026-03-04 13:57:53] quant.signal_tracker INFO: 信号入库: 2026-03-01, 新增 1 条
[2026-03-04 13:57:53] quant.signal_tracker INFO: 信号入库: 2026-03-02, 新增 1 条
[2026-03-04 13:57:53] quant.signal_tracker INFO: 信号入库: 2026-03-01, 新增 1 条
[2026-03-04 13:57:53] quant.signal_tracker INFO: scorecard 同步 (SQLite): 新增 1 条
[2026-03-04 13:57:53] quant.signal_tracker INFO: 信号验证: 新增 3 条, 跳过 0, 完成 1
[2026-03-04 13:57:53] quant.signal_tracker INFO: scorecard 同步 (SQLite): 新增 1 条
[2026-03-04 13:57:53] quant.signal_tracker INFO: 信号验证: 新增 3 条, 跳过 0, 完成 1
[2026-03-04 13:57:53] quant.signal_tracker INFO: 信号验证: 新增 0 条, 跳过 3, 完成 0
[2026-03-04 13:57:53] quant.signal_tracker INFO: scorecard 同步 (SQLite): 新增 1 条
[2026-03-04 13:57:53] quant.signal_tracker INFO: 信号验证: 新增 0 条, 跳过 0, 完成 0
[2026-03-04 13:57:53] quant.signal_tracker INFO: 信号入库: 2026-03-04, 新增 1 条
[2026-03-04 13:57:53] quant.signal_tracker INFO: 信号追踪日任务: 入库1条, 验证0条
[2026-03-04 14:28:23] quant.signal_tracker INFO: 信号入库: 2026-03-01, 新增 2 条
[2026-03-04 14:28:23] quant.signal_tracker INFO: 信号入库: 2026-03-01, 新增 1 条
[2026-03-04 14:28:23] quant.signal_tracker INFO: 信号入库: 2026-03-02, 新增 1 条
[2026-03-04 14:28:23] quant.signal_tracker INFO: 信号入库: 2026-03-01, 新增 1 条
[2026-03-04 14:28:23] quant.signal_tracker INFO: scorecard 同步 (SQLite): 新增 1 条
[2026-03-04 14:28:23] quant.signal_tracker INFO: 信号验证: 新增 3 条, 跳过 0, 完成 1
[2026-03-04 14:28:23] quant.signal_tracker INFO: scorecard 同步 (SQLite): 新增 1 条
[2026-03-04 14:28:23] quant.signal_tracker INFO: 信号验证: 新增 3 条, 跳过 0, 完成 1
[2026-03-04 14:28:23] quant.signal_tracker INFO: 信号验证: 新增 0 条, 跳过 3, 完成 0
[2026-03-04 14:28:23] quant.signal_tracker INFO: scorecard 同步 (SQLite): 新增 1 条
[2026-03-04 14:28:23] quant.signal_tracker INFO: 信号验证: 新增 0 条, 跳过 0, 完成 0
[2026-03-04 14:28:23] quant.signal_tracker INFO: 信号入库: 2026-03-04, 新增 1 条
[2026-03-04 14:28:23] quant.signal_tracker INFO: 信号追踪日任务: 入库1条, 验证0条
[2026-03-04 14:33:34] quant.signal_tracker INFO: 信号入库: 2026-03-01, 新增 2 条
[2026-03-04 14:33:34] quant.signal_tracker INFO: 信号入库: 2026-03-01, 新增 1 条
[2026-03-04 14:33:34] quant.signal_tracker INFO: 信号入库: 2026-03-02, 新增 1 条
[2026-03-04 14:33:34] quant.signal_tracker INFO: 信号入库: 2026-03-01, 新增 1 条
[2026-03-04 14:33:34] quant.signal_tracker INFO: scorecard 同步 (SQLite): 新增 1 条
[2026-03-04 14:33:34] quant.signal_tracker INFO: 信号验证: 新增 3 条, 跳过 0, 完成 1
[2026-03-04 14:33:34] quant.signal_tracker INFO: scorecard 同步 (SQLite): 新增 1 条
[2026-03-04 14:33:34] quant.signal_tracker INFO: 信号验证: 新增 3 条, 跳过 0, 完成 1
[2026-03-04 14:33:34] quant.signal_tracker INFO: 信号验证: 新增 0 条, 跳过 3, 完成 0
[2026-03-04 14:33:34] quant.signal_tracker INFO: scorecard 同步 (SQLite): 新增 1 条
[2026-03-04 14:33:34] quant.signal_tracker INFO: 信号验证: 新增 0 条, 跳过 0, 完成 0
[2026-03-04 14:33:34] quant.signal_tracker INFO: 信号入库: 2026-03-04, 新增 1 条
[2026-03-04 14:33:34] quant.signal_tracker INFO: 信号追踪日任务: 入库1条, 验证0条
[2026-03-04 14:38:32] quant.signal_tracker INFO: 信号入库: 2026-03-01, 新增 2 条
[2026-03-04 14:38:32] quant.signal_tracker INFO: 信号入库: 2026-03-01, 新增 1 条
[2026-03-04 14:38:32] quant.signal_tracker INFO: 信号入库: 2026-03-02, 新增 1 条
[2026-03-04 14:38:32] quant.signal_tracker INFO: 信号入库: 2026-03-01, 新增 1 条
[2026-03-04 14:38:32] quant.signal_tracker INFO: scorecard 同步 (SQLite): 新增 1 条
[2026-03-04 14:38:32] quant.signal_tracker INFO: 信号验证: 新增 3 条, 跳过 0, 完成 1
[2026-03-04 14:38:32] quant.signal_tracker INFO: scorecard 同步 (SQLite): 新增 1 条
[2026-03-04 14:38:32] quant.signal_tracker INFO: 信号验证: 新增 3 条, 跳过 0, 完成 1
[2026-03-04 14:38:32] quant.signal_tracker INFO: 信号验证: 新增 0 条, 跳过 3, 完成 0
[2026-03-04 14:38:32] quant.signal_tracker INFO: scorecard 同步 (SQLite): 新增 1 条
[2026-03-04 14:38:32] quant.signal_tracker INFO: 信号验证: 新增 0 条, 跳过 0, 完成 0
[2026-03-04 14:38:32] quant.signal_tracker INFO: 信号入库: 2026-03-04, 新增 1 条
[2026-03-04 14:38:32] quant.signal_tracker INFO: 信号追踪日任务: 入库1条, 验证0条
[2026-03-04 14:43:24] quant.signal_tracker INFO: 信号入库: 2026-03-01, 新增 2 条
[2026-03-04 14:43:24] quant.signal_tracker INFO: 信号入库: 2026-03-01, 新增 1 条
[2026-03-04 14:43:24] quant.signal_tracker INFO: 信号入库: 2026-03-02, 新增 1 条
[2026-03-04 14:43:24] quant.signal_tracker INFO: 信号入库: 2026-03-01, 新增 1 条
[2026-03-04 14:43:24] quant.signal_tracker INFO: scorecard 同步 (SQLite): 新增 1 条
[2026-03-04 14:43:24] quant.signal_tracker INFO: 信号验证: 新增 3 条, 跳过 0, 完成 1
[2026-03-04 14:43:24] quant.signal_tracker INFO: scorecard 同步 (SQLite): 新增 1 条
[2026-03-04 14:43:24] quant.signal_tracker INFO: 信号验证: 新增 3 条, 跳过 0, 完成 1
[2026-03-04 14:43:24] quant.signal_tracker INFO: 信号验证: 新增 0 条, 跳过 3, 完成 0
[2026-03-04 14:43:24] quant.signal_tracker INFO: scorecard 同步 (SQLite): 新增 1 条
[2026-03-04 14:43:24] quant.signal_tracker INFO: 信号验证: 新增 0 条, 跳过 0, 完成 0
[2026-03-04 14:43:24] quant.signal_tracker INFO: 信号入库: 2026-03-04, 新增 1 条
[2026-03-04 14:43:24] quant.signal_tracker INFO: 信号追踪日任务: 入库1条, 验证0条
[2026-03-04 15:34:23] quant.signal_tracker INFO: 信号入库: 2026-03-01, 新增 2 条
[2026-03-04 15:34:23] quant.signal_tracker INFO: 信号入库: 2026-03-01, 新增 1 条
[2026-03-04 15:34:23] quant.signal_tracker INFO: 信号入库: 2026-03-02, 新增 1 条
[2026-03-04 15:34:23] quant.signal_tracker INFO: 信号入库: 2026-03-01, 新增 1 条
[2026-03-04 15:34:23] quant.signal_tracker INFO: scorecard 同步 (SQLite): 新增 1 条
[2026-03-04 15:34:23] quant.signal_tracker INFO: 信号验证: 新增 3 条, 跳过 0, 完成 1
[2026-03-04 15:34:23] quant.signal_tracker INFO: scorecard 同步 (SQLite): 新增 1 条
[2026-03-04 15:34:23] quant.signal_tracker INFO: 信号验证: 新增 3 条, 跳过 0, 完成 1
[2026-03-04 15:34:23] quant.signal_tracker INFO: 信号验证: 新增 0 条, 跳过 3, 完成 0
[2026-03-04 15:34:23] quant.signal_tracker INFO: scorecard 同步 (SQLite): 新增 1 条
[2026-03-04 15:34:23] quant.signal_tracker INFO: 信号验证: 新增 0 条, 跳过 0, 完成 0
[2026-03-04 15:34:23] quant.signal_tracker INFO: 信号入库: 2026-03-04, 新增 1 条
[2026-03-04 15:34:23] quant.signal_tracker INFO: 信号追踪日任务: 入库1条, 验证0条
[2026-03-04 16:05:06] quant.signal_tracker DEBUG: 获取 RU 2026-03-04 期货价失败: 无 2026-03-04 数据
[2026-03-04 16:05:06] quant.signal_tracker DEBUG: 获取 BU 2026-03-04 期货价失败: 无 2026-03-04 数据
[2026-03-04 16:05:07] quant.signal_tracker DEBUG: A股收盘价双源均失败 002036 2026-03-04: ('Connection aborted.', RemoteDisconnected('Remote end closed connection without response'))
[2026-03-04 16:05:07] quant.signal_tracker DEBUG: A股收盘价双源均失败 300827 2026-03-04: ('Connection aborted.', RemoteDisconnected('Remote end closed connection without response'))
[2026-03-04 16:05:08] quant.signal_tracker DEBUG: A股收盘价双源均失败 600179 2026-03-04: ('Connection aborted.', RemoteDisconnected('Remote end closed connection without response'))
[2026-03-04 16:05:09] quant.signal_tracker DEBUG: A股收盘价双源均失败 000420 2026-03-04: ('Connection aborted.', RemoteDisconnected('Remote end closed connection without response'))
[2026-03-04 16:05:10] quant.signal_tracker DEBUG: A股收盘价双源均失败 603128 2026-03-04: ('Connection aborted.', RemoteDisconnected('Remote end closed connection without response'))
[2026-03-04 16:05:11] quant.signal_tracker DEBUG: A股收盘价双源均失败 600717 2026-03-04: ('Connection aborted.', RemoteDisconnected('Remote end closed connection without response'))
[2026-03-04 16:05:11] quant.signal_tracker DEBUG: A股收盘价双源均失败 300415 2026-03-04: ('Connection aborted.', RemoteDisconnected('Remote end closed connection without response'))
[2026-03-04 16:05:12] quant.signal_tracker DEBUG: A股收盘价双源均失败 002216 2026-03-04: ('Connection aborted.', RemoteDisconnected('Remote end closed connection without response'))
[2026-03-04 16:05:12] quant.signal_tracker DEBUG: A股收盘价双源均失败 600179 2026-03-04: 所有 API 源均不可用 (全部熔断)
[2026-03-04 16:05:12] quant.signal_tracker DEBUG: A股收盘价双源均失败 000930 2026-03-04: 所有 API 源均不可用 (全部熔断)
[2026-03-04 16:05:12] quant.signal_tracker DEBUG: A股收盘价双源均失败 600125 2026-03-04: 所有 API 源均不可用 (全部熔断)
[2026-03-04 16:05:12] quant.signal_tracker DEBUG: A股收盘价双源均失败 601963 2026-03-04: 所有 API 源均不可用 (全部熔断)
[2026-03-04 16:05:12] quant.signal_tracker DEBUG: A股收盘价双源均失败 301109 2026-03-04: 所有 API 源均不可用 (全部熔断)
[2026-03-04 16:05:12] quant.signal_tracker DEBUG: A股收盘价双源均失败 301565 2026-03-04: 所有 API 源均不可用 (全部熔断)
[2026-03-04 16:05:12] quant.signal_tracker DEBUG: A股收盘价双源均失败 000065 2026-03-04: 所有 API 源均不可用 (全部熔断)
[2026-03-04 16:05:12] quant.signal_tracker DEBUG: A股收盘价双源均失败 605090 2026-03-04: 所有 API 源均不可用 (全部熔断)
[2026-03-04 16:05:12] quant.signal_tracker DEBUG: A股收盘价双源均失败 002245 2026-03-04: 所有 API 源均不可用 (全部熔断)
[2026-03-04 16:05:12] quant.signal_tracker DEBUG: A股收盘价双源均失败 600867 2026-03-04: 所有 API 源均不可用 (全部熔断)
[2026-03-04 16:05:12] quant.signal_tracker DEBUG: A股收盘价双源均失败 300595 2026-03-04: 所有 API 源均不可用 (全部熔断)
[2026-03-04 16:05:12] quant.signal_tracker DEBUG: A股收盘价双源均失败 002221 2026-03-04: 所有 API 源均不可用 (全部熔断)
[2026-03-04 16:05:12] quant.signal_tracker DEBUG: A股收盘价双源均失败 002036 2026-03-04: 所有 API 源均不可用 (全部熔断)
[2026-03-04 16:05:12] quant.signal_tracker DEBUG: A股收盘价双源均失败 300827 2026-03-04: 所有 API 源均不可用 (全部熔断)
[2026-03-04 16:05:12] quant.signal_tracker DEBUG: A股收盘价双源均失败 600179 2026-03-04: 所有 API 源均不可用 (全部熔断)
[2026-03-04 16:05:12] quant.signal_tracker DEBUG: A股收盘价双源均失败 000420 2026-03-04: 所有 API 源均不可用 (全部熔断)
[2026-03-04 16:05:12] quant.signal_tracker DEBUG: A股收盘价双源均失败 300641 2026-03-04: 所有 API 源均不可用 (全部熔断)
[2026-03-04 16:05:12] quant.signal_tracker DEBUG: A股收盘价双源均失败 603128 2026-03-04: 所有 API 源均不可用 (全部熔断)
[2026-03-04 16:05:12] quant.signal_tracker DEBUG: A股收盘价双源均失败 600717 2026-03-04: 所有 API 源均不可用 (全部熔断)
[2026-03-04 16:05:12] quant.signal_tracker DEBUG: A股收盘价双源均失败 300415 2026-03-04: 所有 API 源均不可用 (全部熔断)
[2026-03-04 16:05:12] quant.signal_tracker DEBUG: A股收盘价双源均失败 002216 2026-03-04: 所有 API 源均不可用 (全部熔断)
[2026-03-04 16:05:12] quant.signal_tracker DEBUG: A股收盘价双源均失败 000930 2026-03-04: 所有 API 源均不可用 (全部熔断)
[2026-03-04 16:05:12] quant.signal_tracker DEBUG: A股收盘价双源均失败 600125 2026-03-04: 所有 API 源均不可用 (全部熔断)
[2026-03-04 16:05:12] quant.signal_tracker DEBUG: A股收盘价双源均失败 601963 2026-03-04: 所有 API 源均不可用 (全部熔断)
[2026-03-04 16:05:12] quant.signal_tracker DEBUG: A股收盘价双源均失败 301109 2026-03-04: 所有 API 源均不可用 (全部熔断)
[2026-03-04 16:05:12] quant.signal_tracker DEBUG: A股收盘价双源均失败 301565 2026-03-04: 所有 API 源均不可用 (全部熔断)
[2026-03-04 16:05:12] quant.signal_tracker DEBUG: A股收盘价双源均失败 000065 2026-03-04: 所有 API 源均不可用 (全部熔断)
[2026-03-04 16:05:12] quant.signal_tracker DEBUG: A股收盘价双源均失败 605090 2026-03-04: 所有 API 源均不可用 (全部熔断)
[2026-03-04 16:05:12] quant.signal_tracker DEBUG: A股收盘价双源均失败 002245 2026-03-04: 所有 API 源均不可用 (全部熔断)
[2026-03-04 16:05:12] quant.signal_tracker DEBUG: A股收盘价双源均失败 600867 2026-03-04: 所有 API 源均不可用 (全部熔断)
[2026-03-04 16:05:12] quant.signal_tracker DEBUG: A股收盘价双源均失败 300595 2026-03-04: 所有 API 源均不可用 (全部熔断)
[2026-03-04 16:05:12] quant.signal_tracker INFO: scorecard 同步 (SQLite): 新增 3 条
[2026-03-04 16:05:12] quant.signal_tracker INFO: 信号验证: 新增 0 条, 跳过 41, 完成 0
[2026-03-04 16:05:12] quant.signal_tracker INFO: 信号追踪日任务: 入库0条, 验证0条, 近7天T+1胜率66.7%
[2026-03-04 16:05:13] quant.signal_tracker INFO: scorecard 同步 (SQLite): 新增 3 条
[2026-03-04 16:05:13] quant.signal_tracker INFO: 信号验证: 新增 0 条, 跳过 41, 完成 0
[2026-03-04 16:05:13] quant.signal_tracker INFO: 信号追踪日任务: 入库0条, 验证0条, 近7天T+1胜率66.7%
[2026-03-04 16:05:27] quant.signal_tracker INFO: scorecard 同步 (SQLite): 新增 3 条
[2026-03-04 16:05:27] quant.signal_tracker INFO: 信号验证: 新增 0 条, 跳过 41, 完成 0
[2026-03-04 16:05:27] quant.signal_tracker INFO: 信号追踪日任务: 入库0条, 验证0条, 近7天T+1胜率66.7%
[2026-03-04 18:00:27] quant.signal_tracker INFO: 信号入库: 2026-03-01, 新增 2 条
[2026-03-04 18:00:27] quant.signal_tracker INFO: 信号入库: 2026-03-01, 新增 1 条
[2026-03-04 18:00:27] quant.signal_tracker INFO: 信号入库: 2026-03-02, 新增 1 条
[2026-03-04 18:00:27] quant.signal_tracker INFO: 信号入库: 2026-03-01, 新增 1 条
[2026-03-04 18:00:27] quant.signal_tracker INFO: scorecard 同步 (SQLite): 新增 1 条
[2026-03-04 18:00:27] quant.signal_tracker INFO: 信号验证: 新增 3 条, 跳过 0, 完成 1
[2026-03-04 18:00:27] quant.signal_tracker INFO: scorecard 同步 (SQLite): 新增 1 条
[2026-03-04 18:00:27] quant.signal_tracker INFO: 信号验证: 新增 3 条, 跳过 0, 完成 1
[2026-03-04 18:00:27] quant.signal_tracker INFO: 信号验证: 新增 0 条, 跳过 3, 完成 0
[2026-03-04 18:00:27] quant.signal_tracker INFO: scorecard 同步 (SQLite): 新增 1 条
[2026-03-04 18:00:27] quant.signal_tracker INFO: 信号验证: 新增 0 条, 跳过 0, 完成 0
[2026-03-04 18:00:27] quant.signal_tracker INFO: 信号入库: 2026-03-04, 新增 1 条
[2026-03-04 18:00:27] quant.signal_tracker INFO: 信号追踪日任务: 入库1条, 验证0条
[2026-03-04 18:05:38] quant.signal_tracker INFO: 信号入库: 2026-03-01, 新增 2 条
[2026-03-04 18:05:38] quant.signal_tracker INFO: 信号入库: 2026-03-01, 新增 1 条
[2026-03-04 18:05:38] quant.signal_tracker INFO: 信号入库: 2026-03-02, 新增 1 条
[2026-03-04 18:05:38] quant.signal_tracker INFO: 信号入库: 2026-03-01, 新增 1 条
[2026-03-04 18:05:38] quant.signal_tracker INFO: scorecard 同步 (SQLite): 新增 1 条
[2026-03-04 18:05:38] quant.signal_tracker INFO: 信号验证: 新增 3 条, 跳过 0, 完成 1
[2026-03-04 18:05:38] quant.signal_tracker INFO: scorecard 同步 (SQLite): 新增 1 条
[2026-03-04 18:05:38] quant.signal_tracker INFO: 信号验证: 新增 3 条, 跳过 0, 完成 1
[2026-03-04 18:05:38] quant.signal_tracker INFO: 信号验证: 新增 0 条, 跳过 3, 完成 0
[2026-03-04 18:05:38] quant.signal_tracker INFO: scorecard 同步 (SQLite): 新增 1 条
[2026-03-04 18:05:38] quant.signal_tracker INFO: 信号验证: 新增 0 条, 跳过 0, 完成 0
[2026-03-04 18:05:38] quant.signal_tracker INFO: 信号入库: 2026-03-04, 新增 1 条
[2026-03-04 18:05:38] quant.signal_tracker INFO: 信号追踪日任务: 入库1条, 验证0条
[2026-03-04 18:10:33] quant.signal_tracker INFO: 信号入库: 2026-03-01, 新增 2 条
[2026-03-04 18:10:33] quant.signal_tracker INFO: 信号入库: 2026-03-01, 新增 1 条
[2026-03-04 18:10:33] quant.signal_tracker INFO: 信号入库: 2026-03-02, 新增 1 条
[2026-03-04 18:10:33] quant.signal_tracker INFO: 信号入库: 2026-03-01, 新增 1 条
[2026-03-04 18:10:33] quant.signal_tracker INFO: scorecard 同步 (SQLite): 新增 1 条
[2026-03-04 18:10:33] quant.signal_tracker INFO: 信号验证: 新增 3 条, 跳过 0, 完成 1
[2026-03-04 18:10:33] quant.signal_tracker INFO: scorecard 同步 (SQLite): 新增 1 条
[2026-03-04 18:10:33] quant.signal_tracker INFO: 信号验证: 新增 3 条, 跳过 0, 完成 1
[2026-03-04 18:10:33] quant.signal_tracker INFO: 信号验证: 新增 0 条, 跳过 3, 完成 0
[2026-03-04 18:10:33] quant.signal_tracker INFO: scorecard 同步 (SQLite): 新增 1 条
[2026-03-04 18:10:33] quant.signal_tracker INFO: 信号验证: 新增 0 条, 跳过 0, 完成 0
[2026-03-04 18:10:33] quant.signal_tracker INFO: 信号入库: 2026-03-04, 新增 1 条
[2026-03-04 18:10:33] quant.signal_tracker INFO: 信号追踪日任务: 入库1条, 验证0条
[2026-03-04 18:30:21] quant.signal_tracker INFO: 信号入库: 2026-03-01, 新增 2 条
[2026-03-04 18:30:21] quant.signal_tracker INFO: 信号入库: 2026-03-01, 新增 1 条
[2026-03-04 18:30:21] quant.signal_tracker INFO: 信号入库: 2026-03-02, 新增 1 条
[2026-03-04 18:30:21] quant.signal_tracker INFO: 信号入库: 2026-03-01, 新增 1 条
[2026-03-04 18:30:21] quant.signal_tracker INFO: scorecard 同步 (SQLite): 新增 1 条
[2026-03-04 18:30:21] quant.signal_tracker INFO: 信号验证: 新增 3 条, 跳过 0, 完成 1
[2026-03-04 18:30:21] quant.signal_tracker INFO: scorecard 同步 (SQLite): 新增 1 条
[2026-03-04 18:30:21] quant.signal_tracker INFO: 信号验证: 新增 3 条, 跳过 0, 完成 1
[2026-03-04 18:30:21] quant.signal_tracker INFO: 信号验证: 新增 0 条, 跳过 3, 完成 0
[2026-03-04 18:30:21] quant.signal_tracker INFO: scorecard 同步 (SQLite): 新增 1 条
[2026-03-04 18:30:21] quant.signal_tracker INFO: 信号验证: 新增 0 条, 跳过 0, 完成 0
[2026-03-04 18:30:21] quant.signal_tracker INFO: 信号入库: 2026-03-04, 新增 1 条
[2026-03-04 18:30:21] quant.signal_tracker INFO: 信号追踪日任务: 入库1条, 验证0条
[2026-03-04 18:54:51] quant.signal_tracker INFO: 信号入库: 2026-03-01, 新增 2 条
[2026-03-04 18:54:51] quant.signal_tracker INFO: 信号入库: 2026-03-01, 新增 1 条
[2026-03-04 18:54:51] quant.signal_tracker INFO: 信号入库: 2026-03-02, 新增 1 条
[2026-03-04 18:54:51] quant.signal_tracker INFO: 信号入库: 2026-03-01, 新增 1 条
[2026-03-04 18:54:51] quant.signal_tracker INFO: scorecard 同步 (SQLite): 新增 1 条
[2026-03-04 18:54:51] quant.signal_tracker INFO: 信号验证: 新增 3 条, 跳过 0, 完成 1
[2026-03-04 18:54:51] quant.signal_tracker INFO: scorecard 同步 (SQLite): 新增 1 条
[2026-03-04 18:54:51] quant.signal_tracker INFO: 信号验证: 新增 3 条, 跳过 0, 完成 1
[2026-03-04 18:54:51] quant.signal_tracker INFO: 信号验证: 新增 0 条, 跳过 3, 完成 0
[2026-03-04 18:54:51] quant.signal_tracker INFO: scorecard 同步 (SQLite): 新增 1 条
[2026-03-04 18:54:51] quant.signal_tracker INFO: 信号验证: 新增 0 条, 跳过 0, 完成 0
[2026-03-04 18:54:51] quant.signal_tracker INFO: 信号入库: 2026-03-04, 新增 1 条
[2026-03-04 18:54:51] quant.signal_tracker INFO: 信号追踪日任务: 入库1条, 验证0条
[2026-03-04 18:59:33] quant.signal_tracker INFO: 信号入库: 2026-03-01, 新增 2 条
[2026-03-04 18:59:33] quant.signal_tracker INFO: 信号入库: 2026-03-01, 新增 1 条
[2026-03-04 18:59:33] quant.signal_tracker INFO: 信号入库: 2026-03-02, 新增 1 条
[2026-03-04 18:59:33] quant.signal_tracker INFO: 信号入库: 2026-03-01, 新增 1 条
[2026-03-04 18:59:33] quant.signal_tracker INFO: scorecard 同步 (SQLite): 新增 1 条
[2026-03-04 18:59:33] quant.signal_tracker INFO: 信号验证: 新增 3 条, 跳过 0, 完成 1
[2026-03-04 18:59:33] quant.signal_tracker INFO: scorecard 同步 (SQLite): 新增 1 条
[2026-03-04 18:59:33] quant.signal_tracker INFO: 信号验证: 新增 3 条, 跳过 0, 完成 1
[2026-03-04 18:59:33] quant.signal_tracker INFO: 信号验证: 新增 0 条, 跳过 3, 完成 0
[2026-03-04 18:59:33] quant.signal_tracker INFO: scorecard 同步 (SQLite): 新增 1 条
[2026-03-04 18:59:33] quant.signal_tracker INFO: 信号验证: 新增 0 条, 跳过 0, 完成 0
[2026-03-04 18:59:33] quant.signal_tracker INFO: 信号入库: 2026-03-04, 新增 1 条
[2026-03-04 18:59:33] quant.signal_tracker INFO: 信号追踪日任务: 入库1条, 验证0条
[2026-03-04 19:04:20] quant.signal_tracker INFO: 信号入库: 2026-03-01, 新增 2 条
[2026-03-04 19:04:20] quant.signal_tracker INFO: 信号入库: 2026-03-01, 新增 1 条
[2026-03-04 19:04:20] quant.signal_tracker INFO: 信号入库: 2026-03-02, 新增 1 条
[2026-03-04 19:04:20] quant.signal_tracker INFO: 信号入库: 2026-03-01, 新增 1 条
[2026-03-04 19:04:20] quant.signal_tracker INFO: scorecard 同步 (SQLite): 新增 1 条
[2026-03-04 19:04:20] quant.signal_tracker INFO: 信号验证: 新增 3 条, 跳过 0, 完成 1
[2026-03-04 19:04:20] quant.signal_tracker INFO: scorecard 同步 (SQLite): 新增 1 条
[2026-03-04 19:04:20] quant.signal_tracker INFO: 信号验证: 新增 3 条, 跳过 0, 完成 1
[2026-03-04 19:04:20] quant.signal_tracker INFO: 信号验证: 新增 0 条, 跳过 3, 完成 0
[2026-03-04 19:04:20] quant.signal_tracker INFO: scorecard 同步 (SQLite): 新增 1 条
[2026-03-04 19:04:20] quant.signal_tracker INFO: 信号验证: 新增 0 条, 跳过 0, 完成 0
[2026-03-04 19:04:20] quant.signal_tracker INFO: 信号入库: 2026-03-04, 新增 1 条
[2026-03-04 19:04:20] quant.signal_tracker INFO: 信号追踪日任务: 入库1条, 验证0条
[2026-03-04 21:33:34] quant.signal_tracker INFO: 信号入库: 2026-03-01, 新增 2 条
[2026-03-04 21:33:34] quant.signal_tracker INFO: 信号入库: 2026-03-01, 新增 1 条
[2026-03-04 21:33:34] quant.signal_tracker INFO: 信号入库: 2026-03-02, 新增 1 条
[2026-03-04 21:33:34] quant.signal_tracker INFO: 信号入库: 2026-03-01, 新增 1 条
[2026-03-04 21:33:34] quant.signal_tracker INFO: scorecard 同步 (SQLite): 新增 1 条
[2026-03-04 21:33:34] quant.signal_tracker INFO: 信号验证: 新增 3 条, 跳过 0, 完成 1
[2026-03-04 21:33:34] quant.signal_tracker INFO: scorecard 同步 (SQLite): 新增 1 条
[2026-03-04 21:33:34] quant.signal_tracker INFO: 信号验证: 新增 3 条, 跳过 0, 完成 1
[2026-03-04 21:33:34] quant.signal_tracker INFO: 信号验证: 新增 0 条, 跳过 3, 完成 0
[2026-03-04 21:33:34] quant.signal_tracker INFO: scorecard 同步 (SQLite): 新增 1 条
[2026-03-04 21:33:34] quant.signal_tracker INFO: 信号验证: 新增 0 条, 跳过 0, 完成 0
[2026-03-04 21:33:34] quant.signal_tracker INFO: 信号入库: 2026-03-04, 新增 1 条
[2026-03-04 21:33:34] quant.signal_tracker INFO: 信号追踪日任务: 入库1条, 验证0条
[2026-03-05 10:25:06] quant.signal_tracker INFO: 信号入库: 2026-03-01, 新增 2 条
[2026-03-05 10:25:06] quant.signal_tracker INFO: 信号入库: 2026-03-01, 新增 1 条
[2026-03-05 10:25:06] quant.signal_tracker INFO: 信号入库: 2026-03-02, 新增 1 条
[2026-03-05 10:25:06] quant.signal_tracker INFO: 信号入库: 2026-03-01, 新增 1 条
[2026-03-05 10:25:06] quant.signal_tracker INFO: scorecard 同步 (SQLite): 新增 1 条
[2026-03-05 10:25:06] quant.signal_tracker INFO: 信号验证: 新增 3 条, 跳过 0, 完成 1
[2026-03-05 10:25:06] quant.signal_tracker INFO: scorecard 同步 (SQLite): 新增 1 条
[2026-03-05 10:25:06] quant.signal_tracker INFO: 信号验证: 新增 3 条, 跳过 0, 完成 1
[2026-03-05 10:25:06] quant.signal_tracker INFO: 信号验证: 新增 0 条, 跳过 3, 完成 0
[2026-03-05 10:25:06] quant.signal_tracker INFO: scorecard 同步 (SQLite): 新增 1 条
[2026-03-05 10:25:06] quant.signal_tracker INFO: 信号验证: 新增 0 条, 跳过 0, 完成 0
[2026-03-05 10:25:06] quant.signal_tracker INFO: 信号入库: 2026-03-05, 新增 1 条
[2026-03-05 10:25:06] quant.signal_tracker INFO: 信号追踪日任务: 入库1条, 验证0条
[2026-03-05 11:32:46] quant.signal_tracker INFO: 信号入库: 2026-03-01, 新增 2 条
[2026-03-05 11:32:46] quant.signal_tracker INFO: 信号入库: 2026-03-01, 新增 1 条
[2026-03-05 11:32:46] quant.signal_tracker INFO: 信号入库: 2026-03-02, 新增 1 条
[2026-03-05 11:32:46] quant.signal_tracker INFO: 信号入库: 2026-03-01, 新增 1 条
[2026-03-05 11:32:46] quant.signal_tracker INFO: scorecard 同步 (SQLite): 新增 1 条
[2026-03-05 11:32:46] quant.signal_tracker INFO: 信号验证: 新增 3 条, 跳过 0, 完成 1
[2026-03-05 11:32:46] quant.signal_tracker INFO: scorecard 同步 (SQLite): 新增 1 条
[2026-03-05 11:32:46] quant.signal_tracker INFO: 信号验证: 新增 3 条, 跳过 0, 完成 1
[2026-03-05 11:32:46] quant.signal_tracker INFO: 信号验证: 新增 0 条, 跳过 3, 完成 0
[2026-03-05 11:32:46] quant.signal_tracker INFO: scorecard 同步 (SQLite): 新增 1 条
[2026-03-05 11:32:46] quant.signal_tracker INFO: 信号验证: 新增 0 条, 跳过 0, 完成 0
[2026-03-05 11:32:46] quant.signal_tracker INFO: 信号入库: 2026-03-05, 新增 1 条
[2026-03-05 11:32:46] quant.signal_tracker INFO: 信号追踪日任务: 入库1条, 验证0条
[2026-03-05 11:58:31] quant.signal_tracker INFO: 信号入库: 2026-03-01, 新增 2 条
[2026-03-05 11:58:31] quant.signal_tracker INFO: 信号入库: 2026-03-01, 新增 1 条
[2026-03-05 11:58:31] quant.signal_tracker INFO: 信号入库: 2026-03-02, 新增 1 条
[2026-03-05 11:58:31] quant.signal_tracker INFO: 信号入库: 2026-03-01, 新增 1 条
[2026-03-05 11:58:31] quant.signal_tracker INFO: scorecard 同步 (SQLite): 新增 1 条
[2026-03-05 11:58:31] quant.signal_tracker INFO: 信号验证: 新增 3 条, 跳过 0, 完成 1
[2026-03-05 11:58:31] quant.signal_tracker INFO: scorecard 同步 (SQLite): 新增 1 条
[2026-03-05 11:58:31] quant.signal_tracker INFO: 信号验证: 新增 3 条, 跳过 0, 完成 1
[2026-03-05 11:58:31] quant.signal_tracker INFO: 信号验证: 新增 0 条, 跳过 3, 完成 0
[2026-03-05 11:58:31] quant.signal_tracker INFO: scorecard 同步 (SQLite): 新增 1 条
[2026-03-05 11:58:31] quant.signal_tracker INFO: 信号验证: 新增 0 条, 跳过 0, 完成 0
[2026-03-05 11:58:31] quant.signal_tracker INFO: 信号入库: 2026-03-05, 新增 1 条
[2026-03-05 11:58:31] quant.signal_tracker INFO: 信号追踪日任务: 入库1条, 验证0条
[2026-03-05 12:03:15] quant.signal_tracker INFO: 信号入库: 2026-03-01, 新增 2 条
[2026-03-05 12:03:15] quant.signal_tracker INFO: 信号入库: 2026-03-01, 新增 1 条
[2026-03-05 12:03:15] quant.signal_tracker INFO: 信号入库: 2026-03-02, 新增 1 条
[2026-03-05 12:03:15] quant.signal_tracker INFO: 信号入库: 2026-03-01, 新增 1 条
[2026-03-05 12:03:15] quant.signal_tracker INFO: scorecard 同步 (SQLite): 新增 1 条
[2026-03-05 12:03:15] quant.signal_tracker INFO: 信号验证: 新增 3 条, 跳过 0, 完成 1
[2026-03-05 12:03:15] quant.signal_tracker INFO: scorecard 同步 (SQLite): 新增 1 条
[2026-03-05 12:03:15] quant.signal_tracker INFO: 信号验证: 新增 3 条, 跳过 0, 完成 1
[2026-03-05 12:03:15] quant.signal_tracker INFO: 信号验证: 新增 0 条, 跳过 3, 完成 0
[2026-03-05 12:03:15] quant.signal_tracker INFO: scorecard 同步 (SQLite): 新增 1 条
[2026-03-05 12:03:15] quant.signal_tracker INFO: 信号验证: 新增 0 条, 跳过 0, 完成 0
[2026-03-05 12:03:15] quant.signal_tracker INFO: 信号入库: 2026-03-05, 新增 1 条
[2026-03-05 12:03:15] quant.signal_tracker INFO: 信号追踪日任务: 入库1条, 验证0条
[2026-03-05 12:08:16] quant.signal_tracker INFO: 信号入库: 2026-03-01, 新增 2 条
[2026-03-05 12:08:16] quant.signal_tracker INFO: 信号入库: 2026-03-01, 新增 1 条
[2026-03-05 12:08:16] quant.signal_tracker INFO: 信号入库: 2026-03-02, 新增 1 条
[2026-03-05 12:08:16] quant.signal_tracker INFO: 信号入库: 2026-03-01, 新增 1 条
[2026-03-05 12:08:16] quant.signal_tracker INFO: scorecard 同步 (SQLite): 新增 1 条
[2026-03-05 12:08:16] quant.signal_tracker INFO: 信号验证: 新增 3 条, 跳过 0, 完成 1
[2026-03-05 12:08:16] quant.signal_tracker INFO: scorecard 同步 (SQLite): 新增 1 条
[2026-03-05 12:08:16] quant.signal_tracker INFO: 信号验证: 新增 3 条, 跳过 0, 完成 1
[2026-03-05 12:08:16] quant.signal_tracker INFO: 信号验证: 新增 0 条, 跳过 3, 完成 0
[2026-03-05 12:08:16] quant.signal_tracker INFO: scorecard 同步 (SQLite): 新增 1 条
[2026-03-05 12:08:16] quant.signal_tracker INFO: 信号验证: 新增 0 条, 跳过 0, 完成 0
[2026-03-05 12:08:16] quant.signal_tracker INFO: 信号入库: 2026-03-05, 新增 1 条
[2026-03-05 12:08:16] quant.signal_tracker INFO: 信号追踪日任务: 入库1条, 验证0条
