[2026-03-03 23:23:17] quant.strategy_loader DEBUG: 注册策略: 事件驱动选股 @ 09:22
[2026-03-03 23:23:17] quant.strategy_loader DEBUG: 注册策略: 集合竞价选股 @ 09:25
[2026-03-03 23:23:17] quant.strategy_loader DEBUG: 注册策略: 低吸回调选股 @ 09:50
[2026-03-03 23:23:17] quant.strategy_loader DEBUG: 注册策略: 放量突破选股 @ 10:00
[2026-03-03 23:23:17] quant.strategy_loader DEBUG: 注册策略: 趋势跟踪选股 @ 10:05
[2026-03-03 23:23:17] quant.strategy_loader DEBUG: 注册策略: 缩量整理选股 @ 10:15
[2026-03-03 23:23:17] quant.strategy_loader DEBUG: 注册策略: 板块轮动选股 @ 14:00
[2026-03-03 23:23:17] quant.strategy_loader DEBUG: 注册策略: 尾盘短线选股 @ 14:30
[2026-03-03 23:23:17] quant.strategy_loader DEBUG: 注册策略: 期货趋势选股 @ 09:05
[2026-03-03 23:23:17] quant.strategy_loader DEBUG: 注册策略: 期货趋势选股 @ 21:10
[2026-03-03 23:23:17] quant.strategy_loader DEBUG: 注册策略: 币圈趋势选股 @ 01:00
[2026-03-03 23:23:17] quant.strategy_loader DEBUG: 注册策略: 美股收盘分析 @ 05:30
[2026-03-03 23:23:17] quant.strategy_loader INFO: 策略加载器: 12/12 策略已注册
[2026-03-03 23:23:21] quant.strategy_loader DEBUG: 注册策略: 事件驱动选股 @ 09:22
[2026-03-03 23:23:21] quant.strategy_loader DEBUG: 注册策略: 集合竞价选股 @ 09:25
[2026-03-03 23:23:21] quant.strategy_loader DEBUG: 注册策略: 低吸回调选股 @ 09:50
[2026-03-03 23:23:21] quant.strategy_loader DEBUG: 注册策略: 放量突破选股 @ 10:00
[2026-03-03 23:23:21] quant.strategy_loader DEBUG: 注册策略: 趋势跟踪选股 @ 10:05
[2026-03-03 23:23:21] quant.strategy_loader DEBUG: 注册策略: 缩量整理选股 @ 10:15
[2026-03-03 23:23:21] quant.strategy_loader DEBUG: 注册策略: 板块轮动选股 @ 14:00
[2026-03-03 23:23:21] quant.strategy_loader DEBUG: 注册策略: 尾盘短线选股 @ 14:30
[2026-03-03 23:23:21] quant.strategy_loader DEBUG: 注册策略: 期货趋势选股 @ 09:05
[2026-03-03 23:23:21] quant.strategy_loader DEBUG: 注册策略: 期货趋势选股 @ 21:10
[2026-03-03 23:23:21] quant.strategy_loader DEBUG: 注册策略: 币圈趋势选股 @ 01:00
[2026-03-03 23:23:21] quant.strategy_loader DEBUG: 注册策略: 美股收盘分析 @ 05:30
[2026-03-03 23:23:21] quant.strategy_loader INFO: 策略加载器: 12/12 策略已注册
[2026-03-03 23:24:48] quant.strategy_loader DEBUG: 注册策略: 事件驱动选股 @ 09:22
[2026-03-03 23:24:48] quant.strategy_loader DEBUG: 注册策略: 集合竞价选股 @ 09:25
[2026-03-03 23:24:48] quant.strategy_loader DEBUG: 注册策略: 低吸回调选股 @ 09:50
[2026-03-03 23:24:48] quant.strategy_loader DEBUG: 注册策略: 放量突破选股 @ 10:00
[2026-03-03 23:24:48] quant.strategy_loader DEBUG: 注册策略: 趋势跟踪选股 @ 10:05
[2026-03-03 23:24:48] quant.strategy_loader DEBUG: 注册策略: 缩量整理选股 @ 10:15
[2026-03-03 23:24:48] quant.strategy_loader DEBUG: 注册策略: 板块轮动选股 @ 14:00
[2026-03-03 23:24:48] quant.strategy_loader DEBUG: 注册策略: 尾盘短线选股 @ 14:30
[2026-03-03 23:24:48] quant.strategy_loader DEBUG: 注册策略: 期货趋势选股 @ 09:05
[2026-03-03 23:24:48] quant.strategy_loader DEBUG: 注册策略: 期货趋势选股 @ 21:10
[2026-03-03 23:24:48] quant.strategy_loader DEBUG: 注册策略: 币圈趋势选股 @ 01:00
[2026-03-03 23:24:48] quant.strategy_loader DEBUG: 注册策略: 美股收盘分析 @ 05:30
[2026-03-03 23:24:48] quant.strategy_loader INFO: 策略加载器: 12/12 策略已注册
[2026-03-04 00:33:13] quant.strategy_loader DEBUG: 注册策略: 事件驱动选股 @ 09:22
[2026-03-04 00:33:13] quant.strategy_loader DEBUG: 注册策略: 集合竞价选股 @ 09:25
[2026-03-04 00:33:13] quant.strategy_loader DEBUG: 注册策略: 低吸回调选股 @ 09:50
[2026-03-04 00:33:13] quant.strategy_loader DEBUG: 注册策略: 放量突破选股 @ 10:00
[2026-03-04 00:33:13] quant.strategy_loader DEBUG: 注册策略: 趋势跟踪选股 @ 10:05
[2026-03-04 00:33:13] quant.strategy_loader DEBUG: 注册策略: 缩量整理选股 @ 10:15
[2026-03-04 00:33:13] quant.strategy_loader DEBUG: 注册策略: 板块轮动选股 @ 14:00
[2026-03-04 00:33:13] quant.strategy_loader DEBUG: 注册策略: 尾盘短线选股 @ 14:30
[2026-03-04 00:33:13] quant.strategy_loader DEBUG: 注册策略: 期货趋势选股 @ 09:05
[2026-03-04 00:33:13] quant.strategy_loader DEBUG: 注册策略: 期货趋势选股 @ 21:10
[2026-03-04 00:33:13] quant.strategy_loader DEBUG: 注册策略: 币圈趋势选股 @ 01:00
[2026-03-04 00:33:13] quant.strategy_loader DEBUG: 注册策略: 美股收盘分析 @ 05:30
[2026-03-04 00:33:13] quant.strategy_loader INFO: 策略加载器: 12/12 策略已注册
[2026-03-04 00:33:15] quant.strategy_loader DEBUG: 注册策略: 事件驱动选股 @ 09:22
[2026-03-04 00:33:15] quant.strategy_loader DEBUG: 注册策略: 集合竞价选股 @ 09:25
[2026-03-04 00:33:15] quant.strategy_loader DEBUG: 注册策略: 低吸回调选股 @ 09:50
[2026-03-04 00:33:15] quant.strategy_loader DEBUG: 注册策略: 放量突破选股 @ 10:00
[2026-03-04 00:33:15] quant.strategy_loader DEBUG: 注册策略: 趋势跟踪选股 @ 10:05
[2026-03-04 00:33:15] quant.strategy_loader DEBUG: 注册策略: 缩量整理选股 @ 10:15
[2026-03-04 00:33:15] quant.strategy_loader DEBUG: 注册策略: 板块轮动选股 @ 14:00
[2026-03-04 00:33:15] quant.strategy_loader DEBUG: 注册策略: 尾盘短线选股 @ 14:30
[2026-03-04 00:33:15] quant.strategy_loader DEBUG: 注册策略: 期货趋势选股 @ 09:05
[2026-03-04 00:33:15] quant.strategy_loader DEBUG: 注册策略: 期货趋势选股 @ 21:10
[2026-03-04 00:33:15] quant.strategy_loader DEBUG: 注册策略: 币圈趋势选股 @ 01:00
[2026-03-04 00:33:15] quant.strategy_loader DEBUG: 注册策略: 美股收盘分析 @ 05:30
[2026-03-04 00:33:15] quant.strategy_loader INFO: 策略加载器: 12/12 策略已注册
[2026-03-04 09:51:23] quant.strategy_loader DEBUG: 注册策略: 事件驱动选股 @ 09:22
[2026-03-04 09:51:23] quant.strategy_loader DEBUG: 注册策略: 集合竞价选股 @ 09:25
[2026-03-04 09:51:23] quant.strategy_loader DEBUG: 注册策略: 低吸回调选股 @ 09:50
[2026-03-04 09:51:23] quant.strategy_loader DEBUG: 注册策略: 放量突破选股 @ 10:00
[2026-03-04 09:51:23] quant.strategy_loader DEBUG: 注册策略: 趋势跟踪选股 @ 10:05
[2026-03-04 09:51:23] quant.strategy_loader DEBUG: 注册策略: 缩量整理选股 @ 10:15
[2026-03-04 09:51:23] quant.strategy_loader DEBUG: 注册策略: 板块轮动选股 @ 14:00
[2026-03-04 09:51:23] quant.strategy_loader DEBUG: 注册策略: 尾盘短线选股 @ 14:30
[2026-03-04 09:51:23] quant.strategy_loader DEBUG: 注册策略: 期货趋势选股 @ 09:05
[2026-03-04 09:51:23] quant.strategy_loader DEBUG: 注册策略: 期货趋势选股 @ 21:10
[2026-03-04 09:51:23] quant.strategy_loader DEBUG: 注册策略: 币圈趋势选股 @ 01:00
[2026-03-04 09:51:23] quant.strategy_loader DEBUG: 注册策略: 美股收盘分析 @ 05:30
[2026-03-04 09:51:23] quant.strategy_loader INFO: 策略加载器: 12/12 策略已注册
[2026-03-04 13:34:34] quant.strategy_loader DEBUG: 注册策略: 事件驱动选股 @ 09:22
[2026-03-04 13:34:34] quant.strategy_loader DEBUG: 注册策略: 集合竞价选股 @ 09:25
[2026-03-04 13:34:34] quant.strategy_loader DEBUG: 注册策略: 低吸回调选股 @ 09:50
[2026-03-04 13:34:34] quant.strategy_loader DEBUG: 注册策略: 放量突破选股 @ 10:00
[2026-03-04 13:34:34] quant.strategy_loader DEBUG: 注册策略: 趋势跟踪选股 @ 10:05
[2026-03-04 13:34:34] quant.strategy_loader DEBUG: 注册策略: 缩量整理选股 @ 10:15
[2026-03-04 13:34:34] quant.strategy_loader DEBUG: 注册策略: 板块轮动选股 @ 14:00
[2026-03-04 13:34:34] quant.strategy_loader DEBUG: 注册策略: 尾盘短线选股 @ 14:30
[2026-03-04 13:34:34] quant.strategy_loader DEBUG: 注册策略: 期货趋势选股 @ 09:05
[2026-03-04 13:34:34] quant.strategy_loader DEBUG: 注册策略: 期货趋势选股 @ 21:10
[2026-03-04 13:34:34] quant.strategy_loader DEBUG: 注册策略: 币圈趋势选股 @ 01:00
[2026-03-04 13:34:34] quant.strategy_loader DEBUG: 注册策略: 美股收盘分析 @ 05:30
[2026-03-04 13:34:34] quant.strategy_loader INFO: 策略加载器: 12/12 策略已注册
[2026-03-04 14:01:46] quant.strategy_loader DEBUG: 注册策略: 事件驱动选股 @ 09:22
[2026-03-04 14:01:46] quant.strategy_loader DEBUG: 注册策略: 集合竞价选股 @ 09:25
[2026-03-04 14:01:46] quant.strategy_loader DEBUG: 注册策略: 低吸回调选股 @ 09:50
[2026-03-04 14:01:46] quant.strategy_loader DEBUG: 注册策略: 放量突破选股 @ 10:00
[2026-03-04 14:01:46] quant.strategy_loader DEBUG: 注册策略: 趋势跟踪选股 @ 10:05
[2026-03-04 14:01:46] quant.strategy_loader DEBUG: 注册策略: 缩量整理选股 @ 10:15
[2026-03-04 14:01:46] quant.strategy_loader DEBUG: 注册策略: 板块轮动选股 @ 14:00
[2026-03-04 14:01:46] quant.strategy_loader DEBUG: 注册策略: 尾盘短线选股 @ 14:30
[2026-03-04 14:01:46] quant.strategy_loader DEBUG: 注册策略: 期货趋势选股 @ 09:05
[2026-03-04 14:01:46] quant.strategy_loader DEBUG: 注册策略: 期货趋势选股 @ 21:10
[2026-03-04 14:01:46] quant.strategy_loader DEBUG: 注册策略: 币圈趋势选股 @ 01:00
[2026-03-04 14:01:46] quant.strategy_loader DEBUG: 注册策略: 美股收盘分析 @ 05:30
[2026-03-04 14:01:46] quant.strategy_loader INFO: 策略加载器: 12/12 策略已注册
[2026-03-04 14:48:26] quant.strategy_loader DEBUG: 注册策略: 事件驱动选股 @ 09:22
[2026-03-04 14:48:26] quant.strategy_loader DEBUG: 注册策略: 集合竞价选股 @ 09:25
[2026-03-04 14:48:26] quant.strategy_loader DEBUG: 注册策略: 低吸回调选股 @ 09:50
[2026-03-04 14:48:26] quant.strategy_loader DEBUG: 注册策略: 放量突破选股 @ 10:00
[2026-03-04 14:48:26] quant.strategy_loader DEBUG: 注册策略: 趋势跟踪选股 @ 10:05
[2026-03-04 14:48:26] quant.strategy_loader DEBUG: 注册策略: 缩量整理选股 @ 10:15
[2026-03-04 14:48:26] quant.strategy_loader DEBUG: 注册策略: 板块轮动选股 @ 14:00
[2026-03-04 14:48:26] quant.strategy_loader DEBUG: 注册策略: 尾盘短线选股 @ 14:30
[2026-03-04 14:48:26] quant.strategy_loader DEBUG: 注册策略: 期货趋势选股 @ 09:05
[2026-03-04 14:48:26] quant.strategy_loader DEBUG: 注册策略: 期货趋势选股 @ 21:10
[2026-03-04 14:48:26] quant.strategy_loader DEBUG: 注册策略: 币圈趋势选股 @ 01:00
[2026-03-04 14:48:26] quant.strategy_loader DEBUG: 注册策略: 美股收盘分析 @ 05:30
[2026-03-04 14:48:26] quant.strategy_loader INFO: 策略加载器: 12/12 策略已注册
[2026-03-04 21:22:39] quant.strategy_loader DEBUG: 注册策略: 事件驱动选股 @ 09:22
[2026-03-04 21:22:39] quant.strategy_loader DEBUG: 注册策略: 集合竞价选股 @ 09:25
[2026-03-04 21:22:39] quant.strategy_loader DEBUG: 注册策略: 低吸回调选股 @ 09:50
[2026-03-04 21:22:39] quant.strategy_loader DEBUG: 注册策略: 放量突破选股 @ 10:00
[2026-03-04 21:22:39] quant.strategy_loader DEBUG: 注册策略: 趋势跟踪选股 @ 10:05
[2026-03-04 21:22:39] quant.strategy_loader DEBUG: 注册策略: 缩量整理选股 @ 10:15
[2026-03-04 21:22:39] quant.strategy_loader DEBUG: 注册策略: 板块轮动选股 @ 14:00
[2026-03-04 21:22:39] quant.strategy_loader DEBUG: 注册策略: 尾盘短线选股 @ 14:30
[2026-03-04 21:22:39] quant.strategy_loader DEBUG: 注册策略: 期货趋势选股 @ 09:05
[2026-03-04 21:22:39] quant.strategy_loader DEBUG: 注册策略: 期货趋势选股 @ 21:10
[2026-03-04 21:22:39] quant.strategy_loader DEBUG: 注册策略: 币圈趋势选股 @ 01:00
[2026-03-04 21:22:39] quant.strategy_loader DEBUG: 注册策略: 美股收盘分析 @ 05:30
[2026-03-04 21:22:39] quant.strategy_loader INFO: 策略加载器: 12/12 策略已注册
[2026-03-04 21:22:46] quant.strategy_loader DEBUG: 注册策略: 事件驱动选股 @ 09:22
[2026-03-04 21:22:46] quant.strategy_loader DEBUG: 注册策略: 集合竞价选股 @ 09:25
[2026-03-04 21:22:46] quant.strategy_loader DEBUG: 注册策略: 低吸回调选股 @ 09:50
[2026-03-04 21:22:46] quant.strategy_loader DEBUG: 注册策略: 放量突破选股 @ 10:00
[2026-03-04 21:22:46] quant.strategy_loader DEBUG: 注册策略: 趋势跟踪选股 @ 10:05
[2026-03-04 21:22:46] quant.strategy_loader DEBUG: 注册策略: 缩量整理选股 @ 10:15
[2026-03-04 21:22:46] quant.strategy_loader DEBUG: 注册策略: 板块轮动选股 @ 14:00
[2026-03-04 21:22:46] quant.strategy_loader DEBUG: 注册策略: 尾盘短线选股 @ 14:30
[2026-03-04 21:22:46] quant.strategy_loader DEBUG: 注册策略: 期货趋势选股 @ 09:05
[2026-03-04 21:22:46] quant.strategy_loader DEBUG: 注册策略: 期货趋势选股 @ 21:10
[2026-03-04 21:22:46] quant.strategy_loader DEBUG: 注册策略: 币圈趋势选股 @ 01:00
[2026-03-04 21:22:46] quant.strategy_loader DEBUG: 注册策略: 美股收盘分析 @ 05:30
[2026-03-04 21:22:46] quant.strategy_loader INFO: 策略加载器: 12/12 策略已注册
[2026-03-04 21:22:49] quant.strategy_loader DEBUG: 注册策略: 事件驱动选股 @ 09:22
[2026-03-04 21:22:49] quant.strategy_loader DEBUG: 注册策略: 集合竞价选股 @ 09:25
[2026-03-04 21:22:49] quant.strategy_loader DEBUG: 注册策略: 低吸回调选股 @ 09:50
[2026-03-04 21:22:49] quant.strategy_loader DEBUG: 注册策略: 放量突破选股 @ 10:00
[2026-03-04 21:22:49] quant.strategy_loader DEBUG: 注册策略: 趋势跟踪选股 @ 10:05
[2026-03-04 21:22:49] quant.strategy_loader DEBUG: 注册策略: 缩量整理选股 @ 10:15
[2026-03-04 21:22:49] quant.strategy_loader DEBUG: 注册策略: 板块轮动选股 @ 14:00
[2026-03-04 21:22:49] quant.strategy_loader DEBUG: 注册策略: 尾盘短线选股 @ 14:30
[2026-03-04 21:22:49] quant.strategy_loader DEBUG: 注册策略: 期货趋势选股 @ 09:05
[2026-03-04 21:22:49] quant.strategy_loader DEBUG: 注册策略: 期货趋势选股 @ 21:10
[2026-03-04 21:22:49] quant.strategy_loader DEBUG: 注册策略: 币圈趋势选股 @ 01:00
[2026-03-04 21:22:49] quant.strategy_loader DEBUG: 注册策略: 美股收盘分析 @ 05:30
[2026-03-04 21:22:49] quant.strategy_loader INFO: 策略加载器: 12/12 策略已注册
[2026-03-04 21:23:00] quant.strategy_loader DEBUG: 注册策略: 事件驱动选股 @ 09:22
[2026-03-04 21:23:00] quant.strategy_loader DEBUG: 注册策略: 集合竞价选股 @ 09:25
[2026-03-04 21:23:00] quant.strategy_loader DEBUG: 注册策略: 低吸回调选股 @ 09:50
[2026-03-04 21:23:00] quant.strategy_loader DEBUG: 注册策略: 放量突破选股 @ 10:00
[2026-03-04 21:23:00] quant.strategy_loader DEBUG: 注册策略: 趋势跟踪选股 @ 10:05
[2026-03-04 21:23:00] quant.strategy_loader DEBUG: 注册策略: 缩量整理选股 @ 10:15
[2026-03-04 21:23:00] quant.strategy_loader DEBUG: 注册策略: 板块轮动选股 @ 14:00
[2026-03-04 21:23:00] quant.strategy_loader DEBUG: 注册策略: 尾盘短线选股 @ 14:30
[2026-03-04 21:23:00] quant.strategy_loader DEBUG: 注册策略: 期货趋势选股 @ 09:05
[2026-03-04 21:23:00] quant.strategy_loader DEBUG: 注册策略: 期货趋势选股 @ 21:10
[2026-03-04 21:23:00] quant.strategy_loader DEBUG: 注册策略: 币圈趋势选股 @ 01:00
[2026-03-04 21:23:00] quant.strategy_loader DEBUG: 注册策略: 美股收盘分析 @ 05:30
[2026-03-04 21:23:00] quant.strategy_loader INFO: 策略加载器: 12/12 策略已注册
[2026-03-04 22:18:44] quant.strategy_loader DEBUG: 注册策略: 事件驱动选股 @ 09:22
[2026-03-04 22:18:44] quant.strategy_loader DEBUG: 注册策略: 集合竞价选股 @ 09:25
[2026-03-04 22:18:44] quant.strategy_loader DEBUG: 注册策略: 低吸回调选股 @ 09:50
[2026-03-04 22:18:44] quant.strategy_loader DEBUG: 注册策略: 放量突破选股 @ 10:00
[2026-03-04 22:18:44] quant.strategy_loader DEBUG: 注册策略: 趋势跟踪选股 @ 10:05
[2026-03-04 22:18:44] quant.strategy_loader DEBUG: 注册策略: 缩量整理选股 @ 10:15
[2026-03-04 22:18:44] quant.strategy_loader DEBUG: 注册策略: 板块轮动选股 @ 14:00
[2026-03-04 22:18:44] quant.strategy_loader DEBUG: 注册策略: 尾盘短线选股 @ 14:30
[2026-03-04 22:18:44] quant.strategy_loader DEBUG: 注册策略: 期货趋势选股 @ 09:05
[2026-03-04 22:18:44] quant.strategy_loader DEBUG: 注册策略: 期货趋势选股 @ 21:10
[2026-03-04 22:18:44] quant.strategy_loader DEBUG: 注册策略: 币圈趋势选股 @ 01:00
[2026-03-04 22:18:44] quant.strategy_loader DEBUG: 注册策略: 美股收盘分析 @ 05:30
[2026-03-04 22:18:44] quant.strategy_loader INFO: 策略加载器: 12/12 策略已注册
[2026-03-04 22:18:45] quant.strategy_loader DEBUG: 注册策略: 事件驱动选股 @ 09:22
[2026-03-04 22:18:45] quant.strategy_loader DEBUG: 注册策略: 集合竞价选股 @ 09:25
[2026-03-04 22:18:45] quant.strategy_loader DEBUG: 注册策略: 低吸回调选股 @ 09:50
[2026-03-04 22:18:45] quant.strategy_loader DEBUG: 注册策略: 放量突破选股 @ 10:00
[2026-03-04 22:18:45] quant.strategy_loader DEBUG: 注册策略: 趋势跟踪选股 @ 10:05
[2026-03-04 22:18:45] quant.strategy_loader DEBUG: 注册策略: 缩量整理选股 @ 10:15
[2026-03-04 22:18:45] quant.strategy_loader DEBUG: 注册策略: 板块轮动选股 @ 14:00
[2026-03-04 22:18:45] quant.strategy_loader DEBUG: 注册策略: 尾盘短线选股 @ 14:30
[2026-03-04 22:18:45] quant.strategy_loader DEBUG: 注册策略: 期货趋势选股 @ 09:05
[2026-03-04 22:18:45] quant.strategy_loader DEBUG: 注册策略: 期货趋势选股 @ 21:10
[2026-03-04 22:18:45] quant.strategy_loader DEBUG: 注册策略: 币圈趋势选股 @ 01:00
[2026-03-04 22:18:45] quant.strategy_loader DEBUG: 注册策略: 美股收盘分析 @ 05:30
[2026-03-04 22:18:45] quant.strategy_loader INFO: 策略加载器: 12/12 策略已注册
[2026-03-04 22:18:58] quant.strategy_loader DEBUG: 注册策略: 事件驱动选股 @ 09:22
[2026-03-04 22:18:58] quant.strategy_loader DEBUG: 注册策略: 集合竞价选股 @ 09:25
[2026-03-04 22:18:58] quant.strategy_loader DEBUG: 注册策略: 低吸回调选股 @ 09:50
[2026-03-04 22:18:58] quant.strategy_loader DEBUG: 注册策略: 放量突破选股 @ 10:00
[2026-03-04 22:18:58] quant.strategy_loader DEBUG: 注册策略: 趋势跟踪选股 @ 10:05
[2026-03-04 22:18:58] quant.strategy_loader DEBUG: 注册策略: 缩量整理选股 @ 10:15
[2026-03-04 22:18:58] quant.strategy_loader DEBUG: 注册策略: 板块轮动选股 @ 14:00
[2026-03-04 22:18:58] quant.strategy_loader DEBUG: 注册策略: 尾盘短线选股 @ 14:30
[2026-03-04 22:18:58] quant.strategy_loader DEBUG: 注册策略: 期货趋势选股 @ 09:05
[2026-03-04 22:18:58] quant.strategy_loader DEBUG: 注册策略: 期货趋势选股 @ 21:10
[2026-03-04 22:18:58] quant.strategy_loader DEBUG: 注册策略: 币圈趋势选股 @ 01:00
[2026-03-04 22:18:58] quant.strategy_loader DEBUG: 注册策略: 美股收盘分析 @ 05:30
[2026-03-04 22:18:58] quant.strategy_loader INFO: 策略加载器: 12/12 策略已注册
[2026-03-04 22:51:08] quant.strategy_loader DEBUG: 注册策略: 事件驱动选股 @ 09:22
[2026-03-04 22:51:08] quant.strategy_loader DEBUG: 注册策略: 集合竞价选股 @ 09:25
[2026-03-04 22:51:08] quant.strategy_loader DEBUG: 注册策略: 低吸回调选股 @ 09:50
[2026-03-04 22:51:08] quant.strategy_loader DEBUG: 注册策略: 放量突破选股 @ 10:00
[2026-03-04 22:51:08] quant.strategy_loader DEBUG: 注册策略: 趋势跟踪选股 @ 10:05
[2026-03-04 22:51:08] quant.strategy_loader DEBUG: 注册策略: 缩量整理选股 @ 10:15
[2026-03-04 22:51:08] quant.strategy_loader DEBUG: 注册策略: 板块轮动选股 @ 14:00
[2026-03-04 22:51:08] quant.strategy_loader DEBUG: 注册策略: 尾盘短线选股 @ 14:30
[2026-03-04 22:51:08] quant.strategy_loader DEBUG: 注册策略: 期货趋势选股 @ 09:05
[2026-03-04 22:51:08] quant.strategy_loader DEBUG: 注册策略: 期货趋势选股 @ 21:10
[2026-03-04 22:51:08] quant.strategy_loader DEBUG: 注册策略: 币圈趋势选股 @ 01:00
[2026-03-04 22:51:08] quant.strategy_loader DEBUG: 注册策略: 美股收盘分析 @ 05:30
[2026-03-04 22:51:08] quant.strategy_loader INFO: 策略加载器: 12/12 策略已注册
[2026-03-04 22:51:18] quant.strategy_loader DEBUG: 注册策略: 事件驱动选股 @ 09:22
[2026-03-04 22:51:18] quant.strategy_loader DEBUG: 注册策略: 集合竞价选股 @ 09:25
[2026-03-04 22:51:18] quant.strategy_loader DEBUG: 注册策略: 低吸回调选股 @ 09:50
[2026-03-04 22:51:18] quant.strategy_loader DEBUG: 注册策略: 放量突破选股 @ 10:00
[2026-03-04 22:51:18] quant.strategy_loader DEBUG: 注册策略: 趋势跟踪选股 @ 10:05
[2026-03-04 22:51:18] quant.strategy_loader DEBUG: 注册策略: 缩量整理选股 @ 10:15
[2026-03-04 22:51:18] quant.strategy_loader DEBUG: 注册策略: 板块轮动选股 @ 14:00
[2026-03-04 22:51:18] quant.strategy_loader DEBUG: 注册策略: 尾盘短线选股 @ 14:30
[2026-03-04 22:51:18] quant.strategy_loader DEBUG: 注册策略: 期货趋势选股 @ 09:05
[2026-03-04 22:51:18] quant.strategy_loader DEBUG: 注册策略: 期货趋势选股 @ 21:10
[2026-03-04 22:51:18] quant.strategy_loader DEBUG: 注册策略: 币圈趋势选股 @ 01:00
[2026-03-04 22:51:18] quant.strategy_loader DEBUG: 注册策略: 美股收盘分析 @ 05:30
[2026-03-04 22:51:18] quant.strategy_loader INFO: 策略加载器: 12/12 策略已注册
[2026-03-04 22:51:35] quant.strategy_loader DEBUG: 注册策略: 事件驱动选股 @ 09:22
[2026-03-04 22:51:35] quant.strategy_loader DEBUG: 注册策略: 集合竞价选股 @ 09:25
[2026-03-04 22:51:35] quant.strategy_loader DEBUG: 注册策略: 低吸回调选股 @ 09:50
[2026-03-04 22:51:35] quant.strategy_loader DEBUG: 注册策略: 放量突破选股 @ 10:00
[2026-03-04 22:51:35] quant.strategy_loader DEBUG: 注册策略: 趋势跟踪选股 @ 10:05
[2026-03-04 22:51:35] quant.strategy_loader DEBUG: 注册策略: 缩量整理选股 @ 10:15
[2026-03-04 22:51:35] quant.strategy_loader DEBUG: 注册策略: 板块轮动选股 @ 14:00
[2026-03-04 22:51:35] quant.strategy_loader DEBUG: 注册策略: 尾盘短线选股 @ 14:30
[2026-03-04 22:51:35] quant.strategy_loader DEBUG: 注册策略: 期货趋势选股 @ 09:05
[2026-03-04 22:51:35] quant.strategy_loader DEBUG: 注册策略: 期货趋势选股 @ 21:10
[2026-03-04 22:51:35] quant.strategy_loader DEBUG: 注册策略: 币圈趋势选股 @ 01:00
[2026-03-04 22:51:35] quant.strategy_loader DEBUG: 注册策略: 美股收盘分析 @ 05:30
[2026-03-04 22:51:35] quant.strategy_loader INFO: 策略加载器: 12/12 策略已注册
[2026-03-05 10:23:19] quant.strategy_loader DEBUG: 注册策略: 事件驱动选股 @ 09:22
[2026-03-05 10:23:19] quant.strategy_loader DEBUG: 注册策略: 集合竞价选股 @ 09:25
[2026-03-05 10:23:19] quant.strategy_loader DEBUG: 注册策略: 低吸回调选股 @ 09:50
[2026-03-05 10:23:19] quant.strategy_loader DEBUG: 注册策略: 放量突破选股 @ 10:00
[2026-03-05 10:23:19] quant.strategy_loader DEBUG: 注册策略: 趋势跟踪选股 @ 10:05
[2026-03-05 10:23:19] quant.strategy_loader DEBUG: 注册策略: 缩量整理选股 @ 10:15
[2026-03-05 10:23:19] quant.strategy_loader DEBUG: 注册策略: 板块轮动选股 @ 14:00
[2026-03-05 10:23:19] quant.strategy_loader DEBUG: 注册策略: 尾盘短线选股 @ 14:30
[2026-03-05 10:23:19] quant.strategy_loader DEBUG: 注册策略: 期货趋势选股 @ 09:05
[2026-03-05 10:23:19] quant.strategy_loader DEBUG: 注册策略: 期货趋势选股 @ 21:10
[2026-03-05 10:23:19] quant.strategy_loader DEBUG: 注册策略: 币圈趋势选股 @ 01:00
[2026-03-05 10:23:19] quant.strategy_loader DEBUG: 注册策略: 美股收盘分析 @ 05:30
[2026-03-05 10:23:19] quant.strategy_loader DEBUG: 注册策略: 可转债T+0选债 @ 09:35
[2026-03-05 10:23:19] quant.strategy_loader DEBUG: 注册策略: 可转债T+0选债 @ 13:30
[2026-03-05 10:23:19] quant.strategy_loader DEBUG: 注册轮询策略: 板块异动监控 (每5分钟)
[2026-03-05 10:23:19] quant.strategy_loader DEBUG: 注册策略: 板块异动监控 @ 5min
[2026-03-05 10:23:19] quant.strategy_loader INFO: 策略加载器: 15/15 策略已注册
