[微信推送] 成功: 系统异常告警
[微信推送] 成功: 系统异常告警
[微信推送] 成功: 系统异常告警
[微信推送] 成功: 系统异常告警
[微信推送] 成功: 系统异常告警
[微信推送] 成功: 系统异常告警
[微信推送] 成功: 系统异常告警
[微信推送] 成功: 系统异常告警
[微信推送] 成功: 系统异常告警
[微信推送] 成功: 系统异常告警
[微信推送] 成功: 系统异常告警
[微信推送] 成功: 系统异常告警
[微信推送] 成功: 系统异常告警
[微信推送] 成功: 系统异常告警
[微信推送] 成功: 系统异常告警
[微信推送] 成功: 系统异常告警
[微信推送] 成功: 系统异常告警
[微信推送] 成功: 系统异常告警
[微信推送] 成功: 系统异常告警
[微信推送] 成功: 系统异常告警
[微信推送] 成功: 系统异常告警
[微信推送] 成功: 系统异常告警
[微信推送] 成功: 系统异常告警
[微信推送] 成功: 系统异常告警
[微信推送] 成功: 系统异常告警
[微信推送] 成功: 系统异常告警
[微信推送] 成功: 系统异常告警
[微信推送] 成功: 系统异常告警
[微信推送] 成功: 系统异常告警
[微信推送] 成功: 系统异常告警
[微信推送] 成功: 系统异常告警
[微信推送] 成功: 系统异常告警
[微信推送] 成功: 系统异常告警
[微信推送] 成功: 系统异常告警
[微信推送] 成功: 系统异常告警
[微信推送] 成功: 系统异常告警
[微信推送] 成功: 系统异常告警
[微信推送] 成功: 系统异常告警
[微信推送] 成功: 系统异常告警
[微信推送] 成功: 系统异常告警
[微信推送] 成功: 系统异常告警
[微信推送] 成功: 系统异常告警
[微信推送] 成功: 系统异常告警
[微信推送] 成功: 系统异常告警
[微信推送] 成功: 系统异常告警
[微信推送] 成功: 系统异常告警
[微信推送] 成功: 系统异常告警
[微信推送] 成功: 系统异常告警
[微信推送] 成功: 系统异常告警
[微信推送] 成功: 系统异常告警
[微信推送] 成功: 系统异常告警
[微信推送] 成功: 系统异常告警
[微信推送] 成功: 系统异常告警
[微信推送] 成功: 系统异常告警
[微信推送] 成功: 系统异常告警
[微信推送] 成功: 系统异常告警
[微信推送] 成功: 系统异常告警
[微信推送] 成功: 系统异常告警
[微信推送] 成功: 系统异常告警
[微信推送] 成功: 系统异常告警
[微信推送] 成功: 系统异常告警
[微信推送] 成功: 系统异常告警
[微信推送] 成功: 系统异常告警
[微信推送] 成功: 系统异常告警
[微信推送] 成功: 系统异常告警
[微信推送] 成功: 系统异常告警
[微信推送] 成功: 系统异常告警
[微信推送] 成功: 系统异常告警
[微信推送] 成功: 系统异常告警
[微信推送] 成功: 系统异常告警
[微信推送] 成功: 系统异常告警
  [quant.watchdog] [guard] 调度器进程已死 (PID=16019), 自动重启
  [quant.watchdog] [guard] 新调度器已启动, PID=18097
/Users/zchtech002/Library/Python/3.9/lib/python/site-packages/urllib3/__init__.py:35: NotOpenSSLWarning: urllib3 v2 only supports OpenSSL 1.1.1+, currently the 'ssl' module is compiled with 'LibreSSL 2.8.3'. See: https://github.com/urllib3/urllib3/issues/3020
  warnings.warn(
[微信推送] 成功: 调度器自动重启
[guard] 2026-03-03 08:52:43 | 调度器进程已死 (PID=16019) → 新PID=18097
  [quant.watchdog] [guard] 进程存活但心跳超时 13 分钟, 疑似卡死, 强制重启
  [quant.watchdog] [guard] 新调度器已启动, PID=27060
/Users/zchtech002/Library/Python/3.9/lib/python/site-packages/urllib3/__init__.py:35: NotOpenSSLWarning: urllib3 v2 only supports OpenSSL 1.1.1+, currently the 'ssl' module is compiled with 'LibreSSL 2.8.3'. See: https://github.com/urllib3/urllib3/issues/3020
  warnings.warn(
[微信推送] 成功: 调度器自动重启
[guard] 2026-03-03 10:02:47 | 进程存活但心跳超时 13 分钟, 疑似卡死 → 新PID=27060
